<?xml version="1.0" encoding="UTF-8" ?>
<testsuite tests="1" failures="1" name="examples.MirrorTest" time="35.828" errors="0" skipped="0">
  <properties>
    <property name="java.vendor" value="Oracle Corporation"/>
    <property name="JOB_NAME" value="karateTest"/>
    <property name="sun.java.launcher" value="SUN_STANDARD"/>
    <property name="NUMBER_OF_PROCESSORS" value="4"/>
    <property name="sun.management.compiler" value="HotSpot 64-Bit Tiered Compilers"/>
    <property name="JENKINS_HOME" value="C:\Program Files (x86)\Jenkins"/>
    <property name="HUDSON_SERVER_COOKIE" value="b0b464847d790db4"/>
    <property name="POM_ARTIFACTID" value="demo"/>
    <property name="os.name" value="Windows 10"/>
    <property name="sun.boot.class.path" value="C:\Program Files\Java\jdk1.8.0_181\jre\lib\resources.jar;C:\Program Files\Java\jdk1.8.0_181\jre\lib\rt.jar;C:\Program Files\Java\jdk1.8.0_181\jre\lib\sunrsasign.jar;C:\Program Files\Java\jdk1.8.0_181\jre\lib\jsse.jar;C:\Program Files\Java\jdk1.8.0_181\jre\lib\jce.jar;C:\Program Files\Java\jdk1.8.0_181\jre\lib\charsets.jar;C:\Program Files\Java\jdk1.8.0_181\jre\lib\jfr.jar;C:\Program Files\Java\jdk1.8.0_181\jre\classes"/>
    <property name="EXECUTOR_NUMBER" value="1"/>
    <property name="sun.desktop" value="windows"/>
    <property name="PATHEXT" value=".COM;.EXE;.BAT;.CMD;.VBS;.VBE;.JS;.JSE;.WSF;.WSH;.MSC"/>
    <property name="java.vm.specification.vendor" value="Oracle Corporation"/>
    <property name="POM_DISPLAYNAME" value="demo"/>
    <property name="NODE_LABELS" value="master"/>
    <property name="TEMP" value="C:\WINDOWS\TEMP"/>
    <property name="java.runtime.version" value="1.8.0_181-b13"/>
    <property name="WINSW_SERVICE_ID" value="Jenkins"/>
    <property name="user.name" value="DESKTOP-QK73QKE$"/>
    <property name="guice.disable.misplaced.annotation.check" value="true"/>
    <property name="CommonProgramW6432" value="C:\Program Files\Common Files"/>
    <property name="ProgramFiles" value="C:\Program Files (x86)"/>
    <property name="user.language" value="en"/>
    <property name="JOB_BASE_NAME" value="karateTest"/>
    <property name="RUN_CHANGES_DISPLAY_URL" value="http://DESKTOP-QK73QKE:8080/job/karateTest/30/display/redirect?page=changes"/>
    <property name="BUILD_DISPLAY_NAME" value="#30"/>
    <property name="sun.boot.library.path" value="C:\Program Files\Java\jdk1.8.0_181\jre\bin"/>
    <property name="LOCALAPPDATA" value="C:\WINDOWS\system32\config\systemprofile\AppData\Local"/>
    <property name="java.version" value="1.8.0_181"/>
    <property name="PROCESSOR_LEVEL" value="6"/>
    <property name="user.timezone" value="Europe/London"/>
    <property name="USERNAME" value="DESKTOP-QK73QKE$"/>
    <property name="sun.arch.data.model" value="64"/>
    <property name="NODE_NAME" value="master"/>
    <property name="PROCESSOR_ARCHITEW6432" value="AMD64"/>
    <property name="java.endorsed.dirs" value="C:\Program Files\Java\jdk1.8.0_181\jre\lib\endorsed"/>
    <property name="BUILD_ID" value="30"/>
    <property name="sun.cpu.isalist" value="amd64"/>
    <property name="sun.jnu.encoding" value="Cp1252"/>
    <property name="file.encoding.pkg" value="sun.io"/>
    <property name="file.separator" value="\"/>
    <property name="java.specification.name" value="Java Platform API Specification"/>
    <property name="maven.conf" value="C:\Program Files (x86)\apache-maven-3.6.0\conf"/>
    <property name="java.class.version" value="52.0"/>
    <property name="org.slf4j.simpleLogger.defaultLogLevel" value="info"/>
    <property name="user.country" value="US"/>
    <property name="ALLUSERSPROFILE" value="C:\ProgramData"/>
    <property name="java.home" value="C:\Program Files\Java\jdk1.8.0_181\jre"/>
    <property name="java.vm.info" value="mixed mode"/>
    <property name="os.version" value="10.0"/>
    <property name="RUN_DISPLAY_URL" value="http://DESKTOP-QK73QKE:8080/job/karateTest/30/display/redirect"/>
    <property name="POM_VERSION" value="0.0.1-SNAPSHOT"/>
    <property name="configsetroot" value="C:\WINDOWS\ConfigSetRoot"/>
    <property name="TMP" value="C:\WINDOWS\TEMP"/>
    <property name="path.separator" value=";"/>
    <property name="java.vm.version" value="25.181-b13"/>
    <property name="user.variant" value=""/>
    <property name="JOB_DISPLAY_URL" value="http://DESKTOP-QK73QKE:8080/job/karateTest/display/redirect"/>
    <property name="CommonProgramFiles(x86)" value="C:\Program Files (x86)\Common Files"/>
    <property name="java.awt.printerjob" value="sun.awt.windows.WPrinterJob"/>
    <property name="JAVA_HOME" value="C:\Program Files\Java\jdk1.8.0_181"/>
    <property name="sun.io.unicode.encoding" value="UnicodeLittle"/>
    <property name="CommonProgramFiles" value="C:\Program Files (x86)\Common Files"/>
    <property name="ComSpec" value="C:\WINDOWS\system32\cmd.exe"/>
    <property name="awt.toolkit" value="sun.awt.windows.WToolkit"/>
    <property name="POM_PACKAGING" value="jar"/>
    <property name="SERVICE_ID" value="Jenkins"/>
    <property name="COMPUTERNAME" value="DESKTOP-QK73QKE"/>
    <property name="user.script" value=""/>
    <property name="asl.log" value="Destination=file"/>
    <property name="POM_GROUPID" value="mirror"/>
    <property name="VBOX_MSI_INSTALL_PATH" value="C:\Program Files\Oracle\VirtualBox\"/>
    <property name="user.home" value="C:\WINDOWS\system32\config\systemprofile"/>
    <property name="PUBLIC" value="C:\Users\Public"/>
    <property name="BUILD_TAG" value="jenkins-karateTest-30"/>
    <property name="JENKINS_SERVER_COOKIE" value="b0b464847d790db4"/>
    <property name="HUDSON_URL" value="http://DESKTOP-QK73QKE:8080/"/>
    <property name="ProgramData" value="C:\ProgramData"/>
    <property name="java.specification.vendor" value="Oracle Corporation"/>
    <property name="USERPROFILE" value="C:\WINDOWS\system32\config\systemprofile"/>
    <property name="CLASSPATH" value=""/>
    <property name="java.vendor.url" value="http://java.oracle.com/"/>
    <property name="java.library.path" value="C:\Program Files\Java\jdk1.8.0_181\bin;C:\WINDOWS\Sun\Java\bin;C:\WINDOWS\system32;C:\WINDOWS;C:\Program Files (x86)\apache-maven-3.6.0/bin;C:\Program Files\Java\jdk1.8.0_181/bin;C:\Program Files\Java\jdk1.8.0_181/bin;C:\ProgramData\Boxstarter;C:\Program Files (x86)\Common Files\Oracle\Java\javapath;C:\Program Files\Java\jdk1.8.0_181\bin;C:\WINDOWS\system32;C:\WINDOWS;C:\WINDOWS\System32\Wbem;C:\WINDOWS\System32\WindowsPowerShell\v1.0\;C:\Program Files\Intel\WiFi\bin\;C:\Program Files\Common Files\Intel\WirelessCommon\;C:\WINDOWS\System32\OpenSSH\;C:\Program Files\nodejs\;C:\ProgramData\chocolatey\bin;C:\Program Files\PuTTY\;C:\WINDOWS\system32;C:\WINDOWS;C:\WINDOWS\System32\Wbem;C:\WINDOWS\System32\WindowsPowerShell\v1.0\;C:\WINDOWS\System32\OpenSSH\;D:\Program Files\Git\cmd;C:\Program Files\Kubernetes\Minikube;C:\Users\user\Downloads;C:\Users\user\terraform;C:\Users\user\Vagrant\bin;C:\WINDOWS\system32\config\systemprofile\AppData\Local\Microsoft\WindowsApps;."/>
    <property name="java.vm.vendor" value="Oracle Corporation"/>
    <property name="APPDATA" value="C:\WINDOWS\system32\config\systemprofile\AppData\Roaming"/>
    <property name="java.runtime.name" value="Java(TM) SE Runtime Environment"/>
    <property name="maven.home" value="C:\Program Files (x86)\apache-maven-3.6.0"/>
    <property name="java.class.path" value="C:\Program Files (x86)\Jenkins\plugins\maven-plugin\WEB-INF\lib\maven35-agent-1.13.jar;C:\Program Files (x86)\apache-maven-3.6.0\boot\plexus-classworlds-2.5.2.jar;C:\Program Files (x86)\apache-maven-3.6.0/conf/logging"/>
    <property name="sun.java.command" value="jenkins.maven3.agent.Maven35Main C:\Program Files (x86)\apache-maven-3.6.0 C:\Program Files (x86)\Jenkins\war\WEB-INF\lib\remoting-3.36.1.jar C:\Program Files (x86)\Jenkins\plugins\maven-plugin\WEB-INF\lib\maven35-interceptor-1.13.jar C:\Program Files (x86)\Jenkins\plugins\maven-plugin\WEB-INF\lib\maven3-interceptor-commons-1.13.jar 54485"/>
    <property name="Path" value="C:\Program Files\Java\jdk1.8.0_181/bin;C:\ProgramData\Boxstarter;C:\Program Files (x86)\Common Files\Oracle\Java\javapath;C:\Program Files\Java\jdk1.8.0_181\bin;C:\WINDOWS\system32;C:\WINDOWS;C:\WINDOWS\System32\Wbem;C:\WINDOWS\System32\WindowsPowerShell\v1.0\;C:\Program Files\Intel\WiFi\bin\;C:\Program Files\Common Files\Intel\WirelessCommon\;C:\WINDOWS\System32\OpenSSH\;C:\Program Files\nodejs\;C:\ProgramData\chocolatey\bin;C:\Program Files\PuTTY\;C:\WINDOWS\system32;C:\WINDOWS;C:\WINDOWS\System32\Wbem;C:\WINDOWS\System32\WindowsPowerShell\v1.0\;C:\WINDOWS\System32\OpenSSH\;D:\Program Files\Git\cmd;C:\Program Files\Kubernetes\Minikube;C:\Users\user\Downloads;C:\Users\user\terraform;C:\Users\user\Vagrant\bin;C:\WINDOWS\system32\config\systemprofile\AppData\Local\Microsoft\WindowsApps"/>
    <property name="java.vm.specification.name" value="Java Virtual Machine Specification"/>
    <property name="PROCESSOR_ARCHITECTURE" value="x86"/>
    <property name="PATH+JDK" value="C:\Program Files\Java\jdk1.8.0_181/bin"/>
    <property name="PROCESSOR_IDENTIFIER" value="Intel64 Family 6 Model 78 Stepping 3, GenuineIntel"/>
    <property name="java.vm.specification.version" value="1.8"/>
    <property name="sun.os.patch.level" value=""/>
    <property name="sun.cpu.endian" value="little"/>
    <property name="M2_HOME" value="C:\Program Files (x86)\apache-maven-3.6.0"/>
    <property name="java.io.tmpdir" value="C:\WINDOWS\TEMP\"/>
    <property name="OS" value="Windows_NT"/>
    <property name="HUDSON_HOME" value="C:\Program Files (x86)\Jenkins"/>
    <property name="PATH+MAVEN" value="C:\Program Files (x86)\apache-maven-3.6.0/bin"/>
    <property name="ProgramFiles(x86)" value="C:\Program Files (x86)"/>
    <property name="BUILD_URL" value="http://DESKTOP-QK73QKE:8080/job/karateTest/30/"/>
    <property name="java.vendor.url.bug" value="http://bugreport.sun.com/bugreport/"/>
    <property name="java.awt.graphicsenv" value="sun.awt.Win32GraphicsEnvironment"/>
    <property name="os.arch" value="amd64"/>
    <property name="SystemRoot" value="C:\WINDOWS"/>
    <property name="java.ext.dirs" value="C:\Program Files\Java\jdk1.8.0_181\jre\lib\ext;C:\WINDOWS\Sun\Java\lib\ext"/>
    <property name="user.dir" value="C:\Users\user\CICD-workspace\demo"/>
    <property name="JOB_URL" value="http://DESKTOP-QK73QKE:8080/job/karateTest/"/>
    <property name="USERDOMAIN" value="WORKGROUP"/>
    <property name="line.separator" value="
"/>
    <property name="MAVEN_HOME" value="C:\Program Files (x86)\apache-maven-3.6.0"/>
    <property name="java.vm.name" value="Java HotSpot(TM) 64-Bit Server VM"/>
    <property name="BUILD_NUMBER" value="30"/>
    <property name="BASE" value="C:\Program Files (x86)\Jenkins"/>
    <property name="JENKINS_URL" value="http://DESKTOP-QK73QKE:8080/"/>
    <property name="PROCESSOR_REVISION" value="4e03"/>
    <property name="ProgramW6432" value="C:\Program Files"/>
    <property name="windir" value="C:\WINDOWS"/>
    <property name="file.encoding" value="Cp1252"/>
    <property name="SystemDrive" value="C:"/>
    <property name="maven3.interceptor" value="C:\Program Files (x86)\Jenkins\plugins\maven-plugin\WEB-INF\lib\maven35-interceptor-1.13.jar"/>
    <property name="WORKSPACE" value="C:\Users\user\CICD-workspace\demo"/>
    <property name="ChocolateyInstall" value="C:\ProgramData\chocolatey"/>
    <property name="maven3.interceptor.common" value="C:\Program Files (x86)\Jenkins\plugins\maven-plugin\WEB-INF\lib\maven3-interceptor-commons-1.13.jar"/>
    <property name="WINSW_EXECUTABLE" value="C:\Program Files (x86)\Jenkins\jenkins.exe"/>
    <property name="java.specification.version" value="1.8"/>
    <property name="PSModulePath" value="C:\ProgramData\Boxstarter;C:\Program Files\WindowsPowerShell\Modules;C:\WINDOWS\system32\WindowsPowerShell\v1.0\Modules"/>
    <property name="DriverData" value="C:\Windows\System32\Drivers\DriverData"/>
  </properties>
  <testcase classname="examples.MirrorTest" name="testParallel" time="35.718">
    <failure message="failed features:
src.test.java.examples.createproducts: [1.1:6] createproducts.feature:9 - 
org.apache.http.conn.HttpHostConnectException: Connect to localhost:3030 [localhost/127.0.0.1, localhost/0:0:0:0:0:0:0:1] failed: Connection refused: connect
[1.2:6] createproducts.feature:9 - 
org.apache.http.conn.HttpHostConnectException: Connect to localhost:3030 [localhost/127.0.0.1, localhost/0:0:0:0:0:0:0:1] failed: Connection refused: connect
[1.3:6] createproducts.feature:9 - 
org.apache.http.conn.HttpHostConnectException: Connect to localhost:3030 [localhost/127.0.0.1, localhost/0:0:0:0:0:0:0:1] failed: Connection refused: connect
src.test.java.examples.users.users: users.feature:15 - 
java.net.SocketTimeoutException: Read timed out
users.feature:38 - 
java.net.SocketTimeoutException: Read timed out
" type="java.lang.AssertionError">java.lang.AssertionError: failed features:
src.test.java.examples.createproducts: [1.1:6] createproducts.feature:9 - 
org.apache.http.conn.HttpHostConnectException: Connect to localhost:3030 [localhost/127.0.0.1, localhost/0:0:0:0:0:0:0:1] failed: Connection refused: connect
[1.2:6] createproducts.feature:9 - 
org.apache.http.conn.HttpHostConnectException: Connect to localhost:3030 [localhost/127.0.0.1, localhost/0:0:0:0:0:0:0:1] failed: Connection refused: connect
[1.3:6] createproducts.feature:9 - 
org.apache.http.conn.HttpHostConnectException: Connect to localhost:3030 [localhost/127.0.0.1, localhost/0:0:0:0:0:0:0:1] failed: Connection refused: connect
src.test.java.examples.users.users: users.feature:15 - 
java.net.SocketTimeoutException: Read timed out
users.feature:38 - 
java.net.SocketTimeoutException: Read timed out

	at org.junit.Assert.fail(Assert.java:88)
	at org.junit.Assert.assertTrue(Assert.java:41)
	at examples.MirrorTest.testParallel(MirrorTest.java:26)
	at sun.reflect.NativeMethodAccessorImpl.invoke0(Native Method)
	at sun.reflect.NativeMethodAccessorImpl.invoke(NativeMethodAccessorImpl.java:62)
	at sun.reflect.DelegatingMethodAccessorImpl.invoke(DelegatingMethodAccessorImpl.java:43)
	at java.lang.reflect.Method.invoke(Method.java:498)
	at org.junit.runners.model.FrameworkMethod$1.runReflectiveCall(FrameworkMethod.java:50)
	at org.junit.internal.runners.model.ReflectiveCallable.run(ReflectiveCallable.java:12)
	at org.junit.runners.model.FrameworkMethod.invokeExplosively(FrameworkMethod.java:47)
	at org.junit.internal.runners.statements.InvokeMethod.evaluate(InvokeMethod.java:17)
	at org.junit.runners.ParentRunner.runLeaf(ParentRunner.java:325)
	at org.junit.runners.BlockJUnit4ClassRunner.runChild(BlockJUnit4ClassRunner.java:78)
	at org.junit.runners.BlockJUnit4ClassRunner.runChild(BlockJUnit4ClassRunner.java:57)
	at org.junit.runners.ParentRunner$3.run(ParentRunner.java:290)
	at org.junit.runners.ParentRunner$1.schedule(ParentRunner.java:71)
	at org.junit.runners.ParentRunner.runChildren(ParentRunner.java:288)
	at org.junit.runners.ParentRunner.access$000(ParentRunner.java:58)
	at org.junit.runners.ParentRunner$2.evaluate(ParentRunner.java:268)
	at org.junit.runners.ParentRunner.run(ParentRunner.java:363)
	at org.apache.maven.surefire.junit4.JUnit4TestSet.execute(JUnit4TestSet.java:53)
	at org.apache.maven.surefire.junit4.JUnit4Provider.executeTestSet(JUnit4Provider.java:123)
	at org.apache.maven.surefire.junit4.JUnit4Provider.invoke(JUnit4Provider.java:104)
	at sun.reflect.NativeMethodAccessorImpl.invoke0(Native Method)
	at sun.reflect.NativeMethodAccessorImpl.invoke(NativeMethodAccessorImpl.java:62)
	at sun.reflect.DelegatingMethodAccessorImpl.invoke(DelegatingMethodAccessorImpl.java:43)
	at java.lang.reflect.Method.invoke(Method.java:498)
	at org.apache.maven.surefire.util.ReflectionUtils.invokeMethodWithArray(ReflectionUtils.java:164)
	at org.apache.maven.surefire.booter.ProviderFactory$ProviderProxy.invoke(ProviderFactory.java:110)
	at org.apache.maven.surefire.booter.SurefireStarter.invokeProvider(SurefireStarter.java:175)
	at org.apache.maven.surefire.booter.SurefireStarter.runSuitesInProcessWhenForked(SurefireStarter.java:107)
	at org.apache.maven.surefire.booter.ForkedBooter.main(ForkedBooter.java:68)
</failure>
    <system-out>17:43:55.532 [main] INFO  com.intuit.karate.Runner - waiting for parallel features to complete ...
17:43:55.745 [pool-1-thread-4] INFO  com.intuit.karate - karate.env system property was:  
17:43:55.751 [ForkJoinPool-1-worker-26340] INFO  com.intuit.karate - karate.env system property was:  
17:43:55.752 [ForkJoinPool-1-worker-24733] INFO  com.intuit.karate - karate.env system property was:  
17:43:55.753 [pool-1-thread-3] INFO  com.intuit.karate - karate.env system property was:  
17:43:55.752 [ForkJoinPool-1-worker-29554] INFO  com.intuit.karate - karate.env system property was:  
17:43:55.756 [ForkJoinPool-1-worker-31161] INFO  com.intuit.karate - karate.env system property was:  
17:43:55.758 [ForkJoinPool-1-worker-27947] INFO  com.intuit.karate - karate.env system property was:  
17:43:55.769 [pool-1-thread-1] INFO  com.intuit.karate - karate.env system property was:  
17:43:59.087 [ForkJoinPool-1-worker-24733] DEBUG com.intuit.karate - request:
1 &gt; GET https://jsonplaceholder.typicode.com/users
1 &gt; Accept-Encoding: gzip,deflate
1 &gt; Connection: Keep-Alive
1 &gt; Host: jsonplaceholder.typicode.com
1 &gt; User-Agent: Apache-HttpClient/4.5.11 (Java/1.8.0_181)

17:43:59.087 [pool-1-thread-4] DEBUG com.intuit.karate - request:
1 &gt; GET https://gorest.co.in/public-api/users?first_name=john
1 &gt; Accept-Encoding: gzip,deflate
1 &gt; Authorization: HlJnuc-t_wg1W1RGYs6-hKhVcxdkMvbjana8
1 &gt; Connection: Keep-Alive
1 &gt; Host: gorest.co.in
1 &gt; User-Agent: Apache-HttpClient/4.5.11 (Java/1.8.0_181)

17:43:59.090 [ForkJoinPool-1-worker-29554] DEBUG com.intuit.karate - request:
1 &gt; GET https://jsonplaceholder.typicode.com/users
1 &gt; Accept-Encoding: gzip,deflate
1 &gt; Connection: Keep-Alive
1 &gt; Host: jsonplaceholder.typicode.com
1 &gt; User-Agent: Apache-HttpClient/4.5.11 (Java/1.8.0_181)

17:43:59.091 [pool-1-thread-3] DEBUG com.intuit.karate - request:
1 &gt; GET https://mirror.attinadsoftware.com
1 &gt; Accept-Encoding: gzip,deflate
1 &gt; Connection: Keep-Alive
1 &gt; Host: mirror.attinadsoftware.com
1 &gt; User-Agent: Apache-HttpClient/4.5.11 (Java/1.8.0_181)

17:43:59.092 [ForkJoinPool-1-worker-27947] DEBUG com.intuit.karate - request:
1 &gt; GET https://restcountries.eu/rest/v2/all
1 &gt; Accept: application/json
1 &gt; Accept-Encoding: gzip,deflate
1 &gt; Connection: Keep-Alive
1 &gt; Host: restcountries.eu
1 &gt; User-Agent: Apache-HttpClient/4.5.11 (Java/1.8.0_181)

17:43:59.094 [ForkJoinPool-1-worker-26340] DEBUG com.intuit.karate - request:
1 &gt; POST https://jsonplaceholder.typicode.com/users
1 &gt; Accept-Encoding: gzip,deflate
1 &gt; Connection: Keep-Alive
1 &gt; Content-Length: 160
1 &gt; Content-Type: application/json; charset=UTF-8
1 &gt; Host: jsonplaceholder.typicode.com
1 &gt; User-Agent: Apache-HttpClient/4.5.11 (Java/1.8.0_181)
{&quot;name&quot;:&quot;Test User&quot;,&quot;username&quot;:&quot;testuser&quot;,&quot;email&quot;:&quot;test@user.com&quot;,&quot;address&quot;:{&quot;street&quot;:&quot;Has No Name&quot;,&quot;suite&quot;:&quot;Apt. 123&quot;,&quot;city&quot;:&quot;Electri&quot;,&quot;zipcode&quot;:&quot;54321-6789&quot;}}

17:43:59.094 [ForkJoinPool-1-worker-21519] DEBUG com.intuit.karate - request:
1 &gt; POST http://localhost:3030/products
1 &gt; Accept-Encoding: gzip,deflate
1 &gt; Connection: Keep-Alive
1 &gt; Content-Length: 185
1 &gt; Content-Type: application/json; charset=UTF-8
1 &gt; Host: localhost:3030
1 &gt; User-Agent: Apache-HttpClient/4.5.11 (Java/1.8.0_181)
{&quot;name&quot;:&quot;Demo3&quot;,&quot;type&quot;:&quot;type3&quot;,&quot;price&quot;:2,&quot;shipping&quot;:1234568,&quot;upc&quot;:&quot;def&quot;,&quot;description&quot;:&quot;demo description 2&quot;,&quot;manufacturer&quot;:&quot;manufacturer2&quot;,&quot;model&quot;:&quot;model2&quot;,&quot;url&quot;:&quot;url2&quot;,&quot;image&quot;:&quot;image2&quot;}

17:43:59.096 [ForkJoinPool-1-worker-31161] DEBUG com.intuit.karate - request:
1 &gt; POST https://jsonplaceholder.typicode.com/users
1 &gt; Accept-Encoding: gzip,deflate
1 &gt; Connection: Keep-Alive
1 &gt; Content-Length: 160
1 &gt; Content-Type: application/json; charset=UTF-8
1 &gt; Host: jsonplaceholder.typicode.com
1 &gt; User-Agent: Apache-HttpClient/4.5.11 (Java/1.8.0_181)
{&quot;name&quot;:&quot;Test User&quot;,&quot;username&quot;:&quot;testuser&quot;,&quot;email&quot;:&quot;test@user.com&quot;,&quot;address&quot;:{&quot;street&quot;:&quot;Has No Name&quot;,&quot;suite&quot;:&quot;Apt. 123&quot;,&quot;city&quot;:&quot;Electri&quot;,&quot;zipcode&quot;:&quot;54321-6789&quot;}}

17:43:59.096 [ForkJoinPool-1-worker-16698] DEBUG com.intuit.karate - request:
1 &gt; POST http://localhost:3030/products
1 &gt; Accept-Encoding: gzip,deflate
1 &gt; Connection: Keep-Alive
1 &gt; Content-Length: 185
1 &gt; Content-Type: application/json; charset=UTF-8
1 &gt; Host: localhost:3030
1 &gt; User-Agent: Apache-HttpClient/4.5.11 (Java/1.8.0_181)
{&quot;name&quot;:&quot;Demo4&quot;,&quot;type&quot;:&quot;type4&quot;,&quot;price&quot;:3,&quot;shipping&quot;:1234569,&quot;upc&quot;:&quot;ghi&quot;,&quot;description&quot;:&quot;demo description 3&quot;,&quot;manufacturer&quot;:&quot;manufacturer3&quot;,&quot;model&quot;:&quot;model3&quot;,&quot;url&quot;:&quot;url3&quot;,&quot;image&quot;:&quot;image3&quot;}

17:43:59.100 [ForkJoinPool-1-worker-23126] DEBUG com.intuit.karate - request:
1 &gt; POST http://localhost:3030/products
1 &gt; Accept-Encoding: gzip,deflate
1 &gt; Connection: Keep-Alive
1 &gt; Content-Length: 185
1 &gt; Content-Type: application/json; charset=UTF-8
1 &gt; Host: localhost:3030
1 &gt; User-Agent: Apache-HttpClient/4.5.11 (Java/1.8.0_181)
{&quot;name&quot;:&quot;Demo2&quot;,&quot;type&quot;:&quot;type2&quot;,&quot;price&quot;:1,&quot;shipping&quot;:1234567,&quot;upc&quot;:&quot;abc&quot;,&quot;description&quot;:&quot;demo description 1&quot;,&quot;manufacturer&quot;:&quot;manufacturer1&quot;,&quot;model&quot;:&quot;model1&quot;,&quot;url&quot;:&quot;url1&quot;,&quot;image&quot;:&quot;image1&quot;}

17:43:59.574 [ForkJoinPool-1-worker-24733] DEBUG com.intuit.karate - response time in milliseconds: 482.45
1 &lt; 200
1 &lt; Access-Control-Allow-Credentials: true
1 &lt; Age: 1840
1 &lt; CF-Cache-Status: HIT
1 &lt; CF-RAY: 59b9eacb8a0ee58b-MAN
1 &lt; Cache-Control: max-age=14400
1 &lt; Connection: keep-alive
1 &lt; Content-Type: application/json; charset=utf-8
1 &lt; Date: Sat, 30 May 2020 16:43:58 GMT
1 &lt; Etag: W/&quot;160d-1eMSsxeJRfnVLRBmYJSbCiJZ1qQ&quot;
1 &lt; Expect-CT: max-age=604800, report-uri=&quot;https://report-uri.cloudflare.com/cdn-cgi/beacon/expect-ct&quot;
1 &lt; Expires: -1
1 &lt; Pragma: no-cache
1 &lt; Server: cloudflare
1 &lt; Set-Cookie: __cfduid=d8d974e25199399c0cd0d12f0e9f8e8301590857038; expires=Mon, 29-Jun-20 16:43:58 GMT; path=/; domain=.typicode.com; HttpOnly; SameSite=Lax
1 &lt; Transfer-Encoding: chunked
1 &lt; Vary: Origin, Accept-Encoding
1 &lt; Via: 1.1 vegur
1 &lt; X-Content-Type-Options: nosniff
1 &lt; X-Powered-By: Express
1 &lt; cf-request-id: 03081113340000e58b7a18c200000001
[
  {
    &quot;id&quot;: 1,
    &quot;name&quot;: &quot;Leanne Graham&quot;,
    &quot;username&quot;: &quot;Bret&quot;,
    &quot;email&quot;: &quot;Sincere@april.biz&quot;,
    &quot;address&quot;: {
      &quot;street&quot;: &quot;Kulas Light&quot;,
      &quot;suite&quot;: &quot;Apt. 556&quot;,
      &quot;city&quot;: &quot;Gwenborough&quot;,
      &quot;zipcode&quot;: &quot;92998-3874&quot;,
      &quot;geo&quot;: {
        &quot;lat&quot;: &quot;-37.3159&quot;,
        &quot;lng&quot;: &quot;81.1496&quot;
      }
    },
    &quot;phone&quot;: &quot;1-770-736-8031 x56442&quot;,
    &quot;website&quot;: &quot;hildegard.org&quot;,
    &quot;company&quot;: {
      &quot;name&quot;: &quot;Romaguera-Crona&quot;,
      &quot;catchPhrase&quot;: &quot;Multi-layered client-server neural-net&quot;,
      &quot;bs&quot;: &quot;harness real-time e-markets&quot;
    }
  },
  {
    &quot;id&quot;: 2,
    &quot;name&quot;: &quot;Ervin Howell&quot;,
    &quot;username&quot;: &quot;Antonette&quot;,
    &quot;email&quot;: &quot;Shanna@melissa.tv&quot;,
    &quot;address&quot;: {
      &quot;street&quot;: &quot;Victor Plains&quot;,
      &quot;suite&quot;: &quot;Suite 879&quot;,
      &quot;city&quot;: &quot;Wisokyburgh&quot;,
      &quot;zipcode&quot;: &quot;90566-7771&quot;,
      &quot;geo&quot;: {
        &quot;lat&quot;: &quot;-43.9509&quot;,
        &quot;lng&quot;: &quot;-34.4618&quot;
      }
    },
    &quot;phone&quot;: &quot;010-692-6593 x09125&quot;,
    &quot;website&quot;: &quot;anastasia.net&quot;,
    &quot;company&quot;: {
      &quot;name&quot;: &quot;Deckow-Crist&quot;,
      &quot;catchPhrase&quot;: &quot;Proactive didactic contingency&quot;,
      &quot;bs&quot;: &quot;synergize scalable supply-chains&quot;
    }
  },
  {
    &quot;id&quot;: 3,
    &quot;name&quot;: &quot;Clementine Bauch&quot;,
    &quot;username&quot;: &quot;Samantha&quot;,
    &quot;email&quot;: &quot;Nathan@yesenia.net&quot;,
    &quot;address&quot;: {
      &quot;street&quot;: &quot;Douglas Extension&quot;,
      &quot;suite&quot;: &quot;Suite 847&quot;,
      &quot;city&quot;: &quot;McKenziehaven&quot;,
      &quot;zipcode&quot;: &quot;59590-4157&quot;,
      &quot;geo&quot;: {
        &quot;lat&quot;: &quot;-68.6102&quot;,
        &quot;lng&quot;: &quot;-47.0653&quot;
      }
    },
    &quot;phone&quot;: &quot;1-463-123-4447&quot;,
    &quot;website&quot;: &quot;ramiro.info&quot;,
    &quot;company&quot;: {
      &quot;name&quot;: &quot;Romaguera-Jacobson&quot;,
      &quot;catchPhrase&quot;: &quot;Face to face bifurcated interface&quot;,
      &quot;bs&quot;: &quot;e-enable strategic applications&quot;
    }
  },
  {
    &quot;id&quot;: 4,
    &quot;name&quot;: &quot;Patricia Lebsack&quot;,
    &quot;username&quot;: &quot;Karianne&quot;,
    &quot;email&quot;: &quot;Julianne.OConner@kory.org&quot;,
    &quot;address&quot;: {
      &quot;street&quot;: &quot;Hoeger Mall&quot;,
      &quot;suite&quot;: &quot;Apt. 692&quot;,
      &quot;city&quot;: &quot;South Elvis&quot;,
      &quot;zipcode&quot;: &quot;53919-4257&quot;,
      &quot;geo&quot;: {
        &quot;lat&quot;: &quot;29.4572&quot;,
        &quot;lng&quot;: &quot;-164.2990&quot;
      }
    },
    &quot;phone&quot;: &quot;493-170-9623 x156&quot;,
    &quot;website&quot;: &quot;kale.biz&quot;,
    &quot;company&quot;: {
      &quot;name&quot;: &quot;Robel-Corkery&quot;,
      &quot;catchPhrase&quot;: &quot;Multi-tiered zero tolerance productivity&quot;,
      &quot;bs&quot;: &quot;transition cutting-edge web services&quot;
    }
  },
  {
    &quot;id&quot;: 5,
    &quot;name&quot;: &quot;Chelsey Dietrich&quot;,
    &quot;username&quot;: &quot;Kamren&quot;,
    &quot;email&quot;: &quot;Lucio_Hettinger@annie.ca&quot;,
    &quot;address&quot;: {
      &quot;street&quot;: &quot;Skiles Walks&quot;,
      &quot;suite&quot;: &quot;Suite 351&quot;,
      &quot;city&quot;: &quot;Roscoeview&quot;,
      &quot;zipcode&quot;: &quot;33263&quot;,
      &quot;geo&quot;: {
        &quot;lat&quot;: &quot;-31.8129&quot;,
        &quot;lng&quot;: &quot;62.5342&quot;
      }
    },
    &quot;phone&quot;: &quot;(254)954-1289&quot;,
    &quot;website&quot;: &quot;demarco.info&quot;,
    &quot;company&quot;: {
      &quot;name&quot;: &quot;Keebler LLC&quot;,
      &quot;catchPhrase&quot;: &quot;User-centric fault-tolerant solution&quot;,
      &quot;bs&quot;: &quot;revolutionize end-to-end systems&quot;
    }
  },
  {
    &quot;id&quot;: 6,
    &quot;name&quot;: &quot;Mrs. Dennis Schulist&quot;,
    &quot;username&quot;: &quot;Leopoldo_Corkery&quot;,
    &quot;email&quot;: &quot;Karley_Dach@jasper.info&quot;,
    &quot;address&quot;: {
      &quot;street&quot;: &quot;Norberto Crossing&quot;,
      &quot;suite&quot;: &quot;Apt. 950&quot;,
      &quot;city&quot;: &quot;South Christy&quot;,
      &quot;zipcode&quot;: &quot;23505-1337&quot;,
      &quot;geo&quot;: {
        &quot;lat&quot;: &quot;-71.4197&quot;,
        &quot;lng&quot;: &quot;71.7478&quot;
      }
    },
    &quot;phone&quot;: &quot;1-477-935-8478 x6430&quot;,
    &quot;website&quot;: &quot;ola.org&quot;,
    &quot;company&quot;: {
      &quot;name&quot;: &quot;Considine-Lockman&quot;,
      &quot;catchPhrase&quot;: &quot;Synchronised bottom-line interface&quot;,
      &quot;bs&quot;: &quot;e-enable innovative applications&quot;
    }
  },
  {
    &quot;id&quot;: 7,
    &quot;name&quot;: &quot;Kurtis Weissnat&quot;,
    &quot;username&quot;: &quot;Elwyn.Skiles&quot;,
    &quot;email&quot;: &quot;Telly.Hoeger@billy.biz&quot;,
    &quot;address&quot;: {
      &quot;street&quot;: &quot;Rex Trail&quot;,
      &quot;suite&quot;: &quot;Suite 280&quot;,
      &quot;city&quot;: &quot;Howemouth&quot;,
      &quot;zipcode&quot;: &quot;58804-1099&quot;,
      &quot;geo&quot;: {
        &quot;lat&quot;: &quot;24.8918&quot;,
        &quot;lng&quot;: &quot;21.8984&quot;
      }
    },
    &quot;phone&quot;: &quot;210.067.6132&quot;,
    &quot;website&quot;: &quot;elvis.io&quot;,
    &quot;company&quot;: {
      &quot;name&quot;: &quot;Johns Group&quot;,
      &quot;catchPhrase&quot;: &quot;Configurable multimedia task-force&quot;,
      &quot;bs&quot;: &quot;generate enterprise e-tailers&quot;
    }
  },
  {
    &quot;id&quot;: 8,
    &quot;name&quot;: &quot;Nicholas Runolfsdottir V&quot;,
    &quot;username&quot;: &quot;Maxime_Nienow&quot;,
    &quot;email&quot;: &quot;Sherwood@rosamond.me&quot;,
    &quot;address&quot;: {
      &quot;street&quot;: &quot;Ellsworth Summit&quot;,
      &quot;suite&quot;: &quot;Suite 729&quot;,
      &quot;city&quot;: &quot;Aliyaview&quot;,
      &quot;zipcode&quot;: &quot;45169&quot;,
      &quot;geo&quot;: {
        &quot;lat&quot;: &quot;-14.3990&quot;,
        &quot;lng&quot;: &quot;-120.7677&quot;
      }
    },
    &quot;phone&quot;: &quot;586.493.6943 x140&quot;,
    &quot;website&quot;: &quot;jacynthe.com&quot;,
    &quot;company&quot;: {
      &quot;name&quot;: &quot;Abernathy Group&quot;,
      &quot;catchPhrase&quot;: &quot;Implemented secondary concept&quot;,
      &quot;bs&quot;: &quot;e-enable extensible e-tailers&quot;
    }
  },
  {
    &quot;id&quot;: 9,
    &quot;name&quot;: &quot;Glenna Reichert&quot;,
    &quot;username&quot;: &quot;Delphine&quot;,
    &quot;email&quot;: &quot;Chaim_McDermott@dana.io&quot;,
    &quot;address&quot;: {
      &quot;street&quot;: &quot;Dayna Park&quot;,
      &quot;suite&quot;: &quot;Suite 449&quot;,
      &quot;city&quot;: &quot;Bartholomebury&quot;,
      &quot;zipcode&quot;: &quot;76495-3109&quot;,
      &quot;geo&quot;: {
        &quot;lat&quot;: &quot;24.6463&quot;,
        &quot;lng&quot;: &quot;-168.8889&quot;
      }
    },
    &quot;phone&quot;: &quot;(775)976-6794 x41206&quot;,
    &quot;website&quot;: &quot;conrad.com&quot;,
    &quot;company&quot;: {
      &quot;name&quot;: &quot;Yost and Sons&quot;,
      &quot;catchPhrase&quot;: &quot;Switchable contextually-based project&quot;,
      &quot;bs&quot;: &quot;aggregate real-time technologies&quot;
    }
  },
  {
    &quot;id&quot;: 10,
    &quot;name&quot;: &quot;Clementina DuBuque&quot;,
    &quot;username&quot;: &quot;Moriah.Stanton&quot;,
    &quot;email&quot;: &quot;Rey.Padberg@karina.biz&quot;,
    &quot;address&quot;: {
      &quot;street&quot;: &quot;Kattie Turnpike&quot;,
      &quot;suite&quot;: &quot;Suite 198&quot;,
      &quot;city&quot;: &quot;Lebsackbury&quot;,
      &quot;zipcode&quot;: &quot;31428-2261&quot;,
      &quot;geo&quot;: {
        &quot;lat&quot;: &quot;-38.2386&quot;,
        &quot;lng&quot;: &quot;57.2232&quot;
      }
    },
    &quot;phone&quot;: &quot;024-648-3804&quot;,
    &quot;website&quot;: &quot;ambrose.net&quot;,
    &quot;company&quot;: {
      &quot;name&quot;: &quot;Hoeger LLC&quot;,
      &quot;catchPhrase&quot;: &quot;Centralized empowering task-force&quot;,
      &quot;bs&quot;: &quot;target end-to-end models&quot;
    }
  }
]

17:43:59.574 [ForkJoinPool-1-worker-29554] DEBUG com.intuit.karate - response time in milliseconds: 479.69
1 &lt; 200
1 &lt; Access-Control-Allow-Credentials: true
1 &lt; Age: 1840
1 &lt; CF-Cache-Status: HIT
1 &lt; CF-RAY: 59b9eacb8a0ae58b-MAN
1 &lt; Cache-Control: max-age=14400
1 &lt; Connection: keep-alive
1 &lt; Content-Type: application/json; charset=utf-8
1 &lt; Date: Sat, 30 May 2020 16:43:58 GMT
1 &lt; Etag: W/&quot;160d-1eMSsxeJRfnVLRBmYJSbCiJZ1qQ&quot;
1 &lt; Expect-CT: max-age=604800, report-uri=&quot;https://report-uri.cloudflare.com/cdn-cgi/beacon/expect-ct&quot;
1 &lt; Expires: -1
1 &lt; Pragma: no-cache
1 &lt; Server: cloudflare
1 &lt; Set-Cookie: __cfduid=d8d974e25199399c0cd0d12f0e9f8e8301590857038; expires=Mon, 29-Jun-20 16:43:58 GMT; path=/; domain=.typicode.com; HttpOnly; SameSite=Lax
1 &lt; Transfer-Encoding: chunked
1 &lt; Vary: Origin, Accept-Encoding
1 &lt; Via: 1.1 vegur
1 &lt; X-Content-Type-Options: nosniff
1 &lt; X-Powered-By: Express
1 &lt; cf-request-id: 03081113330000e58b7b3c2200000001
[
  {
    &quot;id&quot;: 1,
    &quot;name&quot;: &quot;Leanne Graham&quot;,
    &quot;username&quot;: &quot;Bret&quot;,
    &quot;email&quot;: &quot;Sincere@april.biz&quot;,
    &quot;address&quot;: {
      &quot;street&quot;: &quot;Kulas Light&quot;,
      &quot;suite&quot;: &quot;Apt. 556&quot;,
      &quot;city&quot;: &quot;Gwenborough&quot;,
      &quot;zipcode&quot;: &quot;92998-3874&quot;,
      &quot;geo&quot;: {
        &quot;lat&quot;: &quot;-37.3159&quot;,
        &quot;lng&quot;: &quot;81.1496&quot;
      }
    },
    &quot;phone&quot;: &quot;1-770-736-8031 x56442&quot;,
    &quot;website&quot;: &quot;hildegard.org&quot;,
    &quot;company&quot;: {
      &quot;name&quot;: &quot;Romaguera-Crona&quot;,
      &quot;catchPhrase&quot;: &quot;Multi-layered client-server neural-net&quot;,
      &quot;bs&quot;: &quot;harness real-time e-markets&quot;
    }
  },
  {
    &quot;id&quot;: 2,
    &quot;name&quot;: &quot;Ervin Howell&quot;,
    &quot;username&quot;: &quot;Antonette&quot;,
    &quot;email&quot;: &quot;Shanna@melissa.tv&quot;,
    &quot;address&quot;: {
      &quot;street&quot;: &quot;Victor Plains&quot;,
      &quot;suite&quot;: &quot;Suite 879&quot;,
      &quot;city&quot;: &quot;Wisokyburgh&quot;,
      &quot;zipcode&quot;: &quot;90566-7771&quot;,
      &quot;geo&quot;: {
        &quot;lat&quot;: &quot;-43.9509&quot;,
        &quot;lng&quot;: &quot;-34.4618&quot;
      }
    },
    &quot;phone&quot;: &quot;010-692-6593 x09125&quot;,
    &quot;website&quot;: &quot;anastasia.net&quot;,
    &quot;company&quot;: {
      &quot;name&quot;: &quot;Deckow-Crist&quot;,
      &quot;catchPhrase&quot;: &quot;Proactive didactic contingency&quot;,
      &quot;bs&quot;: &quot;synergize scalable supply-chains&quot;
    }
  },
  {
    &quot;id&quot;: 3,
    &quot;name&quot;: &quot;Clementine Bauch&quot;,
    &quot;username&quot;: &quot;Samantha&quot;,
    &quot;email&quot;: &quot;Nathan@yesenia.net&quot;,
    &quot;address&quot;: {
      &quot;street&quot;: &quot;Douglas Extension&quot;,
      &quot;suite&quot;: &quot;Suite 847&quot;,
      &quot;city&quot;: &quot;McKenziehaven&quot;,
      &quot;zipcode&quot;: &quot;59590-4157&quot;,
      &quot;geo&quot;: {
        &quot;lat&quot;: &quot;-68.6102&quot;,
        &quot;lng&quot;: &quot;-47.0653&quot;
      }
    },
    &quot;phone&quot;: &quot;1-463-123-4447&quot;,
    &quot;website&quot;: &quot;ramiro.info&quot;,
    &quot;company&quot;: {
      &quot;name&quot;: &quot;Romaguera-Jacobson&quot;,
      &quot;catchPhrase&quot;: &quot;Face to face bifurcated interface&quot;,
      &quot;bs&quot;: &quot;e-enable strategic applications&quot;
    }
  },
  {
    &quot;id&quot;: 4,
    &quot;name&quot;: &quot;Patricia Lebsack&quot;,
    &quot;username&quot;: &quot;Karianne&quot;,
    &quot;email&quot;: &quot;Julianne.OConner@kory.org&quot;,
    &quot;address&quot;: {
      &quot;street&quot;: &quot;Hoeger Mall&quot;,
      &quot;suite&quot;: &quot;Apt. 692&quot;,
      &quot;city&quot;: &quot;South Elvis&quot;,
      &quot;zipcode&quot;: &quot;53919-4257&quot;,
      &quot;geo&quot;: {
        &quot;lat&quot;: &quot;29.4572&quot;,
        &quot;lng&quot;: &quot;-164.2990&quot;
      }
    },
    &quot;phone&quot;: &quot;493-170-9623 x156&quot;,
    &quot;website&quot;: &quot;kale.biz&quot;,
    &quot;company&quot;: {
      &quot;name&quot;: &quot;Robel-Corkery&quot;,
      &quot;catchPhrase&quot;: &quot;Multi-tiered zero tolerance productivity&quot;,
      &quot;bs&quot;: &quot;transition cutting-edge web services&quot;
    }
  },
  {
    &quot;id&quot;: 5,
    &quot;name&quot;: &quot;Chelsey Dietrich&quot;,
    &quot;username&quot;: &quot;Kamren&quot;,
    &quot;email&quot;: &quot;Lucio_Hettinger@annie.ca&quot;,
    &quot;address&quot;: {
      &quot;street&quot;: &quot;Skiles Walks&quot;,
      &quot;suite&quot;: &quot;Suite 351&quot;,
      &quot;city&quot;: &quot;Roscoeview&quot;,
      &quot;zipcode&quot;: &quot;33263&quot;,
      &quot;geo&quot;: {
        &quot;lat&quot;: &quot;-31.8129&quot;,
        &quot;lng&quot;: &quot;62.5342&quot;
      }
    },
    &quot;phone&quot;: &quot;(254)954-1289&quot;,
    &quot;website&quot;: &quot;demarco.info&quot;,
    &quot;company&quot;: {
      &quot;name&quot;: &quot;Keebler LLC&quot;,
      &quot;catchPhrase&quot;: &quot;User-centric fault-tolerant solution&quot;,
      &quot;bs&quot;: &quot;revolutionize end-to-end systems&quot;
    }
  },
  {
    &quot;id&quot;: 6,
    &quot;name&quot;: &quot;Mrs. Dennis Schulist&quot;,
    &quot;username&quot;: &quot;Leopoldo_Corkery&quot;,
    &quot;email&quot;: &quot;Karley_Dach@jasper.info&quot;,
    &quot;address&quot;: {
      &quot;street&quot;: &quot;Norberto Crossing&quot;,
      &quot;suite&quot;: &quot;Apt. 950&quot;,
      &quot;city&quot;: &quot;South Christy&quot;,
      &quot;zipcode&quot;: &quot;23505-1337&quot;,
      &quot;geo&quot;: {
        &quot;lat&quot;: &quot;-71.4197&quot;,
        &quot;lng&quot;: &quot;71.7478&quot;
      }
    },
    &quot;phone&quot;: &quot;1-477-935-8478 x6430&quot;,
    &quot;website&quot;: &quot;ola.org&quot;,
    &quot;company&quot;: {
      &quot;name&quot;: &quot;Considine-Lockman&quot;,
      &quot;catchPhrase&quot;: &quot;Synchronised bottom-line interface&quot;,
      &quot;bs&quot;: &quot;e-enable innovative applications&quot;
    }
  },
  {
    &quot;id&quot;: 7,
    &quot;name&quot;: &quot;Kurtis Weissnat&quot;,
    &quot;username&quot;: &quot;Elwyn.Skiles&quot;,
    &quot;email&quot;: &quot;Telly.Hoeger@billy.biz&quot;,
    &quot;address&quot;: {
      &quot;street&quot;: &quot;Rex Trail&quot;,
      &quot;suite&quot;: &quot;Suite 280&quot;,
      &quot;city&quot;: &quot;Howemouth&quot;,
      &quot;zipcode&quot;: &quot;58804-1099&quot;,
      &quot;geo&quot;: {
        &quot;lat&quot;: &quot;24.8918&quot;,
        &quot;lng&quot;: &quot;21.8984&quot;
      }
    },
    &quot;phone&quot;: &quot;210.067.6132&quot;,
    &quot;website&quot;: &quot;elvis.io&quot;,
    &quot;company&quot;: {
      &quot;name&quot;: &quot;Johns Group&quot;,
      &quot;catchPhrase&quot;: &quot;Configurable multimedia task-force&quot;,
      &quot;bs&quot;: &quot;generate enterprise e-tailers&quot;
    }
  },
  {
    &quot;id&quot;: 8,
    &quot;name&quot;: &quot;Nicholas Runolfsdottir V&quot;,
    &quot;username&quot;: &quot;Maxime_Nienow&quot;,
    &quot;email&quot;: &quot;Sherwood@rosamond.me&quot;,
    &quot;address&quot;: {
      &quot;street&quot;: &quot;Ellsworth Summit&quot;,
      &quot;suite&quot;: &quot;Suite 729&quot;,
      &quot;city&quot;: &quot;Aliyaview&quot;,
      &quot;zipcode&quot;: &quot;45169&quot;,
      &quot;geo&quot;: {
        &quot;lat&quot;: &quot;-14.3990&quot;,
        &quot;lng&quot;: &quot;-120.7677&quot;
      }
    },
    &quot;phone&quot;: &quot;586.493.6943 x140&quot;,
    &quot;website&quot;: &quot;jacynthe.com&quot;,
    &quot;company&quot;: {
      &quot;name&quot;: &quot;Abernathy Group&quot;,
      &quot;catchPhrase&quot;: &quot;Implemented secondary concept&quot;,
      &quot;bs&quot;: &quot;e-enable extensible e-tailers&quot;
    }
  },
  {
    &quot;id&quot;: 9,
    &quot;name&quot;: &quot;Glenna Reichert&quot;,
    &quot;username&quot;: &quot;Delphine&quot;,
    &quot;email&quot;: &quot;Chaim_McDermott@dana.io&quot;,
    &quot;address&quot;: {
      &quot;street&quot;: &quot;Dayna Park&quot;,
      &quot;suite&quot;: &quot;Suite 449&quot;,
      &quot;city&quot;: &quot;Bartholomebury&quot;,
      &quot;zipcode&quot;: &quot;76495-3109&quot;,
      &quot;geo&quot;: {
        &quot;lat&quot;: &quot;24.6463&quot;,
        &quot;lng&quot;: &quot;-168.8889&quot;
      }
    },
    &quot;phone&quot;: &quot;(775)976-6794 x41206&quot;,
    &quot;website&quot;: &quot;conrad.com&quot;,
    &quot;company&quot;: {
      &quot;name&quot;: &quot;Yost and Sons&quot;,
      &quot;catchPhrase&quot;: &quot;Switchable contextually-based project&quot;,
      &quot;bs&quot;: &quot;aggregate real-time technologies&quot;
    }
  },
  {
    &quot;id&quot;: 10,
    &quot;name&quot;: &quot;Clementina DuBuque&quot;,
    &quot;username&quot;: &quot;Moriah.Stanton&quot;,
    &quot;email&quot;: &quot;Rey.Padberg@karina.biz&quot;,
    &quot;address&quot;: {
      &quot;street&quot;: &quot;Kattie Turnpike&quot;,
      &quot;suite&quot;: &quot;Suite 198&quot;,
      &quot;city&quot;: &quot;Lebsackbury&quot;,
      &quot;zipcode&quot;: &quot;31428-2261&quot;,
      &quot;geo&quot;: {
        &quot;lat&quot;: &quot;-38.2386&quot;,
        &quot;lng&quot;: &quot;57.2232&quot;
      }
    },
    &quot;phone&quot;: &quot;024-648-3804&quot;,
    &quot;website&quot;: &quot;ambrose.net&quot;,
    &quot;company&quot;: {
      &quot;name&quot;: &quot;Hoeger LLC&quot;,
      &quot;catchPhrase&quot;: &quot;Centralized empowering task-force&quot;,
      &quot;bs&quot;: &quot;target end-to-end models&quot;
    }
  }
]

17:43:59.630 [ForkJoinPool-1-worker-24733] DEBUG com.intuit.karate - request:
2 &gt; GET https://jsonplaceholder.typicode.com/users/1
2 &gt; Accept-Encoding: gzip,deflate
2 &gt; Connection: Keep-Alive
2 &gt; Cookie: __cfduid=d8d974e25199399c0cd0d12f0e9f8e8301590857038
2 &gt; Host: jsonplaceholder.typicode.com
2 &gt; User-Agent: Apache-HttpClient/4.5.11 (Java/1.8.0_181)

17:43:59.631 [ForkJoinPool-1-worker-29554] DEBUG com.intuit.karate - request:
2 &gt; GET https://jsonplaceholder.typicode.com/users/1
2 &gt; Accept-Encoding: gzip,deflate
2 &gt; Connection: Keep-Alive
2 &gt; Cookie: __cfduid=d8d974e25199399c0cd0d12f0e9f8e8301590857038
2 &gt; Host: jsonplaceholder.typicode.com
2 &gt; User-Agent: Apache-HttpClient/4.5.11 (Java/1.8.0_181)

17:43:59.705 [ForkJoinPool-1-worker-24733] DEBUG com.intuit.karate - response time in milliseconds: 73.41
2 &lt; 200
2 &lt; Access-Control-Allow-Credentials: true
2 &lt; Age: 272651
2 &lt; CF-Cache-Status: UPDATING
2 &lt; CF-RAY: 59b9eacc7c30d20c-MAN
2 &lt; Cache-Control: max-age=14400
2 &lt; Connection: keep-alive
2 &lt; Content-Type: application/json; charset=utf-8
2 &lt; Date: Sat, 30 May 2020 16:43:58 GMT
2 &lt; Etag: W/&quot;1fd-+2Y3G3w049iSZtw5t1mzSnunngE&quot;
2 &lt; Expect-CT: max-age=604800, report-uri=&quot;https://report-uri.cloudflare.com/cdn-cgi/beacon/expect-ct&quot;
2 &lt; Expires: -1
2 &lt; Pragma: no-cache
2 &lt; Server: cloudflare
2 &lt; Transfer-Encoding: chunked
2 &lt; Vary: Origin, Accept-Encoding
2 &lt; Via: 1.1 vegur
2 &lt; X-Content-Type-Options: nosniff
2 &lt; X-Powered-By: Express
2 &lt; cf-request-id: 03081113c80000d20c5e0f8200000001
{
  &quot;id&quot;: 1,
  &quot;name&quot;: &quot;Leanne Graham&quot;,
  &quot;username&quot;: &quot;Bret&quot;,
  &quot;email&quot;: &quot;Sincere@april.biz&quot;,
  &quot;address&quot;: {
    &quot;street&quot;: &quot;Kulas Light&quot;,
    &quot;suite&quot;: &quot;Apt. 556&quot;,
    &quot;city&quot;: &quot;Gwenborough&quot;,
    &quot;zipcode&quot;: &quot;92998-3874&quot;,
    &quot;geo&quot;: {
      &quot;lat&quot;: &quot;-37.3159&quot;,
      &quot;lng&quot;: &quot;81.1496&quot;
    }
  },
  &quot;phone&quot;: &quot;1-770-736-8031 x56442&quot;,
  &quot;website&quot;: &quot;hildegard.org&quot;,
  &quot;company&quot;: {
    &quot;name&quot;: &quot;Romaguera-Crona&quot;,
    &quot;catchPhrase&quot;: &quot;Multi-layered client-server neural-net&quot;,
    &quot;bs&quot;: &quot;harness real-time e-markets&quot;
  }
}

17:43:59.835 [ForkJoinPool-1-worker-27947] DEBUG com.intuit.karate - response time in milliseconds: 530.05
1 &lt; 200
1 &lt; Access-Control-Allow-Headers: Accept, X-Requested-With
1 &lt; Access-Control-Allow-Methods: GET
1 &lt; Access-Control-Allow-Origin: *
1 &lt; CF-Cache-Status: DYNAMIC
1 &lt; CF-RAY: 59b9eacb8ca5e59b-MAN
1 &lt; Cache-Control: public, max-age=86400
1 &lt; Connection: keep-alive
1 &lt; Content-Type: application/json;charset=utf-8
1 &lt; Date: Sat, 30 May 2020 16:43:58 GMT
1 &lt; Expect-CT: max-age=604800, report-uri=&quot;https://report-uri.cloudflare.com/cdn-cgi/beacon/expect-ct&quot;
1 &lt; Server: cloudflare
1 &lt; Set-Cookie: __cfduid=d9ed653be75d25b49e723b74ba376b5911590857038; expires=Mon, 29-Jun-20 16:43:58 GMT; path=/; domain=.restcountries.eu; HttpOnly; SameSite=Lax
1 &lt; Transfer-Encoding: chunked
1 &lt; cf-request-id: 03081113330000e59b6b90b200000001
[{&quot;name&quot;:&quot;Afghanistan&quot;,&quot;topLevelDomain&quot;:[&quot;.af&quot;],&quot;alpha2Code&quot;:&quot;AF&quot;,&quot;alpha3Code&quot;:&quot;AFG&quot;,&quot;callingCodes&quot;:[&quot;93&quot;],&quot;capital&quot;:&quot;Kabul&quot;,&quot;altSpellings&quot;:[&quot;AF&quot;,&quot;AfÄ¡Ä�nistÄ�n&quot;],&quot;region&quot;:&quot;Asia&quot;,&quot;subregion&quot;:&quot;Southern Asia&quot;,&quot;population&quot;:27657145,&quot;latlng&quot;:[33.0,65.0],&quot;demonym&quot;:&quot;Afghan&quot;,&quot;area&quot;:652230.0,&quot;gini&quot;:27.8,&quot;timezones&quot;:[&quot;UTC+04:30&quot;],&quot;borders&quot;:[&quot;IRN&quot;,&quot;PAK&quot;,&quot;TKM&quot;,&quot;UZB&quot;,&quot;TJK&quot;,&quot;CHN&quot;],&quot;nativeName&quot;:&quot;Ø§Ù�ØºØ§Ù†Ø³ØªØ§Ù†&quot;,&quot;numericCode&quot;:&quot;004&quot;,&quot;currencies&quot;:[{&quot;code&quot;:&quot;AFN&quot;,&quot;name&quot;:&quot;Afghan afghani&quot;,&quot;symbol&quot;:&quot;Ø‹&quot;}],&quot;languages&quot;:[{&quot;iso639_1&quot;:&quot;ps&quot;,&quot;iso639_2&quot;:&quot;pus&quot;,&quot;name&quot;:&quot;Pashto&quot;,&quot;nativeName&quot;:&quot;Ù¾ÚšØªÙˆ&quot;},{&quot;iso639_1&quot;:&quot;uz&quot;,&quot;iso639_2&quot;:&quot;uzb&quot;,&quot;name&quot;:&quot;Uzbek&quot;,&quot;nativeName&quot;:&quot;OÊ»zbek&quot;},{&quot;iso639_1&quot;:&quot;tk&quot;,&quot;iso639_2&quot;:&quot;tuk&quot;,&quot;name&quot;:&quot;Turkmen&quot;,&quot;nativeName&quot;:&quot;TÃ¼rkmen&quot;}],&quot;translations&quot;:{&quot;de&quot;:&quot;Afghanistan&quot;,&quot;es&quot;:&quot;AfganistÃ¡n&quot;,&quot;fr&quot;:&quot;Afghanistan&quot;,&quot;ja&quot;:&quot;ã‚¢ãƒ•ã‚¬ãƒ‹ã‚¹ã‚¿ãƒ³&quot;,&quot;it&quot;:&quot;Afghanistan&quot;,&quot;br&quot;:&quot;AfeganistÃ£o&quot;,&quot;pt&quot;:&quot;AfeganistÃ£o&quot;,&quot;nl&quot;:&quot;Afghanistan&quot;,&quot;hr&quot;:&quot;Afganistan&quot;,&quot;fa&quot;:&quot;Ø§Ù�ØºØ§Ù†Ø³ØªØ§Ù†&quot;},&quot;flag&quot;:&quot;https://restcountries.eu/data/afg.svg&quot;,&quot;regionalBlocs&quot;:[{&quot;acronym&quot;:&quot;SAARC&quot;,&quot;name&quot;:&quot;South Asian Association for Regional Cooperation&quot;,&quot;otherAcronyms&quot;:[],&quot;otherNames&quot;:[]}],&quot;cioc&quot;:&quot;AFG&quot;},{&quot;name&quot;:&quot;Ã…land Islands&quot;,&quot;topLevelDomain&quot;:[&quot;.ax&quot;],&quot;alpha2Code&quot;:&quot;AX&quot;,&quot;alpha3Code&quot;:&quot;ALA&quot;,&quot;callingCodes&quot;:[&quot;358&quot;],&quot;capital&quot;:&quot;Mariehamn&quot;,&quot;altSpellings&quot;:[&quot;AX&quot;,&quot;Aaland&quot;,&quot;Aland&quot;,&quot;Ahvenanmaa&quot;],&quot;region&quot;:&quot;Europe&quot;,&quot;subregion&quot;:&quot;Northern Europe&quot;,&quot;population&quot;:28875,&quot;latlng&quot;:[60.116667,19.9],&quot;demonym&quot;:&quot;Ã…landish&quot;,&quot;area&quot;:1580.0,&quot;gini&quot;:null,&quot;timezones&quot;:[&quot;UTC+02:00&quot;],&quot;borders&quot;:[],&quot;nativeName&quot;:&quot;Ã…land&quot;,&quot;numericCode&quot;:&quot;248&quot;,&quot;currencies&quot;:[{&quot;code&quot;:&quot;EUR&quot;,&quot;name&quot;:&quot;Euro&quot;,&quot;symbol&quot;:&quot;â‚¬&quot;}],&quot;languages&quot;:[{&quot;iso639_1&quot;:&quot;sv&quot;,&quot;iso639_2&quot;:&quot;swe&quot;,&quot;name&quot;:&quot;Swedish&quot;,&quot;nativeName&quot;:&quot;svenska&quot;}],&quot;translations&quot;:{&quot;de&quot;:&quot;Ã…land&quot;,&quot;es&quot;:&quot;Alandia&quot;,&quot;fr&quot;:&quot;Ã…land&quot;,&quot;ja&quot;:&quot;ã‚ªãƒ¼ãƒ©ãƒ³ãƒ‰è«¸å³¶&quot;,&quot;it&quot;:&quot;Isole Aland&quot;,&quot;br&quot;:&quot;Ilhas de Aland&quot;,&quot;pt&quot;:&quot;Ilhas de Aland&quot;,&quot;nl&quot;:&quot;Ã…landeilanden&quot;,&quot;hr&quot;:&quot;Ã…landski otoci&quot;,&quot;fa&quot;:&quot;Ø¬Ø²Ø§ÛŒØ± Ø§Ù„Ù†Ø¯&quot;},&quot;flag&quot;:&quot;https://restcountries.eu/data/ala.svg&quot;,&quot;regionalBlocs&quot;:[{&quot;acronym&quot;:&quot;EU&quot;,&quot;name&quot;:&quot;European Union&quot;,&quot;otherAcronyms&quot;:[],&quot;otherNames&quot;:[]}],&quot;cioc&quot;:&quot;&quot;},{&quot;name&quot;:&quot;Albania&quot;,&quot;topLevelDomain&quot;:[&quot;.al&quot;],&quot;alpha2Code&quot;:&quot;AL&quot;,&quot;alpha3Code&quot;:&quot;ALB&quot;,&quot;callingCodes&quot;:[&quot;355&quot;],&quot;capital&quot;:&quot;Tirana&quot;,&quot;altSpellings&quot;:[&quot;AL&quot;,&quot;ShqipÃ«ri&quot;,&quot;ShqipÃ«ria&quot;,&quot;Shqipnia&quot;],&quot;region&quot;:&quot;Europe&quot;,&quot;subregion&quot;:&quot;Southern Europe&quot;,&quot;population&quot;:2886026,&quot;latlng&quot;:[41.0,20.0],&quot;demonym&quot;:&quot;Albanian&quot;,&quot;area&quot;:28748.0,&quot;gini&quot;:34.5,&quot;timezones&quot;:[&quot;UTC+01:00&quot;],&quot;borders&quot;:[&quot;MNE&quot;,&quot;GRC&quot;,&quot;MKD&quot;,&quot;KOS&quot;],&quot;nativeName&quot;:&quot;ShqipÃ«ria&quot;,&quot;numericCode&quot;:&quot;008&quot;,&quot;currencies&quot;:[{&quot;code&quot;:&quot;ALL&quot;,&quot;name&quot;:&quot;Albanian lek&quot;,&quot;symbol&quot;:&quot;L&quot;}],&quot;languages&quot;:[{&quot;iso639_1&quot;:&quot;sq&quot;,&quot;iso639_2&quot;:&quot;sqi&quot;,&quot;name&quot;:&quot;Albanian&quot;,&quot;nativeName&quot;:&quot;Shqip&quot;}],&quot;translations&quot;:{&quot;de&quot;:&quot;Albanien&quot;,&quot;es&quot;:&quot;Albania&quot;,&quot;fr&quot;:&quot;Albanie&quot;,&quot;ja&quot;:&quot;ã‚¢ãƒ«ãƒ�ãƒ‹ã‚¢&quot;,&quot;it&quot;:&quot;Albania&quot;,&quot;br&quot;:&quot;AlbÃ¢nia&quot;,&quot;pt&quot;:&quot;AlbÃ¢nia&quot;,&quot;nl&quot;:&quot;AlbaniÃ«&quot;,&quot;hr&quot;:&quot;Albanija&quot;,&quot;fa&quot;:&quot;Ø¢Ù„Ø¨Ø§Ù†ÛŒ&quot;},&quot;flag&quot;:&quot;https://restcountries.eu/data/alb.svg&quot;,&quot;regionalBlocs&quot;:[{&quot;acronym&quot;:&quot;CEFTA&quot;,&quot;name&quot;:&quot;Central European Free Trade Agreement&quot;,&quot;otherAcronyms&quot;:[],&quot;otherNames&quot;:[]}],&quot;cioc&quot;:&quot;ALB&quot;},{&quot;name&quot;:&quot;Algeria&quot;,&quot;topLevelDomain&quot;:[&quot;.dz&quot;],&quot;alpha2Code&quot;:&quot;DZ&quot;,&quot;alpha3Code&quot;:&quot;DZA&quot;,&quot;callingCodes&quot;:[&quot;213&quot;],&quot;capital&quot;:&quot;Algiers&quot;,&quot;altSpellings&quot;:[&quot;DZ&quot;,&quot;Dzayer&quot;,&quot;AlgÃ©rie&quot;],&quot;region&quot;:&quot;Africa&quot;,&quot;subregion&quot;:&quot;Northern Africa&quot;,&quot;population&quot;:40400000,&quot;latlng&quot;:[28.0,3.0],&quot;demonym&quot;:&quot;Algerian&quot;,&quot;area&quot;:2381741.0,&quot;gini&quot;:35.3,&quot;timezones&quot;:[&quot;UTC+01:00&quot;],&quot;borders&quot;:[&quot;TUN&quot;,&quot;LBY&quot;,&quot;NER&quot;,&quot;ESH&quot;,&quot;MRT&quot;,&quot;MLI&quot;,&quot;MAR&quot;],&quot;nativeName&quot;:&quot;Ø§Ù„Ø¬Ø²Ø§Ø¦Ø±&quot;,&quot;numericCode&quot;:&quot;012&quot;,&quot;currencies&quot;:[{&quot;code&quot;:&quot;DZD&quot;,&quot;name&quot;:&quot;Algerian dinar&quot;,&quot;symbol&quot;:&quot;Ø¯.Ø¬&quot;}],&quot;languages&quot;:[{&quot;iso639_1&quot;:&quot;ar&quot;,&quot;iso639_2&quot;:&quot;ara&quot;,&quot;name&quot;:&quot;Arabic&quot;,&quot;nativeName&quot;:&quot;Ø§Ù„Ø¹Ø±Ø¨ÙŠØ©&quot;}],&quot;translations&quot;:{&quot;de&quot;:&quot;Algerien&quot;,&quot;es&quot;:&quot;Argelia&quot;,&quot;fr&quot;:&quot;AlgÃ©rie&quot;,&quot;ja&quot;:&quot;ã‚¢ãƒ«ã‚¸ã‚§ãƒªã‚¢&quot;,&quot;it&quot;:&quot;Algeria&quot;,&quot;br&quot;:&quot;ArgÃ©lia&quot;,&quot;pt&quot;:&quot;ArgÃ©lia&quot;,&quot;nl&quot;:&quot;Algerije&quot;,&quot;hr&quot;:&quot;AlÅ¾ir&quot;,&quot;fa&quot;:&quot;Ø§Ù„Ø¬Ø²Ø§ÛŒØ±&quot;},&quot;flag&quot;:&quot;https://restcountries.eu/data/dza.svg&quot;,&quot;regionalBlocs&quot;:[{&quot;acronym&quot;:&quot;AU&quot;,&quot;name&quot;:&quot;African Union&quot;,&quot;otherAcronyms&quot;:[],&quot;otherNames&quot;:[&quot;Ø§Ù„Ø§ØªØ­Ø§Ø¯ Ø§Ù„Ø£Ù�Ø±ÙŠÙ‚ÙŠ&quot;,&quot;Union africaine&quot;,&quot;UniÃ£o Africana&quot;,&quot;UniÃ³n Africana&quot;,&quot;Umoja wa Afrika&quot;]},{&quot;acronym&quot;:&quot;AL&quot;,&quot;name&quot;:&quot;Arab League&quot;,&quot;otherAcronyms&quot;:[],&quot;otherNames&quot;:[&quot;Ø¬Ø§Ù…Ø¹Ø© Ø§Ù„Ø¯ÙˆÙ„ Ø§Ù„Ø¹Ø±Ø¨ÙŠØ©&quot;,&quot;JÄ�miÊ»at ad-Duwal al-Ê»ArabÄ«yah&quot;,&quot;League of Arab States&quot;]}],&quot;cioc&quot;:&quot;ALG&quot;},{&quot;name&quot;:&quot;American Samoa&quot;,&quot;topLevelDomain&quot;:[&quot;.as&quot;],&quot;alpha2Code&quot;:&quot;AS&quot;,&quot;alpha3Code&quot;:&quot;ASM&quot;,&quot;callingCodes&quot;:[&quot;1684&quot;],&quot;capital&quot;:&quot;Pago Pago&quot;,&quot;altSpellings&quot;:[&quot;AS&quot;,&quot;Amerika SÄ�moa&quot;,&quot;Amelika SÄ�moa&quot;,&quot;SÄ�moa Amelika&quot;],&quot;region&quot;:&quot;Oceania&quot;,&quot;subregion&quot;:&quot;Polynesia&quot;,&quot;population&quot;:57100,&quot;latlng&quot;:[-14.33333333,-170.0],&quot;demonym&quot;:&quot;American Samoan&quot;,&quot;area&quot;:199.0,&quot;gini&quot;:null,&quot;timezones&quot;:[&quot;UTC-11:00&quot;],&quot;borders&quot;:[],&quot;nativeName&quot;:&quot;American Samoa&quot;,&quot;numericCode&quot;:&quot;016&quot;,&quot;currencies&quot;:[{&quot;code&quot;:&quot;USD&quot;,&quot;name&quot;:&quot;United State Dollar&quot;,&quot;symbol&quot;:&quot;$&quot;}],&quot;languages&quot;:[{&quot;iso639_1&quot;:&quot;en&quot;,&quot;iso639_2&quot;:&quot;eng&quot;,&quot;name&quot;:&quot;English&quot;,&quot;nativeName&quot;:&quot;English&quot;},{&quot;iso639_1&quot;:&quot;sm&quot;,&quot;iso639_2&quot;:&quot;smo&quot;,&quot;name&quot;:&quot;Samoan&quot;,&quot;nativeName&quot;:&quot;gagana fa&apos;a Samoa&quot;}],&quot;translations&quot;:{&quot;de&quot;:&quot;Amerikanisch-Samoa&quot;,&quot;es&quot;:&quot;Samoa Americana&quot;,&quot;fr&quot;:&quot;Samoa amÃ©ricaines&quot;,&quot;ja&quot;:&quot;ã‚¢ãƒ¡ãƒªã‚«é ˜ã‚µãƒ¢ã‚¢&quot;,&quot;it&quot;:&quot;Samoa Americane&quot;,&quot;br&quot;:&quot;Samoa Americana&quot;,&quot;pt&quot;:&quot;Samoa Americana&quot;,&quot;nl&quot;:&quot;Amerikaans Samoa&quot;,&quot;hr&quot;:&quot;AmeriÄ�ka Samoa&quot;,&quot;fa&quot;:&quot;Ø³Ø§Ù…ÙˆØ¢ÛŒ Ø¢Ù…Ø±ÛŒÚ©Ø§&quot;},&quot;flag&quot;:&quot;https://restcountries.eu/data/asm.svg&quot;,&quot;regionalBlocs&quot;:[],&quot;cioc&quot;:&quot;ASA&quot;},{&quot;name&quot;:&quot;Andorra&quot;,&quot;topLevelDomain&quot;:[&quot;.ad&quot;],&quot;alpha2Code&quot;:&quot;AD&quot;,&quot;alpha3Code&quot;:&quot;AND&quot;,&quot;callingCodes&quot;:[&quot;376&quot;],&quot;capital&quot;:&quot;Andorra la Vella&quot;,&quot;altSpellings&quot;:[&quot;AD&quot;,&quot;Principality of Andorra&quot;,&quot;Principat d&apos;Andorra&quot;],&quot;region&quot;:&quot;Europe&quot;,&quot;subregion&quot;:&quot;Southern Europe&quot;,&quot;population&quot;:78014,&quot;latlng&quot;:[42.5,1.5],&quot;demonym&quot;:&quot;Andorran&quot;,&quot;area&quot;:468.0,&quot;gini&quot;:null,&quot;timezones&quot;:[&quot;UTC+01:00&quot;],&quot;borders&quot;:[&quot;FRA&quot;,&quot;ESP&quot;],&quot;nativeName&quot;:&quot;Andorra&quot;,&quot;numericCode&quot;:&quot;020&quot;,&quot;currencies&quot;:[{&quot;code&quot;:&quot;EUR&quot;,&quot;name&quot;:&quot;Euro&quot;,&quot;symbol&quot;:&quot;â‚¬&quot;}],&quot;languages&quot;:[{&quot;iso639_1&quot;:&quot;ca&quot;,&quot;iso639_2&quot;:&quot;cat&quot;,&quot;name&quot;:&quot;Catalan&quot;,&quot;nativeName&quot;:&quot;catalÃ &quot;}],&quot;translations&quot;:{&quot;de&quot;:&quot;Andorra&quot;,&quot;es&quot;:&quot;Andorra&quot;,&quot;fr&quot;:&quot;Andorre&quot;,&quot;ja&quot;:&quot;ã‚¢ãƒ³ãƒ‰ãƒ©&quot;,&quot;it&quot;:&quot;Andorra&quot;,&quot;br&quot;:&quot;Andorra&quot;,&quot;pt&quot;:&quot;Andorra&quot;,&quot;nl&quot;:&quot;Andorra&quot;,&quot;hr&quot;:&quot;Andora&quot;,&quot;fa&quot;:&quot;Ø¢Ù†Ø¯ÙˆØ±Ø§&quot;},&quot;flag&quot;:&quot;https://restcountries.eu/data/and.svg&quot;,&quot;regionalBlocs&quot;:[],&quot;cioc&quot;:&quot;AND&quot;},{&quot;name&quot;:&quot;Angola&quot;,&quot;topLevelDomain&quot;:[&quot;.ao&quot;],&quot;alpha2Code&quot;:&quot;AO&quot;,&quot;alpha3Code&quot;:&quot;AGO&quot;,&quot;callingCodes&quot;:[&quot;244&quot;],&quot;capital&quot;:&quot;Luanda&quot;,&quot;altSpellings&quot;:[&quot;AO&quot;,&quot;RepÃºblica de Angola&quot;,&quot;Ê�É›publika de an&apos;É¡É”la&quot;],&quot;region&quot;:&quot;Africa&quot;,&quot;subregion&quot;:&quot;Middle Africa&quot;,&quot;population&quot;:25868000,&quot;latlng&quot;:[-12.5,18.5],&quot;demonym&quot;:&quot;Angolan&quot;,&quot;area&quot;:1246700.0,&quot;gini&quot;:58.6,&quot;timezones&quot;:[&quot;UTC+01:00&quot;],&quot;borders&quot;:[&quot;COG&quot;,&quot;COD&quot;,&quot;ZMB&quot;,&quot;NAM&quot;],&quot;nativeName&quot;:&quot;Angola&quot;,&quot;numericCode&quot;:&quot;024&quot;,&quot;currencies&quot;:[{&quot;code&quot;:&quot;AOA&quot;,&quot;name&quot;:&quot;Angolan kwanza&quot;,&quot;symbol&quot;:&quot;Kz&quot;}],&quot;languages&quot;:[{&quot;iso639_1&quot;:&quot;pt&quot;,&quot;iso639_2&quot;:&quot;por&quot;,&quot;name&quot;:&quot;Portuguese&quot;,&quot;nativeName&quot;:&quot;PortuguÃªs&quot;}],&quot;translations&quot;:{&quot;de&quot;:&quot;Angola&quot;,&quot;es&quot;:&quot;Angola&quot;,&quot;fr&quot;:&quot;Angola&quot;,&quot;ja&quot;:&quot;ã‚¢ãƒ³ã‚´ãƒ©&quot;,&quot;it&quot;:&quot;Angola&quot;,&quot;br&quot;:&quot;Angola&quot;,&quot;pt&quot;:&quot;Angola&quot;,&quot;nl&quot;:&quot;Angola&quot;,&quot;hr&quot;:&quot;Angola&quot;,&quot;fa&quot;:&quot;Ø¢Ù†Ú¯ÙˆÙ„Ø§&quot;},&quot;flag&quot;:&quot;https://restcountries.eu/data/ago.svg&quot;,&quot;regionalBlocs&quot;:[{&quot;acronym&quot;:&quot;AU&quot;,&quot;name&quot;:&quot;African Union&quot;,&quot;otherAcronyms&quot;:[],&quot;otherNames&quot;:[&quot;Ø§Ù„Ø§ØªØ­Ø§Ø¯ Ø§Ù„Ø£Ù�Ø±ÙŠÙ‚ÙŠ&quot;,&quot;Union africaine&quot;,&quot;UniÃ£o Africana&quot;,&quot;UniÃ³n Africana&quot;,&quot;Umoja wa Afrika&quot;]}],&quot;cioc&quot;:&quot;ANG&quot;},{&quot;name&quot;:&quot;Anguilla&quot;,&quot;topLevelDomain&quot;:[&quot;.ai&quot;],&quot;alpha2Code&quot;:&quot;AI&quot;,&quot;alpha3Code&quot;:&quot;AIA&quot;,&quot;callingCodes&quot;:[&quot;1264&quot;],&quot;capital&quot;:&quot;The Valley&quot;,&quot;altSpellings&quot;:[&quot;AI&quot;],&quot;region&quot;:&quot;Americas&quot;,&quot;subregion&quot;:&quot;Caribbean&quot;,&quot;population&quot;:13452,&quot;latlng&quot;:[18.25,-63.16666666],&quot;demonym&quot;:&quot;Anguillian&quot;,&quot;area&quot;:91.0,&quot;gini&quot;:null,&quot;timezones&quot;:[&quot;UTC-04:00&quot;],&quot;borders&quot;:[],&quot;nativeName&quot;:&quot;Anguilla&quot;,&quot;numericCode&quot;:&quot;660&quot;,&quot;currencies&quot;:[{&quot;code&quot;:&quot;XCD&quot;,&quot;name&quot;:&quot;East Caribbean dollar&quot;,&quot;symbol&quot;:&quot;$&quot;}],&quot;languages&quot;:[{&quot;iso639_1&quot;:&quot;en&quot;,&quot;iso639_2&quot;:&quot;eng&quot;,&quot;name&quot;:&quot;English&quot;,&quot;nativeName&quot;:&quot;English&quot;}],&quot;translations&quot;:{&quot;de&quot;:&quot;Anguilla&quot;,&quot;es&quot;:&quot;Anguilla&quot;,&quot;fr&quot;:&quot;Anguilla&quot;,&quot;ja&quot;:&quot;ã‚¢ãƒ³ã‚®ãƒ©&quot;,&quot;it&quot;:&quot;Anguilla&quot;,&quot;br&quot;:&quot;Anguila&quot;,&quot;pt&quot;:&quot;Anguila&quot;,&quot;nl&quot;:&quot;Anguilla&quot;,&quot;hr&quot;:&quot;Angvila&quot;,&quot;fa&quot;:&quot;Ø¢Ù†Ú¯ÙˆÛŒÙ„Ø§&quot;},&quot;flag&quot;:&quot;https://restcountries.eu/data/aia.svg&quot;,&quot;regionalBlocs&quot;:[],&quot;cioc&quot;:&quot;&quot;},{&quot;name&quot;:&quot;Antarctica&quot;,&quot;topLevelDomain&quot;:[&quot;.aq&quot;],&quot;alpha2Code&quot;:&quot;AQ&quot;,&quot;alpha3Code&quot;:&quot;ATA&quot;,&quot;callingCodes&quot;:[&quot;672&quot;],&quot;capital&quot;:&quot;&quot;,&quot;altSpellings&quot;:[],&quot;region&quot;:&quot;Polar&quot;,&quot;subregion&quot;:&quot;&quot;,&quot;population&quot;:1000,&quot;latlng&quot;:[-74.65,4.48],&quot;demonym&quot;:&quot;&quot;,&quot;area&quot;:1.4E7,&quot;gini&quot;:null,&quot;timezones&quot;:[&quot;UTC-03:00&quot;,&quot;UTC+03:00&quot;,&quot;UTC+05:00&quot;,&quot;UTC+06:00&quot;,&quot;UTC+07:00&quot;,&quot;UTC+08:00&quot;,&quot;UTC+10:00&quot;,&quot;UTC+12:00&quot;],&quot;borders&quot;:[],&quot;nativeName&quot;:&quot;Antarctica&quot;,&quot;numericCode&quot;:&quot;010&quot;,&quot;currencies&quot;:[{&quot;code&quot;:&quot;AUD&quot;,&quot;name&quot;:&quot;Australian dollar&quot;,&quot;symbol&quot;:&quot;$&quot;},{&quot;code&quot;:&quot;GBP&quot;,&quot;name&quot;:&quot;British pound&quot;,&quot;symbol&quot;:&quot;Â£&quot;}],&quot;languages&quot;:[{&quot;iso639_1&quot;:&quot;en&quot;,&quot;iso639_2&quot;:&quot;eng&quot;,&quot;name&quot;:&quot;English&quot;,&quot;nativeName&quot;:&quot;English&quot;},{&quot;iso639_1&quot;:&quot;ru&quot;,&quot;iso639_2&quot;:&quot;rus&quot;,&quot;name&quot;:&quot;Russian&quot;,&quot;nativeName&quot;:&quot;Ð ÑƒÑ�Ñ�ÐºÐ¸Ð¹&quot;}],&quot;translations&quot;:{&quot;de&quot;:&quot;Antarktika&quot;,&quot;es&quot;:&quot;AntÃ¡rtida&quot;,&quot;fr&quot;:&quot;Antarctique&quot;,&quot;ja&quot;:&quot;å�—æ¥µå¤§é™¸&quot;,&quot;it&quot;:&quot;Antartide&quot;,&quot;br&quot;:&quot;AntÃ¡rtida&quot;,&quot;pt&quot;:&quot;AntÃ¡rctida&quot;,&quot;nl&quot;:&quot;Antarctica&quot;,&quot;hr&quot;:&quot;Antarktika&quot;,&quot;fa&quot;:&quot;Ø¬Ù†ÙˆØ¨Ú¯Ø§Ù†&quot;},&quot;flag&quot;:&quot;https://restcountries.eu/data/ata.svg&quot;,&quot;regionalBlocs&quot;:[],&quot;cioc&quot;:&quot;&quot;},{&quot;name&quot;:&quot;Antigua and Barbuda&quot;,&quot;topLevelDomain&quot;:[&quot;.ag&quot;],&quot;alpha2Code&quot;:&quot;AG&quot;,&quot;alpha3Code&quot;:&quot;ATG&quot;,&quot;callingCodes&quot;:[&quot;1268&quot;],&quot;capital&quot;:&quot;Saint John&apos;s&quot;,&quot;altSpellings&quot;:[&quot;AG&quot;],&quot;region&quot;:&quot;Americas&quot;,&quot;subregion&quot;:&quot;Caribbean&quot;,&quot;population&quot;:86295,&quot;latlng&quot;:[17.05,-61.8],&quot;demonym&quot;:&quot;Antiguan, Barbudan&quot;,&quot;area&quot;:442.0,&quot;gini&quot;:null,&quot;timezones&quot;:[&quot;UTC-04:00&quot;],&quot;borders&quot;:[],&quot;nativeName&quot;:&quot;Antigua and Barbuda&quot;,&quot;numericCode&quot;:&quot;028&quot;,&quot;currencies&quot;:[{&quot;code&quot;:&quot;XCD&quot;,&quot;name&quot;:&quot;East Caribbean dollar&quot;,&quot;symbol&quot;:&quot;$&quot;}],&quot;languages&quot;:[{&quot;iso639_1&quot;:&quot;en&quot;,&quot;iso639_2&quot;:&quot;eng&quot;,&quot;name&quot;:&quot;English&quot;,&quot;nativeName&quot;:&quot;English&quot;}],&quot;translations&quot;:{&quot;de&quot;:&quot;Antigua und Barbuda&quot;,&quot;es&quot;:&quot;Antigua y Barbuda&quot;,&quot;fr&quot;:&quot;Antigua-et-Barbuda&quot;,&quot;ja&quot;:&quot;ã‚¢ãƒ³ãƒ†ã‚£ã‚°ã‚¢ãƒ»ãƒ�ãƒ¼ãƒ–ãƒ¼ãƒ€&quot;,&quot;it&quot;:&quot;Antigua e Barbuda&quot;,&quot;br&quot;:&quot;AntÃ­gua e Barbuda&quot;,&quot;pt&quot;:&quot;AntÃ­gua e Barbuda&quot;,&quot;nl&quot;:&quot;Antigua en Barbuda&quot;,&quot;hr&quot;:&quot;Antigva i Barbuda&quot;,&quot;fa&quot;:&quot;Ø¢Ù†ØªÛŒÚ¯ÙˆØ§ Ùˆ Ø¨Ø§Ø±Ø¨ÙˆØ¯Ø§&quot;},&quot;flag&quot;:&quot;https://restcountries.eu/data/atg.svg&quot;,&quot;regionalBlocs&quot;:[{&quot;acronym&quot;:&quot;CARICOM&quot;,&quot;name&quot;:&quot;Caribbean Community&quot;,&quot;otherAcronyms&quot;:[],&quot;otherNames&quot;:[&quot;Comunidad del Caribe&quot;,&quot;CommunautÃ© CaribÃ©enne&quot;,&quot;Caribische Gemeenschap&quot;]}],&quot;cioc&quot;:&quot;ANT&quot;},{&quot;name&quot;:&quot;Argentina&quot;,&quot;topLevelDomain&quot;:[&quot;.ar&quot;],&quot;alpha2Code&quot;:&quot;AR&quot;,&quot;alpha3Code&quot;:&quot;ARG&quot;,&quot;callingCodes&quot;:[&quot;54&quot;],&quot;capital&quot;:&quot;Buenos Aires&quot;,&quot;altSpellings&quot;:[&quot;AR&quot;,&quot;Argentine Republic&quot;,&quot;RepÃºblica Argentina&quot;],&quot;region&quot;:&quot;Americas&quot;,&quot;subregion&quot;:&quot;South America&quot;,&quot;population&quot;:43590400,&quot;latlng&quot;:[-34.0,-64.0],&quot;demonym&quot;:&quot;Argentinean&quot;,&quot;area&quot;:2780400.0,&quot;gini&quot;:44.5,&quot;timezones&quot;:[&quot;UTC-03:00&quot;],&quot;borders&quot;:[&quot;BOL&quot;,&quot;BRA&quot;,&quot;CHL&quot;,&quot;PRY&quot;,&quot;URY&quot;],&quot;nativeName&quot;:&quot;Argentina&quot;,&quot;numericCode&quot;:&quot;032&quot;,&quot;currencies&quot;:[{&quot;code&quot;:&quot;ARS&quot;,&quot;name&quot;:&quot;Argentine peso&quot;,&quot;symbol&quot;:&quot;$&quot;}],&quot;languages&quot;:[{&quot;iso639_1&quot;:&quot;es&quot;,&quot;iso639_2&quot;:&quot;spa&quot;,&quot;name&quot;:&quot;Spanish&quot;,&quot;nativeName&quot;:&quot;EspaÃ±ol&quot;},{&quot;iso639_1&quot;:&quot;gn&quot;,&quot;iso639_2&quot;:&quot;grn&quot;,&quot;name&quot;:&quot;GuaranÃ­&quot;,&quot;nativeName&quot;:&quot;AvaÃ±e&apos;áº½&quot;}],&quot;translations&quot;:{&quot;de&quot;:&quot;Argentinien&quot;,&quot;es&quot;:&quot;Argentina&quot;,&quot;fr&quot;:&quot;Argentine&quot;,&quot;ja&quot;:&quot;ã‚¢ãƒ«ã‚¼ãƒ³ãƒ�ãƒ³&quot;,&quot;it&quot;:&quot;Argentina&quot;,&quot;br&quot;:&quot;Argentina&quot;,&quot;pt&quot;:&quot;Argentina&quot;,&quot;nl&quot;:&quot;ArgentiniÃ«&quot;,&quot;hr&quot;:&quot;Argentina&quot;,&quot;fa&quot;:&quot;Ø¢Ø±Ú˜Ø§Ù†ØªÛŒÙ†&quot;},&quot;flag&quot;:&quot;https://restcountries.eu/data/arg.svg&quot;,&quot;regionalBlocs&quot;:[{&quot;acronym&quot;:&quot;USAN&quot;,&quot;name&quot;:&quot;Union of South American Nations&quot;,&quot;otherAcronyms&quot;:[&quot;UNASUR&quot;,&quot;UNASUL&quot;,&quot;UZAN&quot;],&quot;otherNames&quot;:[&quot;UniÃ³n de Naciones Suramericanas&quot;,&quot;UniÃ£o de NaÃ§Ãµes Sul-Americanas&quot;,&quot;Unie van Zuid-Amerikaanse Naties&quot;,&quot;South American Union&quot;]}],&quot;cioc&quot;:&quot;ARG&quot;},{&quot;name&quot;:&quot;Armenia&quot;,&quot;topLevelDomain&quot;:[&quot;.am&quot;],&quot;alpha2Code&quot;:&quot;AM&quot;,&quot;alpha3Code&quot;:&quot;ARM&quot;,&quot;callingCodes&quot;:[&quot;374&quot;],&quot;capital&quot;:&quot;Yerevan&quot;,&quot;altSpellings&quot;:[&quot;AM&quot;,&quot;Hayastan&quot;,&quot;Republic of Armenia&quot;,&quot;Õ€Õ¡ÕµÕ¡Õ½Õ¿Õ¡Õ¶Õ« Õ€Õ¡Õ¶Ö€Õ¡ÕºÕ¥Õ¿Õ¸Ö‚Õ©ÕµÕ¸Ö‚Õ¶&quot;],&quot;region&quot;:&quot;Asia&quot;,&quot;subregion&quot;:&quot;Western Asia&quot;,&quot;population&quot;:2994400,&quot;latlng&quot;:[40.0,45.0],&quot;demonym&quot;:&quot;Armenian&quot;,&quot;area&quot;:29743.0,&quot;gini&quot;:30.9,&quot;timezones&quot;:[&quot;UTC+04:00&quot;],&quot;borders&quot;:[&quot;AZE&quot;,&quot;GEO&quot;,&quot;IRN&quot;,&quot;TUR&quot;],&quot;nativeName&quot;:&quot;Õ€Õ¡ÕµÕ¡Õ½Õ¿Õ¡Õ¶&quot;,&quot;numericCode&quot;:&quot;051&quot;,&quot;currencies&quot;:[{&quot;code&quot;:&quot;AMD&quot;,&quot;name&quot;:&quot;Armenian dram&quot;,&quot;symbol&quot;:null}],&quot;languages&quot;:[{&quot;iso639_1&quot;:&quot;hy&quot;,&quot;iso639_2&quot;:&quot;hye&quot;,&quot;name&quot;:&quot;Armenian&quot;,&quot;nativeName&quot;:&quot;Õ€Õ¡ÕµÕ¥Ö€Õ¥Õ¶&quot;},{&quot;iso639_1&quot;:&quot;ru&quot;,&quot;iso639_2&quot;:&quot;rus&quot;,&quot;name&quot;:&quot;Russian&quot;,&quot;nativeName&quot;:&quot;Ð ÑƒÑ�Ñ�ÐºÐ¸Ð¹&quot;}],&quot;translations&quot;:{&quot;de&quot;:&quot;Armenien&quot;,&quot;es&quot;:&quot;Armenia&quot;,&quot;fr&quot;:&quot;ArmÃ©nie&quot;,&quot;ja&quot;:&quot;ã‚¢ãƒ«ãƒ¡ãƒ‹ã‚¢&quot;,&quot;it&quot;:&quot;Armenia&quot;,&quot;br&quot;:&quot;ArmÃªnia&quot;,&quot;pt&quot;:&quot;ArmÃ©nia&quot;,&quot;nl&quot;:&quot;ArmeniÃ«&quot;,&quot;hr&quot;:&quot;Armenija&quot;,&quot;fa&quot;:&quot;Ø§Ø±Ù…Ù†Ø³ØªØ§Ù†&quot;},&quot;flag&quot;:&quot;https://restcountries.eu/data/arm.svg&quot;,&quot;regionalBlocs&quot;:[{&quot;acronym&quot;:&quot;EEU&quot;,&quot;name&quot;:&quot;Eurasian Economic Union&quot;,&quot;otherAcronyms&quot;:[&quot;EAEU&quot;],&quot;otherNames&quot;:[]}],&quot;cioc&quot;:&quot;ARM&quot;},{&quot;name&quot;:&quot;Aruba&quot;,&quot;topLevelDomain&quot;:[&quot;.aw&quot;],&quot;alpha2Code&quot;:&quot;AW&quot;,&quot;alpha3Code&quot;:&quot;ABW&quot;,&quot;callingCodes&quot;:[&quot;297&quot;],&quot;capital&quot;:&quot;Oranjestad&quot;,&quot;altSpellings&quot;:[&quot;AW&quot;],&quot;region&quot;:&quot;Americas&quot;,&quot;subregion&quot;:&quot;Caribbean&quot;,&quot;population&quot;:107394,&quot;latlng&quot;:[12.5,-69.96666666],&quot;demonym&quot;:&quot;Aruban&quot;,&quot;area&quot;:180.0,&quot;gini&quot;:null,&quot;timezones&quot;:[&quot;UTC-04:00&quot;],&quot;borders&quot;:[],&quot;nativeName&quot;:&quot;Aruba&quot;,&quot;numericCode&quot;:&quot;533&quot;,&quot;currencies&quot;:[{&quot;code&quot;:&quot;AWG&quot;,&quot;name&quot;:&quot;Aruban florin&quot;,&quot;symbol&quot;:&quot;Æ’&quot;}],&quot;languages&quot;:[{&quot;iso639_1&quot;:&quot;nl&quot;,&quot;iso639_2&quot;:&quot;nld&quot;,&quot;name&quot;:&quot;Dutch&quot;,&quot;nativeName&quot;:&quot;Nederlands&quot;},{&quot;iso639_1&quot;:&quot;pa&quot;,&quot;iso639_2&quot;:&quot;pan&quot;,&quot;name&quot;:&quot;(Eastern) Punjabi&quot;,&quot;nativeName&quot;:&quot;à¨ªà©°à¨œà¨¾à¨¬à©€&quot;}],&quot;translations&quot;:{&quot;de&quot;:&quot;Aruba&quot;,&quot;es&quot;:&quot;Aruba&quot;,&quot;fr&quot;:&quot;Aruba&quot;,&quot;ja&quot;:&quot;ã‚¢ãƒ«ãƒ�&quot;,&quot;it&quot;:&quot;Aruba&quot;,&quot;br&quot;:&quot;Aruba&quot;,&quot;pt&quot;:&quot;Aruba&quot;,&quot;nl&quot;:&quot;Aruba&quot;,&quot;hr&quot;:&quot;Aruba&quot;,&quot;fa&quot;:&quot;Ø¢Ø±ÙˆØ¨Ø§&quot;},&quot;flag&quot;:&quot;https://restcountries.eu/data/abw.svg&quot;,&quot;regionalBlocs&quot;:[],&quot;cioc&quot;:&quot;ARU&quot;},{&quot;name&quot;:&quot;Australia&quot;,&quot;topLevelDomain&quot;:[&quot;.au&quot;],&quot;alpha2Code&quot;:&quot;AU&quot;,&quot;alpha3Code&quot;:&quot;AUS&quot;,&quot;callingCodes&quot;:[&quot;61&quot;],&quot;capital&quot;:&quot;Canberra&quot;,&quot;altSpellings&quot;:[&quot;AU&quot;],&quot;region&quot;:&quot;Oceania&quot;,&quot;subregion&quot;:&quot;Australia and New Zealand&quot;,&quot;population&quot;:24117360,&quot;latlng&quot;:[-27.0,133.0],&quot;demonym&quot;:&quot;Australian&quot;,&quot;area&quot;:7692024.0,&quot;gini&quot;:30.5,&quot;timezones&quot;:[&quot;UTC+05:00&quot;,&quot;UTC+06:30&quot;,&quot;UTC+07:00&quot;,&quot;UTC+08:00&quot;,&quot;UTC+09:30&quot;,&quot;UTC+10:00&quot;,&quot;UTC+10:30&quot;,&quot;UTC+11:30&quot;],&quot;borders&quot;:[],&quot;nativeName&quot;:&quot;Australia&quot;,&quot;numericCode&quot;:&quot;036&quot;,&quot;currencies&quot;:[{&quot;code&quot;:&quot;AUD&quot;,&quot;name&quot;:&quot;Australian dollar&quot;,&quot;symbol&quot;:&quot;$&quot;}],&quot;languages&quot;:[{&quot;iso639_1&quot;:&quot;en&quot;,&quot;iso639_2&quot;:&quot;eng&quot;,&quot;name&quot;:&quot;English&quot;,&quot;nativeName&quot;:&quot;English&quot;}],&quot;translations&quot;:{&quot;de&quot;:&quot;Australien&quot;,&quot;es&quot;:&quot;Australia&quot;,&quot;fr&quot;:&quot;Australie&quot;,&quot;ja&quot;:&quot;ã‚ªãƒ¼ã‚¹ãƒˆãƒ©ãƒªã‚¢&quot;,&quot;it&quot;:&quot;Australia&quot;,&quot;br&quot;:&quot;AustrÃ¡lia&quot;,&quot;pt&quot;:&quot;AustrÃ¡lia&quot;,&quot;nl&quot;:&quot;AustraliÃ«&quot;,&quot;hr&quot;:&quot;Australija&quot;,&quot;fa&quot;:&quot;Ø§Ø³ØªØ±Ø§Ù„ÛŒØ§&quot;},&quot;flag&quot;:&quot;https://restcountries.eu/data/aus.svg&quot;,&quot;regionalBlocs&quot;:[],&quot;cioc&quot;:&quot;AUS&quot;},{&quot;name&quot;:&quot;Austria&quot;,&quot;topLevelDomain&quot;:[&quot;.at&quot;],&quot;alpha2Code&quot;:&quot;AT&quot;,&quot;alpha3Code&quot;:&quot;AUT&quot;,&quot;callingCodes&quot;:[&quot;43&quot;],&quot;capital&quot;:&quot;Vienna&quot;,&quot;altSpellings&quot;:[&quot;AT&quot;,&quot;Ã–sterreich&quot;,&quot;Osterreich&quot;,&quot;Oesterreich&quot;],&quot;region&quot;:&quot;Europe&quot;,&quot;subregion&quot;:&quot;Western Europe&quot;,&quot;population&quot;:8725931,&quot;latlng&quot;:[47.33333333,13.33333333],&quot;demonym&quot;:&quot;Austrian&quot;,&quot;area&quot;:83871.0,&quot;gini&quot;:26.0,&quot;timezones&quot;:[&quot;UTC+01:00&quot;],&quot;borders&quot;:[&quot;CZE&quot;,&quot;DEU&quot;,&quot;HUN&quot;,&quot;ITA&quot;,&quot;LIE&quot;,&quot;SVK&quot;,&quot;SVN&quot;,&quot;CHE&quot;],&quot;nativeName&quot;:&quot;Ã–sterreich&quot;,&quot;numericCode&quot;:&quot;040&quot;,&quot;currencies&quot;:[{&quot;code&quot;:&quot;EUR&quot;,&quot;name&quot;:&quot;Euro&quot;,&quot;symbol&quot;:&quot;â‚¬&quot;}],&quot;languages&quot;:[{&quot;iso639_1&quot;:&quot;de&quot;,&quot;iso639_2&quot;:&quot;deu&quot;,&quot;name&quot;:&quot;German&quot;,&quot;nativeName&quot;:&quot;Deutsch&quot;}],&quot;translations&quot;:{&quot;de&quot;:&quot;Ã–sterreich&quot;,&quot;es&quot;:&quot;Austria&quot;,&quot;fr&quot;:&quot;Autriche&quot;,&quot;ja&quot;:&quot;ã‚ªãƒ¼ã‚¹ãƒˆãƒªã‚¢&quot;,&quot;it&quot;:&quot;Austria&quot;,&quot;br&quot;:&quot;Ã¡ustria&quot;,&quot;pt&quot;:&quot;Ã¡ustria&quot;,&quot;nl&quot;:&quot;Oostenrijk&quot;,&quot;hr&quot;:&quot;Austrija&quot;,&quot;fa&quot;:&quot;Ø§ØªØ±ÛŒØ´&quot;},&quot;flag&quot;:&quot;https://restcountries.eu/data/aut.svg&quot;,&quot;regionalBlocs&quot;:[{&quot;acronym&quot;:&quot;EU&quot;,&quot;name&quot;:&quot;European Union&quot;,&quot;otherAcronyms&quot;:[],&quot;otherNames&quot;:[]}],&quot;cioc&quot;:&quot;AUT&quot;},{&quot;name&quot;:&quot;Azerbaijan&quot;,&quot;topLevelDomain&quot;:[&quot;.az&quot;],&quot;alpha2Code&quot;:&quot;AZ&quot;,&quot;alpha3Code&quot;:&quot;AZE&quot;,&quot;callingCodes&quot;:[&quot;994&quot;],&quot;capital&quot;:&quot;Baku&quot;,&quot;altSpellings&quot;:[&quot;AZ&quot;,&quot;Republic of Azerbaijan&quot;,&quot;AzÉ™rbaycan RespublikasÄ±&quot;],&quot;region&quot;:&quot;Asia&quot;,&quot;subregion&quot;:&quot;Western Asia&quot;,&quot;population&quot;:9730500,&quot;latlng&quot;:[40.5,47.5],&quot;demonym&quot;:&quot;Azerbaijani&quot;,&quot;area&quot;:86600.0,&quot;gini&quot;:33.7,&quot;timezones&quot;:[&quot;UTC+04:00&quot;],&quot;borders&quot;:[&quot;ARM&quot;,&quot;GEO&quot;,&quot;IRN&quot;,&quot;RUS&quot;,&quot;TUR&quot;],&quot;nativeName&quot;:&quot;AzÉ™rbaycan&quot;,&quot;numericCode&quot;:&quot;031&quot;,&quot;currencies&quot;:[{&quot;code&quot;:&quot;AZN&quot;,&quot;name&quot;:&quot;Azerbaijani manat&quot;,&quot;symbol&quot;:null}],&quot;languages&quot;:[{&quot;iso639_1&quot;:&quot;az&quot;,&quot;iso639_2&quot;:&quot;aze&quot;,&quot;name&quot;:&quot;Azerbaijani&quot;,&quot;nativeName&quot;:&quot;azÉ™rbaycan dili&quot;}],&quot;translations&quot;:{&quot;de&quot;:&quot;Aserbaidschan&quot;,&quot;es&quot;:&quot;AzerbaiyÃ¡n&quot;,&quot;fr&quot;:&quot;AzerbaÃ¯djan&quot;,&quot;ja&quot;:&quot;ã‚¢ã‚¼ãƒ«ãƒ�ã‚¤ã‚¸ãƒ£ãƒ³&quot;,&quot;it&quot;:&quot;Azerbaijan&quot;,&quot;br&quot;:&quot;AzerbaijÃ£o&quot;,&quot;pt&quot;:&quot;AzerbaijÃ£o&quot;,&quot;nl&quot;:&quot;Azerbeidzjan&quot;,&quot;hr&quot;:&quot;AzerbajdÅ¾an&quot;,&quot;fa&quot;:&quot;Ø¢Ø°Ø±Ø¨Ø§ÛŒØ¬Ø§Ù†&quot;},&quot;flag&quot;:&quot;https://restcountries.eu/data/aze.svg&quot;,&quot;regionalBlocs&quot;:[],&quot;cioc&quot;:&quot;AZE&quot;},{&quot;name&quot;:&quot;Bahamas&quot;,&quot;topLevelDomain&quot;:[&quot;.bs&quot;],&quot;alpha2Code&quot;:&quot;BS&quot;,&quot;alpha3Code&quot;:&quot;BHS&quot;,&quot;callingCodes&quot;:[&quot;1242&quot;],&quot;capital&quot;:&quot;Nassau&quot;,&quot;altSpellings&quot;:[&quot;BS&quot;,&quot;Commonwealth of the Bahamas&quot;],&quot;region&quot;:&quot;Americas&quot;,&quot;subregion&quot;:&quot;Caribbean&quot;,&quot;population&quot;:378040,&quot;latlng&quot;:[24.25,-76.0],&quot;demonym&quot;:&quot;Bahamian&quot;,&quot;area&quot;:13943.0,&quot;gini&quot;:null,&quot;timezones&quot;:[&quot;UTC-05:00&quot;],&quot;borders&quot;:[],&quot;nativeName&quot;:&quot;Bahamas&quot;,&quot;numericCode&quot;:&quot;044&quot;,&quot;currencies&quot;:[{&quot;code&quot;:&quot;BSD&quot;,&quot;name&quot;:&quot;Bahamian dollar&quot;,&quot;symbol&quot;:&quot;$&quot;}],&quot;languages&quot;:[{&quot;iso639_1&quot;:&quot;en&quot;,&quot;iso639_2&quot;:&quot;eng&quot;,&quot;name&quot;:&quot;English&quot;,&quot;nativeName&quot;:&quot;English&quot;}],&quot;translations&quot;:{&quot;de&quot;:&quot;Bahamas&quot;,&quot;es&quot;:&quot;Bahamas&quot;,&quot;fr&quot;:&quot;Bahamas&quot;,&quot;ja&quot;:&quot;ãƒ�ãƒ�ãƒž&quot;,&quot;it&quot;:&quot;Bahamas&quot;,&quot;br&quot;:&quot;Bahamas&quot;,&quot;pt&quot;:&quot;Baamas&quot;,&quot;nl&quot;:&quot;Bahamaâ€™s&quot;,&quot;hr&quot;:&quot;Bahami&quot;,&quot;fa&quot;:&quot;Ø¨Ø§Ù‡Ø§Ù…Ø§&quot;},&quot;flag&quot;:&quot;https://restcountries.eu/data/bhs.svg&quot;,&quot;regionalBlocs&quot;:[{&quot;acronym&quot;:&quot;CARICOM&quot;,&quot;name&quot;:&quot;Caribbean Community&quot;,&quot;otherAcronyms&quot;:[],&quot;otherNames&quot;:[&quot;Comunidad del Caribe&quot;,&quot;CommunautÃ© CaribÃ©enne&quot;,&quot;Caribische Gemeenschap&quot;]}],&quot;cioc&quot;:&quot;BAH&quot;},{&quot;name&quot;:&quot;Bahrain&quot;,&quot;topLevelDomain&quot;:[&quot;.bh&quot;],&quot;alpha2Code&quot;:&quot;BH&quot;,&quot;alpha3Code&quot;:&quot;BHR&quot;,&quot;callingCodes&quot;:[&quot;973&quot;],&quot;capital&quot;:&quot;Manama&quot;,&quot;altSpellings&quot;:[&quot;BH&quot;,&quot;Kingdom of Bahrain&quot;,&quot;Mamlakat al-Baá¸¥rayn&quot;],&quot;region&quot;:&quot;Asia&quot;,&quot;subregion&quot;:&quot;Western Asia&quot;,&quot;population&quot;:1404900,&quot;latlng&quot;:[26.0,50.55],&quot;demonym&quot;:&quot;Bahraini&quot;,&quot;area&quot;:765.0,&quot;gini&quot;:null,&quot;timezones&quot;:[&quot;UTC+03:00&quot;],&quot;borders&quot;:[],&quot;nativeName&quot;:&quot;â€�Ø§Ù„Ø¨Ø­Ø±ÙŠÙ†&quot;,&quot;numericCode&quot;:&quot;048&quot;,&quot;currencies&quot;:[{&quot;code&quot;:&quot;BHD&quot;,&quot;name&quot;:&quot;Bahraini dinar&quot;,&quot;symbol&quot;:&quot;.Ø¯.Ø¨&quot;}],&quot;languages&quot;:[{&quot;iso639_1&quot;:&quot;ar&quot;,&quot;iso639_2&quot;:&quot;ara&quot;,&quot;name&quot;:&quot;Arabic&quot;,&quot;nativeName&quot;:&quot;Ø§Ù„Ø¹Ø±Ø¨ÙŠØ©&quot;}],&quot;translations&quot;:{&quot;de&quot;:&quot;Bahrain&quot;,&quot;es&quot;:&quot;Bahrein&quot;,&quot;fr&quot;:&quot;BahreÃ¯n&quot;,&quot;ja&quot;:&quot;ãƒ�ãƒ¼ãƒ¬ãƒ¼ãƒ³&quot;,&quot;it&quot;:&quot;Bahrein&quot;,&quot;br&quot;:&quot;Bahrein&quot;,&quot;pt&quot;:&quot;BarÃ©m&quot;,&quot;nl&quot;:&quot;Bahrein&quot;,&quot;hr&quot;:&quot;Bahrein&quot;,&quot;fa&quot;:&quot;Ø¨Ø­Ø±ÛŒÙ†&quot;},&quot;flag&quot;:&quot;https://restcountries.eu/data/bhr.svg&quot;,&quot;regionalBlocs&quot;:[{&quot;acronym&quot;:&quot;AL&quot;,&quot;name&quot;:&quot;Arab League&quot;,&quot;otherAcronyms&quot;:[],&quot;otherNames&quot;:[&quot;Ø¬Ø§Ù…Ø¹Ø© Ø§Ù„Ø¯ÙˆÙ„ Ø§Ù„Ø¹Ø±Ø¨ÙŠØ©&quot;,&quot;JÄ�miÊ»at ad-Duwal al-Ê»ArabÄ«yah&quot;,&quot;League of Arab States&quot;]}],&quot;cioc&quot;:&quot;BRN&quot;},{&quot;name&quot;:&quot;Bangladesh&quot;,&quot;topLevelDomain&quot;:[&quot;.bd&quot;],&quot;alpha2Code&quot;:&quot;BD&quot;,&quot;alpha3Code&quot;:&quot;BGD&quot;,&quot;callingCodes&quot;:[&quot;880&quot;],&quot;capital&quot;:&quot;Dhaka&quot;,&quot;altSpellings&quot;:[&quot;BD&quot;,&quot;People&apos;s Republic of Bangladesh&quot;,&quot;GÃ´nÃ´prÃ´jatÃ´ntri Bangladesh&quot;],&quot;region&quot;:&quot;Asia&quot;,&quot;subregion&quot;:&quot;Southern Asia&quot;,&quot;population&quot;:161006790,&quot;latlng&quot;:[24.0,90.0],&quot;demonym&quot;:&quot;Bangladeshi&quot;,&quot;area&quot;:147570.0,&quot;gini&quot;:32.1,&quot;timezones&quot;:[&quot;UTC+06:00&quot;],&quot;borders&quot;:[&quot;MMR&quot;,&quot;IND&quot;],&quot;nativeName&quot;:&quot;Bangladesh&quot;,&quot;numericCode&quot;:&quot;050&quot;,&quot;currencies&quot;:[{&quot;code&quot;:&quot;BDT&quot;,&quot;name&quot;:&quot;Bangladeshi taka&quot;,&quot;symbol&quot;:&quot;à§³&quot;}],&quot;languages&quot;:[{&quot;iso639_1&quot;:&quot;bn&quot;,&quot;iso639_2&quot;:&quot;ben&quot;,&quot;name&quot;:&quot;Bengali&quot;,&quot;nativeName&quot;:&quot;à¦¬à¦¾à¦‚à¦²à¦¾&quot;}],&quot;translations&quot;:{&quot;de&quot;:&quot;Bangladesch&quot;,&quot;es&quot;:&quot;Bangladesh&quot;,&quot;fr&quot;:&quot;Bangladesh&quot;,&quot;ja&quot;:&quot;ãƒ�ãƒ³ã‚°ãƒ©ãƒ‡ã‚·ãƒ¥&quot;,&quot;it&quot;:&quot;Bangladesh&quot;,&quot;br&quot;:&quot;Bangladesh&quot;,&quot;pt&quot;:&quot;Bangladeche&quot;,&quot;nl&quot;:&quot;Bangladesh&quot;,&quot;hr&quot;:&quot;BangladeÅ¡&quot;,&quot;fa&quot;:&quot;Ø¨Ù†Ú¯Ù„Ø§Ø¯Ø´&quot;},&quot;flag&quot;:&quot;https://restcountries.eu/data/bgd.svg&quot;,&quot;regionalBlocs&quot;:[{&quot;acronym&quot;:&quot;SAARC&quot;,&quot;name&quot;:&quot;South Asian Association for Regional Cooperation&quot;,&quot;otherAcronyms&quot;:[],&quot;otherNames&quot;:[]}],&quot;cioc&quot;:&quot;BAN&quot;},{&quot;name&quot;:&quot;Barbados&quot;,&quot;topLevelDomain&quot;:[&quot;.bb&quot;],&quot;alpha2Code&quot;:&quot;BB&quot;,&quot;alpha3Code&quot;:&quot;BRB&quot;,&quot;callingCodes&quot;:[&quot;1246&quot;],&quot;capital&quot;:&quot;Bridgetown&quot;,&quot;altSpellings&quot;:[&quot;BB&quot;],&quot;region&quot;:&quot;Americas&quot;,&quot;subregion&quot;:&quot;Caribbean&quot;,&quot;population&quot;:285000,&quot;latlng&quot;:[13.16666666,-59.53333333],&quot;demonym&quot;:&quot;Barbadian&quot;,&quot;area&quot;:430.0,&quot;gini&quot;:null,&quot;timezones&quot;:[&quot;UTC-04:00&quot;],&quot;borders&quot;:[],&quot;nativeName&quot;:&quot;Barbados&quot;,&quot;numericCode&quot;:&quot;052&quot;,&quot;currencies&quot;:[{&quot;code&quot;:&quot;BBD&quot;,&quot;name&quot;:&quot;Barbadian dollar&quot;,&quot;symbol&quot;:&quot;$&quot;}],&quot;languages&quot;:[{&quot;iso639_1&quot;:&quot;en&quot;,&quot;iso639_2&quot;:&quot;eng&quot;,&quot;name&quot;:&quot;English&quot;,&quot;nativeName&quot;:&quot;English&quot;}],&quot;translations&quot;:{&quot;de&quot;:&quot;Barbados&quot;,&quot;es&quot;:&quot;Barbados&quot;,&quot;fr&quot;:&quot;Barbade&quot;,&quot;ja&quot;:&quot;ãƒ�ãƒ«ãƒ�ãƒ‰ã‚¹&quot;,&quot;it&quot;:&quot;Barbados&quot;,&quot;br&quot;:&quot;Barbados&quot;,&quot;pt&quot;:&quot;Barbados&quot;,&quot;nl&quot;:&quot;Barbados&quot;,&quot;hr&quot;:&quot;Barbados&quot;,&quot;fa&quot;:&quot;Ø¨Ø§Ø±Ø¨Ø§Ø¯ÙˆØ³&quot;},&quot;flag&quot;:&quot;https://restcountries.eu/data/brb.svg&quot;,&quot;regionalBlocs&quot;:[{&quot;acronym&quot;:&quot;CARICOM&quot;,&quot;name&quot;:&quot;Caribbean Community&quot;,&quot;otherAcronyms&quot;:[],&quot;otherNames&quot;:[&quot;Comunidad del Caribe&quot;,&quot;CommunautÃ© CaribÃ©enne&quot;,&quot;Caribische Gemeenschap&quot;]}],&quot;cioc&quot;:&quot;BAR&quot;},{&quot;name&quot;:&quot;Belarus&quot;,&quot;topLevelDomain&quot;:[&quot;.by&quot;],&quot;alpha2Code&quot;:&quot;BY&quot;,&quot;alpha3Code&quot;:&quot;BLR&quot;,&quot;callingCodes&quot;:[&quot;375&quot;],&quot;capital&quot;:&quot;Minsk&quot;,&quot;altSpellings&quot;:[&quot;BY&quot;,&quot;BielaruÅ›&quot;,&quot;Republic of Belarus&quot;,&quot;Ð‘ÐµÐ»Ð¾Ñ€ÑƒÑ�Ñ�Ð¸Ñ�&quot;,&quot;Ð ÐµÑ�Ð¿ÑƒÐ±Ð»Ð¸ÐºÐ° Ð‘ÐµÐ»Ð°Ñ€ÑƒÑ�ÑŒ&quot;,&quot;Belorussiya&quot;,&quot;Respublika Belarusâ€™&quot;],&quot;region&quot;:&quot;Europe&quot;,&quot;subregion&quot;:&quot;Eastern Europe&quot;,&quot;population&quot;:9498700,&quot;latlng&quot;:[53.0,28.0],&quot;demonym&quot;:&quot;Belarusian&quot;,&quot;area&quot;:207600.0,&quot;gini&quot;:26.5,&quot;timezones&quot;:[&quot;UTC+03:00&quot;],&quot;borders&quot;:[&quot;LVA&quot;,&quot;LTU&quot;,&quot;POL&quot;,&quot;RUS&quot;,&quot;UKR&quot;],&quot;nativeName&quot;:&quot;Ð‘ÐµÐ»Ð°Ñ€ÑƒÌ�Ñ�ÑŒ&quot;,&quot;numericCode&quot;:&quot;112&quot;,&quot;currencies&quot;:[{&quot;code&quot;:&quot;BYN&quot;,&quot;name&quot;:&quot;New Belarusian ruble&quot;,&quot;symbol&quot;:&quot;Br&quot;},{&quot;code&quot;:&quot;BYR&quot;,&quot;name&quot;:&quot;Old Belarusian ruble&quot;,&quot;symbol&quot;:&quot;Br&quot;}],&quot;languages&quot;:[{&quot;iso639_1&quot;:&quot;be&quot;,&quot;iso639_2&quot;:&quot;bel&quot;,&quot;name&quot;:&quot;Belarusian&quot;,&quot;nativeName&quot;:&quot;Ð±ÐµÐ»Ð°Ñ€ÑƒÑ�ÐºÐ°Ñ� Ð¼Ð¾Ð²Ð°&quot;},{&quot;iso639_1&quot;:&quot;ru&quot;,&quot;iso639_2&quot;:&quot;rus&quot;,&quot;name&quot;:&quot;Russian&quot;,&quot;nativeName&quot;:&quot;Ð ÑƒÑ�Ñ�ÐºÐ¸Ð¹&quot;}],&quot;translations&quot;:{&quot;de&quot;:&quot;WeiÃŸrussland&quot;,&quot;es&quot;:&quot;Bielorrusia&quot;,&quot;fr&quot;:&quot;BiÃ©lorussie&quot;,&quot;ja&quot;:&quot;ãƒ™ãƒ©ãƒ«ãƒ¼ã‚·&quot;,&quot;it&quot;:&quot;Bielorussia&quot;,&quot;br&quot;:&quot;BielorrÃºssia&quot;,&quot;pt&quot;:&quot;BielorrÃºssia&quot;,&quot;nl&quot;:&quot;Wit-Rusland&quot;,&quot;hr&quot;:&quot;Bjelorusija&quot;,&quot;fa&quot;:&quot;Ø¨Ù„Ø§Ø±ÙˆØ³&quot;},&quot;flag&quot;:&quot;https://restcountries.eu/data/blr.svg&quot;,&quot;regionalBlocs&quot;:[{&quot;acronym&quot;:&quot;EEU&quot;,&quot;name&quot;:&quot;Eurasian Economic Union&quot;,&quot;otherAcronyms&quot;:[&quot;EAEU&quot;],&quot;otherNames&quot;:[]}],&quot;cioc&quot;:&quot;BLR&quot;},{&quot;name&quot;:&quot;Belgium&quot;,&quot;topLevelDomain&quot;:[&quot;.be&quot;],&quot;alpha2Code&quot;:&quot;BE&quot;,&quot;alpha3Code&quot;:&quot;BEL&quot;,&quot;callingCodes&quot;:[&quot;32&quot;],&quot;capital&quot;:&quot;Brussels&quot;,&quot;altSpellings&quot;:[&quot;BE&quot;,&quot;BelgiÃ«&quot;,&quot;Belgie&quot;,&quot;Belgien&quot;,&quot;Belgique&quot;,&quot;Kingdom of Belgium&quot;,&quot;Koninkrijk BelgiÃ«&quot;,&quot;Royaume de Belgique&quot;,&quot;KÃ¶nigreich Belgien&quot;],&quot;region&quot;:&quot;Europe&quot;,&quot;subregion&quot;:&quot;Western Europe&quot;,&quot;population&quot;:11319511,&quot;latlng&quot;:[50.83333333,4.0],&quot;demonym&quot;:&quot;Belgian&quot;,&quot;area&quot;:30528.0,&quot;gini&quot;:33.0,&quot;timezones&quot;:[&quot;UTC+01:00&quot;],&quot;borders&quot;:[&quot;FRA&quot;,&quot;DEU&quot;,&quot;LUX&quot;,&quot;NLD&quot;],&quot;nativeName&quot;:&quot;BelgiÃ«&quot;,&quot;numericCode&quot;:&quot;056&quot;,&quot;currencies&quot;:[{&quot;code&quot;:&quot;EUR&quot;,&quot;name&quot;:&quot;Euro&quot;,&quot;symbol&quot;:&quot;â‚¬&quot;}],&quot;languages&quot;:[{&quot;iso639_1&quot;:&quot;nl&quot;,&quot;iso639_2&quot;:&quot;nld&quot;,&quot;name&quot;:&quot;Dutch&quot;,&quot;nativeName&quot;:&quot;Nederlands&quot;},{&quot;iso639_1&quot;:&quot;fr&quot;,&quot;iso639_2&quot;:&quot;fra&quot;,&quot;name&quot;:&quot;French&quot;,&quot;nativeName&quot;:&quot;franÃ§ais&quot;},{&quot;iso639_1&quot;:&quot;de&quot;,&quot;iso639_2&quot;:&quot;deu&quot;,&quot;name&quot;:&quot;German&quot;,&quot;nativeName&quot;:&quot;Deutsch&quot;}],&quot;translations&quot;:{&quot;de&quot;:&quot;Belgien&quot;,&quot;es&quot;:&quot;BÃ©lgica&quot;,&quot;fr&quot;:&quot;Belgique&quot;,&quot;ja&quot;:&quot;ãƒ™ãƒ«ã‚®ãƒ¼&quot;,&quot;it&quot;:&quot;Belgio&quot;,&quot;br&quot;:&quot;BÃ©lgica&quot;,&quot;pt&quot;:&quot;BÃ©lgica&quot;,&quot;nl&quot;:&quot;BelgiÃ«&quot;,&quot;hr&quot;:&quot;Belgija&quot;,&quot;fa&quot;:&quot;Ø¨Ù„Ú˜ÛŒÚ©&quot;},&quot;flag&quot;:&quot;https://restcountries.eu/data/bel.svg&quot;,&quot;regionalBlocs&quot;:[{&quot;acronym&quot;:&quot;EU&quot;,&quot;name&quot;:&quot;European Union&quot;,&quot;otherAcronyms&quot;:[],&quot;otherNames&quot;:[]}],&quot;cioc&quot;:&quot;BEL&quot;},{&quot;name&quot;:&quot;Belize&quot;,&quot;topLevelDomain&quot;:[&quot;.bz&quot;],&quot;alpha2Code&quot;:&quot;BZ&quot;,&quot;alpha3Code&quot;:&quot;BLZ&quot;,&quot;callingCodes&quot;:[&quot;501&quot;],&quot;capital&quot;:&quot;Belmopan&quot;,&quot;altSpellings&quot;:[&quot;BZ&quot;],&quot;region&quot;:&quot;Americas&quot;,&quot;subregion&quot;:&quot;Central America&quot;,&quot;population&quot;:370300,&quot;latlng&quot;:[17.25,-88.75],&quot;demonym&quot;:&quot;Belizean&quot;,&quot;area&quot;:22966.0,&quot;gini&quot;:53.1,&quot;timezones&quot;:[&quot;UTC-06:00&quot;],&quot;borders&quot;:[&quot;GTM&quot;,&quot;MEX&quot;],&quot;nativeName&quot;:&quot;Belize&quot;,&quot;numericCode&quot;:&quot;084&quot;,&quot;currencies&quot;:[{&quot;code&quot;:&quot;BZD&quot;,&quot;name&quot;:&quot;Belize dollar&quot;,&quot;symbol&quot;:&quot;$&quot;}],&quot;languages&quot;:[{&quot;iso639_1&quot;:&quot;en&quot;,&quot;iso639_2&quot;:&quot;eng&quot;,&quot;name&quot;:&quot;English&quot;,&quot;nativeName&quot;:&quot;English&quot;},{&quot;iso639_1&quot;:&quot;es&quot;,&quot;iso639_2&quot;:&quot;spa&quot;,&quot;name&quot;:&quot;Spanish&quot;,&quot;nativeName&quot;:&quot;EspaÃ±ol&quot;}],&quot;translations&quot;:{&quot;de&quot;:&quot;Belize&quot;,&quot;es&quot;:&quot;Belice&quot;,&quot;fr&quot;:&quot;Belize&quot;,&quot;ja&quot;:&quot;ãƒ™ãƒªãƒ¼ã‚º&quot;,&quot;it&quot;:&quot;Belize&quot;,&quot;br&quot;:&quot;Belize&quot;,&quot;pt&quot;:&quot;Belize&quot;,&quot;nl&quot;:&quot;Belize&quot;,&quot;hr&quot;:&quot;Belize&quot;,&quot;fa&quot;:&quot;Ø¨Ù„ÛŒØ²&quot;},&quot;flag&quot;:&quot;https://restcountries.eu/data/blz.svg&quot;,&quot;regionalBlocs&quot;:[{&quot;acronym&quot;:&quot;CARICOM&quot;,&quot;name&quot;:&quot;Caribbean Community&quot;,&quot;otherAcronyms&quot;:[],&quot;otherNames&quot;:[&quot;Comunidad del Caribe&quot;,&quot;CommunautÃ© CaribÃ©enne&quot;,&quot;Caribische Gemeenschap&quot;]},{&quot;acronym&quot;:&quot;CAIS&quot;,&quot;name&quot;:&quot;Central American Integration System&quot;,&quot;otherAcronyms&quot;:[&quot;SICA&quot;],&quot;otherNames&quot;:[&quot;Sistema de la IntegraciÃ³n Centroamericana,&quot;]}],&quot;cioc&quot;:&quot;BIZ&quot;},{&quot;name&quot;:&quot;Benin&quot;,&quot;topLevelDomain&quot;:[&quot;.bj&quot;],&quot;alpha2Code&quot;:&quot;BJ&quot;,&quot;alpha3Code&quot;:&quot;BEN&quot;,&quot;callingCodes&quot;:[&quot;229&quot;],&quot;capital&quot;:&quot;Porto-Novo&quot;,&quot;altSpellings&quot;:[&quot;BJ&quot;,&quot;Republic of Benin&quot;,&quot;RÃ©publique du BÃ©nin&quot;],&quot;region&quot;:&quot;Africa&quot;,&quot;subregion&quot;:&quot;Western Africa&quot;,&quot;population&quot;:10653654,&quot;latlng&quot;:[9.5,2.25],&quot;demonym&quot;:&quot;Beninese&quot;,&quot;area&quot;:112622.0,&quot;gini&quot;:38.6,&quot;timezones&quot;:[&quot;UTC+01:00&quot;],&quot;borders&quot;:[&quot;BFA&quot;,&quot;NER&quot;,&quot;NGA&quot;,&quot;TGO&quot;],&quot;nativeName&quot;:&quot;BÃ©nin&quot;,&quot;numericCode&quot;:&quot;204&quot;,&quot;currencies&quot;:[{&quot;code&quot;:&quot;XOF&quot;,&quot;name&quot;:&quot;West African CFA franc&quot;,&quot;symbol&quot;:&quot;Fr&quot;}],&quot;languages&quot;:[{&quot;iso639_1&quot;:&quot;fr&quot;,&quot;iso639_2&quot;:&quot;fra&quot;,&quot;name&quot;:&quot;French&quot;,&quot;nativeName&quot;:&quot;franÃ§ais&quot;}],&quot;translations&quot;:{&quot;de&quot;:&quot;Benin&quot;,&quot;es&quot;:&quot;BenÃ­n&quot;,&quot;fr&quot;:&quot;BÃ©nin&quot;,&quot;ja&quot;:&quot;ãƒ™ãƒŠãƒ³&quot;,&quot;it&quot;:&quot;Benin&quot;,&quot;br&quot;:&quot;Benin&quot;,&quot;pt&quot;:&quot;Benim&quot;,&quot;nl&quot;:&quot;Benin&quot;,&quot;hr&quot;:&quot;Benin&quot;,&quot;fa&quot;:&quot;Ø¨Ù†ÛŒÙ†&quot;},&quot;flag&quot;:&quot;https://restcountries.eu/data/ben.svg&quot;,&quot;regionalBlocs&quot;:[{&quot;acronym&quot;:&quot;AU&quot;,&quot;name&quot;:&quot;African Union&quot;,&quot;otherAcronyms&quot;:[],&quot;otherNames&quot;:[&quot;Ø§Ù„Ø§ØªØ­Ø§Ø¯ Ø§Ù„Ø£Ù�Ø±ÙŠÙ‚ÙŠ&quot;,&quot;Union africaine&quot;,&quot;UniÃ£o Africana&quot;,&quot;UniÃ³n Africana&quot;,&quot;Umoja wa Afrika&quot;]}],&quot;cioc&quot;:&quot;BEN&quot;},{&quot;name&quot;:&quot;Bermuda&quot;,&quot;topLevelDomain&quot;:[&quot;.bm&quot;],&quot;alpha2Code&quot;:&quot;BM&quot;,&quot;alpha3Code&quot;:&quot;BMU&quot;,&quot;callingCodes&quot;:[&quot;1441&quot;],&quot;capital&quot;:&quot;Hamilton&quot;,&quot;altSpellings&quot;:[&quot;BM&quot;,&quot;The Islands of Bermuda&quot;,&quot;The Bermudas&quot;,&quot;Somers Isles&quot;],&quot;region&quot;:&quot;Americas&quot;,&quot;subregion&quot;:&quot;Northern America&quot;,&quot;population&quot;:61954,&quot;latlng&quot;:[32.33333333,-64.75],&quot;demonym&quot;:&quot;Bermudian&quot;,&quot;area&quot;:54.0,&quot;gini&quot;:null,&quot;timezones&quot;:[&quot;UTC-04:00&quot;],&quot;borders&quot;:[],&quot;nativeName&quot;:&quot;Bermuda&quot;,&quot;numericCode&quot;:&quot;060&quot;,&quot;currencies&quot;:[{&quot;code&quot;:&quot;BMD&quot;,&quot;name&quot;:&quot;Bermudian dollar&quot;,&quot;symbol&quot;:&quot;$&quot;}],&quot;languages&quot;:[{&quot;iso639_1&quot;:&quot;en&quot;,&quot;iso639_2&quot;:&quot;eng&quot;,&quot;name&quot;:&quot;English&quot;,&quot;nativeName&quot;:&quot;English&quot;}],&quot;translations&quot;:{&quot;de&quot;:&quot;Bermuda&quot;,&quot;es&quot;:&quot;Bermudas&quot;,&quot;fr&quot;:&quot;Bermudes&quot;,&quot;ja&quot;:&quot;ãƒ�ãƒŸãƒ¥ãƒ¼ãƒ€&quot;,&quot;it&quot;:&quot;Bermuda&quot;,&quot;br&quot;:&quot;Bermudas&quot;,&quot;pt&quot;:&quot;Bermudas&quot;,&quot;nl&quot;:&quot;Bermuda&quot;,&quot;hr&quot;:&quot;Bermudi&quot;,&quot;fa&quot;:&quot;Ø¨Ø±Ù…ÙˆØ¯Ø§&quot;},&quot;flag&quot;:&quot;https://restcountries.eu/data/bmu.svg&quot;,&quot;regionalBlocs&quot;:[],&quot;cioc&quot;:&quot;BER&quot;},{&quot;name&quot;:&quot;Bhutan&quot;,&quot;topLevelDomain&quot;:[&quot;.bt&quot;],&quot;alpha2Code&quot;:&quot;BT&quot;,&quot;alpha3Code&quot;:&quot;BTN&quot;,&quot;callingCodes&quot;:[&quot;975&quot;],&quot;capital&quot;:&quot;Thimphu&quot;,&quot;altSpellings&quot;:[&quot;BT&quot;,&quot;Kingdom of Bhutan&quot;],&quot;region&quot;:&quot;Asia&quot;,&quot;subregion&quot;:&quot;Southern Asia&quot;,&quot;population&quot;:775620,&quot;latlng&quot;:[27.5,90.5],&quot;demonym&quot;:&quot;Bhutanese&quot;,&quot;area&quot;:38394.0,&quot;gini&quot;:38.1,&quot;timezones&quot;:[&quot;UTC+06:00&quot;],&quot;borders&quot;:[&quot;CHN&quot;,&quot;IND&quot;],&quot;nativeName&quot;:&quot;Ê¼brug-yul&quot;,&quot;numericCode&quot;:&quot;064&quot;,&quot;currencies&quot;:[{&quot;code&quot;:&quot;BTN&quot;,&quot;name&quot;:&quot;Bhutanese ngultrum&quot;,&quot;symbol&quot;:&quot;Nu.&quot;},{&quot;code&quot;:&quot;INR&quot;,&quot;name&quot;:&quot;Indian rupee&quot;,&quot;symbol&quot;:&quot;â‚¹&quot;}],&quot;languages&quot;:[{&quot;iso639_1&quot;:&quot;dz&quot;,&quot;iso639_2&quot;:&quot;dzo&quot;,&quot;name&quot;:&quot;Dzongkha&quot;,&quot;nativeName&quot;:&quot;à½¢à¾«à½¼à½„à¼‹à½�&quot;}],&quot;translations&quot;:{&quot;de&quot;:&quot;Bhutan&quot;,&quot;es&quot;:&quot;ButÃ¡n&quot;,&quot;fr&quot;:&quot;Bhoutan&quot;,&quot;ja&quot;:&quot;ãƒ–ãƒ¼ã‚¿ãƒ³&quot;,&quot;it&quot;:&quot;Bhutan&quot;,&quot;br&quot;:&quot;ButÃ£o&quot;,&quot;pt&quot;:&quot;ButÃ£o&quot;,&quot;nl&quot;:&quot;Bhutan&quot;,&quot;hr&quot;:&quot;Butan&quot;,&quot;fa&quot;:&quot;Ø¨ÙˆØªØ§Ù†&quot;},&quot;flag&quot;:&quot;https://restcountries.eu/data/btn.svg&quot;,&quot;regionalBlocs&quot;:[{&quot;acronym&quot;:&quot;SAARC&quot;,&quot;name&quot;:&quot;South Asian Association for Regional Cooperation&quot;,&quot;otherAcronyms&quot;:[],&quot;otherNames&quot;:[]}],&quot;cioc&quot;:&quot;BHU&quot;},{&quot;name&quot;:&quot;Bolivia (Plurinational State of)&quot;,&quot;topLevelDomain&quot;:[&quot;.bo&quot;],&quot;alpha2Code&quot;:&quot;BO&quot;,&quot;alpha3Code&quot;:&quot;BOL&quot;,&quot;callingCodes&quot;:[&quot;591&quot;],&quot;capital&quot;:&quot;Sucre&quot;,&quot;altSpellings&quot;:[&quot;BO&quot;,&quot;Buliwya&quot;,&quot;Wuliwya&quot;,&quot;Plurinational State of Bolivia&quot;,&quot;Estado Plurinacional de Bolivia&quot;,&quot;Buliwya Mamallaqta&quot;,&quot;Wuliwya Suyu&quot;,&quot;TetÃ£ VolÃ­via&quot;],&quot;region&quot;:&quot;Americas&quot;,&quot;subregion&quot;:&quot;South America&quot;,&quot;population&quot;:10985059,&quot;latlng&quot;:[-17.0,-65.0],&quot;demonym&quot;:&quot;Bolivian&quot;,&quot;area&quot;:1098581.0,&quot;gini&quot;:56.3,&quot;timezones&quot;:[&quot;UTC-04:00&quot;],&quot;borders&quot;:[&quot;ARG&quot;,&quot;BRA&quot;,&quot;CHL&quot;,&quot;PRY&quot;,&quot;PER&quot;],&quot;nativeName&quot;:&quot;Bolivia&quot;,&quot;numericCode&quot;:&quot;068&quot;,&quot;currencies&quot;:[{&quot;code&quot;:&quot;BOB&quot;,&quot;name&quot;:&quot;Bolivian boliviano&quot;,&quot;symbol&quot;:&quot;Bs.&quot;}],&quot;languages&quot;:[{&quot;iso639_1&quot;:&quot;es&quot;,&quot;iso639_2&quot;:&quot;spa&quot;,&quot;name&quot;:&quot;Spanish&quot;,&quot;nativeName&quot;:&quot;EspaÃ±ol&quot;},{&quot;iso639_1&quot;:&quot;ay&quot;,&quot;iso639_2&quot;:&quot;aym&quot;,&quot;name&quot;:&quot;Aymara&quot;,&quot;nativeName&quot;:&quot;aymar aru&quot;},{&quot;iso639_1&quot;:&quot;qu&quot;,&quot;iso639_2&quot;:&quot;que&quot;,&quot;name&quot;:&quot;Quechua&quot;,&quot;nativeName&quot;:&quot;Runa Simi&quot;}],&quot;translations&quot;:{&quot;de&quot;:&quot;Bolivien&quot;,&quot;es&quot;:&quot;Bolivia&quot;,&quot;fr&quot;:&quot;Bolivie&quot;,&quot;ja&quot;:&quot;ãƒœãƒªãƒ“ã‚¢å¤šæ°‘æ—�å›½&quot;,&quot;it&quot;:&quot;Bolivia&quot;,&quot;br&quot;:&quot;BolÃ­via&quot;,&quot;pt&quot;:&quot;BolÃ­via&quot;,&quot;nl&quot;:&quot;Bolivia&quot;,&quot;hr&quot;:&quot;Bolivija&quot;,&quot;fa&quot;:&quot;Ø¨ÙˆÙ„ÛŒÙˆÛŒ&quot;},&quot;flag&quot;:&quot;https://restcountries.eu/data/bol.svg&quot;,&quot;regionalBlocs&quot;:[{&quot;acronym&quot;:&quot;USAN&quot;,&quot;name&quot;:&quot;Union of South American Nations&quot;,&quot;otherAcronyms&quot;:[&quot;UNASUR&quot;,&quot;UNASUL&quot;,&quot;UZAN&quot;],&quot;otherNames&quot;:[&quot;UniÃ³n de Naciones Suramericanas&quot;,&quot;UniÃ£o de NaÃ§Ãµes Sul-Americanas&quot;,&quot;Unie van Zuid-Amerikaanse Naties&quot;,&quot;South American Union&quot;]}],&quot;cioc&quot;:&quot;BOL&quot;},{&quot;name&quot;:&quot;Bonaire, Sint Eustatius and Saba&quot;,&quot;topLevelDomain&quot;:[&quot;.an&quot;,&quot;.nl&quot;],&quot;alpha2Code&quot;:&quot;BQ&quot;,&quot;alpha3Code&quot;:&quot;BES&quot;,&quot;callingCodes&quot;:[&quot;5997&quot;],&quot;capital&quot;:&quot;Kralendijk&quot;,&quot;altSpellings&quot;:[&quot;BQ&quot;,&quot;Boneiru&quot;],&quot;region&quot;:&quot;Americas&quot;,&quot;subregion&quot;:&quot;Caribbean&quot;,&quot;population&quot;:17408,&quot;latlng&quot;:[12.15,-68.266667],&quot;demonym&quot;:&quot;Dutch&quot;,&quot;area&quot;:294.0,&quot;gini&quot;:null,&quot;timezones&quot;:[&quot;UTC-04:00&quot;],&quot;borders&quot;:[],&quot;nativeName&quot;:&quot;Bonaire&quot;,&quot;numericCode&quot;:&quot;535&quot;,&quot;currencies&quot;:[{&quot;code&quot;:&quot;USD&quot;,&quot;name&quot;:&quot;United States dollar&quot;,&quot;symbol&quot;:&quot;$&quot;}],&quot;languages&quot;:[{&quot;iso639_1&quot;:&quot;nl&quot;,&quot;iso639_2&quot;:&quot;nld&quot;,&quot;name&quot;:&quot;Dutch&quot;,&quot;nativeName&quot;:&quot;Nederlands&quot;}],&quot;translations&quot;:{&quot;de&quot;:&quot;Bonaire, Sint Eustatius und Saba&quot;,&quot;es&quot;:null,&quot;fr&quot;:&quot;Bonaire, Saint-Eustache et Saba&quot;,&quot;ja&quot;:null,&quot;it&quot;:&quot;Bonaire, Saint-Eustache e Saba&quot;,&quot;br&quot;:&quot;Bonaire&quot;,&quot;pt&quot;:&quot;Bonaire&quot;,&quot;nl&quot;:null,&quot;hr&quot;:null,&quot;fa&quot;:&quot;Ø¨ÙˆÙ†ÛŒØ±&quot;},&quot;flag&quot;:&quot;https://restcountries.eu/data/bes.svg&quot;,&quot;regionalBlocs&quot;:[],&quot;cioc&quot;:null},{&quot;name&quot;:&quot;Bosnia and Herzegovina&quot;,&quot;topLevelDomain&quot;:[&quot;.ba&quot;],&quot;alpha2Code&quot;:&quot;BA&quot;,&quot;alpha3Code&quot;:&quot;BIH&quot;,&quot;callingCodes&quot;:[&quot;387&quot;],&quot;capital&quot;:&quot;Sarajevo&quot;,&quot;altSpellings&quot;:[&quot;BA&quot;,&quot;Bosnia-Herzegovina&quot;,&quot;Ð‘Ð¾Ñ�Ð½Ð° Ð¸ Ð¥ÐµÑ€Ñ†ÐµÐ³Ð¾Ð²Ð¸Ð½Ð°&quot;],&quot;region&quot;:&quot;Europe&quot;,&quot;subregion&quot;:&quot;Southern Europe&quot;,&quot;population&quot;:3531159,&quot;latlng&quot;:[44.0,18.0],&quot;demonym&quot;:&quot;Bosnian, Herzegovinian&quot;,&quot;area&quot;:51209.0,&quot;gini&quot;:36.2,&quot;timezones&quot;:[&quot;UTC+01:00&quot;],&quot;borders&quot;:[&quot;HRV&quot;,&quot;MNE&quot;,&quot;SRB&quot;],&quot;nativeName&quot;:&quot;Bosna i Hercegovina&quot;,&quot;numericCode&quot;:&quot;070&quot;,&quot;currencies&quot;:[{&quot;code&quot;:&quot;BAM&quot;,&quot;name&quot;:&quot;Bosnia and Herzegovina convertible mark&quot;,&quot;symbol&quot;:null}],&quot;languages&quot;:[{&quot;iso639_1&quot;:&quot;bs&quot;,&quot;iso639_2&quot;:&quot;bos&quot;,&quot;name&quot;:&quot;Bosnian&quot;,&quot;nativeName&quot;:&quot;bosanski jezik&quot;},{&quot;iso639_1&quot;:&quot;hr&quot;,&quot;iso639_2&quot;:&quot;hrv&quot;,&quot;name&quot;:&quot;Croatian&quot;,&quot;nativeName&quot;:&quot;hrvatski jezik&quot;},{&quot;iso639_1&quot;:&quot;sr&quot;,&quot;iso639_2&quot;:&quot;srp&quot;,&quot;name&quot;:&quot;Serbian&quot;,&quot;nativeName&quot;:&quot;Ñ�Ñ€Ð¿Ñ�ÐºÐ¸ Ñ˜ÐµÐ·Ð¸Ðº&quot;}],&quot;translations&quot;:{&quot;de&quot;:&quot;Bosnien und Herzegowina&quot;,&quot;es&quot;:&quot;Bosnia y Herzegovina&quot;,&quot;fr&quot;:&quot;Bosnie-HerzÃ©govine&quot;,&quot;ja&quot;:&quot;ãƒœã‚¹ãƒ‹ã‚¢ãƒ»ãƒ˜ãƒ«ãƒ„ã‚§ã‚´ãƒ“ãƒŠ&quot;,&quot;it&quot;:&quot;Bosnia ed Erzegovina&quot;,&quot;br&quot;:&quot;BÃ³snia e Herzegovina&quot;,&quot;pt&quot;:&quot;BÃ³snia e Herzegovina&quot;,&quot;nl&quot;:&quot;BosniÃ« en Herzegovina&quot;,&quot;hr&quot;:&quot;Bosna i Hercegovina&quot;,&quot;fa&quot;:&quot;Ø¨ÙˆØ³Ù†ÛŒ Ùˆ Ù‡Ø±Ø²Ú¯ÙˆÛŒÙ†&quot;},&quot;flag&quot;:&quot;https://restcountries.eu/data/bih.svg&quot;,&quot;regionalBlocs&quot;:[{&quot;acronym&quot;:&quot;CEFTA&quot;,&quot;name&quot;:&quot;Central European Free Trade Agreement&quot;,&quot;otherAcronyms&quot;:[],&quot;otherNames&quot;:[]}],&quot;cioc&quot;:&quot;BIH&quot;},{&quot;name&quot;:&quot;Botswana&quot;,&quot;topLevelDomain&quot;:[&quot;.bw&quot;],&quot;alpha2Code&quot;:&quot;BW&quot;,&quot;alpha3Code&quot;:&quot;BWA&quot;,&quot;callingCodes&quot;:[&quot;267&quot;],&quot;capital&quot;:&quot;Gaborone&quot;,&quot;altSpellings&quot;:[&quot;BW&quot;,&quot;Republic of Botswana&quot;,&quot;Lefatshe la Botswana&quot;],&quot;region&quot;:&quot;Africa&quot;,&quot;subregion&quot;:&quot;Southern Africa&quot;,&quot;population&quot;:2141206,&quot;latlng&quot;:[-22.0,24.0],&quot;demonym&quot;:&quot;Motswana&quot;,&quot;area&quot;:582000.0,&quot;gini&quot;:61.0,&quot;timezones&quot;:[&quot;UTC+02:00&quot;],&quot;borders&quot;:[&quot;NAM&quot;,&quot;ZAF&quot;,&quot;ZMB&quot;,&quot;ZWE&quot;],&quot;nativeName&quot;:&quot;Botswana&quot;,&quot;numericCode&quot;:&quot;072&quot;,&quot;currencies&quot;:[{&quot;code&quot;:&quot;BWP&quot;,&quot;name&quot;:&quot;Botswana pula&quot;,&quot;symbol&quot;:&quot;P&quot;}],&quot;languages&quot;:[{&quot;iso639_1&quot;:&quot;en&quot;,&quot;iso639_2&quot;:&quot;eng&quot;,&quot;name&quot;:&quot;English&quot;,&quot;nativeName&quot;:&quot;English&quot;},{&quot;iso639_1&quot;:&quot;tn&quot;,&quot;iso639_2&quot;:&quot;tsn&quot;,&quot;name&quot;:&quot;Tswana&quot;,&quot;nativeName&quot;:&quot;Setswana&quot;}],&quot;translations&quot;:{&quot;de&quot;:&quot;Botswana&quot;,&quot;es&quot;:&quot;Botswana&quot;,&quot;fr&quot;:&quot;Botswana&quot;,&quot;ja&quot;:&quot;ãƒœãƒ„ãƒ¯ãƒŠ&quot;,&quot;it&quot;:&quot;Botswana&quot;,&quot;br&quot;:&quot;Botsuana&quot;,&quot;pt&quot;:&quot;Botsuana&quot;,&quot;nl&quot;:&quot;Botswana&quot;,&quot;hr&quot;:&quot;Bocvana&quot;,&quot;fa&quot;:&quot;Ø¨ÙˆØªØ³ÙˆØ§Ù†Ø§&quot;},&quot;flag&quot;:&quot;https://restcountries.eu/data/bwa.svg&quot;,&quot;regionalBlocs&quot;:[{&quot;acronym&quot;:&quot;AU&quot;,&quot;name&quot;:&quot;African Union&quot;,&quot;otherAcronyms&quot;:[],&quot;otherNames&quot;:[&quot;Ø§Ù„Ø§ØªØ­Ø§Ø¯ Ø§Ù„Ø£Ù�Ø±ÙŠÙ‚ÙŠ&quot;,&quot;Union africaine&quot;,&quot;UniÃ£o Africana&quot;,&quot;UniÃ³n Africana&quot;,&quot;Umoja wa Afrika&quot;]}],&quot;cioc&quot;:&quot;BOT&quot;},{&quot;name&quot;:&quot;Bouvet Island&quot;,&quot;topLevelDomain&quot;:[&quot;.bv&quot;],&quot;alpha2Code&quot;:&quot;BV&quot;,&quot;alpha3Code&quot;:&quot;BVT&quot;,&quot;callingCodes&quot;:[&quot;&quot;],&quot;capital&quot;:&quot;&quot;,&quot;altSpellings&quot;:[&quot;BV&quot;,&quot;BouvetÃ¸ya&quot;,&quot;Bouvet-Ã¸ya&quot;],&quot;region&quot;:&quot;&quot;,&quot;subregion&quot;:&quot;&quot;,&quot;population&quot;:0,&quot;latlng&quot;:[-54.43333333,3.4],&quot;demonym&quot;:&quot;&quot;,&quot;area&quot;:49.0,&quot;gini&quot;:null,&quot;timezones&quot;:[&quot;UTC+01:00&quot;],&quot;borders&quot;:[],&quot;nativeName&quot;:&quot;BouvetÃ¸ya&quot;,&quot;numericCode&quot;:&quot;074&quot;,&quot;currencies&quot;:[{&quot;code&quot;:&quot;NOK&quot;,&quot;name&quot;:&quot;Norwegian krone&quot;,&quot;symbol&quot;:&quot;kr&quot;}],&quot;languages&quot;:[{&quot;iso639_1&quot;:&quot;no&quot;,&quot;iso639_2&quot;:&quot;nor&quot;,&quot;name&quot;:&quot;Norwegian&quot;,&quot;nativeName&quot;:&quot;Norsk&quot;},{&quot;iso639_1&quot;:&quot;nb&quot;,&quot;iso639_2&quot;:&quot;nob&quot;,&quot;name&quot;:&quot;Norwegian BokmÃ¥l&quot;,&quot;nativeName&quot;:&quot;Norsk bokmÃ¥l&quot;},{&quot;iso639_1&quot;:&quot;nn&quot;,&quot;iso639_2&quot;:&quot;nno&quot;,&quot;name&quot;:&quot;Norwegian Nynorsk&quot;,&quot;nativeName&quot;:&quot;Norsk nynorsk&quot;}],&quot;translations&quot;:{&quot;de&quot;:&quot;Bouvetinsel&quot;,&quot;es&quot;:&quot;Isla Bouvet&quot;,&quot;fr&quot;:&quot;ÃŽle Bouvet&quot;,&quot;ja&quot;:&quot;ãƒ–ãƒ¼ãƒ™å³¶&quot;,&quot;it&quot;:&quot;Isola Bouvet&quot;,&quot;br&quot;:&quot;Ilha Bouvet&quot;,&quot;pt&quot;:&quot;Ilha Bouvet&quot;,&quot;nl&quot;:&quot;Bouveteiland&quot;,&quot;hr&quot;:&quot;Otok Bouvet&quot;,&quot;fa&quot;:&quot;Ø¬Ø²ÛŒØ±Ù‡ Ø¨ÙˆÙˆÙ‡&quot;},&quot;flag&quot;:&quot;https://restcountries.eu/data/bvt.svg&quot;,&quot;regionalBlocs&quot;:[],&quot;cioc&quot;:&quot;&quot;},{&quot;name&quot;:&quot;Brazil&quot;,&quot;topLevelDomain&quot;:[&quot;.br&quot;],&quot;alpha2Code&quot;:&quot;BR&quot;,&quot;alpha3Code&quot;:&quot;BRA&quot;,&quot;callingCodes&quot;:[&quot;55&quot;],&quot;capital&quot;:&quot;BrasÃ­lia&quot;,&quot;altSpellings&quot;:[&quot;BR&quot;,&quot;Brasil&quot;,&quot;Federative Republic of Brazil&quot;,&quot;RepÃºblica Federativa do Brasil&quot;],&quot;region&quot;:&quot;Americas&quot;,&quot;subregion&quot;:&quot;South America&quot;,&quot;population&quot;:206135893,&quot;latlng&quot;:[-10.0,-55.0],&quot;demonym&quot;:&quot;Brazilian&quot;,&quot;area&quot;:8515767.0,&quot;gini&quot;:54.7,&quot;timezones&quot;:[&quot;UTC-05:00&quot;,&quot;UTC-04:00&quot;,&quot;UTC-03:00&quot;,&quot;UTC-02:00&quot;],&quot;borders&quot;:[&quot;ARG&quot;,&quot;BOL&quot;,&quot;COL&quot;,&quot;GUF&quot;,&quot;GUY&quot;,&quot;PRY&quot;,&quot;PER&quot;,&quot;SUR&quot;,&quot;URY&quot;,&quot;VEN&quot;],&quot;nativeName&quot;:&quot;Brasil&quot;,&quot;numericCode&quot;:&quot;076&quot;,&quot;currencies&quot;:[{&quot;code&quot;:&quot;BRL&quot;,&quot;name&quot;:&quot;Brazilian real&quot;,&quot;symbol&quot;:&quot;R$&quot;}],&quot;languages&quot;:[{&quot;iso639_1&quot;:&quot;pt&quot;,&quot;iso639_2&quot;:&quot;por&quot;,&quot;name&quot;:&quot;Portuguese&quot;,&quot;nativeName&quot;:&quot;PortuguÃªs&quot;}],&quot;translations&quot;:{&quot;de&quot;:&quot;Brasilien&quot;,&quot;es&quot;:&quot;Brasil&quot;,&quot;fr&quot;:&quot;BrÃ©sil&quot;,&quot;ja&quot;:&quot;ãƒ–ãƒ©ã‚¸ãƒ«&quot;,&quot;it&quot;:&quot;Brasile&quot;,&quot;br&quot;:&quot;Brasil&quot;,&quot;pt&quot;:&quot;Brasil&quot;,&quot;nl&quot;:&quot;BraziliÃ«&quot;,&quot;hr&quot;:&quot;Brazil&quot;,&quot;fa&quot;:&quot;Ø¨Ø±Ø²ÛŒÙ„&quot;},&quot;flag&quot;:&quot;https://restcountries.eu/data/bra.svg&quot;,&quot;regionalBlocs&quot;:[{&quot;acronym&quot;:&quot;USAN&quot;,&quot;name&quot;:&quot;Union of South American Nations&quot;,&quot;otherAcronyms&quot;:[&quot;UNASUR&quot;,&quot;UNASUL&quot;,&quot;UZAN&quot;],&quot;otherNames&quot;:[&quot;UniÃ³n de Naciones Suramericanas&quot;,&quot;UniÃ£o de NaÃ§Ãµes Sul-Americanas&quot;,&quot;Unie van Zuid-Amerikaanse Naties&quot;,&quot;South American Union&quot;]}],&quot;cioc&quot;:&quot;BRA&quot;},{&quot;name&quot;:&quot;British Indian Ocean Territory&quot;,&quot;topLevelDomain&quot;:[&quot;.io&quot;],&quot;alpha2Code&quot;:&quot;IO&quot;,&quot;alpha3Code&quot;:&quot;IOT&quot;,&quot;callingCodes&quot;:[&quot;246&quot;],&quot;capital&quot;:&quot;Diego Garcia&quot;,&quot;altSpellings&quot;:[&quot;IO&quot;],&quot;region&quot;:&quot;Africa&quot;,&quot;subregion&quot;:&quot;Eastern Africa&quot;,&quot;population&quot;:3000,&quot;latlng&quot;:[-6.0,71.5],&quot;demonym&quot;:&quot;Indian&quot;,&quot;area&quot;:60.0,&quot;gini&quot;:null,&quot;timezones&quot;:[&quot;UTC+06:00&quot;],&quot;borders&quot;:[],&quot;nativeName&quot;:&quot;British Indian Ocean Territory&quot;,&quot;numericCode&quot;:&quot;086&quot;,&quot;currencies&quot;:[{&quot;code&quot;:&quot;USD&quot;,&quot;name&quot;:&quot;United States dollar&quot;,&quot;symbol&quot;:&quot;$&quot;}],&quot;languages&quot;:[{&quot;iso639_1&quot;:&quot;en&quot;,&quot;iso639_2&quot;:&quot;eng&quot;,&quot;name&quot;:&quot;English&quot;,&quot;nativeName&quot;:&quot;English&quot;}],&quot;translations&quot;:{&quot;de&quot;:&quot;Britisches Territorium im Indischen Ozean&quot;,&quot;es&quot;:&quot;Territorio BritÃ¡nico del OcÃ©ano Ã�ndico&quot;,&quot;fr&quot;:&quot;Territoire britannique de l&apos;ocÃ©an Indien&quot;,&quot;ja&quot;:&quot;ã‚¤ã‚®ãƒªã‚¹é ˜ã‚¤ãƒ³ãƒ‰æ´‹åœ°åŸŸ&quot;,&quot;it&quot;:&quot;Territorio britannico dell&apos;oceano indiano&quot;,&quot;br&quot;:&quot;TerritÃ³rio BritÃ¢nico do Oceano Ã­Ã�dico&quot;,&quot;pt&quot;:&quot;TerritÃ³rio BritÃ¢nico do Oceano Ã�ndico&quot;,&quot;nl&quot;:&quot;Britse Gebieden in de Indische Oceaan&quot;,&quot;hr&quot;:&quot;Britanski Indijskooceanski teritorij&quot;,&quot;fa&quot;:&quot;Ù‚Ù„Ù…Ø±Ùˆ Ø¨Ø±ÛŒØªØ§Ù†ÛŒØ§ Ø¯Ø± Ø§Ù‚ÛŒØ§Ù†ÙˆØ³ Ù‡Ù†Ø¯&quot;},&quot;flag&quot;:&quot;https://restcountries.eu/data/iot.svg&quot;,&quot;regionalBlocs&quot;:[{&quot;acronym&quot;:&quot;AU&quot;,&quot;name&quot;:&quot;African Union&quot;,&quot;otherAcronyms&quot;:[],&quot;otherNames&quot;:[&quot;Ø§Ù„Ø§ØªØ­Ø§Ø¯ Ø§Ù„Ø£Ù�Ø±ÙŠÙ‚ÙŠ&quot;,&quot;Union africaine&quot;,&quot;UniÃ£o Africana&quot;,&quot;UniÃ³n Africana&quot;,&quot;Umoja wa Afrika&quot;]}],&quot;cioc&quot;:&quot;&quot;},{&quot;name&quot;:&quot;United States Minor Outlying Islands&quot;,&quot;topLevelDomain&quot;:[&quot;.us&quot;],&quot;alpha2Code&quot;:&quot;UM&quot;,&quot;alpha3Code&quot;:&quot;UMI&quot;,&quot;callingCodes&quot;:[&quot;&quot;],&quot;capital&quot;:&quot;&quot;,&quot;altSpellings&quot;:[&quot;UM&quot;],&quot;region&quot;:&quot;Americas&quot;,&quot;subregion&quot;:&quot;Northern America&quot;,&quot;population&quot;:300,&quot;latlng&quot;:[],&quot;demonym&quot;:&quot;American&quot;,&quot;area&quot;:null,&quot;gini&quot;:null,&quot;timezones&quot;:[&quot;UTC-11:00&quot;,&quot;UTC-10:00&quot;,&quot;UTC+12:00&quot;],&quot;borders&quot;:[],&quot;nativeName&quot;:&quot;United States Minor Outlying Islands&quot;,&quot;numericCode&quot;:&quot;581&quot;,&quot;currencies&quot;:[{&quot;code&quot;:&quot;USD&quot;,&quot;name&quot;:&quot;United States Dollar&quot;,&quot;symbol&quot;:&quot;$&quot;}],&quot;languages&quot;:[{&quot;iso639_1&quot;:&quot;en&quot;,&quot;iso639_2&quot;:&quot;eng&quot;,&quot;name&quot;:&quot;English&quot;,&quot;nativeName&quot;:&quot;English&quot;}],&quot;translations&quot;:{&quot;de&quot;:&quot;Kleinere Inselbesitzungen der Vereinigten Staaten&quot;,&quot;es&quot;:&quot;Islas Ultramarinas Menores de Estados Unidos&quot;,&quot;fr&quot;:&quot;ÃŽles mineures Ã©loignÃ©es des Ã‰tats-Unis&quot;,&quot;ja&quot;:&quot;å�ˆè¡†å›½é ˜æœ‰å°�é›¢å³¶&quot;,&quot;it&quot;:&quot;Isole minori esterne degli Stati Uniti d&apos;America&quot;,&quot;br&quot;:&quot;Ilhas Menores Distantes dos Estados Unidos&quot;,&quot;pt&quot;:&quot;Ilhas Menores Distantes dos Estados Unidos&quot;,&quot;nl&quot;:&quot;Kleine afgelegen eilanden van de Verenigde Staten&quot;,&quot;hr&quot;:&quot;Mali udaljeni otoci SAD-a&quot;,&quot;fa&quot;:&quot;Ø¬Ø²Ø§ÛŒØ± Ú©ÙˆÚ†Ú© Ø­Ø§Ø´ÛŒÙ‡â€ŒØ§ÛŒ Ø§ÛŒØ§Ù„Ø§Øª Ù…ØªØ­Ø¯Ù‡ Ø¢Ù…Ø±ÛŒÚ©Ø§&quot;},&quot;flag&quot;:&quot;https://restcountries.eu/data/umi.svg&quot;,&quot;regionalBlocs&quot;:[],&quot;cioc&quot;:&quot;&quot;},{&quot;name&quot;:&quot;Virgin Islands (British)&quot;,&quot;topLevelDomain&quot;:[&quot;.vg&quot;],&quot;alpha2Code&quot;:&quot;VG&quot;,&quot;alpha3Code&quot;:&quot;VGB&quot;,&quot;callingCodes&quot;:[&quot;1284&quot;],&quot;capital&quot;:&quot;Road Town&quot;,&quot;altSpellings&quot;:[&quot;VG&quot;],&quot;region&quot;:&quot;Americas&quot;,&quot;subregion&quot;:&quot;Caribbean&quot;,&quot;population&quot;:28514,&quot;latlng&quot;:[18.431383,-64.62305],&quot;demonym&quot;:&quot;Virgin Islander&quot;,&quot;area&quot;:151.0,&quot;gini&quot;:null,&quot;timezones&quot;:[&quot;UTC-04:00&quot;],&quot;borders&quot;:[],&quot;nativeName&quot;:&quot;British Virgin Islands&quot;,&quot;numericCode&quot;:&quot;092&quot;,&quot;currencies&quot;:[{&quot;code&quot;:null,&quot;name&quot;:&quot;[D]&quot;,&quot;symbol&quot;:&quot;$&quot;},{&quot;code&quot;:&quot;USD&quot;,&quot;name&quot;:&quot;United States dollar&quot;,&quot;symbol&quot;:&quot;$&quot;}],&quot;languages&quot;:[{&quot;iso639_1&quot;:&quot;en&quot;,&quot;iso639_2&quot;:&quot;eng&quot;,&quot;name&quot;:&quot;English&quot;,&quot;nativeName&quot;:&quot;English&quot;}],&quot;translations&quot;:{&quot;de&quot;:&quot;Britische Jungferninseln&quot;,&quot;es&quot;:&quot;Islas VÃ­rgenes del Reino Unido&quot;,&quot;fr&quot;:&quot;ÃŽles Vierges britanniques&quot;,&quot;ja&quot;:&quot;ã‚¤ã‚®ãƒªã‚¹é ˜ãƒ´ã‚¡ãƒ¼ã‚¸ãƒ³è«¸å³¶&quot;,&quot;it&quot;:&quot;Isole Vergini Britanniche&quot;,&quot;br&quot;:&quot;Ilhas Virgens BritÃ¢nicas&quot;,&quot;pt&quot;:&quot;Ilhas Virgens BritÃ¢nicas&quot;,&quot;nl&quot;:&quot;Britse Maagdeneilanden&quot;,&quot;hr&quot;:&quot;Britanski DjeviÄ�anski Otoci&quot;,&quot;fa&quot;:&quot;Ø¬Ø²Ø§ÛŒØ± ÙˆÛŒØ±Ø¬ÛŒÙ† Ø¨Ø±ÛŒØªØ§Ù†ÛŒØ§&quot;},&quot;flag&quot;:&quot;https://restcountries.eu/data/vgb.svg&quot;,&quot;regionalBlocs&quot;:[],&quot;cioc&quot;:&quot;IVB&quot;},{&quot;name&quot;:&quot;Virgin Islands (U.S.)&quot;,&quot;topLevelDomain&quot;:[&quot;.vi&quot;],&quot;alpha2Code&quot;:&quot;VI&quot;,&quot;alpha3Code&quot;:&quot;VIR&quot;,&quot;callingCodes&quot;:[&quot;1 340&quot;],&quot;capital&quot;:&quot;Charlotte Amalie&quot;,&quot;altSpellings&quot;:[&quot;VI&quot;,&quot;USVI&quot;,&quot;American Virgin Islands&quot;,&quot;U.S. Virgin Islands&quot;],&quot;region&quot;:&quot;Americas&quot;,&quot;subregion&quot;:&quot;Caribbean&quot;,&quot;population&quot;:114743,&quot;latlng&quot;:[18.34,-64.93],&quot;demonym&quot;:&quot;Virgin Islander&quot;,&quot;area&quot;:346.36,&quot;gini&quot;:null,&quot;timezones&quot;:[&quot;UTC-04:00&quot;],&quot;borders&quot;:[],&quot;nativeName&quot;:&quot;Virgin Islands of the United States&quot;,&quot;numericCode&quot;:&quot;850&quot;,&quot;currencies&quot;:[{&quot;code&quot;:&quot;USD&quot;,&quot;name&quot;:&quot;United States dollar&quot;,&quot;symbol&quot;:&quot;$&quot;}],&quot;languages&quot;:[{&quot;iso639_1&quot;:&quot;en&quot;,&quot;iso639_2&quot;:&quot;eng&quot;,&quot;name&quot;:&quot;English&quot;,&quot;nativeName&quot;:&quot;English&quot;}],&quot;translations&quot;:{&quot;de&quot;:&quot;Amerikanische Jungferninseln&quot;,&quot;es&quot;:&quot;Islas VÃ­rgenes de los Estados Unidos&quot;,&quot;fr&quot;:&quot;ÃŽles Vierges des Ã‰tats-Unis&quot;,&quot;ja&quot;:&quot;ã‚¢ãƒ¡ãƒªã‚«é ˜ãƒ´ã‚¡ãƒ¼ã‚¸ãƒ³è«¸å³¶&quot;,&quot;it&quot;:&quot;Isole Vergini americane&quot;,&quot;br&quot;:&quot;Ilhas Virgens Americanas&quot;,&quot;pt&quot;:&quot;Ilhas Virgens Americanas&quot;,&quot;nl&quot;:&quot;Verenigde Staten Maagdeneilanden&quot;,&quot;hr&quot;:null,&quot;fa&quot;:&quot;Ø¬Ø²Ø§ÛŒØ± ÙˆÛŒØ±Ø¬ÛŒÙ† Ø¢Ù…Ø±ÛŒÚ©Ø§&quot;},&quot;flag&quot;:&quot;https://restcountries.eu/data/vir.svg&quot;,&quot;regionalBlocs&quot;:[],&quot;cioc&quot;:&quot;ISV&quot;},{&quot;name&quot;:&quot;Brunei Darussalam&quot;,&quot;topLevelDomain&quot;:[&quot;.bn&quot;],&quot;alpha2Code&quot;:&quot;BN&quot;,&quot;alpha3Code&quot;:&quot;BRN&quot;,&quot;callingCodes&quot;:[&quot;673&quot;],&quot;capital&quot;:&quot;Bandar Seri Begawan&quot;,&quot;altSpellings&quot;:[&quot;BN&quot;,&quot;Nation of Brunei&quot;,&quot; the Abode of Peace&quot;],&quot;region&quot;:&quot;Asia&quot;,&quot;subregion&quot;:&quot;South-Eastern Asia&quot;,&quot;population&quot;:411900,&quot;latlng&quot;:[4.5,114.66666666],&quot;demonym&quot;:&quot;Bruneian&quot;,&quot;area&quot;:5765.0,&quot;gini&quot;:null,&quot;timezones&quot;:[&quot;UTC+08:00&quot;],&quot;borders&quot;:[&quot;MYS&quot;],&quot;nativeName&quot;:&quot;Negara Brunei Darussalam&quot;,&quot;numericCode&quot;:&quot;096&quot;,&quot;currencies&quot;:[{&quot;code&quot;:&quot;BND&quot;,&quot;name&quot;:&quot;Brunei dollar&quot;,&quot;symbol&quot;:&quot;$&quot;},{&quot;code&quot;:&quot;SGD&quot;,&quot;name&quot;:&quot;Singapore dollar&quot;,&quot;symbol&quot;:&quot;$&quot;}],&quot;languages&quot;:[{&quot;iso639_1&quot;:&quot;ms&quot;,&quot;iso639_2&quot;:&quot;msa&quot;,&quot;name&quot;:&quot;Malay&quot;,&quot;nativeName&quot;:&quot;bahasa Melayu&quot;}],&quot;translations&quot;:{&quot;de&quot;:&quot;Brunei&quot;,&quot;es&quot;:&quot;Brunei&quot;,&quot;fr&quot;:&quot;Brunei&quot;,&quot;ja&quot;:&quot;ãƒ–ãƒ«ãƒ�ã‚¤ãƒ»ãƒ€ãƒ«ã‚µãƒ©ãƒ¼ãƒ &quot;,&quot;it&quot;:&quot;Brunei&quot;,&quot;br&quot;:&quot;Brunei&quot;,&quot;pt&quot;:&quot;Brunei&quot;,&quot;nl&quot;:&quot;Brunei&quot;,&quot;hr&quot;:&quot;Brunej&quot;,&quot;fa&quot;:&quot;Ø¨Ø±ÙˆÙ†Ø¦ÛŒ&quot;},&quot;flag&quot;:&quot;https://restcountries.eu/data/brn.svg&quot;,&quot;regionalBlocs&quot;:[{&quot;acronym&quot;:&quot;ASEAN&quot;,&quot;name&quot;:&quot;Association of Southeast Asian Nations&quot;,&quot;otherAcronyms&quot;:[],&quot;otherNames&quot;:[]}],&quot;cioc&quot;:&quot;BRU&quot;},{&quot;name&quot;:&quot;Bulgaria&quot;,&quot;topLevelDomain&quot;:[&quot;.bg&quot;],&quot;alpha2Code&quot;:&quot;BG&quot;,&quot;alpha3Code&quot;:&quot;BGR&quot;,&quot;callingCodes&quot;:[&quot;359&quot;],&quot;capital&quot;:&quot;Sofia&quot;,&quot;altSpellings&quot;:[&quot;BG&quot;,&quot;Republic of Bulgaria&quot;,&quot;Ð ÐµÐ¿ÑƒÐ±Ð»Ð¸ÐºÐ° Ð‘ÑŠÐ»Ð³Ð°Ñ€Ð¸Ñ�&quot;],&quot;region&quot;:&quot;Europe&quot;,&quot;subregion&quot;:&quot;Eastern Europe&quot;,&quot;population&quot;:7153784,&quot;latlng&quot;:[43.0,25.0],&quot;demonym&quot;:&quot;Bulgarian&quot;,&quot;area&quot;:110879.0,&quot;gini&quot;:28.2,&quot;timezones&quot;:[&quot;UTC+02:00&quot;],&quot;borders&quot;:[&quot;GRC&quot;,&quot;MKD&quot;,&quot;ROU&quot;,&quot;SRB&quot;,&quot;TUR&quot;],&quot;nativeName&quot;:&quot;Ð‘ÑŠÐ»Ð³Ð°Ñ€Ð¸Ñ�&quot;,&quot;numericCode&quot;:&quot;100&quot;,&quot;currencies&quot;:[{&quot;code&quot;:&quot;BGN&quot;,&quot;name&quot;:&quot;Bulgarian lev&quot;,&quot;symbol&quot;:&quot;Ð»Ð²&quot;}],&quot;languages&quot;:[{&quot;iso639_1&quot;:&quot;bg&quot;,&quot;iso639_2&quot;:&quot;bul&quot;,&quot;name&quot;:&quot;Bulgarian&quot;,&quot;nativeName&quot;:&quot;Ð±ÑŠÐ»Ð³Ð°Ñ€Ñ�ÐºÐ¸ ÐµÐ·Ð¸Ðº&quot;}],&quot;translations&quot;:{&quot;de&quot;:&quot;Bulgarien&quot;,&quot;es&quot;:&quot;Bulgaria&quot;,&quot;fr&quot;:&quot;Bulgarie&quot;,&quot;ja&quot;:&quot;ãƒ–ãƒ«ã‚¬ãƒªã‚¢&quot;,&quot;it&quot;:&quot;Bulgaria&quot;,&quot;br&quot;:&quot;BulgÃ¡ria&quot;,&quot;pt&quot;:&quot;BulgÃ¡ria&quot;,&quot;nl&quot;:&quot;Bulgarije&quot;,&quot;hr&quot;:&quot;Bugarska&quot;,&quot;fa&quot;:&quot;Ø¨Ù„ØºØ§Ø±Ø³ØªØ§Ù†&quot;},&quot;flag&quot;:&quot;https://restcountries.eu/data/bgr.svg&quot;,&quot;regionalBlocs&quot;:[{&quot;acronym&quot;:&quot;EU&quot;,&quot;name&quot;:&quot;European Union&quot;,&quot;otherAcronyms&quot;:[],&quot;otherNames&quot;:[]}],&quot;cioc&quot;:&quot;BUL&quot;},{&quot;name&quot;:&quot;Burkina Faso&quot;,&quot;topLevelDomain&quot;:[&quot;.bf&quot;],&quot;alpha2Code&quot;:&quot;BF&quot;,&quot;alpha3Code&quot;:&quot;BFA&quot;,&quot;callingCodes&quot;:[&quot;226&quot;],&quot;capital&quot;:&quot;Ouagadougou&quot;,&quot;altSpellings&quot;:[&quot;BF&quot;],&quot;region&quot;:&quot;Africa&quot;,&quot;subregion&quot;:&quot;Western Africa&quot;,&quot;population&quot;:19034397,&quot;latlng&quot;:[13.0,-2.0],&quot;demonym&quot;:&quot;Burkinabe&quot;,&quot;area&quot;:272967.0,&quot;gini&quot;:39.8,&quot;timezones&quot;:[&quot;UTC&quot;],&quot;borders&quot;:[&quot;BEN&quot;,&quot;CIV&quot;,&quot;GHA&quot;,&quot;MLI&quot;,&quot;NER&quot;,&quot;TGO&quot;],&quot;nativeName&quot;:&quot;Burkina Faso&quot;,&quot;numericCode&quot;:&quot;854&quot;,&quot;currencies&quot;:[{&quot;code&quot;:&quot;XOF&quot;,&quot;name&quot;:&quot;West African CFA franc&quot;,&quot;symbol&quot;:&quot;Fr&quot;}],&quot;languages&quot;:[{&quot;iso639_1&quot;:&quot;fr&quot;,&quot;iso639_2&quot;:&quot;fra&quot;,&quot;name&quot;:&quot;French&quot;,&quot;nativeName&quot;:&quot;franÃ§ais&quot;},{&quot;iso639_1&quot;:&quot;ff&quot;,&quot;iso639_2&quot;:&quot;ful&quot;,&quot;name&quot;:&quot;Fula&quot;,&quot;nativeName&quot;:&quot;Fulfulde&quot;}],&quot;translations&quot;:{&quot;de&quot;:&quot;Burkina Faso&quot;,&quot;es&quot;:&quot;Burkina Faso&quot;,&quot;fr&quot;:&quot;Burkina Faso&quot;,&quot;ja&quot;:&quot;ãƒ–ãƒ«ã‚­ãƒŠãƒ•ã‚¡ã‚½&quot;,&quot;it&quot;:&quot;Burkina Faso&quot;,&quot;br&quot;:&quot;Burkina Faso&quot;,&quot;pt&quot;:&quot;Burquina Faso&quot;,&quot;nl&quot;:&quot;Burkina Faso&quot;,&quot;hr&quot;:&quot;Burkina Faso&quot;,&quot;fa&quot;:&quot;Ø¨ÙˆØ±Ú©ÛŒÙ†Ø§Ù�Ø§Ø³Ùˆ&quot;},&quot;flag&quot;:&quot;https://restcountries.eu/data/bfa.svg&quot;,&quot;regionalBlocs&quot;:[{&quot;acronym&quot;:&quot;AU&quot;,&quot;name&quot;:&quot;African Union&quot;,&quot;otherAcronyms&quot;:[],&quot;otherNames&quot;:[&quot;Ø§Ù„Ø§ØªØ­Ø§Ø¯ Ø§Ù„Ø£Ù�Ø±ÙŠÙ‚ÙŠ&quot;,&quot;Union africaine&quot;,&quot;UniÃ£o Africana&quot;,&quot;UniÃ³n Africana&quot;,&quot;Umoja wa Afrika&quot;]}],&quot;cioc&quot;:&quot;BUR&quot;},{&quot;name&quot;:&quot;Burundi&quot;,&quot;topLevelDomain&quot;:[&quot;.bi&quot;],&quot;alpha2Code&quot;:&quot;BI&quot;,&quot;alpha3Code&quot;:&quot;BDI&quot;,&quot;callingCodes&quot;:[&quot;257&quot;],&quot;capital&quot;:&quot;Bujumbura&quot;,&quot;altSpellings&quot;:[&quot;BI&quot;,&quot;Republic of Burundi&quot;,&quot;Republika y&apos;Uburundi&quot;,&quot;RÃ©publique du Burundi&quot;],&quot;region&quot;:&quot;Africa&quot;,&quot;subregion&quot;:&quot;Eastern Africa&quot;,&quot;population&quot;:10114505,&quot;latlng&quot;:[-3.5,30.0],&quot;demonym&quot;:&quot;Burundian&quot;,&quot;area&quot;:27834.0,&quot;gini&quot;:33.3,&quot;timezones&quot;:[&quot;UTC+02:00&quot;],&quot;borders&quot;:[&quot;COD&quot;,&quot;RWA&quot;,&quot;TZA&quot;],&quot;nativeName&quot;:&quot;Burundi&quot;,&quot;numericCode&quot;:&quot;108&quot;,&quot;currencies&quot;:[{&quot;code&quot;:&quot;BIF&quot;,&quot;name&quot;:&quot;Burundian franc&quot;,&quot;symbol&quot;:&quot;Fr&quot;}],&quot;languages&quot;:[{&quot;iso639_1&quot;:&quot;fr&quot;,&quot;iso639_2&quot;:&quot;fra&quot;,&quot;name&quot;:&quot;French&quot;,&quot;nativeName&quot;:&quot;franÃ§ais&quot;},{&quot;iso639_1&quot;:&quot;rn&quot;,&quot;iso639_2&quot;:&quot;run&quot;,&quot;name&quot;:&quot;Kirundi&quot;,&quot;nativeName&quot;:&quot;Ikirundi&quot;}],&quot;translations&quot;:{&quot;de&quot;:&quot;Burundi&quot;,&quot;es&quot;:&quot;Burundi&quot;,&quot;fr&quot;:&quot;Burundi&quot;,&quot;ja&quot;:&quot;ãƒ–ãƒ«ãƒ³ã‚¸&quot;,&quot;it&quot;:&quot;Burundi&quot;,&quot;br&quot;:&quot;Burundi&quot;,&quot;pt&quot;:&quot;BurÃºndi&quot;,&quot;nl&quot;:&quot;Burundi&quot;,&quot;hr&quot;:&quot;Burundi&quot;,&quot;fa&quot;:&quot;Ø¨ÙˆØ±ÙˆÙ†Ø¯ÛŒ&quot;},&quot;flag&quot;:&quot;https://restcountries.eu/data/bdi.svg&quot;,&quot;regionalBlocs&quot;:[{&quot;acronym&quot;:&quot;AU&quot;,&quot;name&quot;:&quot;African Union&quot;,&quot;otherAcronyms&quot;:[],&quot;otherNames&quot;:[&quot;Ø§Ù„Ø§ØªØ­Ø§Ø¯ Ø§Ù„Ø£Ù�Ø±ÙŠÙ‚ÙŠ&quot;,&quot;Union africaine&quot;,&quot;UniÃ£o Africana&quot;,&quot;UniÃ³n Africana&quot;,&quot;Umoja wa Afrika&quot;]}],&quot;cioc&quot;:&quot;BDI&quot;},{&quot;name&quot;:&quot;Cambodia&quot;,&quot;topLevelDomain&quot;:[&quot;.kh&quot;],&quot;alpha2Code&quot;:&quot;KH&quot;,&quot;alpha3Code&quot;:&quot;KHM&quot;,&quot;callingCodes&quot;:[&quot;855&quot;],&quot;capital&quot;:&quot;Phnom Penh&quot;,&quot;altSpellings&quot;:[&quot;KH&quot;,&quot;Kingdom of Cambodia&quot;],&quot;region&quot;:&quot;Asia&quot;,&quot;subregion&quot;:&quot;South-Eastern Asia&quot;,&quot;population&quot;:15626444,&quot;latlng&quot;:[13.0,105.0],&quot;demonym&quot;:&quot;Cambodian&quot;,&quot;area&quot;:181035.0,&quot;gini&quot;:37.9,&quot;timezones&quot;:[&quot;UTC+07:00&quot;],&quot;borders&quot;:[&quot;LAO&quot;,&quot;THA&quot;,&quot;VNM&quot;],&quot;nativeName&quot;:&quot;KÃ¢mpÅ­chÃ©a&quot;,&quot;numericCode&quot;:&quot;116&quot;,&quot;currencies&quot;:[{&quot;code&quot;:&quot;KHR&quot;,&quot;name&quot;:&quot;Cambodian riel&quot;,&quot;symbol&quot;:&quot;áŸ›&quot;},{&quot;code&quot;:&quot;USD&quot;,&quot;name&quot;:&quot;United States dollar&quot;,&quot;symbol&quot;:&quot;$&quot;}],&quot;languages&quot;:[{&quot;iso639_1&quot;:&quot;km&quot;,&quot;iso639_2&quot;:&quot;khm&quot;,&quot;name&quot;:&quot;Khmer&quot;,&quot;nativeName&quot;:&quot;áž�áŸ’áž˜áŸ‚ážš&quot;}],&quot;translations&quot;:{&quot;de&quot;:&quot;Kambodscha&quot;,&quot;es&quot;:&quot;Camboya&quot;,&quot;fr&quot;:&quot;Cambodge&quot;,&quot;ja&quot;:&quot;ã‚«ãƒ³ãƒœã‚¸ã‚¢&quot;,&quot;it&quot;:&quot;Cambogia&quot;,&quot;br&quot;:&quot;Camboja&quot;,&quot;pt&quot;:&quot;Camboja&quot;,&quot;nl&quot;:&quot;Cambodja&quot;,&quot;hr&quot;:&quot;KambodÅ¾a&quot;,&quot;fa&quot;:&quot;Ú©Ø§Ù…Ø¨ÙˆØ¬&quot;},&quot;flag&quot;:&quot;https://restcountries.eu/data/khm.svg&quot;,&quot;regionalBlocs&quot;:[{&quot;acronym&quot;:&quot;ASEAN&quot;,&quot;name&quot;:&quot;Association of Southeast Asian Nations&quot;,&quot;otherAcronyms&quot;:[],&quot;otherNames&quot;:[]}],&quot;cioc&quot;:&quot;CAM&quot;},{&quot;name&quot;:&quot;Cameroon&quot;,&quot;topLevelDomain&quot;:[&quot;.cm&quot;],&quot;alpha2Code&quot;:&quot;CM&quot;,&quot;alpha3Code&quot;:&quot;CMR&quot;,&quot;callingCodes&quot;:[&quot;237&quot;],&quot;capital&quot;:&quot;YaoundÃ©&quot;,&quot;altSpellings&quot;:[&quot;CM&quot;,&quot;Republic of Cameroon&quot;,&quot;RÃ©publique du Cameroun&quot;],&quot;region&quot;:&quot;Africa&quot;,&quot;subregion&quot;:&quot;Middle Africa&quot;,&quot;population&quot;:22709892,&quot;latlng&quot;:[6.0,12.0],&quot;demonym&quot;:&quot;Cameroonian&quot;,&quot;area&quot;:475442.0,&quot;gini&quot;:38.9,&quot;timezones&quot;:[&quot;UTC+01:00&quot;],&quot;borders&quot;:[&quot;CAF&quot;,&quot;TCD&quot;,&quot;COG&quot;,&quot;GNQ&quot;,&quot;GAB&quot;,&quot;NGA&quot;],&quot;nativeName&quot;:&quot;Cameroon&quot;,&quot;numericCode&quot;:&quot;120&quot;,&quot;currencies&quot;:[{&quot;code&quot;:&quot;XAF&quot;,&quot;name&quot;:&quot;Central African CFA franc&quot;,&quot;symbol&quot;:&quot;Fr&quot;}],&quot;languages&quot;:[{&quot;iso639_1&quot;:&quot;en&quot;,&quot;iso639_2&quot;:&quot;eng&quot;,&quot;name&quot;:&quot;English&quot;,&quot;nativeName&quot;:&quot;English&quot;},{&quot;iso639_1&quot;:&quot;fr&quot;,&quot;iso639_2&quot;:&quot;fra&quot;,&quot;name&quot;:&quot;French&quot;,&quot;nativeName&quot;:&quot;franÃ§ais&quot;}],&quot;translations&quot;:{&quot;de&quot;:&quot;Kamerun&quot;,&quot;es&quot;:&quot;CamerÃºn&quot;,&quot;fr&quot;:&quot;Cameroun&quot;,&quot;ja&quot;:&quot;ã‚«ãƒ¡ãƒ«ãƒ¼ãƒ³&quot;,&quot;it&quot;:&quot;Camerun&quot;,&quot;br&quot;:&quot;CamarÃµes&quot;,&quot;pt&quot;:&quot;CamarÃµes&quot;,&quot;nl&quot;:&quot;Kameroen&quot;,&quot;hr&quot;:&quot;Kamerun&quot;,&quot;fa&quot;:&quot;Ú©Ø§Ù…Ø±ÙˆÙ†&quot;},&quot;flag&quot;:&quot;https://restcountries.eu/data/cmr.svg&quot;,&quot;regionalBlocs&quot;:[{&quot;acronym&quot;:&quot;AU&quot;,&quot;name&quot;:&quot;African Union&quot;,&quot;otherAcronyms&quot;:[],&quot;otherNames&quot;:[&quot;Ø§Ù„Ø§ØªØ­Ø§Ø¯ Ø§Ù„Ø£Ù�Ø±ÙŠÙ‚ÙŠ&quot;,&quot;Union africaine&quot;,&quot;UniÃ£o Africana&quot;,&quot;UniÃ³n Africana&quot;,&quot;Umoja wa Afrika&quot;]}],&quot;cioc&quot;:&quot;CMR&quot;},{&quot;name&quot;:&quot;Canada&quot;,&quot;topLevelDomain&quot;:[&quot;.ca&quot;],&quot;alpha2Code&quot;:&quot;CA&quot;,&quot;alpha3Code&quot;:&quot;CAN&quot;,&quot;callingCodes&quot;:[&quot;1&quot;],&quot;capital&quot;:&quot;Ottawa&quot;,&quot;altSpellings&quot;:[&quot;CA&quot;],&quot;region&quot;:&quot;Americas&quot;,&quot;subregion&quot;:&quot;Northern America&quot;,&quot;population&quot;:36155487,&quot;latlng&quot;:[60.0,-95.0],&quot;demonym&quot;:&quot;Canadian&quot;,&quot;area&quot;:9984670.0,&quot;gini&quot;:32.6,&quot;timezones&quot;:[&quot;UTC-08:00&quot;,&quot;UTC-07:00&quot;,&quot;UTC-06:00&quot;,&quot;UTC-05:00&quot;,&quot;UTC-04:00&quot;,&quot;UTC-03:30&quot;],&quot;borders&quot;:[&quot;USA&quot;],&quot;nativeName&quot;:&quot;Canada&quot;,&quot;numericCode&quot;:&quot;124&quot;,&quot;currencies&quot;:[{&quot;code&quot;:&quot;CAD&quot;,&quot;name&quot;:&quot;Canadian dollar&quot;,&quot;symbol&quot;:&quot;$&quot;}],&quot;languages&quot;:[{&quot;iso639_1&quot;:&quot;en&quot;,&quot;iso639_2&quot;:&quot;eng&quot;,&quot;name&quot;:&quot;English&quot;,&quot;nativeName&quot;:&quot;English&quot;},{&quot;iso639_1&quot;:&quot;fr&quot;,&quot;iso639_2&quot;:&quot;fra&quot;,&quot;name&quot;:&quot;French&quot;,&quot;nativeName&quot;:&quot;franÃ§ais&quot;}],&quot;translations&quot;:{&quot;de&quot;:&quot;Kanada&quot;,&quot;es&quot;:&quot;CanadÃ¡&quot;,&quot;fr&quot;:&quot;Canada&quot;,&quot;ja&quot;:&quot;ã‚«ãƒŠãƒ€&quot;,&quot;it&quot;:&quot;Canada&quot;,&quot;br&quot;:&quot;CanadÃ¡&quot;,&quot;pt&quot;:&quot;CanadÃ¡&quot;,&quot;nl&quot;:&quot;Canada&quot;,&quot;hr&quot;:&quot;Kanada&quot;,&quot;fa&quot;:&quot;Ú©Ø§Ù†Ø§Ø¯Ø§&quot;},&quot;flag&quot;:&quot;https://restcountries.eu/data/can.svg&quot;,&quot;regionalBlocs&quot;:[{&quot;acronym&quot;:&quot;NAFTA&quot;,&quot;name&quot;:&quot;North American Free Trade Agreement&quot;,&quot;otherAcronyms&quot;:[],&quot;otherNames&quot;:[&quot;Tratado de Libre Comercio de AmÃ©rica del Norte&quot;,&quot;Accord de Libre-Ã©change Nord-AmÃ©ricain&quot;]}],&quot;cioc&quot;:&quot;CAN&quot;},{&quot;name&quot;:&quot;Cabo Verde&quot;,&quot;topLevelDomain&quot;:[&quot;.cv&quot;],&quot;alpha2Code&quot;:&quot;CV&quot;,&quot;alpha3Code&quot;:&quot;CPV&quot;,&quot;callingCodes&quot;:[&quot;238&quot;],&quot;capital&quot;:&quot;Praia&quot;,&quot;altSpellings&quot;:[&quot;CV&quot;,&quot;Republic of Cabo Verde&quot;,&quot;RepÃºblica de Cabo Verde&quot;],&quot;region&quot;:&quot;Africa&quot;,&quot;subregion&quot;:&quot;Western Africa&quot;,&quot;population&quot;:531239,&quot;latlng&quot;:[16.0,-24.0],&quot;demonym&quot;:&quot;Cape Verdian&quot;,&quot;area&quot;:4033.0,&quot;gini&quot;:50.5,&quot;timezones&quot;:[&quot;UTC-01:00&quot;],&quot;borders&quot;:[],&quot;nativeName&quot;:&quot;Cabo Verde&quot;,&quot;numericCode&quot;:&quot;132&quot;,&quot;currencies&quot;:[{&quot;code&quot;:&quot;CVE&quot;,&quot;name&quot;:&quot;Cape Verdean escudo&quot;,&quot;symbol&quot;:&quot;Esc&quot;}],&quot;languages&quot;:[{&quot;iso639_1&quot;:&quot;pt&quot;,&quot;iso639_2&quot;:&quot;por&quot;,&quot;name&quot;:&quot;Portuguese&quot;,&quot;nativeName&quot;:&quot;PortuguÃªs&quot;}],&quot;translations&quot;:{&quot;de&quot;:&quot;Kap Verde&quot;,&quot;es&quot;:&quot;Cabo Verde&quot;,&quot;fr&quot;:&quot;Cap Vert&quot;,&quot;ja&quot;:&quot;ã‚«ãƒ¼ãƒœãƒ™ãƒ«ãƒ‡&quot;,&quot;it&quot;:&quot;Capo Verde&quot;,&quot;br&quot;:&quot;Cabo Verde&quot;,&quot;pt&quot;:&quot;Cabo Verde&quot;,&quot;nl&quot;:&quot;KaapverdiÃ«&quot;,&quot;hr&quot;:&quot;Zelenortska Republika&quot;,&quot;fa&quot;:&quot;Ú©ÛŒÙ¾ ÙˆØ±Ø¯&quot;},&quot;flag&quot;:&quot;https://restcountries.eu/data/cpv.svg&quot;,&quot;regionalBlocs&quot;:[{&quot;acronym&quot;:&quot;AU&quot;,&quot;name&quot;:&quot;African Union&quot;,&quot;otherAcronyms&quot;:[],&quot;otherNames&quot;:[&quot;Ø§Ù„Ø§ØªØ­Ø§Ø¯ Ø§Ù„Ø£Ù�Ø±ÙŠÙ‚ÙŠ&quot;,&quot;Union africaine&quot;,&quot;UniÃ£o Africana&quot;,&quot;UniÃ³n Africana&quot;,&quot;Umoja wa Afrika&quot;]}],&quot;cioc&quot;:&quot;CPV&quot;},{&quot;name&quot;:&quot;Cayman Islands&quot;,&quot;topLevelDomain&quot;:[&quot;.ky&quot;],&quot;alpha2Code&quot;:&quot;KY&quot;,&quot;alpha3Code&quot;:&quot;CYM&quot;,&quot;callingCodes&quot;:[&quot;1345&quot;],&quot;capital&quot;:&quot;George Town&quot;,&quot;altSpellings&quot;:[&quot;KY&quot;],&quot;region&quot;:&quot;Americas&quot;,&quot;subregion&quot;:&quot;Caribbean&quot;,&quot;population&quot;:58238,&quot;latlng&quot;:[19.5,-80.5],&quot;demonym&quot;:&quot;Caymanian&quot;,&quot;area&quot;:264.0,&quot;gini&quot;:null,&quot;timezones&quot;:[&quot;UTC-05:00&quot;],&quot;borders&quot;:[],&quot;nativeName&quot;:&quot;Cayman Islands&quot;,&quot;numericCode&quot;:&quot;136&quot;,&quot;currencies&quot;:[{&quot;code&quot;:&quot;KYD&quot;,&quot;name&quot;:&quot;Cayman Islands dollar&quot;,&quot;symbol&quot;:&quot;$&quot;}],&quot;languages&quot;:[{&quot;iso639_1&quot;:&quot;en&quot;,&quot;iso639_2&quot;:&quot;eng&quot;,&quot;name&quot;:&quot;English&quot;,&quot;nativeName&quot;:&quot;English&quot;}],&quot;translations&quot;:{&quot;de&quot;:&quot;Kaimaninseln&quot;,&quot;es&quot;:&quot;Islas CaimÃ¡n&quot;,&quot;fr&quot;:&quot;ÃŽles CaÃ¯mans&quot;,&quot;ja&quot;:&quot;ã‚±ã‚¤ãƒžãƒ³è«¸å³¶&quot;,&quot;it&quot;:&quot;Isole Cayman&quot;,&quot;br&quot;:&quot;Ilhas Cayman&quot;,&quot;pt&quot;:&quot;Ilhas CaimÃ£o&quot;,&quot;nl&quot;:&quot;Caymaneilanden&quot;,&quot;hr&quot;:&quot;Kajmanski otoci&quot;,&quot;fa&quot;:&quot;Ø¬Ø²Ø§ÛŒØ± Ú©ÛŒÙ…Ù†&quot;},&quot;flag&quot;:&quot;https://restcountries.eu/data/cym.svg&quot;,&quot;regionalBlocs&quot;:[],&quot;cioc&quot;:&quot;CAY&quot;},{&quot;name&quot;:&quot;Central African Republic&quot;,&quot;topLevelDomain&quot;:[&quot;.cf&quot;],&quot;alpha2Code&quot;:&quot;CF&quot;,&quot;alpha3Code&quot;:&quot;CAF&quot;,&quot;callingCodes&quot;:[&quot;236&quot;],&quot;capital&quot;:&quot;Bangui&quot;,&quot;altSpellings&quot;:[&quot;CF&quot;,&quot;Central African Republic&quot;,&quot;RÃ©publique centrafricaine&quot;],&quot;region&quot;:&quot;Africa&quot;,&quot;subregion&quot;:&quot;Middle Africa&quot;,&quot;population&quot;:4998000,&quot;latlng&quot;:[7.0,21.0],&quot;demonym&quot;:&quot;Central African&quot;,&quot;area&quot;:622984.0,&quot;gini&quot;:56.3,&quot;timezones&quot;:[&quot;UTC+01:00&quot;],&quot;borders&quot;:[&quot;CMR&quot;,&quot;TCD&quot;,&quot;COD&quot;,&quot;COG&quot;,&quot;SSD&quot;,&quot;SDN&quot;],&quot;nativeName&quot;:&quot;KÃ¶dÃ¶rÃ¶sÃªse tÃ® BÃªafrÃ®ka&quot;,&quot;numericCode&quot;:&quot;140&quot;,&quot;currencies&quot;:[{&quot;code&quot;:&quot;XAF&quot;,&quot;name&quot;:&quot;Central African CFA franc&quot;,&quot;symbol&quot;:&quot;Fr&quot;}],&quot;languages&quot;:[{&quot;iso639_1&quot;:&quot;fr&quot;,&quot;iso639_2&quot;:&quot;fra&quot;,&quot;name&quot;:&quot;French&quot;,&quot;nativeName&quot;:&quot;franÃ§ais&quot;},{&quot;iso639_1&quot;:&quot;sg&quot;,&quot;iso639_2&quot;:&quot;sag&quot;,&quot;name&quot;:&quot;Sango&quot;,&quot;nativeName&quot;:&quot;yÃ¢ngÃ¢ tÃ® sÃ¤ngÃ¶&quot;}],&quot;translations&quot;:{&quot;de&quot;:&quot;Zentralafrikanische Republik&quot;,&quot;es&quot;:&quot;RepÃºblica Centroafricana&quot;,&quot;fr&quot;:&quot;RÃ©publique centrafricaine&quot;,&quot;ja&quot;:&quot;ä¸­å¤®ã‚¢ãƒ•ãƒªã‚«å…±å’Œå›½&quot;,&quot;it&quot;:&quot;Repubblica Centrafricana&quot;,&quot;br&quot;:&quot;RepÃºblica Centro-Africana&quot;,&quot;pt&quot;:&quot;RepÃºblica Centro-Africana&quot;,&quot;nl&quot;:&quot;Centraal-Afrikaanse Republiek&quot;,&quot;hr&quot;:&quot;SrednjoafriÄ�ka Republika&quot;,&quot;fa&quot;:&quot;Ø¬Ù…Ù‡ÙˆØ±ÛŒ Ø¢Ù�Ø±ÛŒÙ‚Ø§ÛŒ Ù…Ø±Ú©Ø²ÛŒ&quot;},&quot;flag&quot;:&quot;https://restcountries.eu/data/caf.svg&quot;,&quot;regionalBlocs&quot;:[{&quot;acronym&quot;:&quot;AU&quot;,&quot;name&quot;:&quot;African Union&quot;,&quot;otherAcronyms&quot;:[],&quot;otherNames&quot;:[&quot;Ø§Ù„Ø§ØªØ­Ø§Ø¯ Ø§Ù„Ø£Ù�Ø±ÙŠÙ‚ÙŠ&quot;,&quot;Union africaine&quot;,&quot;UniÃ£o Africana&quot;,&quot;UniÃ³n Africana&quot;,&quot;Umoja wa Afrika&quot;]}],&quot;cioc&quot;:&quot;CAF&quot;},{&quot;name&quot;:&quot;Chad&quot;,&quot;topLevelDomain&quot;:[&quot;.td&quot;],&quot;alpha2Code&quot;:&quot;TD&quot;,&quot;alpha3Code&quot;:&quot;TCD&quot;,&quot;callingCodes&quot;:[&quot;235&quot;],&quot;capital&quot;:&quot;N&apos;Djamena&quot;,&quot;altSpellings&quot;:[&quot;TD&quot;,&quot;Tchad&quot;,&quot;Republic of Chad&quot;,&quot;RÃ©publique du Tchad&quot;],&quot;region&quot;:&quot;Africa&quot;,&quot;subregion&quot;:&quot;Middle Africa&quot;,&quot;population&quot;:14497000,&quot;latlng&quot;:[15.0,19.0],&quot;demonym&quot;:&quot;Chadian&quot;,&quot;area&quot;:1284000.0,&quot;gini&quot;:39.8,&quot;timezones&quot;:[&quot;UTC+01:00&quot;],&quot;borders&quot;:[&quot;CMR&quot;,&quot;CAF&quot;,&quot;LBY&quot;,&quot;NER&quot;,&quot;NGA&quot;,&quot;SSD&quot;],&quot;nativeName&quot;:&quot;Tchad&quot;,&quot;numericCode&quot;:&quot;148&quot;,&quot;currencies&quot;:[{&quot;code&quot;:&quot;XAF&quot;,&quot;name&quot;:&quot;Central African CFA franc&quot;,&quot;symbol&quot;:&quot;Fr&quot;}],&quot;languages&quot;:[{&quot;iso639_1&quot;:&quot;fr&quot;,&quot;iso639_2&quot;:&quot;fra&quot;,&quot;name&quot;:&quot;French&quot;,&quot;nativeName&quot;:&quot;franÃ§ais&quot;},{&quot;iso639_1&quot;:&quot;ar&quot;,&quot;iso639_2&quot;:&quot;ara&quot;,&quot;name&quot;:&quot;Arabic&quot;,&quot;nativeName&quot;:&quot;Ø§Ù„Ø¹Ø±Ø¨ÙŠØ©&quot;}],&quot;translations&quot;:{&quot;de&quot;:&quot;Tschad&quot;,&quot;es&quot;:&quot;Chad&quot;,&quot;fr&quot;:&quot;Tchad&quot;,&quot;ja&quot;:&quot;ãƒ�ãƒ£ãƒ‰&quot;,&quot;it&quot;:&quot;Ciad&quot;,&quot;br&quot;:&quot;Chade&quot;,&quot;pt&quot;:&quot;Chade&quot;,&quot;nl&quot;:&quot;Tsjaad&quot;,&quot;hr&quot;:&quot;ÄŒad&quot;,&quot;fa&quot;:&quot;Ú†Ø§Ø¯&quot;},&quot;flag&quot;:&quot;https://restcountries.eu/data/tcd.svg&quot;,&quot;regionalBlocs&quot;:[{&quot;acronym&quot;:&quot;AU&quot;,&quot;name&quot;:&quot;African Union&quot;,&quot;otherAcronyms&quot;:[],&quot;otherNames&quot;:[&quot;Ø§Ù„Ø§ØªØ­Ø§Ø¯ Ø§Ù„Ø£Ù�Ø±ÙŠÙ‚ÙŠ&quot;,&quot;Union africaine&quot;,&quot;UniÃ£o Africana&quot;,&quot;UniÃ³n Africana&quot;,&quot;Umoja wa Afrika&quot;]}],&quot;cioc&quot;:&quot;CHA&quot;},{&quot;name&quot;:&quot;Chile&quot;,&quot;topLevelDomain&quot;:[&quot;.cl&quot;],&quot;alpha2Code&quot;:&quot;CL&quot;,&quot;alpha3Code&quot;:&quot;CHL&quot;,&quot;callingCodes&quot;:[&quot;56&quot;],&quot;capital&quot;:&quot;Santiago&quot;,&quot;altSpellings&quot;:[&quot;CL&quot;,&quot;Republic of Chile&quot;,&quot;RepÃºblica de Chile&quot;],&quot;region&quot;:&quot;Americas&quot;,&quot;subregion&quot;:&quot;South America&quot;,&quot;population&quot;:18191900,&quot;latlng&quot;:[-30.0,-71.0],&quot;demonym&quot;:&quot;Chilean&quot;,&quot;area&quot;:756102.0,&quot;gini&quot;:52.1,&quot;timezones&quot;:[&quot;UTC-06:00&quot;,&quot;UTC-04:00&quot;],&quot;borders&quot;:[&quot;ARG&quot;,&quot;BOL&quot;,&quot;PER&quot;],&quot;nativeName&quot;:&quot;Chile&quot;,&quot;numericCode&quot;:&quot;152&quot;,&quot;currencies&quot;:[{&quot;code&quot;:&quot;CLP&quot;,&quot;name&quot;:&quot;Chilean peso&quot;,&quot;symbol&quot;:&quot;$&quot;}],&quot;languages&quot;:[{&quot;iso639_1&quot;:&quot;es&quot;,&quot;iso639_2&quot;:&quot;spa&quot;,&quot;name&quot;:&quot;Spanish&quot;,&quot;nativeName&quot;:&quot;EspaÃ±ol&quot;}],&quot;translations&quot;:{&quot;de&quot;:&quot;Chile&quot;,&quot;es&quot;:&quot;Chile&quot;,&quot;fr&quot;:&quot;Chili&quot;,&quot;ja&quot;:&quot;ãƒ�ãƒª&quot;,&quot;it&quot;:&quot;Cile&quot;,&quot;br&quot;:&quot;Chile&quot;,&quot;pt&quot;:&quot;Chile&quot;,&quot;nl&quot;:&quot;Chili&quot;,&quot;hr&quot;:&quot;ÄŒile&quot;,&quot;fa&quot;:&quot;Ø´ÛŒÙ„ÛŒ&quot;},&quot;flag&quot;:&quot;https://restcountries.eu/data/chl.svg&quot;,&quot;regionalBlocs&quot;:[{&quot;acronym&quot;:&quot;PA&quot;,&quot;name&quot;:&quot;Pacific Alliance&quot;,&quot;otherAcronyms&quot;:[],&quot;otherNames&quot;:[&quot;Alianza del PacÃ­fico&quot;]},{&quot;acronym&quot;:&quot;USAN&quot;,&quot;name&quot;:&quot;Union of South American Nations&quot;,&quot;otherAcronyms&quot;:[&quot;UNASUR&quot;,&quot;UNASUL&quot;,&quot;UZAN&quot;],&quot;otherNames&quot;:[&quot;UniÃ³n de Naciones Suramericanas&quot;,&quot;UniÃ£o de NaÃ§Ãµes Sul-Americanas&quot;,&quot;Unie van Zuid-Amerikaanse Naties&quot;,&quot;South American Union&quot;]}],&quot;cioc&quot;:&quot;CHI&quot;},{&quot;name&quot;:&quot;China&quot;,&quot;topLevelDomain&quot;:[&quot;.cn&quot;],&quot;alpha2Code&quot;:&quot;CN&quot;,&quot;alpha3Code&quot;:&quot;CHN&quot;,&quot;callingCodes&quot;:[&quot;86&quot;],&quot;capital&quot;:&quot;Beijing&quot;,&quot;altSpellings&quot;:[&quot;CN&quot;,&quot;ZhÅ�ngguÃ³&quot;,&quot;Zhongguo&quot;,&quot;Zhonghua&quot;,&quot;People&apos;s Republic of China&quot;,&quot;ä¸­å�Žäººæ°‘å…±å’Œå›½&quot;,&quot;ZhÅ�nghuÃ¡ RÃ©nmÃ­n GÃ²nghÃ©guÃ³&quot;],&quot;region&quot;:&quot;Asia&quot;,&quot;subregion&quot;:&quot;Eastern Asia&quot;,&quot;population&quot;:1377422166,&quot;latlng&quot;:[35.0,105.0],&quot;demonym&quot;:&quot;Chinese&quot;,&quot;area&quot;:9640011.0,&quot;gini&quot;:47.0,&quot;timezones&quot;:[&quot;UTC+08:00&quot;],&quot;borders&quot;:[&quot;AFG&quot;,&quot;BTN&quot;,&quot;MMR&quot;,&quot;HKG&quot;,&quot;IND&quot;,&quot;KAZ&quot;,&quot;PRK&quot;,&quot;KGZ&quot;,&quot;LAO&quot;,&quot;MAC&quot;,&quot;MNG&quot;,&quot;PAK&quot;,&quot;RUS&quot;,&quot;TJK&quot;,&quot;VNM&quot;],&quot;nativeName&quot;:&quot;ä¸­å›½&quot;,&quot;numericCode&quot;:&quot;156&quot;,&quot;currencies&quot;:[{&quot;code&quot;:&quot;CNY&quot;,&quot;name&quot;:&quot;Chinese yuan&quot;,&quot;symbol&quot;:&quot;Â¥&quot;}],&quot;languages&quot;:[{&quot;iso639_1&quot;:&quot;zh&quot;,&quot;iso639_2&quot;:&quot;zho&quot;,&quot;name&quot;:&quot;Chinese&quot;,&quot;nativeName&quot;:&quot;ä¸­æ–‡ (ZhÅ�ngwÃ©n)&quot;}],&quot;translations&quot;:{&quot;de&quot;:&quot;China&quot;,&quot;es&quot;:&quot;China&quot;,&quot;fr&quot;:&quot;Chine&quot;,&quot;ja&quot;:&quot;ä¸­å›½&quot;,&quot;it&quot;:&quot;Cina&quot;,&quot;br&quot;:&quot;China&quot;,&quot;pt&quot;:&quot;China&quot;,&quot;nl&quot;:&quot;China&quot;,&quot;hr&quot;:&quot;Kina&quot;,&quot;fa&quot;:&quot;Ú†ÛŒÙ†&quot;},&quot;flag&quot;:&quot;https://restcountries.eu/data/chn.svg&quot;,&quot;regionalBlocs&quot;:[],&quot;cioc&quot;:&quot;CHN&quot;},{&quot;name&quot;:&quot;Christmas Island&quot;,&quot;topLevelDomain&quot;:[&quot;.cx&quot;],&quot;alpha2Code&quot;:&quot;CX&quot;,&quot;alpha3Code&quot;:&quot;CXR&quot;,&quot;callingCodes&quot;:[&quot;61&quot;],&quot;capital&quot;:&quot;Flying Fish Cove&quot;,&quot;altSpellings&quot;:[&quot;CX&quot;,&quot;Territory of Christmas Island&quot;],&quot;region&quot;:&quot;Oceania&quot;,&quot;subregion&quot;:&quot;Australia and New Zealand&quot;,&quot;population&quot;:2072,&quot;latlng&quot;:[-10.5,105.66666666],&quot;demonym&quot;:&quot;Christmas Island&quot;,&quot;area&quot;:135.0,&quot;gini&quot;:null,&quot;timezones&quot;:[&quot;UTC+07:00&quot;],&quot;borders&quot;:[],&quot;nativeName&quot;:&quot;Christmas Island&quot;,&quot;numericCode&quot;:&quot;162&quot;,&quot;currencies&quot;:[{&quot;code&quot;:&quot;AUD&quot;,&quot;name&quot;:&quot;Australian dollar&quot;,&quot;symbol&quot;:&quot;$&quot;}],&quot;languages&quot;:[{&quot;iso639_1&quot;:&quot;en&quot;,&quot;iso639_2&quot;:&quot;eng&quot;,&quot;name&quot;:&quot;English&quot;,&quot;nativeName&quot;:&quot;English&quot;}],&quot;translations&quot;:{&quot;de&quot;:&quot;Weihnachtsinsel&quot;,&quot;es&quot;:&quot;Isla de Navidad&quot;,&quot;fr&quot;:&quot;ÃŽle Christmas&quot;,&quot;ja&quot;:&quot;ã‚¯ãƒªã‚¹ãƒžã‚¹å³¶&quot;,&quot;it&quot;:&quot;Isola di Natale&quot;,&quot;br&quot;:&quot;Ilha Christmas&quot;,&quot;pt&quot;:&quot;Ilha do Natal&quot;,&quot;nl&quot;:&quot;Christmaseiland&quot;,&quot;hr&quot;:&quot;BoÅ¾iÄ‡ni otok&quot;,&quot;fa&quot;:&quot;Ø¬Ø²ÛŒØ±Ù‡ Ú©Ø±ÛŒØ³Ù…Ø³&quot;},&quot;flag&quot;:&quot;https://restcountries.eu/data/cxr.svg&quot;,&quot;regionalBlocs&quot;:[],&quot;cioc&quot;:&quot;&quot;},{&quot;name&quot;:&quot;Cocos (Keeling) Islands&quot;,&quot;topLevelDomain&quot;:[&quot;.cc&quot;],&quot;alpha2Code&quot;:&quot;CC&quot;,&quot;alpha3Code&quot;:&quot;CCK&quot;,&quot;callingCodes&quot;:[&quot;61&quot;],&quot;capital&quot;:&quot;West Island&quot;,&quot;altSpellings&quot;:[&quot;CC&quot;,&quot;Territory of the Cocos (Keeling) Islands&quot;,&quot;Keeling Islands&quot;],&quot;region&quot;:&quot;Oceania&quot;,&quot;subregion&quot;:&quot;Australia and New Zealand&quot;,&quot;population&quot;:550,&quot;latlng&quot;:[-12.5,96.83333333],&quot;demonym&quot;:&quot;Cocos Islander&quot;,&quot;area&quot;:14.0,&quot;gini&quot;:null,&quot;timezones&quot;:[&quot;UTC+06:30&quot;],&quot;borders&quot;:[],&quot;nativeName&quot;:&quot;Cocos (Keeling) Islands&quot;,&quot;numericCode&quot;:&quot;166&quot;,&quot;currencies&quot;:[{&quot;code&quot;:&quot;AUD&quot;,&quot;name&quot;:&quot;Australian dollar&quot;,&quot;symbol&quot;:&quot;$&quot;}],&quot;languages&quot;:[{&quot;iso639_1&quot;:&quot;en&quot;,&quot;iso639_2&quot;:&quot;eng&quot;,&quot;name&quot;:&quot;English&quot;,&quot;nativeName&quot;:&quot;English&quot;}],&quot;translations&quot;:{&quot;de&quot;:&quot;Kokosinseln&quot;,&quot;es&quot;:&quot;Islas Cocos o Islas Keeling&quot;,&quot;fr&quot;:&quot;ÃŽles Cocos&quot;,&quot;ja&quot;:&quot;ã‚³ã‚³ã‚¹ï¼ˆã‚­ãƒ¼ãƒªãƒ³ã‚°ï¼‰è«¸å³¶&quot;,&quot;it&quot;:&quot;Isole Cocos e Keeling&quot;,&quot;br&quot;:&quot;Ilhas Cocos&quot;,&quot;pt&quot;:&quot;Ilhas dos Cocos&quot;,&quot;nl&quot;:&quot;Cocoseilanden&quot;,&quot;hr&quot;:&quot;Kokosovi Otoci&quot;,&quot;fa&quot;:&quot;Ø¬Ø²Ø§ÛŒØ± Ú©ÙˆÚ©ÙˆØ³&quot;},&quot;flag&quot;:&quot;https://restcountries.eu/data/cck.svg&quot;,&quot;regionalBlocs&quot;:[],&quot;cioc&quot;:&quot;&quot;},{&quot;name&quot;:&quot;Colombia&quot;,&quot;topLevelDomain&quot;:[&quot;.co&quot;],&quot;alpha2Code&quot;:&quot;CO&quot;,&quot;alpha3Code&quot;:&quot;COL&quot;,&quot;callingCodes&quot;:[&quot;57&quot;],&quot;capital&quot;:&quot;BogotÃ¡&quot;,&quot;altSpellings&quot;:[&quot;CO&quot;,&quot;Republic of Colombia&quot;,&quot;RepÃºblica de Colombia&quot;],&quot;region&quot;:&quot;Americas&quot;,&quot;subregion&quot;:&quot;South America&quot;,&quot;population&quot;:48759958,&quot;latlng&quot;:[4.0,-72.0],&quot;demonym&quot;:&quot;Colombian&quot;,&quot;area&quot;:1141748.0,&quot;gini&quot;:55.9,&quot;timezones&quot;:[&quot;UTC-05:00&quot;],&quot;borders&quot;:[&quot;BRA&quot;,&quot;ECU&quot;,&quot;PAN&quot;,&quot;PER&quot;,&quot;VEN&quot;],&quot;nativeName&quot;:&quot;Colombia&quot;,&quot;numericCode&quot;:&quot;170&quot;,&quot;currencies&quot;:[{&quot;code&quot;:&quot;COP&quot;,&quot;name&quot;:&quot;Colombian peso&quot;,&quot;symbol&quot;:&quot;$&quot;}],&quot;languages&quot;:[{&quot;iso639_1&quot;:&quot;es&quot;,&quot;iso639_2&quot;:&quot;spa&quot;,&quot;name&quot;:&quot;Spanish&quot;,&quot;nativeName&quot;:&quot;EspaÃ±ol&quot;}],&quot;translations&quot;:{&quot;de&quot;:&quot;Kolumbien&quot;,&quot;es&quot;:&quot;Colombia&quot;,&quot;fr&quot;:&quot;Colombie&quot;,&quot;ja&quot;:&quot;ã‚³ãƒ­ãƒ³ãƒ“ã‚¢&quot;,&quot;it&quot;:&quot;Colombia&quot;,&quot;br&quot;:&quot;ColÃ´mbia&quot;,&quot;pt&quot;:&quot;ColÃ´mbia&quot;,&quot;nl&quot;:&quot;Colombia&quot;,&quot;hr&quot;:&quot;Kolumbija&quot;,&quot;fa&quot;:&quot;Ú©Ù„Ù…Ø¨ÛŒØ§&quot;},&quot;flag&quot;:&quot;https://restcountries.eu/data/col.svg&quot;,&quot;regionalBlocs&quot;:[{&quot;acronym&quot;:&quot;PA&quot;,&quot;name&quot;:&quot;Pacific Alliance&quot;,&quot;otherAcronyms&quot;:[],&quot;otherNames&quot;:[&quot;Alianza del PacÃ­fico&quot;]},{&quot;acronym&quot;:&quot;USAN&quot;,&quot;name&quot;:&quot;Union of South American Nations&quot;,&quot;otherAcronyms&quot;:[&quot;UNASUR&quot;,&quot;UNASUL&quot;,&quot;UZAN&quot;],&quot;otherNames&quot;:[&quot;UniÃ³n de Naciones Suramericanas&quot;,&quot;UniÃ£o de NaÃ§Ãµes Sul-Americanas&quot;,&quot;Unie van Zuid-Amerikaanse Naties&quot;,&quot;South American Union&quot;]}],&quot;cioc&quot;:&quot;COL&quot;},{&quot;name&quot;:&quot;Comoros&quot;,&quot;topLevelDomain&quot;:[&quot;.km&quot;],&quot;alpha2Code&quot;:&quot;KM&quot;,&quot;alpha3Code&quot;:&quot;COM&quot;,&quot;callingCodes&quot;:[&quot;269&quot;],&quot;capital&quot;:&quot;Moroni&quot;,&quot;altSpellings&quot;:[&quot;KM&quot;,&quot;Union of the Comoros&quot;,&quot;Union des Comores&quot;,&quot;Udzima wa Komori&quot;,&quot;al-Ittiá¸¥Ä�d al-QumurÄ«&quot;],&quot;region&quot;:&quot;Africa&quot;,&quot;subregion&quot;:&quot;Eastern Africa&quot;,&quot;population&quot;:806153,&quot;latlng&quot;:[-12.16666666,44.25],&quot;demonym&quot;:&quot;Comoran&quot;,&quot;area&quot;:1862.0,&quot;gini&quot;:64.3,&quot;timezones&quot;:[&quot;UTC+03:00&quot;],&quot;borders&quot;:[],&quot;nativeName&quot;:&quot;Komori&quot;,&quot;numericCode&quot;:&quot;174&quot;,&quot;currencies&quot;:[{&quot;code&quot;:&quot;KMF&quot;,&quot;name&quot;:&quot;Comorian franc&quot;,&quot;symbol&quot;:&quot;Fr&quot;}],&quot;languages&quot;:[{&quot;iso639_1&quot;:&quot;ar&quot;,&quot;iso639_2&quot;:&quot;ara&quot;,&quot;name&quot;:&quot;Arabic&quot;,&quot;nativeName&quot;:&quot;Ø§Ù„Ø¹Ø±Ø¨ÙŠØ©&quot;},{&quot;iso639_1&quot;:&quot;fr&quot;,&quot;iso639_2&quot;:&quot;fra&quot;,&quot;name&quot;:&quot;French&quot;,&quot;nativeName&quot;:&quot;franÃ§ais&quot;}],&quot;translations&quot;:{&quot;de&quot;:&quot;Union der Komoren&quot;,&quot;es&quot;:&quot;Comoras&quot;,&quot;fr&quot;:&quot;Comores&quot;,&quot;ja&quot;:&quot;ã‚³ãƒ¢ãƒ­&quot;,&quot;it&quot;:&quot;Comore&quot;,&quot;br&quot;:&quot;Comores&quot;,&quot;pt&quot;:&quot;Comores&quot;,&quot;nl&quot;:&quot;Comoren&quot;,&quot;hr&quot;:&quot;Komori&quot;,&quot;fa&quot;:&quot;Ú©ÙˆÙ…ÙˆØ±&quot;},&quot;flag&quot;:&quot;https://restcountries.eu/data/com.svg&quot;,&quot;regionalBlocs&quot;:[{&quot;acronym&quot;:&quot;AU&quot;,&quot;name&quot;:&quot;African Union&quot;,&quot;otherAcronyms&quot;:[],&quot;otherNames&quot;:[&quot;Ø§Ù„Ø§ØªØ­Ø§Ø¯ Ø§Ù„Ø£Ù�Ø±ÙŠÙ‚ÙŠ&quot;,&quot;Union africaine&quot;,&quot;UniÃ£o Africana&quot;,&quot;UniÃ³n Africana&quot;,&quot;Umoja wa Afrika&quot;]},{&quot;acronym&quot;:&quot;AL&quot;,&quot;name&quot;:&quot;Arab League&quot;,&quot;otherAcronyms&quot;:[],&quot;otherNames&quot;:[&quot;Ø¬Ø§Ù…Ø¹Ø© Ø§Ù„Ø¯ÙˆÙ„ Ø§Ù„Ø¹Ø±Ø¨ÙŠØ©&quot;,&quot;JÄ�miÊ»at ad-Duwal al-Ê»ArabÄ«yah&quot;,&quot;League of Arab States&quot;]}],&quot;cioc&quot;:&quot;COM&quot;},{&quot;name&quot;:&quot;Congo&quot;,&quot;topLevelDomain&quot;:[&quot;.cg&quot;],&quot;alpha2Code&quot;:&quot;CG&quot;,&quot;alpha3Code&quot;:&quot;COG&quot;,&quot;callingCodes&quot;:[&quot;242&quot;],&quot;capital&quot;:&quot;Brazzaville&quot;,&quot;altSpellings&quot;:[&quot;CG&quot;,&quot;Congo-Brazzaville&quot;],&quot;region&quot;:&quot;Africa&quot;,&quot;subregion&quot;:&quot;Middle Africa&quot;,&quot;population&quot;:4741000,&quot;latlng&quot;:[-1.0,15.0],&quot;demonym&quot;:&quot;Congolese&quot;,&quot;area&quot;:342000.0,&quot;gini&quot;:47.3,&quot;timezones&quot;:[&quot;UTC+01:00&quot;],&quot;borders&quot;:[&quot;AGO&quot;,&quot;CMR&quot;,&quot;CAF&quot;,&quot;COD&quot;,&quot;GAB&quot;],&quot;nativeName&quot;:&quot;RÃ©publique du Congo&quot;,&quot;numericCode&quot;:&quot;178&quot;,&quot;currencies&quot;:[{&quot;code&quot;:&quot;XAF&quot;,&quot;name&quot;:&quot;Central African CFA franc&quot;,&quot;symbol&quot;:&quot;Fr&quot;}],&quot;languages&quot;:[{&quot;iso639_1&quot;:&quot;fr&quot;,&quot;iso639_2&quot;:&quot;fra&quot;,&quot;name&quot;:&quot;French&quot;,&quot;nativeName&quot;:&quot;franÃ§ais&quot;},{&quot;iso639_1&quot;:&quot;ln&quot;,&quot;iso639_2&quot;:&quot;lin&quot;,&quot;name&quot;:&quot;Lingala&quot;,&quot;nativeName&quot;:&quot;LingÃ¡la&quot;}],&quot;translations&quot;:{&quot;de&quot;:&quot;Kongo&quot;,&quot;es&quot;:&quot;Congo&quot;,&quot;fr&quot;:&quot;Congo&quot;,&quot;ja&quot;:&quot;ã‚³ãƒ³ã‚´å…±å’Œå›½&quot;,&quot;it&quot;:&quot;Congo&quot;,&quot;br&quot;:&quot;Congo&quot;,&quot;pt&quot;:&quot;Congo&quot;,&quot;nl&quot;:&quot;Congo [Republiek]&quot;,&quot;hr&quot;:&quot;Kongo&quot;,&quot;fa&quot;:&quot;Ú©Ù†Ú¯Ùˆ&quot;},&quot;flag&quot;:&quot;https://restcountries.eu/data/cog.svg&quot;,&quot;regionalBlocs&quot;:[{&quot;acronym&quot;:&quot;AU&quot;,&quot;name&quot;:&quot;African Union&quot;,&quot;otherAcronyms&quot;:[],&quot;otherNames&quot;:[&quot;Ø§Ù„Ø§ØªØ­Ø§Ø¯ Ø§Ù„Ø£Ù�Ø±ÙŠÙ‚ÙŠ&quot;,&quot;Union africaine&quot;,&quot;UniÃ£o Africana&quot;,&quot;UniÃ³n Africana&quot;,&quot;Umoja wa Afrika&quot;]}],&quot;cioc&quot;:&quot;CGO&quot;},{&quot;name&quot;:&quot;Congo (Democratic Republic of the)&quot;,&quot;topLevelDomain&quot;:[&quot;.cd&quot;],&quot;alpha2Code&quot;:&quot;CD&quot;,&quot;alpha3Code&quot;:&quot;COD&quot;,&quot;callingCodes&quot;:[&quot;243&quot;],&quot;capital&quot;:&quot;Kinshasa&quot;,&quot;altSpellings&quot;:[&quot;CD&quot;,&quot;DR Congo&quot;,&quot;Congo-Kinshasa&quot;,&quot;DRC&quot;],&quot;region&quot;:&quot;Africa&quot;,&quot;subregion&quot;:&quot;Middle Africa&quot;,&quot;population&quot;:85026000,&quot;latlng&quot;:[0.0,25.0],&quot;demonym&quot;:&quot;Congolese&quot;,&quot;area&quot;:2344858.0,&quot;gini&quot;:null,&quot;timezones&quot;:[&quot;UTC+01:00&quot;,&quot;UTC+02:00&quot;],&quot;borders&quot;:[&quot;AGO&quot;,&quot;BDI&quot;,&quot;CAF&quot;,&quot;COG&quot;,&quot;RWA&quot;,&quot;SSD&quot;,&quot;TZA&quot;,&quot;UGA&quot;,&quot;ZMB&quot;],&quot;nativeName&quot;:&quot;RÃ©publique dÃ©mocratique du Congo&quot;,&quot;numericCode&quot;:&quot;180&quot;,&quot;currencies&quot;:[{&quot;code&quot;:&quot;CDF&quot;,&quot;name&quot;:&quot;Congolese franc&quot;,&quot;symbol&quot;:&quot;Fr&quot;}],&quot;languages&quot;:[{&quot;iso639_1&quot;:&quot;fr&quot;,&quot;iso639_2&quot;:&quot;fra&quot;,&quot;name&quot;:&quot;French&quot;,&quot;nativeName&quot;:&quot;franÃ§ais&quot;},{&quot;iso639_1&quot;:&quot;ln&quot;,&quot;iso639_2&quot;:&quot;lin&quot;,&quot;name&quot;:&quot;Lingala&quot;,&quot;nativeName&quot;:&quot;LingÃ¡la&quot;},{&quot;iso639_1&quot;:&quot;kg&quot;,&quot;iso639_2&quot;:&quot;kon&quot;,&quot;name&quot;:&quot;Kongo&quot;,&quot;nativeName&quot;:&quot;Kikongo&quot;},{&quot;iso639_1&quot;:&quot;sw&quot;,&quot;iso639_2&quot;:&quot;swa&quot;,&quot;name&quot;:&quot;Swahili&quot;,&quot;nativeName&quot;:&quot;Kiswahili&quot;},{&quot;iso639_1&quot;:&quot;lu&quot;,&quot;iso639_2&quot;:&quot;lub&quot;,&quot;name&quot;:&quot;Luba-Katanga&quot;,&quot;nativeName&quot;:&quot;Tshiluba&quot;}],&quot;translations&quot;:{&quot;de&quot;:&quot;Kongo (Dem. Rep.)&quot;,&quot;es&quot;:&quot;Congo (Rep. Dem.)&quot;,&quot;fr&quot;:&quot;Congo (RÃ©p. dÃ©m.)&quot;,&quot;ja&quot;:&quot;ã‚³ãƒ³ã‚´æ°‘ä¸»å…±å’Œå›½&quot;,&quot;it&quot;:&quot;Congo (Rep. Dem.)&quot;,&quot;br&quot;:&quot;RD Congo&quot;,&quot;pt&quot;:&quot;RD Congo&quot;,&quot;nl&quot;:&quot;Congo [DRC]&quot;,&quot;hr&quot;:&quot;Kongo, Demokratska Republika&quot;,&quot;fa&quot;:&quot;Ø¬Ù…Ù‡ÙˆØ±ÛŒ Ú©Ù†Ú¯Ùˆ&quot;},&quot;flag&quot;:&quot;https://restcountries.eu/data/cod.svg&quot;,&quot;regionalBlocs&quot;:[{&quot;acronym&quot;:&quot;AU&quot;,&quot;name&quot;:&quot;African Union&quot;,&quot;otherAcronyms&quot;:[],&quot;otherNames&quot;:[&quot;Ø§Ù„Ø§ØªØ­Ø§Ø¯ Ø§Ù„Ø£Ù�Ø±ÙŠÙ‚ÙŠ&quot;,&quot;Union africaine&quot;,&quot;UniÃ£o Africana&quot;,&quot;UniÃ³n Africana&quot;,&quot;Umoja wa Afrika&quot;]}],&quot;cioc&quot;:&quot;COD&quot;},{&quot;name&quot;:&quot;Cook Islands&quot;,&quot;topLevelDomain&quot;:[&quot;.ck&quot;],&quot;alpha2Code&quot;:&quot;CK&quot;,&quot;alpha3Code&quot;:&quot;COK&quot;,&quot;callingCodes&quot;:[&quot;682&quot;],&quot;capital&quot;:&quot;Avarua&quot;,&quot;altSpellings&quot;:[&quot;CK&quot;,&quot;KÅ«ki &apos;Ä€irani&quot;],&quot;region&quot;:&quot;Oceania&quot;,&quot;subregion&quot;:&quot;Polynesia&quot;,&quot;population&quot;:18100,&quot;latlng&quot;:[-21.23333333,-159.76666666],&quot;demonym&quot;:&quot;Cook Islander&quot;,&quot;area&quot;:236.0,&quot;gini&quot;:null,&quot;timezones&quot;:[&quot;UTC-10:00&quot;],&quot;borders&quot;:[],&quot;nativeName&quot;:&quot;Cook Islands&quot;,&quot;numericCode&quot;:&quot;184&quot;,&quot;currencies&quot;:[{&quot;code&quot;:&quot;NZD&quot;,&quot;name&quot;:&quot;New Zealand dollar&quot;,&quot;symbol&quot;:&quot;$&quot;},{&quot;code&quot;:&quot;CKD&quot;,&quot;name&quot;:&quot;Cook Islands dollar&quot;,&quot;symbol&quot;:&quot;$&quot;}],&quot;languages&quot;:[{&quot;iso639_1&quot;:&quot;en&quot;,&quot;iso639_2&quot;:&quot;eng&quot;,&quot;name&quot;:&quot;English&quot;,&quot;nativeName&quot;:&quot;English&quot;}],&quot;translations&quot;:{&quot;de&quot;:&quot;Cookinseln&quot;,&quot;es&quot;:&quot;Islas Cook&quot;,&quot;fr&quot;:&quot;ÃŽles Cook&quot;,&quot;ja&quot;:&quot;ã‚¯ãƒƒã‚¯è«¸å³¶&quot;,&quot;it&quot;:&quot;Isole Cook&quot;,&quot;br&quot;:&quot;Ilhas Cook&quot;,&quot;pt&quot;:&quot;Ilhas Cook&quot;,&quot;nl&quot;:&quot;Cookeilanden&quot;,&quot;hr&quot;:&quot;Cookovo OtoÄ�je&quot;,&quot;fa&quot;:&quot;Ø¬Ø²Ø§ÛŒØ± Ú©ÙˆÚ©&quot;},&quot;flag&quot;:&quot;https://restcountries.eu/data/cok.svg&quot;,&quot;regionalBlocs&quot;:[],&quot;cioc&quot;:&quot;COK&quot;},{&quot;name&quot;:&quot;Costa Rica&quot;,&quot;topLevelDomain&quot;:[&quot;.cr&quot;],&quot;alpha2Code&quot;:&quot;CR&quot;,&quot;alpha3Code&quot;:&quot;CRI&quot;,&quot;callingCodes&quot;:[&quot;506&quot;],&quot;capital&quot;:&quot;San JosÃ©&quot;,&quot;altSpellings&quot;:[&quot;CR&quot;,&quot;Republic of Costa Rica&quot;,&quot;RepÃºblica de Costa Rica&quot;],&quot;region&quot;:&quot;Americas&quot;,&quot;subregion&quot;:&quot;Central America&quot;,&quot;population&quot;:4890379,&quot;latlng&quot;:[10.0,-84.0],&quot;demonym&quot;:&quot;Costa Rican&quot;,&quot;area&quot;:51100.0,&quot;gini&quot;:50.7,&quot;timezones&quot;:[&quot;UTC-06:00&quot;],&quot;borders&quot;:[&quot;NIC&quot;,&quot;PAN&quot;],&quot;nativeName&quot;:&quot;Costa Rica&quot;,&quot;numericCode&quot;:&quot;188&quot;,&quot;currencies&quot;:[{&quot;code&quot;:&quot;CRC&quot;,&quot;name&quot;:&quot;Costa Rican colÃ³n&quot;,&quot;symbol&quot;:&quot;â‚¡&quot;}],&quot;languages&quot;:[{&quot;iso639_1&quot;:&quot;es&quot;,&quot;iso639_2&quot;:&quot;spa&quot;,&quot;name&quot;:&quot;Spanish&quot;,&quot;nativeName&quot;:&quot;EspaÃ±ol&quot;}],&quot;translations&quot;:{&quot;de&quot;:&quot;Costa Rica&quot;,&quot;es&quot;:&quot;Costa Rica&quot;,&quot;fr&quot;:&quot;Costa Rica&quot;,&quot;ja&quot;:&quot;ã‚³ã‚¹ã‚¿ãƒªã‚«&quot;,&quot;it&quot;:&quot;Costa Rica&quot;,&quot;br&quot;:&quot;Costa Rica&quot;,&quot;pt&quot;:&quot;Costa Rica&quot;,&quot;nl&quot;:&quot;Costa Rica&quot;,&quot;hr&quot;:&quot;Kostarika&quot;,&quot;fa&quot;:&quot;Ú©Ø§Ø³ØªØ§Ø±ÛŒÚ©Ø§&quot;},&quot;flag&quot;:&quot;https://restcountries.eu/data/cri.svg&quot;,&quot;regionalBlocs&quot;:[{&quot;acronym&quot;:&quot;CAIS&quot;,&quot;name&quot;:&quot;Central American Integration System&quot;,&quot;otherAcronyms&quot;:[&quot;SICA&quot;],&quot;otherNames&quot;:[&quot;Sistema de la IntegraciÃ³n Centroamericana,&quot;]}],&quot;cioc&quot;:&quot;CRC&quot;},{&quot;name&quot;:&quot;Croatia&quot;,&quot;topLevelDomain&quot;:[&quot;.hr&quot;],&quot;alpha2Code&quot;:&quot;HR&quot;,&quot;alpha3Code&quot;:&quot;HRV&quot;,&quot;callingCodes&quot;:[&quot;385&quot;],&quot;capital&quot;:&quot;Zagreb&quot;,&quot;altSpellings&quot;:[&quot;HR&quot;,&quot;Hrvatska&quot;,&quot;Republic of Croatia&quot;,&quot;Republika Hrvatska&quot;],&quot;region&quot;:&quot;Europe&quot;,&quot;subregion&quot;:&quot;Southern Europe&quot;,&quot;population&quot;:4190669,&quot;latlng&quot;:[45.16666666,15.5],&quot;demonym&quot;:&quot;Croatian&quot;,&quot;area&quot;:56594.0,&quot;gini&quot;:33.7,&quot;timezones&quot;:[&quot;UTC+01:00&quot;],&quot;borders&quot;:[&quot;BIH&quot;,&quot;HUN&quot;,&quot;MNE&quot;,&quot;SRB&quot;,&quot;SVN&quot;],&quot;nativeName&quot;:&quot;Hrvatska&quot;,&quot;numericCode&quot;:&quot;191&quot;,&quot;currencies&quot;:[{&quot;code&quot;:&quot;HRK&quot;,&quot;name&quot;:&quot;Croatian kuna&quot;,&quot;symbol&quot;:&quot;kn&quot;}],&quot;languages&quot;:[{&quot;iso639_1&quot;:&quot;hr&quot;,&quot;iso639_2&quot;:&quot;hrv&quot;,&quot;name&quot;:&quot;Croatian&quot;,&quot;nativeName&quot;:&quot;hrvatski jezik&quot;}],&quot;translations&quot;:{&quot;de&quot;:&quot;Kroatien&quot;,&quot;es&quot;:&quot;Croacia&quot;,&quot;fr&quot;:&quot;Croatie&quot;,&quot;ja&quot;:&quot;ã‚¯ãƒ­ã‚¢ãƒ�ã‚¢&quot;,&quot;it&quot;:&quot;Croazia&quot;,&quot;br&quot;:&quot;CroÃ¡cia&quot;,&quot;pt&quot;:&quot;CroÃ¡cia&quot;,&quot;nl&quot;:&quot;KroatiÃ«&quot;,&quot;hr&quot;:&quot;Hrvatska&quot;,&quot;fa&quot;:&quot;Ú©Ø±ÙˆØ§Ø³ÛŒ&quot;},&quot;flag&quot;:&quot;https://restcountries.eu/data/hrv.svg&quot;,&quot;regionalBlocs&quot;:[{&quot;acronym&quot;:&quot;EU&quot;,&quot;name&quot;:&quot;European Union&quot;,&quot;otherAcronyms&quot;:[],&quot;otherNames&quot;:[]}],&quot;cioc&quot;:&quot;CRO&quot;},{&quot;name&quot;:&quot;Cuba&quot;,&quot;topLevelDomain&quot;:[&quot;.cu&quot;],&quot;alpha2Code&quot;:&quot;CU&quot;,&quot;alpha3Code&quot;:&quot;CUB&quot;,&quot;callingCodes&quot;:[&quot;53&quot;],&quot;capital&quot;:&quot;Havana&quot;,&quot;altSpellings&quot;:[&quot;CU&quot;,&quot;Republic of Cuba&quot;,&quot;RepÃºblica de Cuba&quot;],&quot;region&quot;:&quot;Americas&quot;,&quot;subregion&quot;:&quot;Caribbean&quot;,&quot;population&quot;:11239004,&quot;latlng&quot;:[21.5,-80.0],&quot;demonym&quot;:&quot;Cuban&quot;,&quot;area&quot;:109884.0,&quot;gini&quot;:null,&quot;timezones&quot;:[&quot;UTC-05:00&quot;],&quot;borders&quot;:[],&quot;nativeName&quot;:&quot;Cuba&quot;,&quot;numericCode&quot;:&quot;192&quot;,&quot;currencies&quot;:[{&quot;code&quot;:&quot;CUC&quot;,&quot;name&quot;:&quot;Cuban convertible peso&quot;,&quot;symbol&quot;:&quot;$&quot;},{&quot;code&quot;:&quot;CUP&quot;,&quot;name&quot;:&quot;Cuban peso&quot;,&quot;symbol&quot;:&quot;$&quot;}],&quot;languages&quot;:[{&quot;iso639_1&quot;:&quot;es&quot;,&quot;iso639_2&quot;:&quot;spa&quot;,&quot;name&quot;:&quot;Spanish&quot;,&quot;nativeName&quot;:&quot;EspaÃ±ol&quot;}],&quot;translations&quot;:{&quot;de&quot;:&quot;Kuba&quot;,&quot;es&quot;:&quot;Cuba&quot;,&quot;fr&quot;:&quot;Cuba&quot;,&quot;ja&quot;:&quot;ã‚­ãƒ¥ãƒ¼ãƒ�&quot;,&quot;it&quot;:&quot;Cuba&quot;,&quot;br&quot;:&quot;Cuba&quot;,&quot;pt&quot;:&quot;Cuba&quot;,&quot;nl&quot;:&quot;Cuba&quot;,&quot;hr&quot;:&quot;Kuba&quot;,&quot;fa&quot;:&quot;Ú©ÙˆØ¨Ø§&quot;},&quot;flag&quot;:&quot;https://restcountries.eu/data/cub.svg&quot;,&quot;regionalBlocs&quot;:[],&quot;cioc&quot;:&quot;CUB&quot;},{&quot;name&quot;:&quot;CuraÃ§ao&quot;,&quot;topLevelDomain&quot;:[&quot;.cw&quot;],&quot;alpha2Code&quot;:&quot;CW&quot;,&quot;alpha3Code&quot;:&quot;CUW&quot;,&quot;callingCodes&quot;:[&quot;599&quot;],&quot;capital&quot;:&quot;Willemstad&quot;,&quot;altSpellings&quot;:[&quot;CW&quot;,&quot;Curacao&quot;,&quot;KÃ²rsou&quot;,&quot;Country of CuraÃ§ao&quot;,&quot;Land CuraÃ§ao&quot;,&quot;Pais KÃ²rsou&quot;],&quot;region&quot;:&quot;Americas&quot;,&quot;subregion&quot;:&quot;Caribbean&quot;,&quot;population&quot;:154843,&quot;latlng&quot;:[12.116667,-68.933333],&quot;demonym&quot;:&quot;Dutch&quot;,&quot;area&quot;:444.0,&quot;gini&quot;:null,&quot;timezones&quot;:[&quot;UTC-04:00&quot;],&quot;borders&quot;:[],&quot;nativeName&quot;:&quot;CuraÃ§ao&quot;,&quot;numericCode&quot;:&quot;531&quot;,&quot;currencies&quot;:[{&quot;code&quot;:&quot;ANG&quot;,&quot;name&quot;:&quot;Netherlands Antillean guilder&quot;,&quot;symbol&quot;:&quot;Æ’&quot;}],&quot;languages&quot;:[{&quot;iso639_1&quot;:&quot;nl&quot;,&quot;iso639_2&quot;:&quot;nld&quot;,&quot;name&quot;:&quot;Dutch&quot;,&quot;nativeName&quot;:&quot;Nederlands&quot;},{&quot;iso639_1&quot;:&quot;pa&quot;,&quot;iso639_2&quot;:&quot;pan&quot;,&quot;name&quot;:&quot;(Eastern) Punjabi&quot;,&quot;nativeName&quot;:&quot;à¨ªà©°à¨œà¨¾à¨¬à©€&quot;},{&quot;iso639_1&quot;:&quot;en&quot;,&quot;iso639_2&quot;:&quot;eng&quot;,&quot;name&quot;:&quot;English&quot;,&quot;nativeName&quot;:&quot;English&quot;}],&quot;translations&quot;:{&quot;de&quot;:&quot;CuraÃ§ao&quot;,&quot;es&quot;:null,&quot;fr&quot;:&quot;CuraÃ§ao&quot;,&quot;ja&quot;:null,&quot;it&quot;:&quot;CuraÃ§ao&quot;,&quot;br&quot;:&quot;CuraÃ§ao&quot;,&quot;pt&quot;:&quot;CuraÃ§ao&quot;,&quot;nl&quot;:&quot;CuraÃ§ao&quot;,&quot;hr&quot;:null,&quot;fa&quot;:&quot;Ú©ÙˆØ±Ø§Ø³Ø§Ø¦Ùˆ&quot;},&quot;flag&quot;:&quot;https://restcountries.eu/data/cuw.svg&quot;,&quot;regionalBlocs&quot;:[],&quot;cioc&quot;:&quot;&quot;},{&quot;name&quot;:&quot;Cyprus&quot;,&quot;topLevelDomain&quot;:[&quot;.cy&quot;],&quot;alpha2Code&quot;:&quot;CY&quot;,&quot;alpha3Code&quot;:&quot;CYP&quot;,&quot;callingCodes&quot;:[&quot;357&quot;],&quot;capital&quot;:&quot;Nicosia&quot;,&quot;altSpellings&quot;:[&quot;CY&quot;,&quot;KÃ½pros&quot;,&quot;KÄ±brÄ±s&quot;,&quot;Republic of Cyprus&quot;,&quot;ÎšÏ…Ï€Ï�Î¹Î±ÎºÎ® Î”Î·Î¼Î¿ÎºÏ�Î±Ï„Î¯Î±&quot;,&quot;KÄ±brÄ±s Cumhuriyeti&quot;],&quot;region&quot;:&quot;Europe&quot;,&quot;subregion&quot;:&quot;Southern Europe&quot;,&quot;population&quot;:847000,&quot;latlng&quot;:[35.0,33.0],&quot;demonym&quot;:&quot;Cypriot&quot;,&quot;area&quot;:9251.0,&quot;gini&quot;:null,&quot;timezones&quot;:[&quot;UTC+02:00&quot;],&quot;borders&quot;:[&quot;GBR&quot;],&quot;nativeName&quot;:&quot;ÎšÏ�Ï€Ï�Î¿Ï‚&quot;,&quot;numericCode&quot;:&quot;196&quot;,&quot;currencies&quot;:[{&quot;code&quot;:&quot;EUR&quot;,&quot;name&quot;:&quot;Euro&quot;,&quot;symbol&quot;:&quot;â‚¬&quot;}],&quot;languages&quot;:[{&quot;iso639_1&quot;:&quot;el&quot;,&quot;iso639_2&quot;:&quot;ell&quot;,&quot;name&quot;:&quot;Greek (modern)&quot;,&quot;nativeName&quot;:&quot;ÎµÎ»Î»Î·Î½Î¹ÎºÎ¬&quot;},{&quot;iso639_1&quot;:&quot;tr&quot;,&quot;iso639_2&quot;:&quot;tur&quot;,&quot;name&quot;:&quot;Turkish&quot;,&quot;nativeName&quot;:&quot;TÃ¼rkÃ§e&quot;},{&quot;iso639_1&quot;:&quot;hy&quot;,&quot;iso639_2&quot;:&quot;hye&quot;,&quot;name&quot;:&quot;Armenian&quot;,&quot;nativeName&quot;:&quot;Õ€Õ¡ÕµÕ¥Ö€Õ¥Õ¶&quot;}],&quot;translations&quot;:{&quot;de&quot;:&quot;Zypern&quot;,&quot;es&quot;:&quot;Chipre&quot;,&quot;fr&quot;:&quot;Chypre&quot;,&quot;ja&quot;:&quot;ã‚­ãƒ—ãƒ­ã‚¹&quot;,&quot;it&quot;:&quot;Cipro&quot;,&quot;br&quot;:&quot;Chipre&quot;,&quot;pt&quot;:&quot;Chipre&quot;,&quot;nl&quot;:&quot;Cyprus&quot;,&quot;hr&quot;:&quot;Cipar&quot;,&quot;fa&quot;:&quot;Ù‚Ø¨Ø±Ø³&quot;},&quot;flag&quot;:&quot;https://restcountries.eu/data/cyp.svg&quot;,&quot;regionalBlocs&quot;:[{&quot;acronym&quot;:&quot;EU&quot;,&quot;name&quot;:&quot;European Union&quot;,&quot;otherAcronyms&quot;:[],&quot;otherNames&quot;:[]}],&quot;cioc&quot;:&quot;CYP&quot;},{&quot;name&quot;:&quot;Czech Republic&quot;,&quot;topLevelDomain&quot;:[&quot;.cz&quot;],&quot;alpha2Code&quot;:&quot;CZ&quot;,&quot;alpha3Code&quot;:&quot;CZE&quot;,&quot;callingCodes&quot;:[&quot;420&quot;],&quot;capital&quot;:&quot;Prague&quot;,&quot;altSpellings&quot;:[&quot;CZ&quot;,&quot;ÄŒeskÃ¡ republika&quot;,&quot;ÄŒesko&quot;],&quot;region&quot;:&quot;Europe&quot;,&quot;subregion&quot;:&quot;Eastern Europe&quot;,&quot;population&quot;:10558524,&quot;latlng&quot;:[49.75,15.5],&quot;demonym&quot;:&quot;Czech&quot;,&quot;area&quot;:78865.0,&quot;gini&quot;:26.0,&quot;timezones&quot;:[&quot;UTC+01:00&quot;],&quot;borders&quot;:[&quot;AUT&quot;,&quot;DEU&quot;,&quot;POL&quot;,&quot;SVK&quot;],&quot;nativeName&quot;:&quot;ÄŒeskÃ¡ republika&quot;,&quot;numericCode&quot;:&quot;203&quot;,&quot;currencies&quot;:[{&quot;code&quot;:&quot;CZK&quot;,&quot;name&quot;:&quot;Czech koruna&quot;,&quot;symbol&quot;:&quot;KÄ�&quot;}],&quot;languages&quot;:[{&quot;iso639_1&quot;:&quot;cs&quot;,&quot;iso639_2&quot;:&quot;ces&quot;,&quot;name&quot;:&quot;Czech&quot;,&quot;nativeName&quot;:&quot;Ä�eÅ¡tina&quot;},{&quot;iso639_1&quot;:&quot;sk&quot;,&quot;iso639_2&quot;:&quot;slk&quot;,&quot;name&quot;:&quot;Slovak&quot;,&quot;nativeName&quot;:&quot;slovenÄ�ina&quot;}],&quot;translations&quot;:{&quot;de&quot;:&quot;Tschechische Republik&quot;,&quot;es&quot;:&quot;RepÃºblica Checa&quot;,&quot;fr&quot;:&quot;RÃ©publique tchÃ¨que&quot;,&quot;ja&quot;:&quot;ãƒ�ã‚§ã‚³&quot;,&quot;it&quot;:&quot;Repubblica Ceca&quot;,&quot;br&quot;:&quot;RepÃºblica Tcheca&quot;,&quot;pt&quot;:&quot;RepÃºblica Checa&quot;,&quot;nl&quot;:&quot;TsjechiÃ«&quot;,&quot;hr&quot;:&quot;ÄŒeÅ¡ka&quot;,&quot;fa&quot;:&quot;Ø¬Ù…Ù‡ÙˆØ±ÛŒ Ú†Ú©&quot;},&quot;flag&quot;:&quot;https://restcountries.eu/data/cze.svg&quot;,&quot;regionalBlocs&quot;:[{&quot;acronym&quot;:&quot;EU&quot;,&quot;name&quot;:&quot;European Union&quot;,&quot;otherAcronyms&quot;:[],&quot;otherNames&quot;:[]}],&quot;cioc&quot;:&quot;CZE&quot;},{&quot;name&quot;:&quot;Denmark&quot;,&quot;topLevelDomain&quot;:[&quot;.dk&quot;],&quot;alpha2Code&quot;:&quot;DK&quot;,&quot;alpha3Code&quot;:&quot;DNK&quot;,&quot;callingCodes&quot;:[&quot;45&quot;],&quot;capital&quot;:&quot;Copenhagen&quot;,&quot;altSpellings&quot;:[&quot;DK&quot;,&quot;Danmark&quot;,&quot;Kingdom of Denmark&quot;,&quot;Kongeriget Danmark&quot;],&quot;region&quot;:&quot;Europe&quot;,&quot;subregion&quot;:&quot;Northern Europe&quot;,&quot;population&quot;:5717014,&quot;latlng&quot;:[56.0,10.0],&quot;demonym&quot;:&quot;Danish&quot;,&quot;area&quot;:43094.0,&quot;gini&quot;:24.0,&quot;timezones&quot;:[&quot;UTC-04:00&quot;,&quot;UTC-03:00&quot;,&quot;UTC-01:00&quot;,&quot;UTC&quot;,&quot;UTC+01:00&quot;],&quot;borders&quot;:[&quot;DEU&quot;],&quot;nativeName&quot;:&quot;Danmark&quot;,&quot;numericCode&quot;:&quot;208&quot;,&quot;currencies&quot;:[{&quot;code&quot;:&quot;DKK&quot;,&quot;name&quot;:&quot;Danish krone&quot;,&quot;symbol&quot;:&quot;kr&quot;}],&quot;languages&quot;:[{&quot;iso639_1&quot;:&quot;da&quot;,&quot;iso639_2&quot;:&quot;dan&quot;,&quot;name&quot;:&quot;Danish&quot;,&quot;nativeName&quot;:&quot;dansk&quot;}],&quot;translations&quot;:{&quot;de&quot;:&quot;DÃ¤nemark&quot;,&quot;es&quot;:&quot;Dinamarca&quot;,&quot;fr&quot;:&quot;Danemark&quot;,&quot;ja&quot;:&quot;ãƒ‡ãƒ³ãƒžãƒ¼ã‚¯&quot;,&quot;it&quot;:&quot;Danimarca&quot;,&quot;br&quot;:&quot;Dinamarca&quot;,&quot;pt&quot;:&quot;Dinamarca&quot;,&quot;nl&quot;:&quot;Denemarken&quot;,&quot;hr&quot;:&quot;Danska&quot;,&quot;fa&quot;:&quot;Ø¯Ø§Ù†Ù…Ø§Ø±Ú©&quot;},&quot;flag&quot;:&quot;https://restcountries.eu/data/dnk.svg&quot;,&quot;regionalBlocs&quot;:[{&quot;acronym&quot;:&quot;EU&quot;,&quot;name&quot;:&quot;European Union&quot;,&quot;otherAcronyms&quot;:[],&quot;otherNames&quot;:[]}],&quot;cioc&quot;:&quot;DEN&quot;},{&quot;name&quot;:&quot;Djibouti&quot;,&quot;topLevelDomain&quot;:[&quot;.dj&quot;],&quot;alpha2Code&quot;:&quot;DJ&quot;,&quot;alpha3Code&quot;:&quot;DJI&quot;,&quot;callingCodes&quot;:[&quot;253&quot;],&quot;capital&quot;:&quot;Djibouti&quot;,&quot;altSpellings&quot;:[&quot;DJ&quot;,&quot;Jabuuti&quot;,&quot;Gabuuti&quot;,&quot;Republic of Djibouti&quot;,&quot;RÃ©publique de Djibouti&quot;,&quot;Gabuutih Ummuuno&quot;,&quot;Jamhuuriyadda Jabuuti&quot;],&quot;region&quot;:&quot;Africa&quot;,&quot;subregion&quot;:&quot;Eastern Africa&quot;,&quot;population&quot;:900000,&quot;latlng&quot;:[11.5,43.0],&quot;demonym&quot;:&quot;Djibouti&quot;,&quot;area&quot;:23200.0,&quot;gini&quot;:40.0,&quot;timezones&quot;:[&quot;UTC+03:00&quot;],&quot;borders&quot;:[&quot;ERI&quot;,&quot;ETH&quot;,&quot;SOM&quot;],&quot;nativeName&quot;:&quot;Djibouti&quot;,&quot;numericCode&quot;:&quot;262&quot;,&quot;currencies&quot;:[{&quot;code&quot;:&quot;DJF&quot;,&quot;name&quot;:&quot;Djiboutian franc&quot;,&quot;symbol&quot;:&quot;Fr&quot;}],&quot;languages&quot;:[{&quot;iso639_1&quot;:&quot;fr&quot;,&quot;iso639_2&quot;:&quot;fra&quot;,&quot;name&quot;:&quot;French&quot;,&quot;nativeName&quot;:&quot;franÃ§ais&quot;},{&quot;iso639_1&quot;:&quot;ar&quot;,&quot;iso639_2&quot;:&quot;ara&quot;,&quot;name&quot;:&quot;Arabic&quot;,&quot;nativeName&quot;:&quot;Ø§Ù„Ø¹Ø±Ø¨ÙŠØ©&quot;}],&quot;translations&quot;:{&quot;de&quot;:&quot;Dschibuti&quot;,&quot;es&quot;:&quot;Yibuti&quot;,&quot;fr&quot;:&quot;Djibouti&quot;,&quot;ja&quot;:&quot;ã‚¸ãƒ–ãƒ�&quot;,&quot;it&quot;:&quot;Gibuti&quot;,&quot;br&quot;:&quot;Djibuti&quot;,&quot;pt&quot;:&quot;Djibuti&quot;,&quot;nl&quot;:&quot;Djibouti&quot;,&quot;hr&quot;:&quot;DÅ¾ibuti&quot;,&quot;fa&quot;:&quot;Ø¬ÛŒØ¨ÙˆØªÛŒ&quot;},&quot;flag&quot;:&quot;https://restcountries.eu/data/dji.svg&quot;,&quot;regionalBlocs&quot;:[{&quot;acronym&quot;:&quot;AU&quot;,&quot;name&quot;:&quot;African Union&quot;,&quot;otherAcronyms&quot;:[],&quot;otherNames&quot;:[&quot;Ø§Ù„Ø§ØªØ­Ø§Ø¯ Ø§Ù„Ø£Ù�Ø±ÙŠÙ‚ÙŠ&quot;,&quot;Union africaine&quot;,&quot;UniÃ£o Africana&quot;,&quot;UniÃ³n Africana&quot;,&quot;Umoja wa Afrika&quot;]},{&quot;acronym&quot;:&quot;AL&quot;,&quot;name&quot;:&quot;Arab League&quot;,&quot;otherAcronyms&quot;:[],&quot;otherNames&quot;:[&quot;Ø¬Ø§Ù…Ø¹Ø© Ø§Ù„Ø¯ÙˆÙ„ Ø§Ù„Ø¹Ø±Ø¨ÙŠØ©&quot;,&quot;JÄ�miÊ»at ad-Duwal al-Ê»ArabÄ«yah&quot;,&quot;League of Arab States&quot;]}],&quot;cioc&quot;:&quot;DJI&quot;},{&quot;name&quot;:&quot;Dominica&quot;,&quot;topLevelDomain&quot;:[&quot;.dm&quot;],&quot;alpha2Code&quot;:&quot;DM&quot;,&quot;alpha3Code&quot;:&quot;DMA&quot;,&quot;callingCodes&quot;:[&quot;1767&quot;],&quot;capital&quot;:&quot;Roseau&quot;,&quot;altSpellings&quot;:[&quot;DM&quot;,&quot;Dominique&quot;,&quot;Waiâ€˜tu kubuli&quot;,&quot;Commonwealth of Dominica&quot;],&quot;region&quot;:&quot;Americas&quot;,&quot;subregion&quot;:&quot;Caribbean&quot;,&quot;population&quot;:71293,&quot;latlng&quot;:[15.41666666,-61.33333333],&quot;demonym&quot;:&quot;Dominican&quot;,&quot;area&quot;:751.0,&quot;gini&quot;:null,&quot;timezones&quot;:[&quot;UTC-04:00&quot;],&quot;borders&quot;:[],&quot;nativeName&quot;:&quot;Dominica&quot;,&quot;numericCode&quot;:&quot;212&quot;,&quot;currencies&quot;:[{&quot;code&quot;:&quot;XCD&quot;,&quot;name&quot;:&quot;East Caribbean dollar&quot;,&quot;symbol&quot;:&quot;$&quot;}],&quot;languages&quot;:[{&quot;iso639_1&quot;:&quot;en&quot;,&quot;iso639_2&quot;:&quot;eng&quot;,&quot;name&quot;:&quot;English&quot;,&quot;nativeName&quot;:&quot;English&quot;}],&quot;translations&quot;:{&quot;de&quot;:&quot;Dominica&quot;,&quot;es&quot;:&quot;Dominica&quot;,&quot;fr&quot;:&quot;Dominique&quot;,&quot;ja&quot;:&quot;ãƒ‰ãƒŸãƒ‹ã‚«å›½&quot;,&quot;it&quot;:&quot;Dominica&quot;,&quot;br&quot;:&quot;Dominica&quot;,&quot;pt&quot;:&quot;Dominica&quot;,&quot;nl&quot;:&quot;Dominica&quot;,&quot;hr&quot;:&quot;Dominika&quot;,&quot;fa&quot;:&quot;Ø¯ÙˆÙ…ÛŒÙ†ÛŒÚ©Ø§&quot;},&quot;flag&quot;:&quot;https://restcountries.eu/data/dma.svg&quot;,&quot;regionalBlocs&quot;:[],&quot;cioc&quot;:&quot;DMA&quot;},{&quot;name&quot;:&quot;Dominican Republic&quot;,&quot;topLevelDomain&quot;:[&quot;.do&quot;],&quot;alpha2Code&quot;:&quot;DO&quot;,&quot;alpha3Code&quot;:&quot;DOM&quot;,&quot;callingCodes&quot;:[&quot;1809&quot;,&quot;1829&quot;,&quot;1849&quot;],&quot;capital&quot;:&quot;Santo Domingo&quot;,&quot;altSpellings&quot;:[&quot;DO&quot;],&quot;region&quot;:&quot;Americas&quot;,&quot;subregion&quot;:&quot;Caribbean&quot;,&quot;population&quot;:10075045,&quot;latlng&quot;:[19.0,-70.66666666],&quot;demonym&quot;:&quot;Dominican&quot;,&quot;area&quot;:48671.0,&quot;gini&quot;:47.2,&quot;timezones&quot;:[&quot;UTC-04:00&quot;],&quot;borders&quot;:[&quot;HTI&quot;],&quot;nativeName&quot;:&quot;RepÃºblica Dominicana&quot;,&quot;numericCode&quot;:&quot;214&quot;,&quot;currencies&quot;:[{&quot;code&quot;:&quot;DOP&quot;,&quot;name&quot;:&quot;Dominican peso&quot;,&quot;symbol&quot;:&quot;$&quot;}],&quot;languages&quot;:[{&quot;iso639_1&quot;:&quot;es&quot;,&quot;iso639_2&quot;:&quot;spa&quot;,&quot;name&quot;:&quot;Spanish&quot;,&quot;nativeName&quot;:&quot;EspaÃ±ol&quot;}],&quot;translations&quot;:{&quot;de&quot;:&quot;Dominikanische Republik&quot;,&quot;es&quot;:&quot;RepÃºblica Dominicana&quot;,&quot;fr&quot;:&quot;RÃ©publique dominicaine&quot;,&quot;ja&quot;:&quot;ãƒ‰ãƒŸãƒ‹ã‚«å…±å’Œå›½&quot;,&quot;it&quot;:&quot;Repubblica Dominicana&quot;,&quot;br&quot;:&quot;RepÃºblica Dominicana&quot;,&quot;pt&quot;:&quot;RepÃºblica Dominicana&quot;,&quot;nl&quot;:&quot;Dominicaanse Republiek&quot;,&quot;hr&quot;:&quot;Dominikanska Republika&quot;,&quot;fa&quot;:&quot;Ø¬Ù…Ù‡ÙˆØ±ÛŒ Ø¯ÙˆÙ…ÛŒÙ†ÛŒÚ©Ù†&quot;},&quot;flag&quot;:&quot;https://restcountries.eu/data/dom.svg&quot;,&quot;regionalBlocs&quot;:[{&quot;acronym&quot;:&quot;CARICOM&quot;,&quot;name&quot;:&quot;Caribbean Community&quot;,&quot;otherAcronyms&quot;:[],&quot;otherNames&quot;:[&quot;Comunidad del Caribe&quot;,&quot;CommunautÃ© CaribÃ©enne&quot;,&quot;Caribische Gemeenschap&quot;]},{&quot;acronym&quot;:&quot;CAIS&quot;,&quot;name&quot;:&quot;Central American Integration System&quot;,&quot;otherAcronyms&quot;:[&quot;SICA&quot;],&quot;otherNames&quot;:[&quot;Sistema de la IntegraciÃ³n Centroamericana,&quot;]}],&quot;cioc&quot;:&quot;DOM&quot;},{&quot;name&quot;:&quot;Ecuador&quot;,&quot;topLevelDomain&quot;:[&quot;.ec&quot;],&quot;alpha2Code&quot;:&quot;EC&quot;,&quot;alpha3Code&quot;:&quot;ECU&quot;,&quot;callingCodes&quot;:[&quot;593&quot;],&quot;capital&quot;:&quot;Quito&quot;,&quot;altSpellings&quot;:[&quot;EC&quot;,&quot;Republic of Ecuador&quot;,&quot;RepÃºblica del Ecuador&quot;],&quot;region&quot;:&quot;Americas&quot;,&quot;subregion&quot;:&quot;South America&quot;,&quot;population&quot;:16545799,&quot;latlng&quot;:[-2.0,-77.5],&quot;demonym&quot;:&quot;Ecuadorean&quot;,&quot;area&quot;:276841.0,&quot;gini&quot;:49.3,&quot;timezones&quot;:[&quot;UTC-06:00&quot;,&quot;UTC-05:00&quot;],&quot;borders&quot;:[&quot;COL&quot;,&quot;PER&quot;],&quot;nativeName&quot;:&quot;Ecuador&quot;,&quot;numericCode&quot;:&quot;218&quot;,&quot;currencies&quot;:[{&quot;code&quot;:&quot;USD&quot;,&quot;name&quot;:&quot;United States dollar&quot;,&quot;symbol&quot;:&quot;$&quot;}],&quot;languages&quot;:[{&quot;iso639_1&quot;:&quot;es&quot;,&quot;iso639_2&quot;:&quot;spa&quot;,&quot;name&quot;:&quot;Spanish&quot;,&quot;nativeName&quot;:&quot;EspaÃ±ol&quot;}],&quot;translations&quot;:{&quot;de&quot;:&quot;Ecuador&quot;,&quot;es&quot;:&quot;Ecuador&quot;,&quot;fr&quot;:&quot;Ã‰quateur&quot;,&quot;ja&quot;:&quot;ã‚¨ã‚¯ã‚¢ãƒ‰ãƒ«&quot;,&quot;it&quot;:&quot;Ecuador&quot;,&quot;br&quot;:&quot;Equador&quot;,&quot;pt&quot;:&quot;Equador&quot;,&quot;nl&quot;:&quot;Ecuador&quot;,&quot;hr&quot;:&quot;Ekvador&quot;,&quot;fa&quot;:&quot;Ø§Ú©ÙˆØ§Ø¯ÙˆØ±&quot;},&quot;flag&quot;:&quot;https://restcountries.eu/data/ecu.svg&quot;,&quot;regionalBlocs&quot;:[{&quot;acronym&quot;:&quot;USAN&quot;,&quot;name&quot;:&quot;Union of South American Nations&quot;,&quot;otherAcronyms&quot;:[&quot;UNASUR&quot;,&quot;UNASUL&quot;,&quot;UZAN&quot;],&quot;otherNames&quot;:[&quot;UniÃ³n de Naciones Suramericanas&quot;,&quot;UniÃ£o de NaÃ§Ãµes Sul-Americanas&quot;,&quot;Unie van Zuid-Amerikaanse Naties&quot;,&quot;South American Union&quot;]}],&quot;cioc&quot;:&quot;ECU&quot;},{&quot;name&quot;:&quot;Egypt&quot;,&quot;topLevelDomain&quot;:[&quot;.eg&quot;],&quot;alpha2Code&quot;:&quot;EG&quot;,&quot;alpha3Code&quot;:&quot;EGY&quot;,&quot;callingCodes&quot;:[&quot;20&quot;],&quot;capital&quot;:&quot;Cairo&quot;,&quot;altSpellings&quot;:[&quot;EG&quot;,&quot;Arab Republic of Egypt&quot;],&quot;region&quot;:&quot;Africa&quot;,&quot;subregion&quot;:&quot;Northern Africa&quot;,&quot;population&quot;:91290000,&quot;latlng&quot;:[27.0,30.0],&quot;demonym&quot;:&quot;Egyptian&quot;,&quot;area&quot;:1002450.0,&quot;gini&quot;:30.8,&quot;timezones&quot;:[&quot;UTC+02:00&quot;],&quot;borders&quot;:[&quot;ISR&quot;,&quot;LBY&quot;,&quot;SDN&quot;],&quot;nativeName&quot;:&quot;Ù…ØµØ±â€Ž&quot;,&quot;numericCode&quot;:&quot;818&quot;,&quot;currencies&quot;:[{&quot;code&quot;:&quot;EGP&quot;,&quot;name&quot;:&quot;Egyptian pound&quot;,&quot;symbol&quot;:&quot;Â£&quot;}],&quot;languages&quot;:[{&quot;iso639_1&quot;:&quot;ar&quot;,&quot;iso639_2&quot;:&quot;ara&quot;,&quot;name&quot;:&quot;Arabic&quot;,&quot;nativeName&quot;:&quot;Ø§Ù„Ø¹Ø±Ø¨ÙŠØ©&quot;}],&quot;translations&quot;:{&quot;de&quot;:&quot;Ã„gypten&quot;,&quot;es&quot;:&quot;Egipto&quot;,&quot;fr&quot;:&quot;Ã‰gypte&quot;,&quot;ja&quot;:&quot;ã‚¨ã‚¸ãƒ—ãƒˆ&quot;,&quot;it&quot;:&quot;Egitto&quot;,&quot;br&quot;:&quot;Egito&quot;,&quot;pt&quot;:&quot;Egipto&quot;,&quot;nl&quot;:&quot;Egypte&quot;,&quot;hr&quot;:&quot;Egipat&quot;,&quot;fa&quot;:&quot;Ù…ØµØ±&quot;},&quot;flag&quot;:&quot;https://restcountries.eu/data/egy.svg&quot;,&quot;regionalBlocs&quot;:[{&quot;acronym&quot;:&quot;AU&quot;,&quot;name&quot;:&quot;African Union&quot;,&quot;otherAcronyms&quot;:[],&quot;otherNames&quot;:[&quot;Ø§Ù„Ø§ØªØ­Ø§Ø¯ Ø§Ù„Ø£Ù�Ø±ÙŠÙ‚ÙŠ&quot;,&quot;Union africaine&quot;,&quot;UniÃ£o Africana&quot;,&quot;UniÃ³n Africana&quot;,&quot;Umoja wa Afrika&quot;]},{&quot;acronym&quot;:&quot;AL&quot;,&quot;name&quot;:&quot;Arab League&quot;,&quot;otherAcronyms&quot;:[],&quot;otherNames&quot;:[&quot;Ø¬Ø§Ù…Ø¹Ø© Ø§Ù„Ø¯ÙˆÙ„ Ø§Ù„Ø¹Ø±Ø¨ÙŠØ©&quot;,&quot;JÄ�miÊ»at ad-Duwal al-Ê»ArabÄ«yah&quot;,&quot;League of Arab States&quot;]}],&quot;cioc&quot;:&quot;EGY&quot;},{&quot;name&quot;:&quot;El Salvador&quot;,&quot;topLevelDomain&quot;:[&quot;.sv&quot;],&quot;alpha2Code&quot;:&quot;SV&quot;,&quot;alpha3Code&quot;:&quot;SLV&quot;,&quot;callingCodes&quot;:[&quot;503&quot;],&quot;capital&quot;:&quot;San Salvador&quot;,&quot;altSpellings&quot;:[&quot;SV&quot;,&quot;Republic of El Salvador&quot;,&quot;RepÃºblica de El Salvador&quot;],&quot;region&quot;:&quot;Americas&quot;,&quot;subregion&quot;:&quot;Central America&quot;,&quot;population&quot;:6520675,&quot;latlng&quot;:[13.83333333,-88.91666666],&quot;demonym&quot;:&quot;Salvadoran&quot;,&quot;area&quot;:21041.0,&quot;gini&quot;:48.3,&quot;timezones&quot;:[&quot;UTC-06:00&quot;],&quot;borders&quot;:[&quot;GTM&quot;,&quot;HND&quot;],&quot;nativeName&quot;:&quot;El Salvador&quot;,&quot;numericCode&quot;:&quot;222&quot;,&quot;currencies&quot;:[{&quot;code&quot;:&quot;USD&quot;,&quot;name&quot;:&quot;United States dollar&quot;,&quot;symbol&quot;:&quot;$&quot;}],&quot;languages&quot;:[{&quot;iso639_1&quot;:&quot;es&quot;,&quot;iso639_2&quot;:&quot;spa&quot;,&quot;name&quot;:&quot;Spanish&quot;,&quot;nativeName&quot;:&quot;EspaÃ±ol&quot;}],&quot;translations&quot;:{&quot;de&quot;:&quot;El Salvador&quot;,&quot;es&quot;:&quot;El Salvador&quot;,&quot;fr&quot;:&quot;Salvador&quot;,&quot;ja&quot;:&quot;ã‚¨ãƒ«ã‚µãƒ«ãƒ�ãƒ‰ãƒ«&quot;,&quot;it&quot;:&quot;El Salvador&quot;,&quot;br&quot;:&quot;El Salvador&quot;,&quot;pt&quot;:&quot;El Salvador&quot;,&quot;nl&quot;:&quot;El Salvador&quot;,&quot;hr&quot;:&quot;Salvador&quot;,&quot;fa&quot;:&quot;Ø§Ù„Ø³Ø§Ù„ÙˆØ§Ø¯ÙˆØ±&quot;},&quot;flag&quot;:&quot;https://restcountries.eu/data/slv.svg&quot;,&quot;regionalBlocs&quot;:[{&quot;acronym&quot;:&quot;CAIS&quot;,&quot;name&quot;:&quot;Central American Integration System&quot;,&quot;otherAcronyms&quot;:[&quot;SICA&quot;],&quot;otherNames&quot;:[&quot;Sistema de la IntegraciÃ³n Centroamericana,&quot;]}],&quot;cioc&quot;:&quot;ESA&quot;},{&quot;name&quot;:&quot;Equatorial Guinea&quot;,&quot;topLevelDomain&quot;:[&quot;.gq&quot;],&quot;alpha2Code&quot;:&quot;GQ&quot;,&quot;alpha3Code&quot;:&quot;GNQ&quot;,&quot;callingCodes&quot;:[&quot;240&quot;],&quot;capital&quot;:&quot;Malabo&quot;,&quot;altSpellings&quot;:[&quot;GQ&quot;,&quot;Republic of Equatorial Guinea&quot;,&quot;RepÃºblica de Guinea Ecuatorial&quot;,&quot;RÃ©publique de GuinÃ©e Ã©quatoriale&quot;,&quot;RepÃºblica da GuinÃ© Equatorial&quot;],&quot;region&quot;:&quot;Africa&quot;,&quot;subregion&quot;:&quot;Middle Africa&quot;,&quot;population&quot;:1222442,&quot;latlng&quot;:[2.0,10.0],&quot;demonym&quot;:&quot;Equatorial Guinean&quot;,&quot;area&quot;:28051.0,&quot;gini&quot;:null,&quot;timezones&quot;:[&quot;UTC+01:00&quot;],&quot;borders&quot;:[&quot;CMR&quot;,&quot;GAB&quot;],&quot;nativeName&quot;:&quot;Guinea Ecuatorial&quot;,&quot;numericCode&quot;:&quot;226&quot;,&quot;currencies&quot;:[{&quot;code&quot;:&quot;XAF&quot;,&quot;name&quot;:&quot;Central African CFA franc&quot;,&quot;symbol&quot;:&quot;Fr&quot;}],&quot;languages&quot;:[{&quot;iso639_1&quot;:&quot;es&quot;,&quot;iso639_2&quot;:&quot;spa&quot;,&quot;name&quot;:&quot;Spanish&quot;,&quot;nativeName&quot;:&quot;EspaÃ±ol&quot;},{&quot;iso639_1&quot;:&quot;fr&quot;,&quot;iso639_2&quot;:&quot;fra&quot;,&quot;name&quot;:&quot;French&quot;,&quot;nativeName&quot;:&quot;franÃ§ais&quot;}],&quot;translations&quot;:{&quot;de&quot;:&quot;Ã„quatorial-Guinea&quot;,&quot;es&quot;:&quot;Guinea Ecuatorial&quot;,&quot;fr&quot;:&quot;GuinÃ©e-Ã‰quatoriale&quot;,&quot;ja&quot;:&quot;èµ¤é�“ã‚®ãƒ‹ã‚¢&quot;,&quot;it&quot;:&quot;Guinea Equatoriale&quot;,&quot;br&quot;:&quot;GuinÃ© Equatorial&quot;,&quot;pt&quot;:&quot;GuinÃ© Equatorial&quot;,&quot;nl&quot;:&quot;Equatoriaal-Guinea&quot;,&quot;hr&quot;:&quot;Ekvatorijalna Gvineja&quot;,&quot;fa&quot;:&quot;Ú¯ÛŒÙ†Ù‡ Ø§Ø³ØªÙˆØ§ÛŒÛŒ&quot;},&quot;flag&quot;:&quot;https://restcountries.eu/data/gnq.svg&quot;,&quot;regionalBlocs&quot;:[{&quot;acronym&quot;:&quot;AU&quot;,&quot;name&quot;:&quot;African Union&quot;,&quot;otherAcronyms&quot;:[],&quot;otherNames&quot;:[&quot;Ø§Ù„Ø§ØªØ­Ø§Ø¯ Ø§Ù„Ø£Ù�Ø±ÙŠÙ‚ÙŠ&quot;,&quot;Union africaine&quot;,&quot;UniÃ£o Africana&quot;,&quot;UniÃ³n Africana&quot;,&quot;Umoja wa Afrika&quot;]}],&quot;cioc&quot;:&quot;GEQ&quot;},{&quot;name&quot;:&quot;Eritrea&quot;,&quot;topLevelDomain&quot;:[&quot;.er&quot;],&quot;alpha2Code&quot;:&quot;ER&quot;,&quot;alpha3Code&quot;:&quot;ERI&quot;,&quot;callingCodes&quot;:[&quot;291&quot;],&quot;capital&quot;:&quot;Asmara&quot;,&quot;altSpellings&quot;:[&quot;ER&quot;,&quot;State of Eritrea&quot;,&quot;áˆƒáŒˆáˆ¨ áŠ¤áˆ­á‰µáˆ«&quot;,&quot;Dawlat IritriyÃ¡&quot;,&quot;Ê¾ErtrÄ�&quot;,&quot;IritriyÄ�&quot;,&quot;&quot;],&quot;region&quot;:&quot;Africa&quot;,&quot;subregion&quot;:&quot;Eastern Africa&quot;,&quot;population&quot;:5352000,&quot;latlng&quot;:[15.0,39.0],&quot;demonym&quot;:&quot;Eritrean&quot;,&quot;area&quot;:117600.0,&quot;gini&quot;:null,&quot;timezones&quot;:[&quot;UTC+03:00&quot;],&quot;borders&quot;:[&quot;DJI&quot;,&quot;ETH&quot;,&quot;SDN&quot;],&quot;nativeName&quot;:&quot;áŠ¤áˆ­á‰µáˆ«&quot;,&quot;numericCode&quot;:&quot;232&quot;,&quot;currencies&quot;:[{&quot;code&quot;:&quot;ERN&quot;,&quot;name&quot;:&quot;Eritrean nakfa&quot;,&quot;symbol&quot;:&quot;Nfk&quot;}],&quot;languages&quot;:[{&quot;iso639_1&quot;:&quot;ti&quot;,&quot;iso639_2&quot;:&quot;tir&quot;,&quot;name&quot;:&quot;Tigrinya&quot;,&quot;nativeName&quot;:&quot;á‰µáŒ�áˆ­áŠ›&quot;},{&quot;iso639_1&quot;:&quot;ar&quot;,&quot;iso639_2&quot;:&quot;ara&quot;,&quot;name&quot;:&quot;Arabic&quot;,&quot;nativeName&quot;:&quot;Ø§Ù„Ø¹Ø±Ø¨ÙŠØ©&quot;},{&quot;iso639_1&quot;:&quot;en&quot;,&quot;iso639_2&quot;:&quot;eng&quot;,&quot;name&quot;:&quot;English&quot;,&quot;nativeName&quot;:&quot;English&quot;}],&quot;translations&quot;:{&quot;de&quot;:&quot;Eritrea&quot;,&quot;es&quot;:&quot;Eritrea&quot;,&quot;fr&quot;:&quot;Ã‰rythrÃ©e&quot;,&quot;ja&quot;:&quot;ã‚¨ãƒªãƒˆãƒªã‚¢&quot;,&quot;it&quot;:&quot;Eritrea&quot;,&quot;br&quot;:&quot;Eritreia&quot;,&quot;pt&quot;:&quot;Eritreia&quot;,&quot;nl&quot;:&quot;Eritrea&quot;,&quot;hr&quot;:&quot;Eritreja&quot;,&quot;fa&quot;:&quot;Ø§Ø±ÛŒØªØ±Ù‡&quot;},&quot;flag&quot;:&quot;https://restcountries.eu/data/eri.svg&quot;,&quot;regionalBlocs&quot;:[{&quot;acronym&quot;:&quot;AU&quot;,&quot;name&quot;:&quot;African Union&quot;,&quot;otherAcronyms&quot;:[],&quot;otherNames&quot;:[&quot;Ø§Ù„Ø§ØªØ­Ø§Ø¯ Ø§Ù„Ø£Ù�Ø±ÙŠÙ‚ÙŠ&quot;,&quot;Union africaine&quot;,&quot;UniÃ£o Africana&quot;,&quot;UniÃ³n Africana&quot;,&quot;Umoja wa Afrika&quot;]}],&quot;cioc&quot;:&quot;ERI&quot;},{&quot;name&quot;:&quot;Estonia&quot;,&quot;topLevelDomain&quot;:[&quot;.ee&quot;],&quot;alpha2Code&quot;:&quot;EE&quot;,&quot;alpha3Code&quot;:&quot;EST&quot;,&quot;callingCodes&quot;:[&quot;372&quot;],&quot;capital&quot;:&quot;Tallinn&quot;,&quot;altSpellings&quot;:[&quot;EE&quot;,&quot;Eesti&quot;,&quot;Republic of Estonia&quot;,&quot;Eesti Vabariik&quot;],&quot;region&quot;:&quot;Europe&quot;,&quot;subregion&quot;:&quot;Northern Europe&quot;,&quot;population&quot;:1315944,&quot;latlng&quot;:[59.0,26.0],&quot;demonym&quot;:&quot;Estonian&quot;,&quot;area&quot;:45227.0,&quot;gini&quot;:36.0,&quot;timezones&quot;:[&quot;UTC+02:00&quot;],&quot;borders&quot;:[&quot;LVA&quot;,&quot;RUS&quot;],&quot;nativeName&quot;:&quot;Eesti&quot;,&quot;numericCode&quot;:&quot;233&quot;,&quot;currencies&quot;:[{&quot;code&quot;:&quot;EUR&quot;,&quot;name&quot;:&quot;Euro&quot;,&quot;symbol&quot;:&quot;â‚¬&quot;}],&quot;languages&quot;:[{&quot;iso639_1&quot;:&quot;et&quot;,&quot;iso639_2&quot;:&quot;est&quot;,&quot;name&quot;:&quot;Estonian&quot;,&quot;nativeName&quot;:&quot;eesti&quot;}],&quot;translations&quot;:{&quot;de&quot;:&quot;Estland&quot;,&quot;es&quot;:&quot;Estonia&quot;,&quot;fr&quot;:&quot;Estonie&quot;,&quot;ja&quot;:&quot;ã‚¨ã‚¹ãƒˆãƒ‹ã‚¢&quot;,&quot;it&quot;:&quot;Estonia&quot;,&quot;br&quot;:&quot;EstÃ´nia&quot;,&quot;pt&quot;:&quot;EstÃ³nia&quot;,&quot;nl&quot;:&quot;Estland&quot;,&quot;hr&quot;:&quot;Estonija&quot;,&quot;fa&quot;:&quot;Ø§Ø³ØªÙˆÙ†ÛŒ&quot;},&quot;flag&quot;:&quot;https://restcountries.eu/data/est.svg&quot;,&quot;regionalBlocs&quot;:[{&quot;acronym&quot;:&quot;EU&quot;,&quot;name&quot;:&quot;European Union&quot;,&quot;otherAcronyms&quot;:[],&quot;otherNames&quot;:[]}],&quot;cioc&quot;:&quot;EST&quot;},{&quot;name&quot;:&quot;Ethiopia&quot;,&quot;topLevelDomain&quot;:[&quot;.et&quot;],&quot;alpha2Code&quot;:&quot;ET&quot;,&quot;alpha3Code&quot;:&quot;ETH&quot;,&quot;callingCodes&quot;:[&quot;251&quot;],&quot;capital&quot;:&quot;Addis Ababa&quot;,&quot;altSpellings&quot;:[&quot;ET&quot;,&quot;Ê¾ÄªtyÅ�á¹—á¹—yÄ�&quot;,&quot;Federal Democratic Republic of Ethiopia&quot;,&quot;á‹¨áŠ¢á‰µá‹®áŒµá‹« á�Œá‹´áˆ«áˆ‹á‹Š á‹²áˆžáŠ­áˆ«áˆ²á‹«á‹Š áˆªá��á‰¥áˆŠáŠ­&quot;],&quot;region&quot;:&quot;Africa&quot;,&quot;subregion&quot;:&quot;Eastern Africa&quot;,&quot;population&quot;:92206005,&quot;latlng&quot;:[8.0,38.0],&quot;demonym&quot;:&quot;Ethiopian&quot;,&quot;area&quot;:1104300.0,&quot;gini&quot;:29.8,&quot;timezones&quot;:[&quot;UTC+03:00&quot;],&quot;borders&quot;:[&quot;DJI&quot;,&quot;ERI&quot;,&quot;KEN&quot;,&quot;SOM&quot;,&quot;SSD&quot;,&quot;SDN&quot;],&quot;nativeName&quot;:&quot;áŠ¢á‰µá‹®áŒµá‹«&quot;,&quot;numericCode&quot;:&quot;231&quot;,&quot;currencies&quot;:[{&quot;code&quot;:&quot;ETB&quot;,&quot;name&quot;:&quot;Ethiopian birr&quot;,&quot;symbol&quot;:&quot;Br&quot;}],&quot;languages&quot;:[{&quot;iso639_1&quot;:&quot;am&quot;,&quot;iso639_2&quot;:&quot;amh&quot;,&quot;name&quot;:&quot;Amharic&quot;,&quot;nativeName&quot;:&quot;áŠ áˆ›áˆ­áŠ›&quot;}],&quot;translations&quot;:{&quot;de&quot;:&quot;Ã„thiopien&quot;,&quot;es&quot;:&quot;EtiopÃ­a&quot;,&quot;fr&quot;:&quot;Ã‰thiopie&quot;,&quot;ja&quot;:&quot;ã‚¨ãƒ�ã‚ªãƒ”ã‚¢&quot;,&quot;it&quot;:&quot;Etiopia&quot;,&quot;br&quot;:&quot;EtiÃ³pia&quot;,&quot;pt&quot;:&quot;EtiÃ³pia&quot;,&quot;nl&quot;:&quot;EthiopiÃ«&quot;,&quot;hr&quot;:&quot;Etiopija&quot;,&quot;fa&quot;:&quot;Ø§ØªÛŒÙˆÙ¾ÛŒ&quot;},&quot;flag&quot;:&quot;https://restcountries.eu/data/eth.svg&quot;,&quot;regionalBlocs&quot;:[{&quot;acronym&quot;:&quot;AU&quot;,&quot;name&quot;:&quot;African Union&quot;,&quot;otherAcronyms&quot;:[],&quot;otherNames&quot;:[&quot;Ø§Ù„Ø§ØªØ­Ø§Ø¯ Ø§Ù„Ø£Ù�Ø±ÙŠÙ‚ÙŠ&quot;,&quot;Union africaine&quot;,&quot;UniÃ£o Africana&quot;,&quot;UniÃ³n Africana&quot;,&quot;Umoja wa Afrika&quot;]}],&quot;cioc&quot;:&quot;ETH&quot;},{&quot;name&quot;:&quot;Falkland Islands (Malvinas)&quot;,&quot;topLevelDomain&quot;:[&quot;.fk&quot;],&quot;alpha2Code&quot;:&quot;FK&quot;,&quot;alpha3Code&quot;:&quot;FLK&quot;,&quot;callingCodes&quot;:[&quot;500&quot;],&quot;capital&quot;:&quot;Stanley&quot;,&quot;altSpellings&quot;:[&quot;FK&quot;,&quot;Islas Malvinas&quot;],&quot;region&quot;:&quot;Americas&quot;,&quot;subregion&quot;:&quot;South America&quot;,&quot;population&quot;:2563,&quot;latlng&quot;:[-51.75,-59.0],&quot;demonym&quot;:&quot;Falkland Islander&quot;,&quot;area&quot;:12173.0,&quot;gini&quot;:null,&quot;timezones&quot;:[&quot;UTC-04:00&quot;],&quot;borders&quot;:[],&quot;nativeName&quot;:&quot;Falkland Islands&quot;,&quot;numericCode&quot;:&quot;238&quot;,&quot;currencies&quot;:[{&quot;code&quot;:&quot;FKP&quot;,&quot;name&quot;:&quot;Falkland Islands pound&quot;,&quot;symbol&quot;:&quot;Â£&quot;}],&quot;languages&quot;:[{&quot;iso639_1&quot;:&quot;en&quot;,&quot;iso639_2&quot;:&quot;eng&quot;,&quot;name&quot;:&quot;English&quot;,&quot;nativeName&quot;:&quot;English&quot;}],&quot;translations&quot;:{&quot;de&quot;:&quot;Falklandinseln&quot;,&quot;es&quot;:&quot;Islas Malvinas&quot;,&quot;fr&quot;:&quot;ÃŽles Malouines&quot;,&quot;ja&quot;:&quot;ãƒ•ã‚©ãƒ¼ã‚¯ãƒ©ãƒ³ãƒ‰ï¼ˆãƒžãƒ«ãƒ“ãƒŠã‚¹ï¼‰è«¸å³¶&quot;,&quot;it&quot;:&quot;Isole Falkland o Isole Malvine&quot;,&quot;br&quot;:&quot;Ilhas Malvinas&quot;,&quot;pt&quot;:&quot;Ilhas Falkland&quot;,&quot;nl&quot;:&quot;Falklandeilanden [Islas Malvinas]&quot;,&quot;hr&quot;:&quot;Falklandski Otoci&quot;,&quot;fa&quot;:&quot;Ø¬Ø²Ø§ÛŒØ± Ù�Ø§Ù„Ú©Ù„Ù†Ø¯&quot;},&quot;flag&quot;:&quot;https://restcountries.eu/data/flk.svg&quot;,&quot;regionalBlocs&quot;:[{&quot;acronym&quot;:&quot;USAN&quot;,&quot;name&quot;:&quot;Union of South American Nations&quot;,&quot;otherAcronyms&quot;:[&quot;UNASUR&quot;,&quot;UNASUL&quot;,&quot;UZAN&quot;],&quot;otherNames&quot;:[&quot;UniÃ³n de Naciones Suramericanas&quot;,&quot;UniÃ£o de NaÃ§Ãµes Sul-Americanas&quot;,&quot;Unie van Zuid-Amerikaanse Naties&quot;,&quot;South American Union&quot;]}],&quot;cioc&quot;:&quot;&quot;},{&quot;name&quot;:&quot;Faroe Islands&quot;,&quot;topLevelDomain&quot;:[&quot;.fo&quot;],&quot;alpha2Code&quot;:&quot;FO&quot;,&quot;alpha3Code&quot;:&quot;FRO&quot;,&quot;callingCodes&quot;:[&quot;298&quot;],&quot;capital&quot;:&quot;TÃ³rshavn&quot;,&quot;altSpellings&quot;:[&quot;FO&quot;,&quot;FÃ¸royar&quot;,&quot;FÃ¦rÃ¸erne&quot;],&quot;region&quot;:&quot;Europe&quot;,&quot;subregion&quot;:&quot;Northern Europe&quot;,&quot;population&quot;:49376,&quot;latlng&quot;:[62.0,-7.0],&quot;demonym&quot;:&quot;Faroese&quot;,&quot;area&quot;:1393.0,&quot;gini&quot;:null,&quot;timezones&quot;:[&quot;UTC+00:00&quot;],&quot;borders&quot;:[],&quot;nativeName&quot;:&quot;FÃ¸royar&quot;,&quot;numericCode&quot;:&quot;234&quot;,&quot;currencies&quot;:[{&quot;code&quot;:&quot;DKK&quot;,&quot;name&quot;:&quot;Danish krone&quot;,&quot;symbol&quot;:&quot;kr&quot;},{&quot;code&quot;:&quot;(none)&quot;,&quot;name&quot;:&quot;Faroese krÃ³na&quot;,&quot;symbol&quot;:&quot;kr&quot;}],&quot;languages&quot;:[{&quot;iso639_1&quot;:&quot;fo&quot;,&quot;iso639_2&quot;:&quot;fao&quot;,&quot;name&quot;:&quot;Faroese&quot;,&quot;nativeName&quot;:&quot;fÃ¸royskt&quot;}],&quot;translations&quot;:{&quot;de&quot;:&quot;FÃ¤rÃ¶er-Inseln&quot;,&quot;es&quot;:&quot;Islas Faroe&quot;,&quot;fr&quot;:&quot;ÃŽles FÃ©roÃ©&quot;,&quot;ja&quot;:&quot;ãƒ•ã‚§ãƒ­ãƒ¼è«¸å³¶&quot;,&quot;it&quot;:&quot;Isole Far Oer&quot;,&quot;br&quot;:&quot;Ilhas FaroÃ©&quot;,&quot;pt&quot;:&quot;Ilhas FaroÃ©&quot;,&quot;nl&quot;:&quot;FaerÃ¶er&quot;,&quot;hr&quot;:&quot;Farski Otoci&quot;,&quot;fa&quot;:&quot;Ø¬Ø²Ø§ÛŒØ± Ù�Ø§Ø±Ùˆ&quot;},&quot;flag&quot;:&quot;https://restcountries.eu/data/fro.svg&quot;,&quot;regionalBlocs&quot;:[{&quot;acronym&quot;:&quot;EU&quot;,&quot;name&quot;:&quot;European Union&quot;,&quot;otherAcronyms&quot;:[],&quot;otherNames&quot;:[]}],&quot;cioc&quot;:&quot;&quot;},{&quot;name&quot;:&quot;Fiji&quot;,&quot;topLevelDomain&quot;:[&quot;.fj&quot;],&quot;alpha2Code&quot;:&quot;FJ&quot;,&quot;alpha3Code&quot;:&quot;FJI&quot;,&quot;callingCodes&quot;:[&quot;679&quot;],&quot;capital&quot;:&quot;Suva&quot;,&quot;altSpellings&quot;:[&quot;FJ&quot;,&quot;Viti&quot;,&quot;Republic of Fiji&quot;,&quot;Matanitu ko Viti&quot;,&quot;FijÄ« Gaá¹‡arÄ�jya&quot;],&quot;region&quot;:&quot;Oceania&quot;,&quot;subregion&quot;:&quot;Melanesia&quot;,&quot;population&quot;:867000,&quot;latlng&quot;:[-18.0,175.0],&quot;demonym&quot;:&quot;Fijian&quot;,&quot;area&quot;:18272.0,&quot;gini&quot;:42.8,&quot;timezones&quot;:[&quot;UTC+12:00&quot;],&quot;borders&quot;:[],&quot;nativeName&quot;:&quot;Fiji&quot;,&quot;numericCode&quot;:&quot;242&quot;,&quot;currencies&quot;:[{&quot;code&quot;:&quot;FJD&quot;,&quot;name&quot;:&quot;Fijian dollar&quot;,&quot;symbol&quot;:&quot;$&quot;}],&quot;languages&quot;:[{&quot;iso639_1&quot;:&quot;en&quot;,&quot;iso639_2&quot;:&quot;eng&quot;,&quot;name&quot;:&quot;English&quot;,&quot;nativeName&quot;:&quot;English&quot;},{&quot;iso639_1&quot;:&quot;fj&quot;,&quot;iso639_2&quot;:&quot;fij&quot;,&quot;name&quot;:&quot;Fijian&quot;,&quot;nativeName&quot;:&quot;vosa Vakaviti&quot;},{&quot;iso639_1&quot;:&quot;hi&quot;,&quot;iso639_2&quot;:&quot;hin&quot;,&quot;name&quot;:&quot;Hindi&quot;,&quot;nativeName&quot;:&quot;à¤¹à¤¿à¤¨à¥�à¤¦à¥€&quot;},{&quot;iso639_1&quot;:&quot;ur&quot;,&quot;iso639_2&quot;:&quot;urd&quot;,&quot;name&quot;:&quot;Urdu&quot;,&quot;nativeName&quot;:&quot;Ø§Ø±Ø¯Ùˆ&quot;}],&quot;translations&quot;:{&quot;de&quot;:&quot;Fidschi&quot;,&quot;es&quot;:&quot;Fiyi&quot;,&quot;fr&quot;:&quot;Fidji&quot;,&quot;ja&quot;:&quot;ãƒ•ã‚£ã‚¸ãƒ¼&quot;,&quot;it&quot;:&quot;Figi&quot;,&quot;br&quot;:&quot;Fiji&quot;,&quot;pt&quot;:&quot;Fiji&quot;,&quot;nl&quot;:&quot;Fiji&quot;,&quot;hr&quot;:&quot;FiÄ‘i&quot;,&quot;fa&quot;:&quot;Ù�ÛŒØ¬ÛŒ&quot;},&quot;flag&quot;:&quot;https://restcountries.eu/data/fji.svg&quot;,&quot;regionalBlocs&quot;:[],&quot;cioc&quot;:&quot;FIJ&quot;},{&quot;name&quot;:&quot;Finland&quot;,&quot;topLevelDomain&quot;:[&quot;.fi&quot;],&quot;alpha2Code&quot;:&quot;FI&quot;,&quot;alpha3Code&quot;:&quot;FIN&quot;,&quot;callingCodes&quot;:[&quot;358&quot;],&quot;capital&quot;:&quot;Helsinki&quot;,&quot;altSpellings&quot;:[&quot;FI&quot;,&quot;Suomi&quot;,&quot;Republic of Finland&quot;,&quot;Suomen tasavalta&quot;,&quot;Republiken Finland&quot;],&quot;region&quot;:&quot;Europe&quot;,&quot;subregion&quot;:&quot;Northern Europe&quot;,&quot;population&quot;:5491817,&quot;latlng&quot;:[64.0,26.0],&quot;demonym&quot;:&quot;Finnish&quot;,&quot;area&quot;:338424.0,&quot;gini&quot;:26.9,&quot;timezones&quot;:[&quot;UTC+02:00&quot;],&quot;borders&quot;:[&quot;NOR&quot;,&quot;SWE&quot;,&quot;RUS&quot;],&quot;nativeName&quot;:&quot;Suomi&quot;,&quot;numericCode&quot;:&quot;246&quot;,&quot;currencies&quot;:[{&quot;code&quot;:&quot;EUR&quot;,&quot;name&quot;:&quot;Euro&quot;,&quot;symbol&quot;:&quot;â‚¬&quot;}],&quot;languages&quot;:[{&quot;iso639_1&quot;:&quot;fi&quot;,&quot;iso639_2&quot;:&quot;fin&quot;,&quot;name&quot;:&quot;Finnish&quot;,&quot;nativeName&quot;:&quot;suomi&quot;},{&quot;iso639_1&quot;:&quot;sv&quot;,&quot;iso639_2&quot;:&quot;swe&quot;,&quot;name&quot;:&quot;Swedish&quot;,&quot;nativeName&quot;:&quot;svenska&quot;}],&quot;translations&quot;:{&quot;de&quot;:&quot;Finnland&quot;,&quot;es&quot;:&quot;Finlandia&quot;,&quot;fr&quot;:&quot;Finlande&quot;,&quot;ja&quot;:&quot;ãƒ•ã‚£ãƒ³ãƒ©ãƒ³ãƒ‰&quot;,&quot;it&quot;:&quot;Finlandia&quot;,&quot;br&quot;:&quot;FinlÃ¢ndia&quot;,&quot;pt&quot;:&quot;FinlÃ¢ndia&quot;,&quot;nl&quot;:&quot;Finland&quot;,&quot;hr&quot;:&quot;Finska&quot;,&quot;fa&quot;:&quot;Ù�Ù†Ù„Ø§Ù†Ø¯&quot;},&quot;flag&quot;:&quot;https://restcountries.eu/data/fin.svg&quot;,&quot;regionalBlocs&quot;:[{&quot;acronym&quot;:&quot;EU&quot;,&quot;name&quot;:&quot;European Union&quot;,&quot;otherAcronyms&quot;:[],&quot;otherNames&quot;:[]}],&quot;cioc&quot;:&quot;FIN&quot;},{&quot;name&quot;:&quot;France&quot;,&quot;topLevelDomain&quot;:[&quot;.fr&quot;],&quot;alpha2Code&quot;:&quot;FR&quot;,&quot;alpha3Code&quot;:&quot;FRA&quot;,&quot;callingCodes&quot;:[&quot;33&quot;],&quot;capital&quot;:&quot;Paris&quot;,&quot;altSpellings&quot;:[&quot;FR&quot;,&quot;French Republic&quot;,&quot;RÃ©publique franÃ§aise&quot;],&quot;region&quot;:&quot;Europe&quot;,&quot;subregion&quot;:&quot;Western Europe&quot;,&quot;population&quot;:66710000,&quot;latlng&quot;:[46.0,2.0],&quot;demonym&quot;:&quot;French&quot;,&quot;area&quot;:640679.0,&quot;gini&quot;:32.7,&quot;timezones&quot;:[&quot;UTC-10:00&quot;,&quot;UTC-09:30&quot;,&quot;UTC-09:00&quot;,&quot;UTC-08:00&quot;,&quot;UTC-04:00&quot;,&quot;UTC-03:00&quot;,&quot;UTC+01:00&quot;,&quot;UTC+03:00&quot;,&quot;UTC+04:00&quot;,&quot;UTC+05:00&quot;,&quot;UTC+11:00&quot;,&quot;UTC+12:00&quot;],&quot;borders&quot;:[&quot;AND&quot;,&quot;BEL&quot;,&quot;DEU&quot;,&quot;ITA&quot;,&quot;LUX&quot;,&quot;MCO&quot;,&quot;ESP&quot;,&quot;CHE&quot;],&quot;nativeName&quot;:&quot;France&quot;,&quot;numericCode&quot;:&quot;250&quot;,&quot;currencies&quot;:[{&quot;code&quot;:&quot;EUR&quot;,&quot;name&quot;:&quot;Euro&quot;,&quot;symbol&quot;:&quot;â‚¬&quot;}],&quot;languages&quot;:[{&quot;iso639_1&quot;:&quot;fr&quot;,&quot;iso639_2&quot;:&quot;fra&quot;,&quot;name&quot;:&quot;French&quot;,&quot;nativeName&quot;:&quot;franÃ§ais&quot;}],&quot;translations&quot;:{&quot;de&quot;:&quot;Frankreich&quot;,&quot;es&quot;:&quot;Francia&quot;,&quot;fr&quot;:&quot;France&quot;,&quot;ja&quot;:&quot;ãƒ•ãƒ©ãƒ³ã‚¹&quot;,&quot;it&quot;:&quot;Francia&quot;,&quot;br&quot;:&quot;FranÃ§a&quot;,&quot;pt&quot;:&quot;FranÃ§a&quot;,&quot;nl&quot;:&quot;Frankrijk&quot;,&quot;hr&quot;:&quot;Francuska&quot;,&quot;fa&quot;:&quot;Ù�Ø±Ø§Ù†Ø³Ù‡&quot;},&quot;flag&quot;:&quot;https://restcountries.eu/data/fra.svg&quot;,&quot;regionalBlocs&quot;:[{&quot;acronym&quot;:&quot;EU&quot;,&quot;name&quot;:&quot;European Union&quot;,&quot;otherAcronyms&quot;:[],&quot;otherNames&quot;:[]}],&quot;cioc&quot;:&quot;FRA&quot;},{&quot;name&quot;:&quot;French Guiana&quot;,&quot;topLevelDomain&quot;:[&quot;.gf&quot;],&quot;alpha2Code&quot;:&quot;GF&quot;,&quot;alpha3Code&quot;:&quot;GUF&quot;,&quot;callingCodes&quot;:[&quot;594&quot;],&quot;capital&quot;:&quot;Cayenne&quot;,&quot;altSpellings&quot;:[&quot;GF&quot;,&quot;Guiana&quot;,&quot;Guyane&quot;],&quot;region&quot;:&quot;Americas&quot;,&quot;subregion&quot;:&quot;South America&quot;,&quot;population&quot;:254541,&quot;latlng&quot;:[4.0,-53.0],&quot;demonym&quot;:&quot;&quot;,&quot;area&quot;:null,&quot;gini&quot;:null,&quot;timezones&quot;:[&quot;UTC-03:00&quot;],&quot;borders&quot;:[&quot;BRA&quot;,&quot;SUR&quot;],&quot;nativeName&quot;:&quot;Guyane franÃ§aise&quot;,&quot;numericCode&quot;:&quot;254&quot;,&quot;currencies&quot;:[{&quot;code&quot;:&quot;EUR&quot;,&quot;name&quot;:&quot;Euro&quot;,&quot;symbol&quot;:&quot;â‚¬&quot;}],&quot;languages&quot;:[{&quot;iso639_1&quot;:&quot;fr&quot;,&quot;iso639_2&quot;:&quot;fra&quot;,&quot;name&quot;:&quot;French&quot;,&quot;nativeName&quot;:&quot;franÃ§ais&quot;}],&quot;translations&quot;:{&quot;de&quot;:&quot;FranzÃ¶sisch Guyana&quot;,&quot;es&quot;:&quot;Guayana Francesa&quot;,&quot;fr&quot;:&quot;Guayane&quot;,&quot;ja&quot;:&quot;ãƒ•ãƒ©ãƒ³ã‚¹é ˜ã‚®ã‚¢ãƒŠ&quot;,&quot;it&quot;:&quot;Guyana francese&quot;,&quot;br&quot;:&quot;Guiana Francesa&quot;,&quot;pt&quot;:&quot;Guiana Francesa&quot;,&quot;nl&quot;:&quot;Frans-Guyana&quot;,&quot;hr&quot;:&quot;Francuska Gvajana&quot;,&quot;fa&quot;:&quot;Ú¯ÙˆÛŒØ§Ù† Ù�Ø±Ø§Ù†Ø³Ù‡&quot;},&quot;flag&quot;:&quot;https://restcountries.eu/data/guf.svg&quot;,&quot;regionalBlocs&quot;:[{&quot;acronym&quot;:&quot;USAN&quot;,&quot;name&quot;:&quot;Union of South American Nations&quot;,&quot;otherAcronyms&quot;:[&quot;UNASUR&quot;,&quot;UNASUL&quot;,&quot;UZAN&quot;],&quot;otherNames&quot;:[&quot;UniÃ³n de Naciones Suramericanas&quot;,&quot;UniÃ£o de NaÃ§Ãµes Sul-Americanas&quot;,&quot;Unie van Zuid-Amerikaanse Naties&quot;,&quot;South American Union&quot;]},{&quot;acronym&quot;:&quot;EU&quot;,&quot;name&quot;:&quot;European Union&quot;,&quot;otherAcronyms&quot;:[],&quot;otherNames&quot;:[]}],&quot;cioc&quot;:&quot;&quot;},{&quot;name&quot;:&quot;French Polynesia&quot;,&quot;topLevelDomain&quot;:[&quot;.pf&quot;],&quot;alpha2Code&quot;:&quot;PF&quot;,&quot;alpha3Code&quot;:&quot;PYF&quot;,&quot;callingCodes&quot;:[&quot;689&quot;],&quot;capital&quot;:&quot;PapeetÄ“&quot;,&quot;altSpellings&quot;:[&quot;PF&quot;,&quot;PolynÃ©sie franÃ§aise&quot;,&quot;French Polynesia&quot;,&quot;PÅ�rÄ«netia FarÄ�ni&quot;],&quot;region&quot;:&quot;Oceania&quot;,&quot;subregion&quot;:&quot;Polynesia&quot;,&quot;population&quot;:271800,&quot;latlng&quot;:[-15.0,-140.0],&quot;demonym&quot;:&quot;French Polynesian&quot;,&quot;area&quot;:4167.0,&quot;gini&quot;:null,&quot;timezones&quot;:[&quot;UTC-10:00&quot;,&quot;UTC-09:30&quot;,&quot;UTC-09:00&quot;],&quot;borders&quot;:[],&quot;nativeName&quot;:&quot;PolynÃ©sie franÃ§aise&quot;,&quot;numericCode&quot;:&quot;258&quot;,&quot;currencies&quot;:[{&quot;code&quot;:&quot;XPF&quot;,&quot;name&quot;:&quot;CFP franc&quot;,&quot;symbol&quot;:&quot;Fr&quot;}],&quot;languages&quot;:[{&quot;iso639_1&quot;:&quot;fr&quot;,&quot;iso639_2&quot;:&quot;fra&quot;,&quot;name&quot;:&quot;French&quot;,&quot;nativeName&quot;:&quot;franÃ§ais&quot;}],&quot;translations&quot;:{&quot;de&quot;:&quot;FranzÃ¶sisch-Polynesien&quot;,&quot;es&quot;:&quot;Polinesia Francesa&quot;,&quot;fr&quot;:&quot;PolynÃ©sie franÃ§aise&quot;,&quot;ja&quot;:&quot;ãƒ•ãƒ©ãƒ³ã‚¹é ˜ãƒ�ãƒªãƒ�ã‚·ã‚¢&quot;,&quot;it&quot;:&quot;Polinesia Francese&quot;,&quot;br&quot;:&quot;PolinÃ©sia Francesa&quot;,&quot;pt&quot;:&quot;PolinÃ©sia Francesa&quot;,&quot;nl&quot;:&quot;Frans-PolynesiÃ«&quot;,&quot;hr&quot;:&quot;Francuska Polinezija&quot;,&quot;fa&quot;:&quot;Ù¾Ù„ÛŒâ€ŒÙ†Ø²ÛŒ Ù�Ø±Ø§Ù†Ø³Ù‡&quot;},&quot;flag&quot;:&quot;https://restcountries.eu/data/pyf.svg&quot;,&quot;regionalBlocs&quot;:[],&quot;cioc&quot;:&quot;&quot;},{&quot;name&quot;:&quot;French Southern Territories&quot;,&quot;topLevelDomain&quot;:[&quot;.tf&quot;],&quot;alpha2Code&quot;:&quot;TF&quot;,&quot;alpha3Code&quot;:&quot;ATF&quot;,&quot;callingCodes&quot;:[&quot;&quot;],&quot;capital&quot;:&quot;Port-aux-FranÃ§ais&quot;,&quot;altSpellings&quot;:[&quot;TF&quot;],&quot;region&quot;:&quot;Africa&quot;,&quot;subregion&quot;:&quot;Southern Africa&quot;,&quot;population&quot;:140,&quot;latlng&quot;:[-49.25,69.167],&quot;demonym&quot;:&quot;French&quot;,&quot;area&quot;:7747.0,&quot;gini&quot;:null,&quot;timezones&quot;:[&quot;UTC+05:00&quot;],&quot;borders&quot;:[],&quot;nativeName&quot;:&quot;Territoire des Terres australes et antarctiques franÃ§aises&quot;,&quot;numericCode&quot;:&quot;260&quot;,&quot;currencies&quot;:[{&quot;code&quot;:&quot;EUR&quot;,&quot;name&quot;:&quot;Euro&quot;,&quot;symbol&quot;:&quot;â‚¬&quot;}],&quot;languages&quot;:[{&quot;iso639_1&quot;:&quot;fr&quot;,&quot;iso639_2&quot;:&quot;fra&quot;,&quot;name&quot;:&quot;French&quot;,&quot;nativeName&quot;:&quot;franÃ§ais&quot;}],&quot;translations&quot;:{&quot;de&quot;:&quot;FranzÃ¶sische SÃ¼d- und Antarktisgebiete&quot;,&quot;es&quot;:&quot;Tierras Australes y AntÃ¡rticas Francesas&quot;,&quot;fr&quot;:&quot;Terres australes et antarctiques franÃ§aises&quot;,&quot;ja&quot;:&quot;ãƒ•ãƒ©ãƒ³ã‚¹é ˜å�—æ–¹ãƒ»å�—æ¥µåœ°åŸŸ&quot;,&quot;it&quot;:&quot;Territori Francesi del Sud&quot;,&quot;br&quot;:&quot;Terras Austrais e AntÃ¡rticas Francesas&quot;,&quot;pt&quot;:&quot;Terras Austrais e AntÃ¡rticas Francesas&quot;,&quot;nl&quot;:&quot;Franse Gebieden in de zuidelijke Indische Oceaan&quot;,&quot;hr&quot;:&quot;Francuski juÅ¾ni i antarktiÄ�ki teritoriji&quot;,&quot;fa&quot;:&quot;Ø³Ø±Ø²Ù…ÛŒÙ†â€ŒÙ‡Ø§ÛŒ Ø¬Ù†ÙˆØ¨ÛŒ Ùˆ Ø¬Ù†ÙˆØ¨Ú¯Ø§Ù†ÛŒ Ù�Ø±Ø§Ù†Ø³Ù‡&quot;},&quot;flag&quot;:&quot;https://restcountries.eu/data/atf.svg&quot;,&quot;regionalBlocs&quot;:[{&quot;acronym&quot;:&quot;AU&quot;,&quot;name&quot;:&quot;African Union&quot;,&quot;otherAcronyms&quot;:[],&quot;otherNames&quot;:[&quot;Ø§Ù„Ø§ØªØ­Ø§Ø¯ Ø§Ù„Ø£Ù�Ø±ÙŠÙ‚ÙŠ&quot;,&quot;Union africaine&quot;,&quot;UniÃ£o Africana&quot;,&quot;UniÃ³n Africana&quot;,&quot;Umoja wa Afrika&quot;]}],&quot;cioc&quot;:&quot;&quot;},{&quot;name&quot;:&quot;Gabon&quot;,&quot;topLevelDomain&quot;:[&quot;.ga&quot;],&quot;alpha2Code&quot;:&quot;GA&quot;,&quot;alpha3Code&quot;:&quot;GAB&quot;,&quot;callingCodes&quot;:[&quot;241&quot;],&quot;capital&quot;:&quot;Libreville&quot;,&quot;altSpellings&quot;:[&quot;GA&quot;,&quot;Gabonese Republic&quot;,&quot;RÃ©publique Gabonaise&quot;],&quot;region&quot;:&quot;Africa&quot;,&quot;subregion&quot;:&quot;Middle Africa&quot;,&quot;population&quot;:1802278,&quot;latlng&quot;:[-1.0,11.75],&quot;demonym&quot;:&quot;Gabonese&quot;,&quot;area&quot;:267668.0,&quot;gini&quot;:41.5,&quot;timezones&quot;:[&quot;UTC+01:00&quot;],&quot;borders&quot;:[&quot;CMR&quot;,&quot;COG&quot;,&quot;GNQ&quot;],&quot;nativeName&quot;:&quot;Gabon&quot;,&quot;numericCode&quot;:&quot;266&quot;,&quot;currencies&quot;:[{&quot;code&quot;:&quot;XAF&quot;,&quot;name&quot;:&quot;Central African CFA franc&quot;,&quot;symbol&quot;:&quot;Fr&quot;}],&quot;languages&quot;:[{&quot;iso639_1&quot;:&quot;fr&quot;,&quot;iso639_2&quot;:&quot;fra&quot;,&quot;name&quot;:&quot;French&quot;,&quot;nativeName&quot;:&quot;franÃ§ais&quot;}],&quot;translations&quot;:{&quot;de&quot;:&quot;Gabun&quot;,&quot;es&quot;:&quot;GabÃ³n&quot;,&quot;fr&quot;:&quot;Gabon&quot;,&quot;ja&quot;:&quot;ã‚¬ãƒœãƒ³&quot;,&quot;it&quot;:&quot;Gabon&quot;,&quot;br&quot;:&quot;GabÃ£o&quot;,&quot;pt&quot;:&quot;GabÃ£o&quot;,&quot;nl&quot;:&quot;Gabon&quot;,&quot;hr&quot;:&quot;Gabon&quot;,&quot;fa&quot;:&quot;Ú¯Ø§Ø¨Ù†&quot;},&quot;flag&quot;:&quot;https://restcountries.eu/data/gab.svg&quot;,&quot;regionalBlocs&quot;:[{&quot;acronym&quot;:&quot;AU&quot;,&quot;name&quot;:&quot;African Union&quot;,&quot;otherAcronyms&quot;:[],&quot;otherNames&quot;:[&quot;Ø§Ù„Ø§ØªØ­Ø§Ø¯ Ø§Ù„Ø£Ù�Ø±ÙŠÙ‚ÙŠ&quot;,&quot;Union africaine&quot;,&quot;UniÃ£o Africana&quot;,&quot;UniÃ³n Africana&quot;,&quot;Umoja wa Afrika&quot;]}],&quot;cioc&quot;:&quot;GAB&quot;},{&quot;name&quot;:&quot;Gambia&quot;,&quot;topLevelDomain&quot;:[&quot;.gm&quot;],&quot;alpha2Code&quot;:&quot;GM&quot;,&quot;alpha3Code&quot;:&quot;GMB&quot;,&quot;callingCodes&quot;:[&quot;220&quot;],&quot;capital&quot;:&quot;Banjul&quot;,&quot;altSpellings&quot;:[&quot;GM&quot;,&quot;Republic of the Gambia&quot;],&quot;region&quot;:&quot;Africa&quot;,&quot;subregion&quot;:&quot;Western Africa&quot;,&quot;population&quot;:1882450,&quot;latlng&quot;:[13.46666666,-16.56666666],&quot;demonym&quot;:&quot;Gambian&quot;,&quot;area&quot;:11295.0,&quot;gini&quot;:null,&quot;timezones&quot;:[&quot;UTC+00:00&quot;],&quot;borders&quot;:[&quot;SEN&quot;],&quot;nativeName&quot;:&quot;Gambia&quot;,&quot;numericCode&quot;:&quot;270&quot;,&quot;currencies&quot;:[{&quot;code&quot;:&quot;GMD&quot;,&quot;name&quot;:&quot;Gambian dalasi&quot;,&quot;symbol&quot;:&quot;D&quot;}],&quot;languages&quot;:[{&quot;iso639_1&quot;:&quot;en&quot;,&quot;iso639_2&quot;:&quot;eng&quot;,&quot;name&quot;:&quot;English&quot;,&quot;nativeName&quot;:&quot;English&quot;}],&quot;translations&quot;:{&quot;de&quot;:&quot;Gambia&quot;,&quot;es&quot;:&quot;Gambia&quot;,&quot;fr&quot;:&quot;Gambie&quot;,&quot;ja&quot;:&quot;ã‚¬ãƒ³ãƒ“ã‚¢&quot;,&quot;it&quot;:&quot;Gambia&quot;,&quot;br&quot;:&quot;GÃ¢mbia&quot;,&quot;pt&quot;:&quot;GÃ¢mbia&quot;,&quot;nl&quot;:&quot;Gambia&quot;,&quot;hr&quot;:&quot;Gambija&quot;,&quot;fa&quot;:&quot;Ú¯Ø§Ù…Ø¨ÛŒØ§&quot;},&quot;flag&quot;:&quot;https://restcountries.eu/data/gmb.svg&quot;,&quot;regionalBlocs&quot;:[{&quot;acronym&quot;:&quot;AU&quot;,&quot;name&quot;:&quot;African Union&quot;,&quot;otherAcronyms&quot;:[],&quot;otherNames&quot;:[&quot;Ø§Ù„Ø§ØªØ­Ø§Ø¯ Ø§Ù„Ø£Ù�Ø±ÙŠÙ‚ÙŠ&quot;,&quot;Union africaine&quot;,&quot;UniÃ£o Africana&quot;,&quot;UniÃ³n Africana&quot;,&quot;Umoja wa Afrika&quot;]}],&quot;cioc&quot;:&quot;GAM&quot;},{&quot;name&quot;:&quot;Georgia&quot;,&quot;topLevelDomain&quot;:[&quot;.ge&quot;],&quot;alpha2Code&quot;:&quot;GE&quot;,&quot;alpha3Code&quot;:&quot;GEO&quot;,&quot;callingCodes&quot;:[&quot;995&quot;],&quot;capital&quot;:&quot;Tbilisi&quot;,&quot;altSpellings&quot;:[&quot;GE&quot;,&quot;Sakartvelo&quot;],&quot;region&quot;:&quot;Asia&quot;,&quot;subregion&quot;:&quot;Western Asia&quot;,&quot;population&quot;:3720400,&quot;latlng&quot;:[42.0,43.5],&quot;demonym&quot;:&quot;Georgian&quot;,&quot;area&quot;:69700.0,&quot;gini&quot;:41.3,&quot;timezones&quot;:[&quot;UTC-05:00&quot;],&quot;borders&quot;:[&quot;ARM&quot;,&quot;AZE&quot;,&quot;RUS&quot;,&quot;TUR&quot;],&quot;nativeName&quot;:&quot;áƒ¡áƒ�áƒ¥áƒ�áƒ áƒ—áƒ•áƒ”áƒšáƒ�&quot;,&quot;numericCode&quot;:&quot;268&quot;,&quot;currencies&quot;:[{&quot;code&quot;:&quot;GEL&quot;,&quot;name&quot;:&quot;Georgian Lari&quot;,&quot;symbol&quot;:&quot;áƒš&quot;}],&quot;languages&quot;:[{&quot;iso639_1&quot;:&quot;ka&quot;,&quot;iso639_2&quot;:&quot;kat&quot;,&quot;name&quot;:&quot;Georgian&quot;,&quot;nativeName&quot;:&quot;áƒ¥áƒ�áƒ áƒ—áƒ£áƒšáƒ˜&quot;}],&quot;translations&quot;:{&quot;de&quot;:&quot;Georgien&quot;,&quot;es&quot;:&quot;Georgia&quot;,&quot;fr&quot;:&quot;GÃ©orgie&quot;,&quot;ja&quot;:&quot;ã‚°ãƒ«ã‚¸ã‚¢&quot;,&quot;it&quot;:&quot;Georgia&quot;,&quot;br&quot;:&quot;GeÃ³rgia&quot;,&quot;pt&quot;:&quot;GeÃ³rgia&quot;,&quot;nl&quot;:&quot;GeorgiÃ«&quot;,&quot;hr&quot;:&quot;Gruzija&quot;,&quot;fa&quot;:&quot;Ú¯Ø±Ø¬Ø³ØªØ§Ù†&quot;},&quot;flag&quot;:&quot;https://restcountries.eu/data/geo.svg&quot;,&quot;regionalBlocs&quot;:[],&quot;cioc&quot;:&quot;GEO&quot;},{&quot;name&quot;:&quot;Germany&quot;,&quot;topLevelDomain&quot;:[&quot;.de&quot;],&quot;alpha2Code&quot;:&quot;DE&quot;,&quot;alpha3Code&quot;:&quot;DEU&quot;,&quot;callingCodes&quot;:[&quot;49&quot;],&quot;capital&quot;:&quot;Berlin&quot;,&quot;altSpellings&quot;:[&quot;DE&quot;,&quot;Federal Republic of Germany&quot;,&quot;Bundesrepublik Deutschland&quot;],&quot;region&quot;:&quot;Europe&quot;,&quot;subregion&quot;:&quot;Western Europe&quot;,&quot;population&quot;:81770900,&quot;latlng&quot;:[51.0,9.0],&quot;demonym&quot;:&quot;German&quot;,&quot;area&quot;:357114.0,&quot;gini&quot;:28.3,&quot;timezones&quot;:[&quot;UTC+01:00&quot;],&quot;borders&quot;:[&quot;AUT&quot;,&quot;BEL&quot;,&quot;CZE&quot;,&quot;DNK&quot;,&quot;FRA&quot;,&quot;LUX&quot;,&quot;NLD&quot;,&quot;POL&quot;,&quot;CHE&quot;],&quot;nativeName&quot;:&quot;Deutschland&quot;,&quot;numericCode&quot;:&quot;276&quot;,&quot;currencies&quot;:[{&quot;code&quot;:&quot;EUR&quot;,&quot;name&quot;:&quot;Euro&quot;,&quot;symbol&quot;:&quot;â‚¬&quot;}],&quot;languages&quot;:[{&quot;iso639_1&quot;:&quot;de&quot;,&quot;iso639_2&quot;:&quot;deu&quot;,&quot;name&quot;:&quot;German&quot;,&quot;nativeName&quot;:&quot;Deutsch&quot;}],&quot;translations&quot;:{&quot;de&quot;:&quot;Deutschland&quot;,&quot;es&quot;:&quot;Alemania&quot;,&quot;fr&quot;:&quot;Allemagne&quot;,&quot;ja&quot;:&quot;ãƒ‰ã‚¤ãƒ„&quot;,&quot;it&quot;:&quot;Germania&quot;,&quot;br&quot;:&quot;Alemanha&quot;,&quot;pt&quot;:&quot;Alemanha&quot;,&quot;nl&quot;:&quot;Duitsland&quot;,&quot;hr&quot;:&quot;NjemaÄ�ka&quot;,&quot;fa&quot;:&quot;Ø¢Ù„Ù…Ø§Ù†&quot;},&quot;flag&quot;:&quot;https://restcountries.eu/data/deu.svg&quot;,&quot;regionalBlocs&quot;:[{&quot;acronym&quot;:&quot;EU&quot;,&quot;name&quot;:&quot;European Union&quot;,&quot;otherAcronyms&quot;:[],&quot;otherNames&quot;:[]}],&quot;cioc&quot;:&quot;GER&quot;},{&quot;name&quot;:&quot;Ghana&quot;,&quot;topLevelDomain&quot;:[&quot;.gh&quot;],&quot;alpha2Code&quot;:&quot;GH&quot;,&quot;alpha3Code&quot;:&quot;GHA&quot;,&quot;callingCodes&quot;:[&quot;233&quot;],&quot;capital&quot;:&quot;Accra&quot;,&quot;altSpellings&quot;:[&quot;GH&quot;],&quot;region&quot;:&quot;Africa&quot;,&quot;subregion&quot;:&quot;Western Africa&quot;,&quot;population&quot;:27670174,&quot;latlng&quot;:[8.0,-2.0],&quot;demonym&quot;:&quot;Ghanaian&quot;,&quot;area&quot;:238533.0,&quot;gini&quot;:42.8,&quot;timezones&quot;:[&quot;UTC&quot;],&quot;borders&quot;:[&quot;BFA&quot;,&quot;CIV&quot;,&quot;TGO&quot;],&quot;nativeName&quot;:&quot;Ghana&quot;,&quot;numericCode&quot;:&quot;288&quot;,&quot;currencies&quot;:[{&quot;code&quot;:&quot;GHS&quot;,&quot;name&quot;:&quot;Ghanaian cedi&quot;,&quot;symbol&quot;:&quot;â‚µ&quot;}],&quot;languages&quot;:[{&quot;iso639_1&quot;:&quot;en&quot;,&quot;iso639_2&quot;:&quot;eng&quot;,&quot;name&quot;:&quot;English&quot;,&quot;nativeName&quot;:&quot;English&quot;}],&quot;translations&quot;:{&quot;de&quot;:&quot;Ghana&quot;,&quot;es&quot;:&quot;Ghana&quot;,&quot;fr&quot;:&quot;Ghana&quot;,&quot;ja&quot;:&quot;ã‚¬ãƒ¼ãƒŠ&quot;,&quot;it&quot;:&quot;Ghana&quot;,&quot;br&quot;:&quot;Gana&quot;,&quot;pt&quot;:&quot;Gana&quot;,&quot;nl&quot;:&quot;Ghana&quot;,&quot;hr&quot;:&quot;Gana&quot;,&quot;fa&quot;:&quot;ØºÙ†Ø§&quot;},&quot;flag&quot;:&quot;https://restcountries.eu/data/gha.svg&quot;,&quot;regionalBlocs&quot;:[{&quot;acronym&quot;:&quot;AU&quot;,&quot;name&quot;:&quot;African Union&quot;,&quot;otherAcronyms&quot;:[],&quot;otherNames&quot;:[&quot;Ø§Ù„Ø§ØªØ­Ø§Ø¯ Ø§Ù„Ø£Ù�Ø±ÙŠÙ‚ÙŠ&quot;,&quot;Union africaine&quot;,&quot;UniÃ£o Africana&quot;,&quot;UniÃ³n Africana&quot;,&quot;Umoja wa Afrika&quot;]}],&quot;cioc&quot;:&quot;GHA&quot;},{&quot;name&quot;:&quot;Gibraltar&quot;,&quot;topLevelDomain&quot;:[&quot;.gi&quot;],&quot;alpha2Code&quot;:&quot;GI&quot;,&quot;alpha3Code&quot;:&quot;GIB&quot;,&quot;callingCodes&quot;:[&quot;350&quot;],&quot;capital&quot;:&quot;Gibraltar&quot;,&quot;altSpellings&quot;:[&quot;GI&quot;],&quot;region&quot;:&quot;Europe&quot;,&quot;subregion&quot;:&quot;Southern Europe&quot;,&quot;population&quot;:33140,&quot;latlng&quot;:[36.13333333,-5.35],&quot;demonym&quot;:&quot;Gibraltar&quot;,&quot;area&quot;:6.0,&quot;gini&quot;:null,&quot;timezones&quot;:[&quot;UTC+01:00&quot;],&quot;borders&quot;:[&quot;ESP&quot;],&quot;nativeName&quot;:&quot;Gibraltar&quot;,&quot;numericCode&quot;:&quot;292&quot;,&quot;currencies&quot;:[{&quot;code&quot;:&quot;GIP&quot;,&quot;name&quot;:&quot;Gibraltar pound&quot;,&quot;symbol&quot;:&quot;Â£&quot;}],&quot;languages&quot;:[{&quot;iso639_1&quot;:&quot;en&quot;,&quot;iso639_2&quot;:&quot;eng&quot;,&quot;name&quot;:&quot;English&quot;,&quot;nativeName&quot;:&quot;English&quot;}],&quot;translations&quot;:{&quot;de&quot;:&quot;Gibraltar&quot;,&quot;es&quot;:&quot;Gibraltar&quot;,&quot;fr&quot;:&quot;Gibraltar&quot;,&quot;ja&quot;:&quot;ã‚¸ãƒ–ãƒ©ãƒ«ã‚¿ãƒ«&quot;,&quot;it&quot;:&quot;Gibilterra&quot;,&quot;br&quot;:&quot;Gibraltar&quot;,&quot;pt&quot;:&quot;Gibraltar&quot;,&quot;nl&quot;:&quot;Gibraltar&quot;,&quot;hr&quot;:&quot;Gibraltar&quot;,&quot;fa&quot;:&quot;Ø¬Ø¨Ù„â€ŒØ·Ø§Ø±Ù‚&quot;},&quot;flag&quot;:&quot;https://restcountries.eu/data/gib.svg&quot;,&quot;regionalBlocs&quot;:[{&quot;acronym&quot;:&quot;EU&quot;,&quot;name&quot;:&quot;European Union&quot;,&quot;otherAcronyms&quot;:[],&quot;otherNames&quot;:[]}],&quot;cioc&quot;:&quot;&quot;},{&quot;name&quot;:&quot;Greece&quot;,&quot;topLevelDomain&quot;:[&quot;.gr&quot;],&quot;alpha2Code&quot;:&quot;GR&quot;,&quot;alpha3Code&quot;:&quot;GRC&quot;,&quot;callingCodes&quot;:[&quot;30&quot;],&quot;capital&quot;:&quot;Athens&quot;,&quot;altSpellings&quot;:[&quot;GR&quot;,&quot;EllÃ¡da&quot;,&quot;Hellenic Republic&quot;,&quot;Î•Î»Î»Î·Î½Î¹ÎºÎ® Î”Î·Î¼Î¿ÎºÏ�Î±Ï„Î¯Î±&quot;],&quot;region&quot;:&quot;Europe&quot;,&quot;subregion&quot;:&quot;Southern Europe&quot;,&quot;population&quot;:10858018,&quot;latlng&quot;:[39.0,22.0],&quot;demonym&quot;:&quot;Greek&quot;,&quot;area&quot;:131990.0,&quot;gini&quot;:34.3,&quot;timezones&quot;:[&quot;UTC+02:00&quot;],&quot;borders&quot;:[&quot;ALB&quot;,&quot;BGR&quot;,&quot;TUR&quot;,&quot;MKD&quot;],&quot;nativeName&quot;:&quot;Î•Î»Î»Î¬Î´Î±&quot;,&quot;numericCode&quot;:&quot;300&quot;,&quot;currencies&quot;:[{&quot;code&quot;:&quot;EUR&quot;,&quot;name&quot;:&quot;Euro&quot;,&quot;symbol&quot;:&quot;â‚¬&quot;}],&quot;languages&quot;:[{&quot;iso639_1&quot;:&quot;el&quot;,&quot;iso639_2&quot;:&quot;ell&quot;,&quot;name&quot;:&quot;Greek (modern)&quot;,&quot;nativeName&quot;:&quot;ÎµÎ»Î»Î·Î½Î¹ÎºÎ¬&quot;}],&quot;translations&quot;:{&quot;de&quot;:&quot;Griechenland&quot;,&quot;es&quot;:&quot;Grecia&quot;,&quot;fr&quot;:&quot;GrÃ¨ce&quot;,&quot;ja&quot;:&quot;ã‚®ãƒªã‚·ãƒ£&quot;,&quot;it&quot;:&quot;Grecia&quot;,&quot;br&quot;:&quot;GrÃ©cia&quot;,&quot;pt&quot;:&quot;GrÃ©cia&quot;,&quot;nl&quot;:&quot;Griekenland&quot;,&quot;hr&quot;:&quot;GrÄ�ka&quot;,&quot;fa&quot;:&quot;ÛŒÙˆÙ†Ø§Ù†&quot;},&quot;flag&quot;:&quot;https://restcountries.eu/data/grc.svg&quot;,&quot;regionalBlocs&quot;:[{&quot;acronym&quot;:&quot;EU&quot;,&quot;name&quot;:&quot;European Union&quot;,&quot;otherAcronyms&quot;:[],&quot;otherNames&quot;:[]}],&quot;cioc&quot;:&quot;GRE&quot;},{&quot;name&quot;:&quot;Greenland&quot;,&quot;topLevelDomain&quot;:[&quot;.gl&quot;],&quot;alpha2Code&quot;:&quot;GL&quot;,&quot;alpha3Code&quot;:&quot;GRL&quot;,&quot;callingCodes&quot;:[&quot;299&quot;],&quot;capital&quot;:&quot;Nuuk&quot;,&quot;altSpellings&quot;:[&quot;GL&quot;,&quot;GrÃ¸nland&quot;],&quot;region&quot;:&quot;Americas&quot;,&quot;subregion&quot;:&quot;Northern America&quot;,&quot;population&quot;:55847,&quot;latlng&quot;:[72.0,-40.0],&quot;demonym&quot;:&quot;Greenlandic&quot;,&quot;area&quot;:2166086.0,&quot;gini&quot;:null,&quot;timezones&quot;:[&quot;UTC-04:00&quot;,&quot;UTC-03:00&quot;,&quot;UTC-01:00&quot;,&quot;UTC+00:00&quot;],&quot;borders&quot;:[],&quot;nativeName&quot;:&quot;Kalaallit Nunaat&quot;,&quot;numericCode&quot;:&quot;304&quot;,&quot;currencies&quot;:[{&quot;code&quot;:&quot;DKK&quot;,&quot;name&quot;:&quot;Danish krone&quot;,&quot;symbol&quot;:&quot;kr&quot;}],&quot;languages&quot;:[{&quot;iso639_1&quot;:&quot;kl&quot;,&quot;iso639_2&quot;:&quot;kal&quot;,&quot;name&quot;:&quot;Kalaallisut&quot;,&quot;nativeName&quot;:&quot;kalaallisut&quot;}],&quot;translations&quot;:{&quot;de&quot;:&quot;GrÃ¶nland&quot;,&quot;es&quot;:&quot;Groenlandia&quot;,&quot;fr&quot;:&quot;Groenland&quot;,&quot;ja&quot;:&quot;ã‚°ãƒªãƒ¼ãƒ³ãƒ©ãƒ³ãƒ‰&quot;,&quot;it&quot;:&quot;Groenlandia&quot;,&quot;br&quot;:&quot;GroelÃ¢ndia&quot;,&quot;pt&quot;:&quot;GronelÃ¢ndia&quot;,&quot;nl&quot;:&quot;Groenland&quot;,&quot;hr&quot;:&quot;Grenland&quot;,&quot;fa&quot;:&quot;Ú¯Ø±ÛŒÙ†Ù„Ù†Ø¯&quot;},&quot;flag&quot;:&quot;https://restcountries.eu/data/grl.svg&quot;,&quot;regionalBlocs&quot;:[],&quot;cioc&quot;:&quot;&quot;},{&quot;name&quot;:&quot;Grenada&quot;,&quot;topLevelDomain&quot;:[&quot;.gd&quot;],&quot;alpha2Code&quot;:&quot;GD&quot;,&quot;alpha3Code&quot;:&quot;GRD&quot;,&quot;callingCodes&quot;:[&quot;1473&quot;],&quot;capital&quot;:&quot;St. George&apos;s&quot;,&quot;altSpellings&quot;:[&quot;GD&quot;],&quot;region&quot;:&quot;Americas&quot;,&quot;subregion&quot;:&quot;Caribbean&quot;,&quot;population&quot;:103328,&quot;latlng&quot;:[12.11666666,-61.66666666],&quot;demonym&quot;:&quot;Grenadian&quot;,&quot;area&quot;:344.0,&quot;gini&quot;:null,&quot;timezones&quot;:[&quot;UTC-04:00&quot;],&quot;borders&quot;:[],&quot;nativeName&quot;:&quot;Grenada&quot;,&quot;numericCode&quot;:&quot;308&quot;,&quot;currencies&quot;:[{&quot;code&quot;:&quot;XCD&quot;,&quot;name&quot;:&quot;East Caribbean dollar&quot;,&quot;symbol&quot;:&quot;$&quot;}],&quot;languages&quot;:[{&quot;iso639_1&quot;:&quot;en&quot;,&quot;iso639_2&quot;:&quot;eng&quot;,&quot;name&quot;:&quot;English&quot;,&quot;nativeName&quot;:&quot;English&quot;}],&quot;translations&quot;:{&quot;de&quot;:&quot;Grenada&quot;,&quot;es&quot;:&quot;Grenada&quot;,&quot;fr&quot;:&quot;Grenade&quot;,&quot;ja&quot;:&quot;ã‚°ãƒ¬ãƒŠãƒ€&quot;,&quot;it&quot;:&quot;Grenada&quot;,&quot;br&quot;:&quot;Granada&quot;,&quot;pt&quot;:&quot;Granada&quot;,&quot;nl&quot;:&quot;Grenada&quot;,&quot;hr&quot;:&quot;Grenada&quot;,&quot;fa&quot;:&quot;Ú¯Ø±Ù†Ø§Ø¯Ø§&quot;},&quot;flag&quot;:&quot;https://restcountries.eu/data/grd.svg&quot;,&quot;regionalBlocs&quot;:[{&quot;acronym&quot;:&quot;CARICOM&quot;,&quot;name&quot;:&quot;Caribbean Community&quot;,&quot;otherAcronyms&quot;:[],&quot;otherNames&quot;:[&quot;Comunidad del Caribe&quot;,&quot;CommunautÃ© CaribÃ©enne&quot;,&quot;Caribische Gemeenschap&quot;]}],&quot;cioc&quot;:&quot;GRN&quot;},{&quot;name&quot;:&quot;Guadeloupe&quot;,&quot;topLevelDomain&quot;:[&quot;.gp&quot;],&quot;alpha2Code&quot;:&quot;GP&quot;,&quot;alpha3Code&quot;:&quot;GLP&quot;,&quot;callingCodes&quot;:[&quot;590&quot;],&quot;capital&quot;:&quot;Basse-Terre&quot;,&quot;altSpellings&quot;:[&quot;GP&quot;,&quot;Gwadloup&quot;],&quot;region&quot;:&quot;Americas&quot;,&quot;subregion&quot;:&quot;Caribbean&quot;,&quot;population&quot;:400132,&quot;latlng&quot;:[16.25,-61.583333],&quot;demonym&quot;:&quot;Guadeloupian&quot;,&quot;area&quot;:null,&quot;gini&quot;:null,&quot;timezones&quot;:[&quot;UTC-04:00&quot;],&quot;borders&quot;:[],&quot;nativeName&quot;:&quot;Guadeloupe&quot;,&quot;numericCode&quot;:&quot;312&quot;,&quot;currencies&quot;:[{&quot;code&quot;:&quot;EUR&quot;,&quot;name&quot;:&quot;Euro&quot;,&quot;symbol&quot;:&quot;â‚¬&quot;}],&quot;languages&quot;:[{&quot;iso639_1&quot;:&quot;fr&quot;,&quot;iso639_2&quot;:&quot;fra&quot;,&quot;name&quot;:&quot;French&quot;,&quot;nativeName&quot;:&quot;franÃ§ais&quot;}],&quot;translations&quot;:{&quot;de&quot;:&quot;Guadeloupe&quot;,&quot;es&quot;:&quot;Guadalupe&quot;,&quot;fr&quot;:&quot;Guadeloupe&quot;,&quot;ja&quot;:&quot;ã‚°ã‚¢ãƒ‰ãƒ«ãƒ¼ãƒ—&quot;,&quot;it&quot;:&quot;Guadeloupa&quot;,&quot;br&quot;:&quot;Guadalupe&quot;,&quot;pt&quot;:&quot;Guadalupe&quot;,&quot;nl&quot;:&quot;Guadeloupe&quot;,&quot;hr&quot;:&quot;Gvadalupa&quot;,&quot;fa&quot;:&quot;Ø¬Ø²ÛŒØ±Ù‡ Ú¯ÙˆØ§Ø¯Ù„ÙˆÙ¾&quot;},&quot;flag&quot;:&quot;https://restcountries.eu/data/glp.svg&quot;,&quot;regionalBlocs&quot;:[],&quot;cioc&quot;:&quot;&quot;},{&quot;name&quot;:&quot;Guam&quot;,&quot;topLevelDomain&quot;:[&quot;.gu&quot;],&quot;alpha2Code&quot;:&quot;GU&quot;,&quot;alpha3Code&quot;:&quot;GUM&quot;,&quot;callingCodes&quot;:[&quot;1671&quot;],&quot;capital&quot;:&quot;HagÃ¥tÃ±a&quot;,&quot;altSpellings&quot;:[&quot;GU&quot;,&quot;GuÃ¥hÃ¥n&quot;],&quot;region&quot;:&quot;Oceania&quot;,&quot;subregion&quot;:&quot;Micronesia&quot;,&quot;population&quot;:184200,&quot;latlng&quot;:[13.46666666,144.78333333],&quot;demonym&quot;:&quot;Guamanian&quot;,&quot;area&quot;:549.0,&quot;gini&quot;:null,&quot;timezones&quot;:[&quot;UTC+10:00&quot;],&quot;borders&quot;:[],&quot;nativeName&quot;:&quot;Guam&quot;,&quot;numericCode&quot;:&quot;316&quot;,&quot;currencies&quot;:[{&quot;code&quot;:&quot;USD&quot;,&quot;name&quot;:&quot;United States dollar&quot;,&quot;symbol&quot;:&quot;$&quot;}],&quot;languages&quot;:[{&quot;iso639_1&quot;:&quot;en&quot;,&quot;iso639_2&quot;:&quot;eng&quot;,&quot;name&quot;:&quot;English&quot;,&quot;nativeName&quot;:&quot;English&quot;},{&quot;iso639_1&quot;:&quot;ch&quot;,&quot;iso639_2&quot;:&quot;cha&quot;,&quot;name&quot;:&quot;Chamorro&quot;,&quot;nativeName&quot;:&quot;Chamoru&quot;},{&quot;iso639_1&quot;:&quot;es&quot;,&quot;iso639_2&quot;:&quot;spa&quot;,&quot;name&quot;:&quot;Spanish&quot;,&quot;nativeName&quot;:&quot;EspaÃ±ol&quot;}],&quot;translations&quot;:{&quot;de&quot;:&quot;Guam&quot;,&quot;es&quot;:&quot;Guam&quot;,&quot;fr&quot;:&quot;Guam&quot;,&quot;ja&quot;:&quot;ã‚°ã‚¢ãƒ &quot;,&quot;it&quot;:&quot;Guam&quot;,&quot;br&quot;:&quot;Guam&quot;,&quot;pt&quot;:&quot;Guame&quot;,&quot;nl&quot;:&quot;Guam&quot;,&quot;hr&quot;:&quot;Guam&quot;,&quot;fa&quot;:&quot;Ú¯ÙˆØ§Ù…&quot;},&quot;flag&quot;:&quot;https://restcountries.eu/data/gum.svg&quot;,&quot;regionalBlocs&quot;:[],&quot;cioc&quot;:&quot;GUM&quot;},{&quot;name&quot;:&quot;Guatemala&quot;,&quot;topLevelDomain&quot;:[&quot;.gt&quot;],&quot;alpha2Code&quot;:&quot;GT&quot;,&quot;alpha3Code&quot;:&quot;GTM&quot;,&quot;callingCodes&quot;:[&quot;502&quot;],&quot;capital&quot;:&quot;Guatemala City&quot;,&quot;altSpellings&quot;:[&quot;GT&quot;],&quot;region&quot;:&quot;Americas&quot;,&quot;subregion&quot;:&quot;Central America&quot;,&quot;population&quot;:16176133,&quot;latlng&quot;:[15.5,-90.25],&quot;demonym&quot;:&quot;Guatemalan&quot;,&quot;area&quot;:108889.0,&quot;gini&quot;:55.9,&quot;timezones&quot;:[&quot;UTC-06:00&quot;],&quot;borders&quot;:[&quot;BLZ&quot;,&quot;SLV&quot;,&quot;HND&quot;,&quot;MEX&quot;],&quot;nativeName&quot;:&quot;Guatemala&quot;,&quot;numericCode&quot;:&quot;320&quot;,&quot;currencies&quot;:[{&quot;code&quot;:&quot;GTQ&quot;,&quot;name&quot;:&quot;Guatemalan quetzal&quot;,&quot;symbol&quot;:&quot;Q&quot;}],&quot;languages&quot;:[{&quot;iso639_1&quot;:&quot;es&quot;,&quot;iso639_2&quot;:&quot;spa&quot;,&quot;name&quot;:&quot;Spanish&quot;,&quot;nativeName&quot;:&quot;EspaÃ±ol&quot;}],&quot;translations&quot;:{&quot;de&quot;:&quot;Guatemala&quot;,&quot;es&quot;:&quot;Guatemala&quot;,&quot;fr&quot;:&quot;Guatemala&quot;,&quot;ja&quot;:&quot;ã‚°ã‚¢ãƒ†ãƒžãƒ©&quot;,&quot;it&quot;:&quot;Guatemala&quot;,&quot;br&quot;:&quot;Guatemala&quot;,&quot;pt&quot;:&quot;Guatemala&quot;,&quot;nl&quot;:&quot;Guatemala&quot;,&quot;hr&quot;:&quot;Gvatemala&quot;,&quot;fa&quot;:&quot;Ú¯ÙˆØ§ØªÙ…Ø§Ù„Ø§&quot;},&quot;flag&quot;:&quot;https://restcountries.eu/data/gtm.svg&quot;,&quot;regionalBlocs&quot;:[{&quot;acronym&quot;:&quot;CAIS&quot;,&quot;name&quot;:&quot;Central American Integration System&quot;,&quot;otherAcronyms&quot;:[&quot;SICA&quot;],&quot;otherNames&quot;:[&quot;Sistema de la IntegraciÃ³n Centroamericana,&quot;]}],&quot;cioc&quot;:&quot;GUA&quot;},{&quot;name&quot;:&quot;Guernsey&quot;,&quot;topLevelDomain&quot;:[&quot;.gg&quot;],&quot;alpha2Code&quot;:&quot;GG&quot;,&quot;alpha3Code&quot;:&quot;GGY&quot;,&quot;callingCodes&quot;:[&quot;44&quot;],&quot;capital&quot;:&quot;St. Peter Port&quot;,&quot;altSpellings&quot;:[&quot;GG&quot;,&quot;Bailiwick of Guernsey&quot;,&quot;Bailliage de Guernesey&quot;],&quot;region&quot;:&quot;Europe&quot;,&quot;subregion&quot;:&quot;Northern Europe&quot;,&quot;population&quot;:62999,&quot;latlng&quot;:[49.46666666,-2.58333333],&quot;demonym&quot;:&quot;Channel Islander&quot;,&quot;area&quot;:78.0,&quot;gini&quot;:null,&quot;timezones&quot;:[&quot;UTC+00:00&quot;],&quot;borders&quot;:[],&quot;nativeName&quot;:&quot;Guernsey&quot;,&quot;numericCode&quot;:&quot;831&quot;,&quot;currencies&quot;:[{&quot;code&quot;:&quot;GBP&quot;,&quot;name&quot;:&quot;British pound&quot;,&quot;symbol&quot;:&quot;Â£&quot;},{&quot;code&quot;:&quot;(none)&quot;,&quot;name&quot;:&quot;Guernsey pound&quot;,&quot;symbol&quot;:&quot;Â£&quot;}],&quot;languages&quot;:[{&quot;iso639_1&quot;:&quot;en&quot;,&quot;iso639_2&quot;:&quot;eng&quot;,&quot;name&quot;:&quot;English&quot;,&quot;nativeName&quot;:&quot;English&quot;},{&quot;iso639_1&quot;:&quot;fr&quot;,&quot;iso639_2&quot;:&quot;fra&quot;,&quot;name&quot;:&quot;French&quot;,&quot;nativeName&quot;:&quot;franÃ§ais&quot;}],&quot;translations&quot;:{&quot;de&quot;:&quot;Guernsey&quot;,&quot;es&quot;:&quot;Guernsey&quot;,&quot;fr&quot;:&quot;Guernesey&quot;,&quot;ja&quot;:&quot;ã‚¬ãƒ¼ãƒ³ã‚¸ãƒ¼&quot;,&quot;it&quot;:&quot;Guernsey&quot;,&quot;br&quot;:&quot;Guernsey&quot;,&quot;pt&quot;:&quot;Guernsey&quot;,&quot;nl&quot;:&quot;Guernsey&quot;,&quot;hr&quot;:&quot;Guernsey&quot;,&quot;fa&quot;:&quot;Ú¯Ø±Ù†Ø²ÛŒ&quot;},&quot;flag&quot;:&quot;https://restcountries.eu/data/ggy.svg&quot;,&quot;regionalBlocs&quot;:[],&quot;cioc&quot;:&quot;&quot;},{&quot;name&quot;:&quot;Guinea&quot;,&quot;topLevelDomain&quot;:[&quot;.gn&quot;],&quot;alpha2Code&quot;:&quot;GN&quot;,&quot;alpha3Code&quot;:&quot;GIN&quot;,&quot;callingCodes&quot;:[&quot;224&quot;],&quot;capital&quot;:&quot;Conakry&quot;,&quot;altSpellings&quot;:[&quot;GN&quot;,&quot;Republic of Guinea&quot;,&quot;RÃ©publique de GuinÃ©e&quot;],&quot;region&quot;:&quot;Africa&quot;,&quot;subregion&quot;:&quot;Western Africa&quot;,&quot;population&quot;:12947000,&quot;latlng&quot;:[11.0,-10.0],&quot;demonym&quot;:&quot;Guinean&quot;,&quot;area&quot;:245857.0,&quot;gini&quot;:39.4,&quot;timezones&quot;:[&quot;UTC&quot;],&quot;borders&quot;:[&quot;CIV&quot;,&quot;GNB&quot;,&quot;LBR&quot;,&quot;MLI&quot;,&quot;SEN&quot;,&quot;SLE&quot;],&quot;nativeName&quot;:&quot;GuinÃ©e&quot;,&quot;numericCode&quot;:&quot;324&quot;,&quot;currencies&quot;:[{&quot;code&quot;:&quot;GNF&quot;,&quot;name&quot;:&quot;Guinean franc&quot;,&quot;symbol&quot;:&quot;Fr&quot;}],&quot;languages&quot;:[{&quot;iso639_1&quot;:&quot;fr&quot;,&quot;iso639_2&quot;:&quot;fra&quot;,&quot;name&quot;:&quot;French&quot;,&quot;nativeName&quot;:&quot;franÃ§ais&quot;},{&quot;iso639_1&quot;:&quot;ff&quot;,&quot;iso639_2&quot;:&quot;ful&quot;,&quot;name&quot;:&quot;Fula&quot;,&quot;nativeName&quot;:&quot;Fulfulde&quot;}],&quot;translations&quot;:{&quot;de&quot;:&quot;Guinea&quot;,&quot;es&quot;:&quot;Guinea&quot;,&quot;fr&quot;:&quot;GuinÃ©e&quot;,&quot;ja&quot;:&quot;ã‚®ãƒ‹ã‚¢&quot;,&quot;it&quot;:&quot;Guinea&quot;,&quot;br&quot;:&quot;GuinÃ©&quot;,&quot;pt&quot;:&quot;GuinÃ©&quot;,&quot;nl&quot;:&quot;Guinee&quot;,&quot;hr&quot;:&quot;Gvineja&quot;,&quot;fa&quot;:&quot;Ú¯ÛŒÙ†Ù‡&quot;},&quot;flag&quot;:&quot;https://restcountries.eu/data/gin.svg&quot;,&quot;regionalBlocs&quot;:[{&quot;acronym&quot;:&quot;AU&quot;,&quot;name&quot;:&quot;African Union&quot;,&quot;otherAcronyms&quot;:[],&quot;otherNames&quot;:[&quot;Ø§Ù„Ø§ØªØ­Ø§Ø¯ Ø§Ù„Ø£Ù�Ø±ÙŠÙ‚ÙŠ&quot;,&quot;Union africaine&quot;,&quot;UniÃ£o Africana&quot;,&quot;UniÃ³n Africana&quot;,&quot;Umoja wa Afrika&quot;]}],&quot;cioc&quot;:&quot;GUI&quot;},{&quot;name&quot;:&quot;Guinea-Bissau&quot;,&quot;topLevelDomain&quot;:[&quot;.gw&quot;],&quot;alpha2Code&quot;:&quot;GW&quot;,&quot;alpha3Code&quot;:&quot;GNB&quot;,&quot;callingCodes&quot;:[&quot;245&quot;],&quot;capital&quot;:&quot;Bissau&quot;,&quot;altSpellings&quot;:[&quot;GW&quot;,&quot;Republic of Guinea-Bissau&quot;,&quot;RepÃºblica da GuinÃ©-Bissau&quot;],&quot;region&quot;:&quot;Africa&quot;,&quot;subregion&quot;:&quot;Western Africa&quot;,&quot;population&quot;:1547777,&quot;latlng&quot;:[12.0,-15.0],&quot;demonym&quot;:&quot;Guinea-Bissauan&quot;,&quot;area&quot;:36125.0,&quot;gini&quot;:35.5,&quot;timezones&quot;:[&quot;UTC&quot;],&quot;borders&quot;:[&quot;GIN&quot;,&quot;SEN&quot;],&quot;nativeName&quot;:&quot;GuinÃ©-Bissau&quot;,&quot;numericCode&quot;:&quot;624&quot;,&quot;currencies&quot;:[{&quot;code&quot;:&quot;XOF&quot;,&quot;name&quot;:&quot;West African CFA franc&quot;,&quot;symbol&quot;:&quot;Fr&quot;}],&quot;languages&quot;:[{&quot;iso639_1&quot;:&quot;pt&quot;,&quot;iso639_2&quot;:&quot;por&quot;,&quot;name&quot;:&quot;Portuguese&quot;,&quot;nativeName&quot;:&quot;PortuguÃªs&quot;}],&quot;translations&quot;:{&quot;de&quot;:&quot;Guinea-Bissau&quot;,&quot;es&quot;:&quot;Guinea-BisÃ¡u&quot;,&quot;fr&quot;:&quot;GuinÃ©e-Bissau&quot;,&quot;ja&quot;:&quot;ã‚®ãƒ‹ã‚¢ãƒ“ã‚µã‚¦&quot;,&quot;it&quot;:&quot;Guinea-Bissau&quot;,&quot;br&quot;:&quot;GuinÃ©-Bissau&quot;,&quot;pt&quot;:&quot;GuinÃ©-Bissau&quot;,&quot;nl&quot;:&quot;Guinee-Bissau&quot;,&quot;hr&quot;:&quot;Gvineja Bisau&quot;,&quot;fa&quot;:&quot;Ú¯ÛŒÙ†Ù‡ Ø¨ÛŒØ³Ø§Ø¦Ùˆ&quot;},&quot;flag&quot;:&quot;https://restcountries.eu/data/gnb.svg&quot;,&quot;regionalBlocs&quot;:[{&quot;acronym&quot;:&quot;AU&quot;,&quot;name&quot;:&quot;African Union&quot;,&quot;otherAcronyms&quot;:[],&quot;otherNames&quot;:[&quot;Ø§Ù„Ø§ØªØ­Ø§Ø¯ Ø§Ù„Ø£Ù�Ø±ÙŠÙ‚ÙŠ&quot;,&quot;Union africaine&quot;,&quot;UniÃ£o Africana&quot;,&quot;UniÃ³n Africana&quot;,&quot;Umoja wa Afrika&quot;]}],&quot;cioc&quot;:&quot;GBS&quot;},{&quot;name&quot;:&quot;Guyana&quot;,&quot;topLevelDomain&quot;:[&quot;.gy&quot;],&quot;alpha2Code&quot;:&quot;GY&quot;,&quot;alpha3Code&quot;:&quot;GUY&quot;,&quot;callingCodes&quot;:[&quot;592&quot;],&quot;capital&quot;:&quot;Georgetown&quot;,&quot;altSpellings&quot;:[&quot;GY&quot;,&quot;Co-operative Republic of Guyana&quot;],&quot;region&quot;:&quot;Americas&quot;,&quot;subregion&quot;:&quot;South America&quot;,&quot;population&quot;:746900,&quot;latlng&quot;:[5.0,-59.0],&quot;demonym&quot;:&quot;Guyanese&quot;,&quot;area&quot;:214969.0,&quot;gini&quot;:44.5,&quot;timezones&quot;:[&quot;UTC-04:00&quot;],&quot;borders&quot;:[&quot;BRA&quot;,&quot;SUR&quot;,&quot;VEN&quot;],&quot;nativeName&quot;:&quot;Guyana&quot;,&quot;numericCode&quot;:&quot;328&quot;,&quot;currencies&quot;:[{&quot;code&quot;:&quot;GYD&quot;,&quot;name&quot;:&quot;Guyanese dollar&quot;,&quot;symbol&quot;:&quot;$&quot;}],&quot;languages&quot;:[{&quot;iso639_1&quot;:&quot;en&quot;,&quot;iso639_2&quot;:&quot;eng&quot;,&quot;name&quot;:&quot;English&quot;,&quot;nativeName&quot;:&quot;English&quot;}],&quot;translations&quot;:{&quot;de&quot;:&quot;Guyana&quot;,&quot;es&quot;:&quot;Guyana&quot;,&quot;fr&quot;:&quot;Guyane&quot;,&quot;ja&quot;:&quot;ã‚¬ã‚¤ã‚¢ãƒŠ&quot;,&quot;it&quot;:&quot;Guyana&quot;,&quot;br&quot;:&quot;Guiana&quot;,&quot;pt&quot;:&quot;Guiana&quot;,&quot;nl&quot;:&quot;Guyana&quot;,&quot;hr&quot;:&quot;Gvajana&quot;,&quot;fa&quot;:&quot;Ú¯ÙˆÛŒØ§Ù†&quot;},&quot;flag&quot;:&quot;https://restcountries.eu/data/guy.svg&quot;,&quot;regionalBlocs&quot;:[{&quot;acronym&quot;:&quot;CARICOM&quot;,&quot;name&quot;:&quot;Caribbean Community&quot;,&quot;otherAcronyms&quot;:[],&quot;otherNames&quot;:[&quot;Comunidad del Caribe&quot;,&quot;CommunautÃ© CaribÃ©enne&quot;,&quot;Caribische Gemeenschap&quot;]},{&quot;acronym&quot;:&quot;USAN&quot;,&quot;name&quot;:&quot;Union of South American Nations&quot;,&quot;otherAcronyms&quot;:[&quot;UNASUR&quot;,&quot;UNASUL&quot;,&quot;UZAN&quot;],&quot;otherNames&quot;:[&quot;UniÃ³n de Naciones Suramericanas&quot;,&quot;UniÃ£o de NaÃ§Ãµes Sul-Americanas&quot;,&quot;Unie van Zuid-Amerikaanse Naties&quot;,&quot;South American Union&quot;]}],&quot;cioc&quot;:&quot;GUY&quot;},{&quot;name&quot;:&quot;Haiti&quot;,&quot;topLevelDomain&quot;:[&quot;.ht&quot;],&quot;alpha2Code&quot;:&quot;HT&quot;,&quot;alpha3Code&quot;:&quot;HTI&quot;,&quot;callingCodes&quot;:[&quot;509&quot;],&quot;capital&quot;:&quot;Port-au-Prince&quot;,&quot;altSpellings&quot;:[&quot;HT&quot;,&quot;Republic of Haiti&quot;,&quot;RÃ©publique d&apos;HaÃ¯ti&quot;,&quot;Repiblik Ayiti&quot;],&quot;region&quot;:&quot;Americas&quot;,&quot;subregion&quot;:&quot;Caribbean&quot;,&quot;population&quot;:11078033,&quot;latlng&quot;:[19.0,-72.41666666],&quot;demonym&quot;:&quot;Haitian&quot;,&quot;area&quot;:27750.0,&quot;gini&quot;:59.2,&quot;timezones&quot;:[&quot;UTC-05:00&quot;],&quot;borders&quot;:[&quot;DOM&quot;],&quot;nativeName&quot;:&quot;HaÃ¯ti&quot;,&quot;numericCode&quot;:&quot;332&quot;,&quot;currencies&quot;:[{&quot;code&quot;:&quot;HTG&quot;,&quot;name&quot;:&quot;Haitian gourde&quot;,&quot;symbol&quot;:&quot;G&quot;}],&quot;languages&quot;:[{&quot;iso639_1&quot;:&quot;fr&quot;,&quot;iso639_2&quot;:&quot;fra&quot;,&quot;name&quot;:&quot;French&quot;,&quot;nativeName&quot;:&quot;franÃ§ais&quot;},{&quot;iso639_1&quot;:&quot;ht&quot;,&quot;iso639_2&quot;:&quot;hat&quot;,&quot;name&quot;:&quot;Haitian&quot;,&quot;nativeName&quot;:&quot;KreyÃ²l ayisyen&quot;}],&quot;translations&quot;:{&quot;de&quot;:&quot;Haiti&quot;,&quot;es&quot;:&quot;Haiti&quot;,&quot;fr&quot;:&quot;HaÃ¯ti&quot;,&quot;ja&quot;:&quot;ãƒ�ã‚¤ãƒ�&quot;,&quot;it&quot;:&quot;Haiti&quot;,&quot;br&quot;:&quot;Haiti&quot;,&quot;pt&quot;:&quot;Haiti&quot;,&quot;nl&quot;:&quot;HaÃ¯ti&quot;,&quot;hr&quot;:&quot;Haiti&quot;,&quot;fa&quot;:&quot;Ù‡Ø§Ø¦ÛŒØªÛŒ&quot;},&quot;flag&quot;:&quot;https://restcountries.eu/data/hti.svg&quot;,&quot;regionalBlocs&quot;:[{&quot;acronym&quot;:&quot;CARICOM&quot;,&quot;name&quot;:&quot;Caribbean Community&quot;,&quot;otherAcronyms&quot;:[],&quot;otherNames&quot;:[&quot;Comunidad del Caribe&quot;,&quot;CommunautÃ© CaribÃ©enne&quot;,&quot;Caribische Gemeenschap&quot;]}],&quot;cioc&quot;:&quot;HAI&quot;},{&quot;name&quot;:&quot;Heard Island and McDonald Islands&quot;,&quot;topLevelDomain&quot;:[&quot;.hm&quot;,&quot;.aq&quot;],&quot;alpha2Code&quot;:&quot;HM&quot;,&quot;alpha3Code&quot;:&quot;HMD&quot;,&quot;callingCodes&quot;:[&quot;&quot;],&quot;capital&quot;:&quot;&quot;,&quot;altSpellings&quot;:[&quot;HM&quot;],&quot;region&quot;:&quot;&quot;,&quot;subregion&quot;:&quot;&quot;,&quot;population&quot;:0,&quot;latlng&quot;:[-53.1,72.51666666],&quot;demonym&quot;:&quot;Heard and McDonald Islander&quot;,&quot;area&quot;:412.0,&quot;gini&quot;:null,&quot;timezones&quot;:[&quot;UTC+05:00&quot;],&quot;borders&quot;:[],&quot;nativeName&quot;:&quot;Heard Island and McDonald Islands&quot;,&quot;numericCode&quot;:&quot;334&quot;,&quot;currencies&quot;:[{&quot;code&quot;:&quot;AUD&quot;,&quot;name&quot;:&quot;Australian dollar&quot;,&quot;symbol&quot;:&quot;$&quot;}],&quot;languages&quot;:[{&quot;iso639_1&quot;:&quot;en&quot;,&quot;iso639_2&quot;:&quot;eng&quot;,&quot;name&quot;:&quot;English&quot;,&quot;nativeName&quot;:&quot;English&quot;}],&quot;translations&quot;:{&quot;de&quot;:&quot;Heard und die McDonaldinseln&quot;,&quot;es&quot;:&quot;Islas Heard y McDonald&quot;,&quot;fr&quot;:&quot;ÃŽles Heard-et-MacDonald&quot;,&quot;ja&quot;:&quot;ãƒ�ãƒ¼ãƒ‰å³¶ã�¨ãƒžã‚¯ãƒ‰ãƒŠãƒ«ãƒ‰è«¸å³¶&quot;,&quot;it&quot;:&quot;Isole Heard e McDonald&quot;,&quot;br&quot;:&quot;Ilha Heard e Ilhas McDonald&quot;,&quot;pt&quot;:&quot;Ilha Heard e Ilhas McDonald&quot;,&quot;nl&quot;:&quot;Heard- en McDonaldeilanden&quot;,&quot;hr&quot;:&quot;Otok Heard i otoÄ�je McDonald&quot;,&quot;fa&quot;:&quot;Ø¬Ø²ÛŒØ±Ù‡ Ù‡Ø±Ø¯ Ùˆ Ø¬Ø²Ø§ÛŒØ± Ù…Ú©â€ŒØ¯ÙˆÙ†Ø§Ù„Ø¯&quot;},&quot;flag&quot;:&quot;https://restcountries.eu/data/hmd.svg&quot;,&quot;regionalBlocs&quot;:[],&quot;cioc&quot;:&quot;&quot;},{&quot;name&quot;:&quot;Holy See&quot;,&quot;topLevelDomain&quot;:[&quot;.va&quot;],&quot;alpha2Code&quot;:&quot;VA&quot;,&quot;alpha3Code&quot;:&quot;VAT&quot;,&quot;callingCodes&quot;:[&quot;379&quot;],&quot;capital&quot;:&quot;Rome&quot;,&quot;altSpellings&quot;:[&quot;Sancta Sedes&quot;,&quot;Vatican&quot;,&quot;The Vatican&quot;],&quot;region&quot;:&quot;Europe&quot;,&quot;subregion&quot;:&quot;Southern Europe&quot;,&quot;population&quot;:451,&quot;latlng&quot;:[41.9,12.45],&quot;demonym&quot;:&quot;&quot;,&quot;area&quot;:0.44,&quot;gini&quot;:null,&quot;timezones&quot;:[&quot;UTC+01:00&quot;],&quot;borders&quot;:[&quot;ITA&quot;],&quot;nativeName&quot;:&quot;Sancta Sedes&quot;,&quot;numericCode&quot;:&quot;336&quot;,&quot;currencies&quot;:[{&quot;code&quot;:&quot;EUR&quot;,&quot;name&quot;:&quot;Euro&quot;,&quot;symbol&quot;:&quot;â‚¬&quot;}],&quot;languages&quot;:[{&quot;iso639_1&quot;:&quot;la&quot;,&quot;iso639_2&quot;:&quot;lat&quot;,&quot;name&quot;:&quot;Latin&quot;,&quot;nativeName&quot;:&quot;latine&quot;},{&quot;iso639_1&quot;:&quot;it&quot;,&quot;iso639_2&quot;:&quot;ita&quot;,&quot;name&quot;:&quot;Italian&quot;,&quot;nativeName&quot;:&quot;Italiano&quot;},{&quot;iso639_1&quot;:&quot;fr&quot;,&quot;iso639_2&quot;:&quot;fra&quot;,&quot;name&quot;:&quot;French&quot;,&quot;nativeName&quot;:&quot;franÃ§ais&quot;},{&quot;iso639_1&quot;:&quot;de&quot;,&quot;iso639_2&quot;:&quot;deu&quot;,&quot;name&quot;:&quot;German&quot;,&quot;nativeName&quot;:&quot;Deutsch&quot;}],&quot;translations&quot;:{&quot;de&quot;:&quot;Heiliger Stuhl&quot;,&quot;es&quot;:&quot;Santa Sede&quot;,&quot;fr&quot;:&quot;voir Saint&quot;,&quot;ja&quot;:&quot;è�–åº§&quot;,&quot;it&quot;:&quot;Santa Sede&quot;,&quot;br&quot;:&quot;Vaticano&quot;,&quot;pt&quot;:&quot;Vaticano&quot;,&quot;nl&quot;:&quot;Heilige Stoel&quot;,&quot;hr&quot;:&quot;Sveta Stolica&quot;,&quot;fa&quot;:&quot;Ø³Ø±ÛŒØ± Ù…Ù‚Ø¯Ø³&quot;},&quot;flag&quot;:&quot;https://restcountries.eu/data/vat.svg&quot;,&quot;regionalBlocs&quot;:[],&quot;cioc&quot;:&quot;&quot;},{&quot;name&quot;:&quot;Honduras&quot;,&quot;topLevelDomain&quot;:[&quot;.hn&quot;],&quot;alpha2Code&quot;:&quot;HN&quot;,&quot;alpha3Code&quot;:&quot;HND&quot;,&quot;callingCodes&quot;:[&quot;504&quot;],&quot;capital&quot;:&quot;Tegucigalpa&quot;,&quot;altSpellings&quot;:[&quot;HN&quot;,&quot;Republic of Honduras&quot;,&quot;RepÃºblica de Honduras&quot;],&quot;region&quot;:&quot;Americas&quot;,&quot;subregion&quot;:&quot;Central America&quot;,&quot;population&quot;:8576532,&quot;latlng&quot;:[15.0,-86.5],&quot;demonym&quot;:&quot;Honduran&quot;,&quot;area&quot;:112492.0,&quot;gini&quot;:57.0,&quot;timezones&quot;:[&quot;UTC-06:00&quot;],&quot;borders&quot;:[&quot;GTM&quot;,&quot;SLV&quot;,&quot;NIC&quot;],&quot;nativeName&quot;:&quot;Honduras&quot;,&quot;numericCode&quot;:&quot;340&quot;,&quot;currencies&quot;:[{&quot;code&quot;:&quot;HNL&quot;,&quot;name&quot;:&quot;Honduran lempira&quot;,&quot;symbol&quot;:&quot;L&quot;}],&quot;languages&quot;:[{&quot;iso639_1&quot;:&quot;es&quot;,&quot;iso639_2&quot;:&quot;spa&quot;,&quot;name&quot;:&quot;Spanish&quot;,&quot;nativeName&quot;:&quot;EspaÃ±ol&quot;}],&quot;translations&quot;:{&quot;de&quot;:&quot;Honduras&quot;,&quot;es&quot;:&quot;Honduras&quot;,&quot;fr&quot;:&quot;Honduras&quot;,&quot;ja&quot;:&quot;ãƒ›ãƒ³ã‚¸ãƒ¥ãƒ©ã‚¹&quot;,&quot;it&quot;:&quot;Honduras&quot;,&quot;br&quot;:&quot;Honduras&quot;,&quot;pt&quot;:&quot;Honduras&quot;,&quot;nl&quot;:&quot;Honduras&quot;,&quot;hr&quot;:&quot;Honduras&quot;,&quot;fa&quot;:&quot;Ù‡Ù†Ø¯ÙˆØ±Ø§Ø³&quot;},&quot;flag&quot;:&quot;https://restcountries.eu/data/hnd.svg&quot;,&quot;regionalBlocs&quot;:[{&quot;acronym&quot;:&quot;CAIS&quot;,&quot;name&quot;:&quot;Central American Integration System&quot;,&quot;otherAcronyms&quot;:[&quot;SICA&quot;],&quot;otherNames&quot;:[&quot;Sistema de la IntegraciÃ³n Centroamericana,&quot;]}],&quot;cioc&quot;:&quot;HON&quot;},{&quot;name&quot;:&quot;Hong Kong&quot;,&quot;topLevelDomain&quot;:[&quot;.hk&quot;],&quot;alpha2Code&quot;:&quot;HK&quot;,&quot;alpha3Code&quot;:&quot;HKG&quot;,&quot;callingCodes&quot;:[&quot;852&quot;],&quot;capital&quot;:&quot;City of Victoria&quot;,&quot;altSpellings&quot;:[&quot;HK&quot;,&quot;é¦™æ¸¯&quot;],&quot;region&quot;:&quot;Asia&quot;,&quot;subregion&quot;:&quot;Eastern Asia&quot;,&quot;population&quot;:7324300,&quot;latlng&quot;:[22.25,114.16666666],&quot;demonym&quot;:&quot;Chinese&quot;,&quot;area&quot;:1104.0,&quot;gini&quot;:53.3,&quot;timezones&quot;:[&quot;UTC+08:00&quot;],&quot;borders&quot;:[&quot;CHN&quot;],&quot;nativeName&quot;:&quot;é¦™æ¸¯&quot;,&quot;numericCode&quot;:&quot;344&quot;,&quot;currencies&quot;:[{&quot;code&quot;:&quot;HKD&quot;,&quot;name&quot;:&quot;Hong Kong dollar&quot;,&quot;symbol&quot;:&quot;$&quot;}],&quot;languages&quot;:[{&quot;iso639_1&quot;:&quot;en&quot;,&quot;iso639_2&quot;:&quot;eng&quot;,&quot;name&quot;:&quot;English&quot;,&quot;nativeName&quot;:&quot;English&quot;},{&quot;iso639_1&quot;:&quot;zh&quot;,&quot;iso639_2&quot;:&quot;zho&quot;,&quot;name&quot;:&quot;Chinese&quot;,&quot;nativeName&quot;:&quot;ä¸­æ–‡ (ZhÅ�ngwÃ©n)&quot;}],&quot;translations&quot;:{&quot;de&quot;:&quot;Hong Kong&quot;,&quot;es&quot;:&quot;Hong Kong&quot;,&quot;fr&quot;:&quot;Hong Kong&quot;,&quot;ja&quot;:&quot;é¦™æ¸¯&quot;,&quot;it&quot;:&quot;Hong Kong&quot;,&quot;br&quot;:&quot;Hong Kong&quot;,&quot;pt&quot;:&quot;Hong Kong&quot;,&quot;nl&quot;:&quot;Hongkong&quot;,&quot;hr&quot;:&quot;Hong Kong&quot;,&quot;fa&quot;:&quot;Ù‡Ù†Ú¯â€ŒÚ©Ù†Ú¯&quot;},&quot;flag&quot;:&quot;https://restcountries.eu/data/hkg.svg&quot;,&quot;regionalBlocs&quot;:[],&quot;cioc&quot;:&quot;HKG&quot;},{&quot;name&quot;:&quot;Hungary&quot;,&quot;topLevelDomain&quot;:[&quot;.hu&quot;],&quot;alpha2Code&quot;:&quot;HU&quot;,&quot;alpha3Code&quot;:&quot;HUN&quot;,&quot;callingCodes&quot;:[&quot;36&quot;],&quot;capital&quot;:&quot;Budapest&quot;,&quot;altSpellings&quot;:[&quot;HU&quot;],&quot;region&quot;:&quot;Europe&quot;,&quot;subregion&quot;:&quot;Eastern Europe&quot;,&quot;population&quot;:9823000,&quot;latlng&quot;:[47.0,20.0],&quot;demonym&quot;:&quot;Hungarian&quot;,&quot;area&quot;:93028.0,&quot;gini&quot;:31.2,&quot;timezones&quot;:[&quot;UTC+01:00&quot;],&quot;borders&quot;:[&quot;AUT&quot;,&quot;HRV&quot;,&quot;ROU&quot;,&quot;SRB&quot;,&quot;SVK&quot;,&quot;SVN&quot;,&quot;UKR&quot;],&quot;nativeName&quot;:&quot;MagyarorszÃ¡g&quot;,&quot;numericCode&quot;:&quot;348&quot;,&quot;currencies&quot;:[{&quot;code&quot;:&quot;HUF&quot;,&quot;name&quot;:&quot;Hungarian forint&quot;,&quot;symbol&quot;:&quot;Ft&quot;}],&quot;languages&quot;:[{&quot;iso639_1&quot;:&quot;hu&quot;,&quot;iso639_2&quot;:&quot;hun&quot;,&quot;name&quot;:&quot;Hungarian&quot;,&quot;nativeName&quot;:&quot;magyar&quot;}],&quot;translations&quot;:{&quot;de&quot;:&quot;Ungarn&quot;,&quot;es&quot;:&quot;HungrÃ­a&quot;,&quot;fr&quot;:&quot;Hongrie&quot;,&quot;ja&quot;:&quot;ãƒ�ãƒ³ã‚¬ãƒªãƒ¼&quot;,&quot;it&quot;:&quot;Ungheria&quot;,&quot;br&quot;:&quot;Hungria&quot;,&quot;pt&quot;:&quot;Hungria&quot;,&quot;nl&quot;:&quot;Hongarije&quot;,&quot;hr&quot;:&quot;MaÄ‘arska&quot;,&quot;fa&quot;:&quot;Ù…Ø¬Ø§Ø±Ø³ØªØ§Ù†&quot;},&quot;flag&quot;:&quot;https://restcountries.eu/data/hun.svg&quot;,&quot;regionalBlocs&quot;:[{&quot;acronym&quot;:&quot;EU&quot;,&quot;name&quot;:&quot;European Union&quot;,&quot;otherAcronyms&quot;:[],&quot;otherNames&quot;:[]}],&quot;cioc&quot;:&quot;HUN&quot;},{&quot;name&quot;:&quot;Iceland&quot;,&quot;topLevelDomain&quot;:[&quot;.is&quot;],&quot;alpha2Code&quot;:&quot;IS&quot;,&quot;alpha3Code&quot;:&quot;ISL&quot;,&quot;callingCodes&quot;:[&quot;354&quot;],&quot;capital&quot;:&quot;ReykjavÃ­k&quot;,&quot;altSpellings&quot;:[&quot;IS&quot;,&quot;Island&quot;,&quot;Republic of Iceland&quot;,&quot;LÃ½Ã°veldiÃ° Ã�sland&quot;],&quot;region&quot;:&quot;Europe&quot;,&quot;subregion&quot;:&quot;Northern Europe&quot;,&quot;population&quot;:334300,&quot;latlng&quot;:[65.0,-18.0],&quot;demonym&quot;:&quot;Icelander&quot;,&quot;area&quot;:103000.0,&quot;gini&quot;:null,&quot;timezones&quot;:[&quot;UTC&quot;],&quot;borders&quot;:[],&quot;nativeName&quot;:&quot;Ã�sland&quot;,&quot;numericCode&quot;:&quot;352&quot;,&quot;currencies&quot;:[{&quot;code&quot;:&quot;ISK&quot;,&quot;name&quot;:&quot;Icelandic krÃ³na&quot;,&quot;symbol&quot;:&quot;kr&quot;}],&quot;languages&quot;:[{&quot;iso639_1&quot;:&quot;is&quot;,&quot;iso639_2&quot;:&quot;isl&quot;,&quot;name&quot;:&quot;Icelandic&quot;,&quot;nativeName&quot;:&quot;Ã�slenska&quot;}],&quot;translations&quot;:{&quot;de&quot;:&quot;Island&quot;,&quot;es&quot;:&quot;Islandia&quot;,&quot;fr&quot;:&quot;Islande&quot;,&quot;ja&quot;:&quot;ã‚¢ã‚¤ã‚¹ãƒ©ãƒ³ãƒ‰&quot;,&quot;it&quot;:&quot;Islanda&quot;,&quot;br&quot;:&quot;IslÃ¢ndia&quot;,&quot;pt&quot;:&quot;IslÃ¢ndia&quot;,&quot;nl&quot;:&quot;IJsland&quot;,&quot;hr&quot;:&quot;Island&quot;,&quot;fa&quot;:&quot;Ø§ÛŒØ³Ù„Ù†Ø¯&quot;},&quot;flag&quot;:&quot;https://restcountries.eu/data/isl.svg&quot;,&quot;regionalBlocs&quot;:[{&quot;acronym&quot;:&quot;EFTA&quot;,&quot;name&quot;:&quot;European Free Trade Association&quot;,&quot;otherAcronyms&quot;:[],&quot;otherNames&quot;:[]}],&quot;cioc&quot;:&quot;ISL&quot;},{&quot;name&quot;:&quot;India&quot;,&quot;topLevelDomain&quot;:[&quot;.in&quot;],&quot;alpha2Code&quot;:&quot;IN&quot;,&quot;alpha3Code&quot;:&quot;IND&quot;,&quot;callingCodes&quot;:[&quot;91&quot;],&quot;capital&quot;:&quot;New Delhi&quot;,&quot;altSpellings&quot;:[&quot;IN&quot;,&quot;BhÄ�rat&quot;,&quot;Republic of India&quot;,&quot;Bharat Ganrajya&quot;],&quot;region&quot;:&quot;Asia&quot;,&quot;subregion&quot;:&quot;Southern Asia&quot;,&quot;population&quot;:1295210000,&quot;latlng&quot;:[20.0,77.0],&quot;demonym&quot;:&quot;Indian&quot;,&quot;area&quot;:3287590.0,&quot;gini&quot;:33.4,&quot;timezones&quot;:[&quot;UTC+05:30&quot;],&quot;borders&quot;:[&quot;AFG&quot;,&quot;BGD&quot;,&quot;BTN&quot;,&quot;MMR&quot;,&quot;CHN&quot;,&quot;NPL&quot;,&quot;PAK&quot;,&quot;LKA&quot;],&quot;nativeName&quot;:&quot;à¤­à¤¾à¤°à¤¤&quot;,&quot;numericCode&quot;:&quot;356&quot;,&quot;currencies&quot;:[{&quot;code&quot;:&quot;INR&quot;,&quot;name&quot;:&quot;Indian rupee&quot;,&quot;symbol&quot;:&quot;â‚¹&quot;}],&quot;languages&quot;:[{&quot;iso639_1&quot;:&quot;hi&quot;,&quot;iso639_2&quot;:&quot;hin&quot;,&quot;name&quot;:&quot;Hindi&quot;,&quot;nativeName&quot;:&quot;à¤¹à¤¿à¤¨à¥�à¤¦à¥€&quot;},{&quot;iso639_1&quot;:&quot;en&quot;,&quot;iso639_2&quot;:&quot;eng&quot;,&quot;name&quot;:&quot;English&quot;,&quot;nativeName&quot;:&quot;English&quot;}],&quot;translations&quot;:{&quot;de&quot;:&quot;Indien&quot;,&quot;es&quot;:&quot;India&quot;,&quot;fr&quot;:&quot;Inde&quot;,&quot;ja&quot;:&quot;ã‚¤ãƒ³ãƒ‰&quot;,&quot;it&quot;:&quot;India&quot;,&quot;br&quot;:&quot;Ã�ndia&quot;,&quot;pt&quot;:&quot;Ã�ndia&quot;,&quot;nl&quot;:&quot;India&quot;,&quot;hr&quot;:&quot;Indija&quot;,&quot;fa&quot;:&quot;Ù‡Ù†Ø¯&quot;},&quot;flag&quot;:&quot;https://restcountries.eu/data/ind.svg&quot;,&quot;regionalBlocs&quot;:[{&quot;acronym&quot;:&quot;SAARC&quot;,&quot;name&quot;:&quot;South Asian Association for Regional Cooperation&quot;,&quot;otherAcronyms&quot;:[],&quot;otherNames&quot;:[]}],&quot;cioc&quot;:&quot;IND&quot;},{&quot;name&quot;:&quot;Indonesia&quot;,&quot;topLevelDomain&quot;:[&quot;.id&quot;],&quot;alpha2Code&quot;:&quot;ID&quot;,&quot;alpha3Code&quot;:&quot;IDN&quot;,&quot;callingCodes&quot;:[&quot;62&quot;],&quot;capital&quot;:&quot;Jakarta&quot;,&quot;altSpellings&quot;:[&quot;ID&quot;,&quot;Republic of Indonesia&quot;,&quot;Republik Indonesia&quot;],&quot;region&quot;:&quot;Asia&quot;,&quot;subregion&quot;:&quot;South-Eastern Asia&quot;,&quot;population&quot;:258705000,&quot;latlng&quot;:[-5.0,120.0],&quot;demonym&quot;:&quot;Indonesian&quot;,&quot;area&quot;:1904569.0,&quot;gini&quot;:34.0,&quot;timezones&quot;:[&quot;UTC+07:00&quot;,&quot;UTC+08:00&quot;,&quot;UTC+09:00&quot;],&quot;borders&quot;:[&quot;TLS&quot;,&quot;MYS&quot;,&quot;PNG&quot;],&quot;nativeName&quot;:&quot;Indonesia&quot;,&quot;numericCode&quot;:&quot;360&quot;,&quot;currencies&quot;:[{&quot;code&quot;:&quot;IDR&quot;,&quot;name&quot;:&quot;Indonesian rupiah&quot;,&quot;symbol&quot;:&quot;Rp&quot;}],&quot;languages&quot;:[{&quot;iso639_1&quot;:&quot;id&quot;,&quot;iso639_2&quot;:&quot;ind&quot;,&quot;name&quot;:&quot;Indonesian&quot;,&quot;nativeName&quot;:&quot;Bahasa Indonesia&quot;}],&quot;translations&quot;:{&quot;de&quot;:&quot;Indonesien&quot;,&quot;es&quot;:&quot;Indonesia&quot;,&quot;fr&quot;:&quot;IndonÃ©sie&quot;,&quot;ja&quot;:&quot;ã‚¤ãƒ³ãƒ‰ãƒ�ã‚·ã‚¢&quot;,&quot;it&quot;:&quot;Indonesia&quot;,&quot;br&quot;:&quot;IndonÃ©sia&quot;,&quot;pt&quot;:&quot;IndonÃ©sia&quot;,&quot;nl&quot;:&quot;IndonesiÃ«&quot;,&quot;hr&quot;:&quot;Indonezija&quot;,&quot;fa&quot;:&quot;Ø§Ù†Ø¯ÙˆÙ†Ø²ÛŒ&quot;},&quot;flag&quot;:&quot;https://restcountries.eu/data/idn.svg&quot;,&quot;regionalBlocs&quot;:[{&quot;acronym&quot;:&quot;ASEAN&quot;,&quot;name&quot;:&quot;Association of Southeast Asian Nations&quot;,&quot;otherAcronyms&quot;:[],&quot;otherNames&quot;:[]}],&quot;cioc&quot;:&quot;INA&quot;},{&quot;name&quot;:&quot;CÃ´te d&apos;Ivoire&quot;,&quot;topLevelDomain&quot;:[&quot;.ci&quot;],&quot;alpha2Code&quot;:&quot;CI&quot;,&quot;alpha3Code&quot;:&quot;CIV&quot;,&quot;callingCodes&quot;:[&quot;225&quot;],&quot;capital&quot;:&quot;Yamoussoukro&quot;,&quot;altSpellings&quot;:[&quot;CI&quot;,&quot;Ivory Coast&quot;,&quot;Republic of CÃ´te d&apos;Ivoire&quot;,&quot;RÃ©publique de CÃ´te d&apos;Ivoire&quot;],&quot;region&quot;:&quot;Africa&quot;,&quot;subregion&quot;:&quot;Western Africa&quot;,&quot;population&quot;:22671331,&quot;latlng&quot;:[8.0,-5.0],&quot;demonym&quot;:&quot;Ivorian&quot;,&quot;area&quot;:322463.0,&quot;gini&quot;:41.5,&quot;timezones&quot;:[&quot;UTC&quot;],&quot;borders&quot;:[&quot;BFA&quot;,&quot;GHA&quot;,&quot;GIN&quot;,&quot;LBR&quot;,&quot;MLI&quot;],&quot;nativeName&quot;:&quot;CÃ´te d&apos;Ivoire&quot;,&quot;numericCode&quot;:&quot;384&quot;,&quot;currencies&quot;:[{&quot;code&quot;:&quot;XOF&quot;,&quot;name&quot;:&quot;West African CFA franc&quot;,&quot;symbol&quot;:&quot;Fr&quot;}],&quot;languages&quot;:[{&quot;iso639_1&quot;:&quot;fr&quot;,&quot;iso639_2&quot;:&quot;fra&quot;,&quot;name&quot;:&quot;French&quot;,&quot;nativeName&quot;:&quot;franÃ§ais&quot;}],&quot;translations&quot;:{&quot;de&quot;:&quot;ElfenbeinkÃ¼ste&quot;,&quot;es&quot;:&quot;Costa de Marfil&quot;,&quot;fr&quot;:&quot;CÃ´te d&apos;Ivoire&quot;,&quot;ja&quot;:&quot;ã‚³ãƒ¼ãƒˆã‚¸ãƒœãƒ¯ãƒ¼ãƒ«&quot;,&quot;it&quot;:&quot;Costa D&apos;Avorio&quot;,&quot;br&quot;:&quot;Costa do Marfim&quot;,&quot;pt&quot;:&quot;Costa do Marfim&quot;,&quot;nl&quot;:&quot;Ivoorkust&quot;,&quot;hr&quot;:&quot;Obala Bjelokosti&quot;,&quot;fa&quot;:&quot;Ø³Ø§Ø­Ù„ Ø¹Ø§Ø¬&quot;},&quot;flag&quot;:&quot;https://restcountries.eu/data/civ.svg&quot;,&quot;regionalBlocs&quot;:[{&quot;acronym&quot;:&quot;AU&quot;,&quot;name&quot;:&quot;African Union&quot;,&quot;otherAcronyms&quot;:[],&quot;otherNames&quot;:[&quot;Ø§Ù„Ø§ØªØ­Ø§Ø¯ Ø§Ù„Ø£Ù�Ø±ÙŠÙ‚ÙŠ&quot;,&quot;Union africaine&quot;,&quot;UniÃ£o Africana&quot;,&quot;UniÃ³n Africana&quot;,&quot;Umoja wa Afrika&quot;]}],&quot;cioc&quot;:&quot;CIV&quot;},{&quot;name&quot;:&quot;Iran (Islamic Republic of)&quot;,&quot;topLevelDomain&quot;:[&quot;.ir&quot;],&quot;alpha2Code&quot;:&quot;IR&quot;,&quot;alpha3Code&quot;:&quot;IRN&quot;,&quot;callingCodes&quot;:[&quot;98&quot;],&quot;capital&quot;:&quot;Tehran&quot;,&quot;altSpellings&quot;:[&quot;IR&quot;,&quot;Islamic Republic of Iran&quot;,&quot;Jomhuri-ye EslÄ�mi-ye IrÄ�n&quot;],&quot;region&quot;:&quot;Asia&quot;,&quot;subregion&quot;:&quot;Southern Asia&quot;,&quot;population&quot;:79369900,&quot;latlng&quot;:[32.0,53.0],&quot;demonym&quot;:&quot;Iranian&quot;,&quot;area&quot;:1648195.0,&quot;gini&quot;:38.3,&quot;timezones&quot;:[&quot;UTC+03:30&quot;],&quot;borders&quot;:[&quot;AFG&quot;,&quot;ARM&quot;,&quot;AZE&quot;,&quot;IRQ&quot;,&quot;PAK&quot;,&quot;TUR&quot;,&quot;TKM&quot;],&quot;nativeName&quot;:&quot;Ø§ÛŒØ±Ø§Ù†&quot;,&quot;numericCode&quot;:&quot;364&quot;,&quot;currencies&quot;:[{&quot;code&quot;:&quot;IRR&quot;,&quot;name&quot;:&quot;Iranian rial&quot;,&quot;symbol&quot;:&quot;ï·¼&quot;}],&quot;languages&quot;:[{&quot;iso639_1&quot;:&quot;fa&quot;,&quot;iso639_2&quot;:&quot;fas&quot;,&quot;name&quot;:&quot;Persian (Farsi)&quot;,&quot;nativeName&quot;:&quot;Ù�Ø§Ø±Ø³ÛŒ&quot;}],&quot;translations&quot;:{&quot;de&quot;:&quot;Iran&quot;,&quot;es&quot;:&quot;Iran&quot;,&quot;fr&quot;:&quot;Iran&quot;,&quot;ja&quot;:&quot;ã‚¤ãƒ©ãƒ³ãƒ»ã‚¤ã‚¹ãƒ©ãƒ å…±å’Œå›½&quot;,&quot;it&quot;:null,&quot;br&quot;:&quot;IrÃ£&quot;,&quot;pt&quot;:&quot;IrÃ£o&quot;,&quot;nl&quot;:&quot;Iran&quot;,&quot;hr&quot;:&quot;Iran&quot;,&quot;fa&quot;:&quot;Ø§ÛŒØ±Ø§Ù†&quot;},&quot;flag&quot;:&quot;https://restcountries.eu/data/irn.svg&quot;,&quot;regionalBlocs&quot;:[],&quot;cioc&quot;:&quot;IRI&quot;},{&quot;name&quot;:&quot;Iraq&quot;,&quot;topLevelDomain&quot;:[&quot;.iq&quot;],&quot;alpha2Code&quot;:&quot;IQ&quot;,&quot;alpha3Code&quot;:&quot;IRQ&quot;,&quot;callingCodes&quot;:[&quot;964&quot;],&quot;capital&quot;:&quot;Baghdad&quot;,&quot;altSpellings&quot;:[&quot;IQ&quot;,&quot;Republic of Iraq&quot;,&quot;JumhÅ«riyyat al-â€˜IrÄ�q&quot;],&quot;region&quot;:&quot;Asia&quot;,&quot;subregion&quot;:&quot;Western Asia&quot;,&quot;population&quot;:37883543,&quot;latlng&quot;:[33.0,44.0],&quot;demonym&quot;:&quot;Iraqi&quot;,&quot;area&quot;:438317.0,&quot;gini&quot;:30.9,&quot;timezones&quot;:[&quot;UTC+03:00&quot;],&quot;borders&quot;:[&quot;IRN&quot;,&quot;JOR&quot;,&quot;KWT&quot;,&quot;SAU&quot;,&quot;SYR&quot;,&quot;TUR&quot;],&quot;nativeName&quot;:&quot;Ø§Ù„Ø¹Ø±Ø§Ù‚&quot;,&quot;numericCode&quot;:&quot;368&quot;,&quot;currencies&quot;:[{&quot;code&quot;:&quot;IQD&quot;,&quot;name&quot;:&quot;Iraqi dinar&quot;,&quot;symbol&quot;:&quot;Ø¹.Ø¯&quot;}],&quot;languages&quot;:[{&quot;iso639_1&quot;:&quot;ar&quot;,&quot;iso639_2&quot;:&quot;ara&quot;,&quot;name&quot;:&quot;Arabic&quot;,&quot;nativeName&quot;:&quot;Ø§Ù„Ø¹Ø±Ø¨ÙŠØ©&quot;},{&quot;iso639_1&quot;:&quot;ku&quot;,&quot;iso639_2&quot;:&quot;kur&quot;,&quot;name&quot;:&quot;Kurdish&quot;,&quot;nativeName&quot;:&quot;KurdÃ®&quot;}],&quot;translations&quot;:{&quot;de&quot;:&quot;Irak&quot;,&quot;es&quot;:&quot;Irak&quot;,&quot;fr&quot;:&quot;Irak&quot;,&quot;ja&quot;:&quot;ã‚¤ãƒ©ã‚¯&quot;,&quot;it&quot;:&quot;Iraq&quot;,&quot;br&quot;:&quot;Iraque&quot;,&quot;pt&quot;:&quot;Iraque&quot;,&quot;nl&quot;:&quot;Irak&quot;,&quot;hr&quot;:&quot;Irak&quot;,&quot;fa&quot;:&quot;Ø¹Ø±Ø§Ù‚&quot;},&quot;flag&quot;:&quot;https://restcountries.eu/data/irq.svg&quot;,&quot;regionalBlocs&quot;:[{&quot;acronym&quot;:&quot;AL&quot;,&quot;name&quot;:&quot;Arab League&quot;,&quot;otherAcronyms&quot;:[],&quot;otherNames&quot;:[&quot;Ø¬Ø§Ù…Ø¹Ø© Ø§Ù„Ø¯ÙˆÙ„ Ø§Ù„Ø¹Ø±Ø¨ÙŠØ©&quot;,&quot;JÄ�miÊ»at ad-Duwal al-Ê»ArabÄ«yah&quot;,&quot;League of Arab States&quot;]}],&quot;cioc&quot;:&quot;IRQ&quot;},{&quot;name&quot;:&quot;Ireland&quot;,&quot;topLevelDomain&quot;:[&quot;.ie&quot;],&quot;alpha2Code&quot;:&quot;IE&quot;,&quot;alpha3Code&quot;:&quot;IRL&quot;,&quot;callingCodes&quot;:[&quot;353&quot;],&quot;capital&quot;:&quot;Dublin&quot;,&quot;altSpellings&quot;:[&quot;IE&quot;,&quot;Ã‰ire&quot;,&quot;Republic of Ireland&quot;,&quot;Poblacht na hÃ‰ireann&quot;],&quot;region&quot;:&quot;Europe&quot;,&quot;subregion&quot;:&quot;Northern Europe&quot;,&quot;population&quot;:6378000,&quot;latlng&quot;:[53.0,-8.0],&quot;demonym&quot;:&quot;Irish&quot;,&quot;area&quot;:70273.0,&quot;gini&quot;:34.3,&quot;timezones&quot;:[&quot;UTC&quot;],&quot;borders&quot;:[&quot;GBR&quot;],&quot;nativeName&quot;:&quot;Ã‰ire&quot;,&quot;numericCode&quot;:&quot;372&quot;,&quot;currencies&quot;:[{&quot;code&quot;:&quot;EUR&quot;,&quot;name&quot;:&quot;Euro&quot;,&quot;symbol&quot;:&quot;â‚¬&quot;}],&quot;languages&quot;:[{&quot;iso639_1&quot;:&quot;ga&quot;,&quot;iso639_2&quot;:&quot;gle&quot;,&quot;name&quot;:&quot;Irish&quot;,&quot;nativeName&quot;:&quot;Gaeilge&quot;},{&quot;iso639_1&quot;:&quot;en&quot;,&quot;iso639_2&quot;:&quot;eng&quot;,&quot;name&quot;:&quot;English&quot;,&quot;nativeName&quot;:&quot;English&quot;}],&quot;translations&quot;:{&quot;de&quot;:&quot;Irland&quot;,&quot;es&quot;:&quot;Irlanda&quot;,&quot;fr&quot;:&quot;Irlande&quot;,&quot;ja&quot;:&quot;ã‚¢ã‚¤ãƒ«ãƒ©ãƒ³ãƒ‰&quot;,&quot;it&quot;:&quot;Irlanda&quot;,&quot;br&quot;:&quot;Irlanda&quot;,&quot;pt&quot;:&quot;Irlanda&quot;,&quot;nl&quot;:&quot;Ierland&quot;,&quot;hr&quot;:&quot;Irska&quot;,&quot;fa&quot;:&quot;Ø§ÛŒØ±Ù„Ù†Ø¯&quot;},&quot;flag&quot;:&quot;https://restcountries.eu/data/irl.svg&quot;,&quot;regionalBlocs&quot;:[{&quot;acronym&quot;:&quot;EU&quot;,&quot;name&quot;:&quot;European Union&quot;,&quot;otherAcronyms&quot;:[],&quot;otherNames&quot;:[]}],&quot;cioc&quot;:&quot;IRL&quot;},{&quot;name&quot;:&quot;Isle of Man&quot;,&quot;topLevelDomain&quot;:[&quot;.im&quot;],&quot;alpha2Code&quot;:&quot;IM&quot;,&quot;alpha3Code&quot;:&quot;IMN&quot;,&quot;callingCodes&quot;:[&quot;44&quot;],&quot;capital&quot;:&quot;Douglas&quot;,&quot;altSpellings&quot;:[&quot;IM&quot;,&quot;Ellan Vannin&quot;,&quot;Mann&quot;,&quot;Mannin&quot;],&quot;region&quot;:&quot;Europe&quot;,&quot;subregion&quot;:&quot;Northern Europe&quot;,&quot;population&quot;:84497,&quot;latlng&quot;:[54.25,-4.5],&quot;demonym&quot;:&quot;Manx&quot;,&quot;area&quot;:572.0,&quot;gini&quot;:null,&quot;timezones&quot;:[&quot;UTC+00:00&quot;],&quot;borders&quot;:[],&quot;nativeName&quot;:&quot;Isle of Man&quot;,&quot;numericCode&quot;:&quot;833&quot;,&quot;currencies&quot;:[{&quot;code&quot;:&quot;GBP&quot;,&quot;name&quot;:&quot;British pound&quot;,&quot;symbol&quot;:&quot;Â£&quot;},{&quot;code&quot;:&quot;IMP[G]&quot;,&quot;name&quot;:&quot;Manx pound&quot;,&quot;symbol&quot;:&quot;Â£&quot;}],&quot;languages&quot;:[{&quot;iso639_1&quot;:&quot;en&quot;,&quot;iso639_2&quot;:&quot;eng&quot;,&quot;name&quot;:&quot;English&quot;,&quot;nativeName&quot;:&quot;English&quot;},{&quot;iso639_1&quot;:&quot;gv&quot;,&quot;iso639_2&quot;:&quot;glv&quot;,&quot;name&quot;:&quot;Manx&quot;,&quot;nativeName&quot;:&quot;Gaelg&quot;}],&quot;translations&quot;:{&quot;de&quot;:&quot;Insel Man&quot;,&quot;es&quot;:&quot;Isla de Man&quot;,&quot;fr&quot;:&quot;ÃŽle de Man&quot;,&quot;ja&quot;:&quot;ãƒžãƒ³å³¶&quot;,&quot;it&quot;:&quot;Isola di Man&quot;,&quot;br&quot;:&quot;Ilha de Man&quot;,&quot;pt&quot;:&quot;Ilha de Man&quot;,&quot;nl&quot;:&quot;Isle of Man&quot;,&quot;hr&quot;:&quot;Otok Man&quot;,&quot;fa&quot;:&quot;Ø¬Ø²ÛŒØ±Ù‡ Ù…Ù†&quot;},&quot;flag&quot;:&quot;https://restcountries.eu/data/imn.svg&quot;,&quot;regionalBlocs&quot;:[{&quot;acronym&quot;:&quot;EU&quot;,&quot;name&quot;:&quot;European Union&quot;,&quot;otherAcronyms&quot;:[],&quot;otherNames&quot;:[]}],&quot;cioc&quot;:&quot;&quot;},{&quot;name&quot;:&quot;Israel&quot;,&quot;topLevelDomain&quot;:[&quot;.il&quot;],&quot;alpha2Code&quot;:&quot;IL&quot;,&quot;alpha3Code&quot;:&quot;ISR&quot;,&quot;callingCodes&quot;:[&quot;972&quot;],&quot;capital&quot;:&quot;Jerusalem&quot;,&quot;altSpellings&quot;:[&quot;IL&quot;,&quot;State of Israel&quot;,&quot;MedÄ«nat YisrÄ�&apos;el&quot;],&quot;region&quot;:&quot;Asia&quot;,&quot;subregion&quot;:&quot;Western Asia&quot;,&quot;population&quot;:8527400,&quot;latlng&quot;:[31.5,34.75],&quot;demonym&quot;:&quot;Israeli&quot;,&quot;area&quot;:20770.0,&quot;gini&quot;:39.2,&quot;timezones&quot;:[&quot;UTC+02:00&quot;],&quot;borders&quot;:[&quot;EGY&quot;,&quot;JOR&quot;,&quot;LBN&quot;,&quot;SYR&quot;],&quot;nativeName&quot;:&quot;×™Ö´×©Ö°×‚×¨Ö¸×�Öµ×œ&quot;,&quot;numericCode&quot;:&quot;376&quot;,&quot;currencies&quot;:[{&quot;code&quot;:&quot;ILS&quot;,&quot;name&quot;:&quot;Israeli new shekel&quot;,&quot;symbol&quot;:&quot;â‚ª&quot;}],&quot;languages&quot;:[{&quot;iso639_1&quot;:&quot;he&quot;,&quot;iso639_2&quot;:&quot;heb&quot;,&quot;name&quot;:&quot;Hebrew (modern)&quot;,&quot;nativeName&quot;:&quot;×¢×‘×¨×™×ª&quot;},{&quot;iso639_1&quot;:&quot;ar&quot;,&quot;iso639_2&quot;:&quot;ara&quot;,&quot;name&quot;:&quot;Arabic&quot;,&quot;nativeName&quot;:&quot;Ø§Ù„Ø¹Ø±Ø¨ÙŠØ©&quot;}],&quot;translations&quot;:{&quot;de&quot;:&quot;Israel&quot;,&quot;es&quot;:&quot;Israel&quot;,&quot;fr&quot;:&quot;IsraÃ«l&quot;,&quot;ja&quot;:&quot;ã‚¤ã‚¹ãƒ©ã‚¨ãƒ«&quot;,&quot;it&quot;:&quot;Israele&quot;,&quot;br&quot;:&quot;Israel&quot;,&quot;pt&quot;:&quot;Israel&quot;,&quot;nl&quot;:&quot;IsraÃ«l&quot;,&quot;hr&quot;:&quot;Izrael&quot;,&quot;fa&quot;:&quot;Ø§Ø³Ø±Ø§Ø¦ÛŒÙ„&quot;},&quot;flag&quot;:&quot;https://restcountries.eu/data/isr.svg&quot;,&quot;regionalBlocs&quot;:[],&quot;cioc&quot;:&quot;ISR&quot;},{&quot;name&quot;:&quot;Italy&quot;,&quot;topLevelDomain&quot;:[&quot;.it&quot;],&quot;alpha2Code&quot;:&quot;IT&quot;,&quot;alpha3Code&quot;:&quot;ITA&quot;,&quot;callingCodes&quot;:[&quot;39&quot;],&quot;capital&quot;:&quot;Rome&quot;,&quot;altSpellings&quot;:[&quot;IT&quot;,&quot;Italian Republic&quot;,&quot;Repubblica italiana&quot;],&quot;region&quot;:&quot;Europe&quot;,&quot;subregion&quot;:&quot;Southern Europe&quot;,&quot;population&quot;:60665551,&quot;latlng&quot;:[42.83333333,12.83333333],&quot;demonym&quot;:&quot;Italian&quot;,&quot;area&quot;:301336.0,&quot;gini&quot;:36.0,&quot;timezones&quot;:[&quot;UTC+01:00&quot;],&quot;borders&quot;:[&quot;AUT&quot;,&quot;FRA&quot;,&quot;SMR&quot;,&quot;SVN&quot;,&quot;CHE&quot;,&quot;VAT&quot;],&quot;nativeName&quot;:&quot;Italia&quot;,&quot;numericCode&quot;:&quot;380&quot;,&quot;currencies&quot;:[{&quot;code&quot;:&quot;EUR&quot;,&quot;name&quot;:&quot;Euro&quot;,&quot;symbol&quot;:&quot;â‚¬&quot;}],&quot;languages&quot;:[{&quot;iso639_1&quot;:&quot;it&quot;,&quot;iso639_2&quot;:&quot;ita&quot;,&quot;name&quot;:&quot;Italian&quot;,&quot;nativeName&quot;:&quot;Italiano&quot;}],&quot;translations&quot;:{&quot;de&quot;:&quot;Italien&quot;,&quot;es&quot;:&quot;Italia&quot;,&quot;fr&quot;:&quot;Italie&quot;,&quot;ja&quot;:&quot;ã‚¤ã‚¿ãƒªã‚¢&quot;,&quot;it&quot;:&quot;Italia&quot;,&quot;br&quot;:&quot;ItÃ¡lia&quot;,&quot;pt&quot;:&quot;ItÃ¡lia&quot;,&quot;nl&quot;:&quot;ItaliÃ«&quot;,&quot;hr&quot;:&quot;Italija&quot;,&quot;fa&quot;:&quot;Ø§ÛŒØªØ§Ù„ÛŒØ§&quot;},&quot;flag&quot;:&quot;https://restcountries.eu/data/ita.svg&quot;,&quot;regionalBlocs&quot;:[{&quot;acronym&quot;:&quot;EU&quot;,&quot;name&quot;:&quot;European Union&quot;,&quot;otherAcronyms&quot;:[],&quot;otherNames&quot;:[]}],&quot;cioc&quot;:&quot;ITA&quot;},{&quot;name&quot;:&quot;Jamaica&quot;,&quot;topLevelDomain&quot;:[&quot;.jm&quot;],&quot;alpha2Code&quot;:&quot;JM&quot;,&quot;alpha3Code&quot;:&quot;JAM&quot;,&quot;callingCodes&quot;:[&quot;1876&quot;],&quot;capital&quot;:&quot;Kingston&quot;,&quot;altSpellings&quot;:[&quot;JM&quot;],&quot;region&quot;:&quot;Americas&quot;,&quot;subregion&quot;:&quot;Caribbean&quot;,&quot;population&quot;:2723246,&quot;latlng&quot;:[18.25,-77.5],&quot;demonym&quot;:&quot;Jamaican&quot;,&quot;area&quot;:10991.0,&quot;gini&quot;:45.5,&quot;timezones&quot;:[&quot;UTC-05:00&quot;],&quot;borders&quot;:[],&quot;nativeName&quot;:&quot;Jamaica&quot;,&quot;numericCode&quot;:&quot;388&quot;,&quot;currencies&quot;:[{&quot;code&quot;:&quot;JMD&quot;,&quot;name&quot;:&quot;Jamaican dollar&quot;,&quot;symbol&quot;:&quot;$&quot;}],&quot;languages&quot;:[{&quot;iso639_1&quot;:&quot;en&quot;,&quot;iso639_2&quot;:&quot;eng&quot;,&quot;name&quot;:&quot;English&quot;,&quot;nativeName&quot;:&quot;English&quot;}],&quot;translations&quot;:{&quot;de&quot;:&quot;Jamaika&quot;,&quot;es&quot;:&quot;Jamaica&quot;,&quot;fr&quot;:&quot;JamaÃ¯que&quot;,&quot;ja&quot;:&quot;ã‚¸ãƒ£ãƒžã‚¤ã‚«&quot;,&quot;it&quot;:&quot;Giamaica&quot;,&quot;br&quot;:&quot;Jamaica&quot;,&quot;pt&quot;:&quot;Jamaica&quot;,&quot;nl&quot;:&quot;Jamaica&quot;,&quot;hr&quot;:&quot;Jamajka&quot;,&quot;fa&quot;:&quot;Ø¬Ø§Ù…Ø§Ø¦ÛŒÚ©Ø§&quot;},&quot;flag&quot;:&quot;https://restcountries.eu/data/jam.svg&quot;,&quot;regionalBlocs&quot;:[{&quot;acronym&quot;:&quot;CARICOM&quot;,&quot;name&quot;:&quot;Caribbean Community&quot;,&quot;otherAcronyms&quot;:[],&quot;otherNames&quot;:[&quot;Comunidad del Caribe&quot;,&quot;CommunautÃ© CaribÃ©enne&quot;,&quot;Caribische Gemeenschap&quot;]}],&quot;cioc&quot;:&quot;JAM&quot;},{&quot;name&quot;:&quot;Japan&quot;,&quot;topLevelDomain&quot;:[&quot;.jp&quot;],&quot;alpha2Code&quot;:&quot;JP&quot;,&quot;alpha3Code&quot;:&quot;JPN&quot;,&quot;callingCodes&quot;:[&quot;81&quot;],&quot;capital&quot;:&quot;Tokyo&quot;,&quot;altSpellings&quot;:[&quot;JP&quot;,&quot;Nippon&quot;,&quot;Nihon&quot;],&quot;region&quot;:&quot;Asia&quot;,&quot;subregion&quot;:&quot;Eastern Asia&quot;,&quot;population&quot;:126960000,&quot;latlng&quot;:[36.0,138.0],&quot;demonym&quot;:&quot;Japanese&quot;,&quot;area&quot;:377930.0,&quot;gini&quot;:38.1,&quot;timezones&quot;:[&quot;UTC+09:00&quot;],&quot;borders&quot;:[],&quot;nativeName&quot;:&quot;æ—¥æœ¬&quot;,&quot;numericCode&quot;:&quot;392&quot;,&quot;currencies&quot;:[{&quot;code&quot;:&quot;JPY&quot;,&quot;name&quot;:&quot;Japanese yen&quot;,&quot;symbol&quot;:&quot;Â¥&quot;}],&quot;languages&quot;:[{&quot;iso639_1&quot;:&quot;ja&quot;,&quot;iso639_2&quot;:&quot;jpn&quot;,&quot;name&quot;:&quot;Japanese&quot;,&quot;nativeName&quot;:&quot;æ—¥æœ¬èªž (ã�«ã�»ã‚“ã�”)&quot;}],&quot;translations&quot;:{&quot;de&quot;:&quot;Japan&quot;,&quot;es&quot;:&quot;JapÃ³n&quot;,&quot;fr&quot;:&quot;Japon&quot;,&quot;ja&quot;:&quot;æ—¥æœ¬&quot;,&quot;it&quot;:&quot;Giappone&quot;,&quot;br&quot;:&quot;JapÃ£o&quot;,&quot;pt&quot;:&quot;JapÃ£o&quot;,&quot;nl&quot;:&quot;Japan&quot;,&quot;hr&quot;:&quot;Japan&quot;,&quot;fa&quot;:&quot;Ú˜Ø§Ù¾Ù†&quot;},&quot;flag&quot;:&quot;https://restcountries.eu/data/jpn.svg&quot;,&quot;regionalBlocs&quot;:[],&quot;cioc&quot;:&quot;JPN&quot;},{&quot;name&quot;:&quot;Jersey&quot;,&quot;topLevelDomain&quot;:[&quot;.je&quot;],&quot;alpha2Code&quot;:&quot;JE&quot;,&quot;alpha3Code&quot;:&quot;JEY&quot;,&quot;callingCodes&quot;:[&quot;44&quot;],&quot;capital&quot;:&quot;Saint Helier&quot;,&quot;altSpellings&quot;:[&quot;JE&quot;,&quot;Bailiwick of Jersey&quot;,&quot;Bailliage de Jersey&quot;,&quot;Bailliage dÃ© JÃ¨rri&quot;],&quot;region&quot;:&quot;Europe&quot;,&quot;subregion&quot;:&quot;Northern Europe&quot;,&quot;population&quot;:100800,&quot;latlng&quot;:[49.25,-2.16666666],&quot;demonym&quot;:&quot;Channel Islander&quot;,&quot;area&quot;:116.0,&quot;gini&quot;:null,&quot;timezones&quot;:[&quot;UTC+01:00&quot;],&quot;borders&quot;:[],&quot;nativeName&quot;:&quot;Jersey&quot;,&quot;numericCode&quot;:&quot;832&quot;,&quot;currencies&quot;:[{&quot;code&quot;:&quot;GBP&quot;,&quot;name&quot;:&quot;British pound&quot;,&quot;symbol&quot;:&quot;Â£&quot;},{&quot;code&quot;:&quot;JEP[G]&quot;,&quot;name&quot;:&quot;Jersey pound&quot;,&quot;symbol&quot;:&quot;Â£&quot;}],&quot;languages&quot;:[{&quot;iso639_1&quot;:&quot;en&quot;,&quot;iso639_2&quot;:&quot;eng&quot;,&quot;name&quot;:&quot;English&quot;,&quot;nativeName&quot;:&quot;English&quot;},{&quot;iso639_1&quot;:&quot;fr&quot;,&quot;iso639_2&quot;:&quot;fra&quot;,&quot;name&quot;:&quot;French&quot;,&quot;nativeName&quot;:&quot;franÃ§ais&quot;}],&quot;translations&quot;:{&quot;de&quot;:&quot;Jersey&quot;,&quot;es&quot;:&quot;Jersey&quot;,&quot;fr&quot;:&quot;Jersey&quot;,&quot;ja&quot;:&quot;ã‚¸ãƒ£ãƒ¼ã‚¸ãƒ¼&quot;,&quot;it&quot;:&quot;Isola di Jersey&quot;,&quot;br&quot;:&quot;Jersey&quot;,&quot;pt&quot;:&quot;Jersey&quot;,&quot;nl&quot;:&quot;Jersey&quot;,&quot;hr&quot;:&quot;Jersey&quot;,&quot;fa&quot;:&quot;Ø¬Ø±Ø²ÛŒ&quot;},&quot;flag&quot;:&quot;https://restcountries.eu/data/jey.svg&quot;,&quot;regionalBlocs&quot;:[],&quot;cioc&quot;:&quot;&quot;},{&quot;name&quot;:&quot;Jordan&quot;,&quot;topLevelDomain&quot;:[&quot;.jo&quot;],&quot;alpha2Code&quot;:&quot;JO&quot;,&quot;alpha3Code&quot;:&quot;JOR&quot;,&quot;callingCodes&quot;:[&quot;962&quot;],&quot;capital&quot;:&quot;Amman&quot;,&quot;altSpellings&quot;:[&quot;JO&quot;,&quot;Hashemite Kingdom of Jordan&quot;,&quot;al-Mamlakah al-UrdunÄ«yah al-HÄ�shimÄ«yah&quot;],&quot;region&quot;:&quot;Asia&quot;,&quot;subregion&quot;:&quot;Western Asia&quot;,&quot;population&quot;:9531712,&quot;latlng&quot;:[31.0,36.0],&quot;demonym&quot;:&quot;Jordanian&quot;,&quot;area&quot;:89342.0,&quot;gini&quot;:35.4,&quot;timezones&quot;:[&quot;UTC+03:00&quot;],&quot;borders&quot;:[&quot;IRQ&quot;,&quot;ISR&quot;,&quot;SAU&quot;,&quot;SYR&quot;],&quot;nativeName&quot;:&quot;Ø§Ù„Ø£Ø±Ø¯Ù†&quot;,&quot;numericCode&quot;:&quot;400&quot;,&quot;currencies&quot;:[{&quot;code&quot;:&quot;JOD&quot;,&quot;name&quot;:&quot;Jordanian dinar&quot;,&quot;symbol&quot;:&quot;Ø¯.Ø§&quot;}],&quot;languages&quot;:[{&quot;iso639_1&quot;:&quot;ar&quot;,&quot;iso639_2&quot;:&quot;ara&quot;,&quot;name&quot;:&quot;Arabic&quot;,&quot;nativeName&quot;:&quot;Ø§Ù„Ø¹Ø±Ø¨ÙŠØ©&quot;}],&quot;translations&quot;:{&quot;de&quot;:&quot;Jordanien&quot;,&quot;es&quot;:&quot;Jordania&quot;,&quot;fr&quot;:&quot;Jordanie&quot;,&quot;ja&quot;:&quot;ãƒ¨ãƒ«ãƒ€ãƒ³&quot;,&quot;it&quot;:&quot;Giordania&quot;,&quot;br&quot;:&quot;JordÃ¢nia&quot;,&quot;pt&quot;:&quot;JordÃ¢nia&quot;,&quot;nl&quot;:&quot;JordaniÃ«&quot;,&quot;hr&quot;:&quot;Jordan&quot;,&quot;fa&quot;:&quot;Ø§Ø±Ø¯Ù†&quot;},&quot;flag&quot;:&quot;https://restcountries.eu/data/jor.svg&quot;,&quot;regionalBlocs&quot;:[{&quot;acronym&quot;:&quot;AL&quot;,&quot;name&quot;:&quot;Arab League&quot;,&quot;otherAcronyms&quot;:[],&quot;otherNames&quot;:[&quot;Ø¬Ø§Ù…Ø¹Ø© Ø§Ù„Ø¯ÙˆÙ„ Ø§Ù„Ø¹Ø±Ø¨ÙŠØ©&quot;,&quot;JÄ�miÊ»at ad-Duwal al-Ê»ArabÄ«yah&quot;,&quot;League of Arab States&quot;]}],&quot;cioc&quot;:&quot;JOR&quot;},{&quot;name&quot;:&quot;Kazakhstan&quot;,&quot;topLevelDomain&quot;:[&quot;.kz&quot;,&quot;.Ò›Ð°Ð·&quot;],&quot;alpha2Code&quot;:&quot;KZ&quot;,&quot;alpha3Code&quot;:&quot;KAZ&quot;,&quot;callingCodes&quot;:[&quot;76&quot;,&quot;77&quot;],&quot;capital&quot;:&quot;Astana&quot;,&quot;altSpellings&quot;:[&quot;KZ&quot;,&quot;Qazaqstan&quot;,&quot;ÐšÐ°Ð·Ð°Ñ…Ñ�Ñ‚Ð°Ð½&quot;,&quot;Republic of Kazakhstan&quot;,&quot;ÒšÐ°Ð·Ð°Ò›Ñ�Ñ‚Ð°Ð½ Ð ÐµÑ�Ð¿ÑƒÐ±Ð»Ð¸ÐºÐ°Ñ�Ñ‹&quot;,&quot;Qazaqstan RespublÃ¯kasÄ±&quot;,&quot;Ð ÐµÑ�Ð¿ÑƒÐ±Ð»Ð¸ÐºÐ° ÐšÐ°Ð·Ð°Ñ…Ñ�Ñ‚Ð°Ð½&quot;,&quot;Respublika Kazakhstan&quot;],&quot;region&quot;:&quot;Asia&quot;,&quot;subregion&quot;:&quot;Central Asia&quot;,&quot;population&quot;:17753200,&quot;latlng&quot;:[48.0,68.0],&quot;demonym&quot;:&quot;Kazakhstani&quot;,&quot;area&quot;:2724900.0,&quot;gini&quot;:29.0,&quot;timezones&quot;:[&quot;UTC+05:00&quot;,&quot;UTC+06:00&quot;],&quot;borders&quot;:[&quot;CHN&quot;,&quot;KGZ&quot;,&quot;RUS&quot;,&quot;TKM&quot;,&quot;UZB&quot;],&quot;nativeName&quot;:&quot;ÒšÐ°Ð·Ð°Ò›Ñ�Ñ‚Ð°Ð½&quot;,&quot;numericCode&quot;:&quot;398&quot;,&quot;currencies&quot;:[{&quot;code&quot;:&quot;KZT&quot;,&quot;name&quot;:&quot;Kazakhstani tenge&quot;,&quot;symbol&quot;:null}],&quot;languages&quot;:[{&quot;iso639_1&quot;:&quot;kk&quot;,&quot;iso639_2&quot;:&quot;kaz&quot;,&quot;name&quot;:&quot;Kazakh&quot;,&quot;nativeName&quot;:&quot;Ò›Ð°Ð·Ð°Ò› Ñ‚Ñ–Ð»Ñ–&quot;},{&quot;iso639_1&quot;:&quot;ru&quot;,&quot;iso639_2&quot;:&quot;rus&quot;,&quot;name&quot;:&quot;Russian&quot;,&quot;nativeName&quot;:&quot;Ð ÑƒÑ�Ñ�ÐºÐ¸Ð¹&quot;}],&quot;translations&quot;:{&quot;de&quot;:&quot;Kasachstan&quot;,&quot;es&quot;:&quot;KazajistÃ¡n&quot;,&quot;fr&quot;:&quot;Kazakhstan&quot;,&quot;ja&quot;:&quot;ã‚«ã‚¶ãƒ•ã‚¹ã‚¿ãƒ³&quot;,&quot;it&quot;:&quot;Kazakistan&quot;,&quot;br&quot;:&quot;CazaquistÃ£o&quot;,&quot;pt&quot;:&quot;CazaquistÃ£o&quot;,&quot;nl&quot;:&quot;Kazachstan&quot;,&quot;hr&quot;:&quot;Kazahstan&quot;,&quot;fa&quot;:&quot;Ù‚Ø²Ø§Ù‚Ø³ØªØ§Ù†&quot;},&quot;flag&quot;:&quot;https://restcountries.eu/data/kaz.svg&quot;,&quot;regionalBlocs&quot;:[{&quot;acronym&quot;:&quot;EEU&quot;,&quot;name&quot;:&quot;Eurasian Economic Union&quot;,&quot;otherAcronyms&quot;:[&quot;EAEU&quot;],&quot;otherNames&quot;:[]}],&quot;cioc&quot;:&quot;KAZ&quot;},{&quot;name&quot;:&quot;Kenya&quot;,&quot;topLevelDomain&quot;:[&quot;.ke&quot;],&quot;alpha2Code&quot;:&quot;KE&quot;,&quot;alpha3Code&quot;:&quot;KEN&quot;,&quot;callingCodes&quot;:[&quot;254&quot;],&quot;capital&quot;:&quot;Nairobi&quot;,&quot;altSpellings&quot;:[&quot;KE&quot;,&quot;Republic of Kenya&quot;,&quot;Jamhuri ya Kenya&quot;],&quot;region&quot;:&quot;Africa&quot;,&quot;subregion&quot;:&quot;Eastern Africa&quot;,&quot;population&quot;:47251000,&quot;latlng&quot;:[1.0,38.0],&quot;demonym&quot;:&quot;Kenyan&quot;,&quot;area&quot;:580367.0,&quot;gini&quot;:47.7,&quot;timezones&quot;:[&quot;UTC+03:00&quot;],&quot;borders&quot;:[&quot;ETH&quot;,&quot;SOM&quot;,&quot;SSD&quot;,&quot;TZA&quot;,&quot;UGA&quot;],&quot;nativeName&quot;:&quot;Kenya&quot;,&quot;numericCode&quot;:&quot;404&quot;,&quot;currencies&quot;:[{&quot;code&quot;:&quot;KES&quot;,&quot;name&quot;:&quot;Kenyan shilling&quot;,&quot;symbol&quot;:&quot;Sh&quot;}],&quot;languages&quot;:[{&quot;iso639_1&quot;:&quot;en&quot;,&quot;iso639_2&quot;:&quot;eng&quot;,&quot;name&quot;:&quot;English&quot;,&quot;nativeName&quot;:&quot;English&quot;},{&quot;iso639_1&quot;:&quot;sw&quot;,&quot;iso639_2&quot;:&quot;swa&quot;,&quot;name&quot;:&quot;Swahili&quot;,&quot;nativeName&quot;:&quot;Kiswahili&quot;}],&quot;translations&quot;:{&quot;de&quot;:&quot;Kenia&quot;,&quot;es&quot;:&quot;Kenia&quot;,&quot;fr&quot;:&quot;Kenya&quot;,&quot;ja&quot;:&quot;ã‚±ãƒ‹ã‚¢&quot;,&quot;it&quot;:&quot;Kenya&quot;,&quot;br&quot;:&quot;QuÃªnia&quot;,&quot;pt&quot;:&quot;QuÃ©nia&quot;,&quot;nl&quot;:&quot;Kenia&quot;,&quot;hr&quot;:&quot;Kenija&quot;,&quot;fa&quot;:&quot;Ú©Ù†ÛŒØ§&quot;},&quot;flag&quot;:&quot;https://restcountries.eu/data/ken.svg&quot;,&quot;regionalBlocs&quot;:[{&quot;acronym&quot;:&quot;AU&quot;,&quot;name&quot;:&quot;African Union&quot;,&quot;otherAcronyms&quot;:[],&quot;otherNames&quot;:[&quot;Ø§Ù„Ø§ØªØ­Ø§Ø¯ Ø§Ù„Ø£Ù�Ø±ÙŠÙ‚ÙŠ&quot;,&quot;Union africaine&quot;,&quot;UniÃ£o Africana&quot;,&quot;UniÃ³n Africana&quot;,&quot;Umoja wa Afrika&quot;]}],&quot;cioc&quot;:&quot;KEN&quot;},{&quot;name&quot;:&quot;Kiribati&quot;,&quot;topLevelDomain&quot;:[&quot;.ki&quot;],&quot;alpha2Code&quot;:&quot;KI&quot;,&quot;alpha3Code&quot;:&quot;KIR&quot;,&quot;callingCodes&quot;:[&quot;686&quot;],&quot;capital&quot;:&quot;South Tarawa&quot;,&quot;altSpellings&quot;:[&quot;KI&quot;,&quot;Republic of Kiribati&quot;,&quot;Ribaberiki Kiribati&quot;],&quot;region&quot;:&quot;Oceania&quot;,&quot;subregion&quot;:&quot;Micronesia&quot;,&quot;population&quot;:113400,&quot;latlng&quot;:[1.41666666,173.0],&quot;demonym&quot;:&quot;I-Kiribati&quot;,&quot;area&quot;:811.0,&quot;gini&quot;:null,&quot;timezones&quot;:[&quot;UTC+12:00&quot;,&quot;UTC+13:00&quot;,&quot;UTC+14:00&quot;],&quot;borders&quot;:[],&quot;nativeName&quot;:&quot;Kiribati&quot;,&quot;numericCode&quot;:&quot;296&quot;,&quot;currencies&quot;:[{&quot;code&quot;:&quot;AUD&quot;,&quot;name&quot;:&quot;Australian dollar&quot;,&quot;symbol&quot;:&quot;$&quot;},{&quot;code&quot;:&quot;(none)&quot;,&quot;name&quot;:&quot;Kiribati dollar&quot;,&quot;symbol&quot;:&quot;$&quot;}],&quot;languages&quot;:[{&quot;iso639_1&quot;:&quot;en&quot;,&quot;iso639_2&quot;:&quot;eng&quot;,&quot;name&quot;:&quot;English&quot;,&quot;nativeName&quot;:&quot;English&quot;}],&quot;translations&quot;:{&quot;de&quot;:&quot;Kiribati&quot;,&quot;es&quot;:&quot;Kiribati&quot;,&quot;fr&quot;:&quot;Kiribati&quot;,&quot;ja&quot;:&quot;ã‚­ãƒªãƒ�ã‚¹&quot;,&quot;it&quot;:&quot;Kiribati&quot;,&quot;br&quot;:&quot;Kiribati&quot;,&quot;pt&quot;:&quot;QuiribÃ¡ti&quot;,&quot;nl&quot;:&quot;Kiribati&quot;,&quot;hr&quot;:&quot;Kiribati&quot;,&quot;fa&quot;:&quot;Ú©ÛŒØ±ÛŒØ¨Ø§ØªÛŒ&quot;},&quot;flag&quot;:&quot;https://restcountries.eu/data/kir.svg&quot;,&quot;regionalBlocs&quot;:[],&quot;cioc&quot;:&quot;KIR&quot;},{&quot;name&quot;:&quot;Kuwait&quot;,&quot;topLevelDomain&quot;:[&quot;.kw&quot;],&quot;alpha2Code&quot;:&quot;KW&quot;,&quot;alpha3Code&quot;:&quot;KWT&quot;,&quot;callingCodes&quot;:[&quot;965&quot;],&quot;capital&quot;:&quot;Kuwait City&quot;,&quot;altSpellings&quot;:[&quot;KW&quot;,&quot;State of Kuwait&quot;,&quot;Dawlat al-Kuwait&quot;],&quot;region&quot;:&quot;Asia&quot;,&quot;subregion&quot;:&quot;Western Asia&quot;,&quot;population&quot;:4183658,&quot;latlng&quot;:[29.5,45.75],&quot;demonym&quot;:&quot;Kuwaiti&quot;,&quot;area&quot;:17818.0,&quot;gini&quot;:null,&quot;timezones&quot;:[&quot;UTC+03:00&quot;],&quot;borders&quot;:[&quot;IRN&quot;,&quot;SAU&quot;],&quot;nativeName&quot;:&quot;Ø§Ù„ÙƒÙˆÙŠØª&quot;,&quot;numericCode&quot;:&quot;414&quot;,&quot;currencies&quot;:[{&quot;code&quot;:&quot;KWD&quot;,&quot;name&quot;:&quot;Kuwaiti dinar&quot;,&quot;symbol&quot;:&quot;Ø¯.Ùƒ&quot;}],&quot;languages&quot;:[{&quot;iso639_1&quot;:&quot;ar&quot;,&quot;iso639_2&quot;:&quot;ara&quot;,&quot;name&quot;:&quot;Arabic&quot;,&quot;nativeName&quot;:&quot;Ø§Ù„Ø¹Ø±Ø¨ÙŠØ©&quot;}],&quot;translations&quot;:{&quot;de&quot;:&quot;Kuwait&quot;,&quot;es&quot;:&quot;Kuwait&quot;,&quot;fr&quot;:&quot;KoweÃ¯t&quot;,&quot;ja&quot;:&quot;ã‚¯ã‚¦ã‚§ãƒ¼ãƒˆ&quot;,&quot;it&quot;:&quot;Kuwait&quot;,&quot;br&quot;:&quot;Kuwait&quot;,&quot;pt&quot;:&quot;Kuwait&quot;,&quot;nl&quot;:&quot;Koeweit&quot;,&quot;hr&quot;:&quot;Kuvajt&quot;,&quot;fa&quot;:&quot;Ú©ÙˆÛŒØª&quot;},&quot;flag&quot;:&quot;https://restcountries.eu/data/kwt.svg&quot;,&quot;regionalBlocs&quot;:[{&quot;acronym&quot;:&quot;AL&quot;,&quot;name&quot;:&quot;Arab League&quot;,&quot;otherAcronyms&quot;:[],&quot;otherNames&quot;:[&quot;Ø¬Ø§Ù…Ø¹Ø© Ø§Ù„Ø¯ÙˆÙ„ Ø§Ù„Ø¹Ø±Ø¨ÙŠØ©&quot;,&quot;JÄ�miÊ»at ad-Duwal al-Ê»ArabÄ«yah&quot;,&quot;League of Arab States&quot;]}],&quot;cioc&quot;:&quot;KUW&quot;},{&quot;name&quot;:&quot;Kyrgyzstan&quot;,&quot;topLevelDomain&quot;:[&quot;.kg&quot;],&quot;alpha2Code&quot;:&quot;KG&quot;,&quot;alpha3Code&quot;:&quot;KGZ&quot;,&quot;callingCodes&quot;:[&quot;996&quot;],&quot;capital&quot;:&quot;Bishkek&quot;,&quot;altSpellings&quot;:[&quot;KG&quot;,&quot;ÐšÐ¸Ñ€Ð³Ð¸Ð·Ð¸Ñ�&quot;,&quot;Kyrgyz Republic&quot;,&quot;ÐšÑ‹Ñ€Ð³Ñ‹Ð· Ð ÐµÑ�Ð¿ÑƒÐ±Ð»Ð¸ÐºÐ°Ñ�Ñ‹&quot;,&quot;Kyrgyz Respublikasy&quot;],&quot;region&quot;:&quot;Asia&quot;,&quot;subregion&quot;:&quot;Central Asia&quot;,&quot;population&quot;:6047800,&quot;latlng&quot;:[41.0,75.0],&quot;demonym&quot;:&quot;Kirghiz&quot;,&quot;area&quot;:199951.0,&quot;gini&quot;:36.2,&quot;timezones&quot;:[&quot;UTC+06:00&quot;],&quot;borders&quot;:[&quot;CHN&quot;,&quot;KAZ&quot;,&quot;TJK&quot;,&quot;UZB&quot;],&quot;nativeName&quot;:&quot;ÐšÑ‹Ñ€Ð³Ñ‹Ð·Ñ�Ñ‚Ð°Ð½&quot;,&quot;numericCode&quot;:&quot;417&quot;,&quot;currencies&quot;:[{&quot;code&quot;:&quot;KGS&quot;,&quot;name&quot;:&quot;Kyrgyzstani som&quot;,&quot;symbol&quot;:&quot;Ñ�&quot;}],&quot;languages&quot;:[{&quot;iso639_1&quot;:&quot;ky&quot;,&quot;iso639_2&quot;:&quot;kir&quot;,&quot;name&quot;:&quot;Kyrgyz&quot;,&quot;nativeName&quot;:&quot;ÐšÑ‹Ñ€Ð³Ñ‹Ð·Ñ‡Ð°&quot;},{&quot;iso639_1&quot;:&quot;ru&quot;,&quot;iso639_2&quot;:&quot;rus&quot;,&quot;name&quot;:&quot;Russian&quot;,&quot;nativeName&quot;:&quot;Ð ÑƒÑ�Ñ�ÐºÐ¸Ð¹&quot;}],&quot;translations&quot;:{&quot;de&quot;:&quot;Kirgisistan&quot;,&quot;es&quot;:&quot;KirguizistÃ¡n&quot;,&quot;fr&quot;:&quot;Kirghizistan&quot;,&quot;ja&quot;:&quot;ã‚­ãƒ«ã‚®ã‚¹&quot;,&quot;it&quot;:&quot;Kirghizistan&quot;,&quot;br&quot;:&quot;QuirguistÃ£o&quot;,&quot;pt&quot;:&quot;QuirguizistÃ£o&quot;,&quot;nl&quot;:&quot;KirgiziÃ«&quot;,&quot;hr&quot;:&quot;Kirgistan&quot;,&quot;fa&quot;:&quot;Ù‚Ø±Ù‚ÛŒØ²Ø³ØªØ§Ù†&quot;},&quot;flag&quot;:&quot;https://restcountries.eu/data/kgz.svg&quot;,&quot;regionalBlocs&quot;:[{&quot;acronym&quot;:&quot;EEU&quot;,&quot;name&quot;:&quot;Eurasian Economic Union&quot;,&quot;otherAcronyms&quot;:[&quot;EAEU&quot;],&quot;otherNames&quot;:[]}],&quot;cioc&quot;:&quot;KGZ&quot;},{&quot;name&quot;:&quot;Lao People&apos;s Democratic Republic&quot;,&quot;topLevelDomain&quot;:[&quot;.la&quot;],&quot;alpha2Code&quot;:&quot;LA&quot;,&quot;alpha3Code&quot;:&quot;LAO&quot;,&quot;callingCodes&quot;:[&quot;856&quot;],&quot;capital&quot;:&quot;Vientiane&quot;,&quot;altSpellings&quot;:[&quot;LA&quot;,&quot;Lao&quot;,&quot;Laos&quot;,&quot;Lao People&apos;s Democratic Republic&quot;,&quot;Sathalanalat Paxathipatai Paxaxon Lao&quot;],&quot;region&quot;:&quot;Asia&quot;,&quot;subregion&quot;:&quot;South-Eastern Asia&quot;,&quot;population&quot;:6492400,&quot;latlng&quot;:[18.0,105.0],&quot;demonym&quot;:&quot;Laotian&quot;,&quot;area&quot;:236800.0,&quot;gini&quot;:36.7,&quot;timezones&quot;:[&quot;UTC+07:00&quot;],&quot;borders&quot;:[&quot;MMR&quot;,&quot;KHM&quot;,&quot;CHN&quot;,&quot;THA&quot;,&quot;VNM&quot;],&quot;nativeName&quot;:&quot;àºªàº›àº›àº¥àº²àº§&quot;,&quot;numericCode&quot;:&quot;418&quot;,&quot;currencies&quot;:[{&quot;code&quot;:&quot;LAK&quot;,&quot;name&quot;:&quot;Lao kip&quot;,&quot;symbol&quot;:&quot;â‚­&quot;}],&quot;languages&quot;:[{&quot;iso639_1&quot;:&quot;lo&quot;,&quot;iso639_2&quot;:&quot;lao&quot;,&quot;name&quot;:&quot;Lao&quot;,&quot;nativeName&quot;:&quot;àºžàº²àºªàº²àº¥àº²àº§&quot;}],&quot;translations&quot;:{&quot;de&quot;:&quot;Laos&quot;,&quot;es&quot;:&quot;Laos&quot;,&quot;fr&quot;:&quot;Laos&quot;,&quot;ja&quot;:&quot;ãƒ©ã‚ªã‚¹äººæ°‘æ°‘ä¸»å…±å’Œå›½&quot;,&quot;it&quot;:&quot;Laos&quot;,&quot;br&quot;:&quot;Laos&quot;,&quot;pt&quot;:&quot;Laos&quot;,&quot;nl&quot;:&quot;Laos&quot;,&quot;hr&quot;:&quot;Laos&quot;,&quot;fa&quot;:&quot;Ù„Ø§Ø¦ÙˆØ³&quot;},&quot;flag&quot;:&quot;https://restcountries.eu/data/lao.svg&quot;,&quot;regionalBlocs&quot;:[{&quot;acronym&quot;:&quot;ASEAN&quot;,&quot;name&quot;:&quot;Association of Southeast Asian Nations&quot;,&quot;otherAcronyms&quot;:[],&quot;otherNames&quot;:[]}],&quot;cioc&quot;:&quot;LAO&quot;},{&quot;name&quot;:&quot;Latvia&quot;,&quot;topLevelDomain&quot;:[&quot;.lv&quot;],&quot;alpha2Code&quot;:&quot;LV&quot;,&quot;alpha3Code&quot;:&quot;LVA&quot;,&quot;callingCodes&quot;:[&quot;371&quot;],&quot;capital&quot;:&quot;Riga&quot;,&quot;altSpellings&quot;:[&quot;LV&quot;,&quot;Republic of Latvia&quot;,&quot;Latvijas Republika&quot;],&quot;region&quot;:&quot;Europe&quot;,&quot;subregion&quot;:&quot;Northern Europe&quot;,&quot;population&quot;:1961600,&quot;latlng&quot;:[57.0,25.0],&quot;demonym&quot;:&quot;Latvian&quot;,&quot;area&quot;:64559.0,&quot;gini&quot;:36.6,&quot;timezones&quot;:[&quot;UTC+02:00&quot;],&quot;borders&quot;:[&quot;BLR&quot;,&quot;EST&quot;,&quot;LTU&quot;,&quot;RUS&quot;],&quot;nativeName&quot;:&quot;Latvija&quot;,&quot;numericCode&quot;:&quot;428&quot;,&quot;currencies&quot;:[{&quot;code&quot;:&quot;EUR&quot;,&quot;name&quot;:&quot;Euro&quot;,&quot;symbol&quot;:&quot;â‚¬&quot;}],&quot;languages&quot;:[{&quot;iso639_1&quot;:&quot;lv&quot;,&quot;iso639_2&quot;:&quot;lav&quot;,&quot;name&quot;:&quot;Latvian&quot;,&quot;nativeName&quot;:&quot;latvieÅ¡u valoda&quot;}],&quot;translations&quot;:{&quot;de&quot;:&quot;Lettland&quot;,&quot;es&quot;:&quot;Letonia&quot;,&quot;fr&quot;:&quot;Lettonie&quot;,&quot;ja&quot;:&quot;ãƒ©ãƒˆãƒ“ã‚¢&quot;,&quot;it&quot;:&quot;Lettonia&quot;,&quot;br&quot;:&quot;LetÃ´nia&quot;,&quot;pt&quot;:&quot;LetÃ³nia&quot;,&quot;nl&quot;:&quot;Letland&quot;,&quot;hr&quot;:&quot;Latvija&quot;,&quot;fa&quot;:&quot;Ù„ØªÙˆÙ†ÛŒ&quot;},&quot;flag&quot;:&quot;https://restcountries.eu/data/lva.svg&quot;,&quot;regionalBlocs&quot;:[{&quot;acronym&quot;:&quot;EU&quot;,&quot;name&quot;:&quot;European Union&quot;,&quot;otherAcronyms&quot;:[],&quot;otherNames&quot;:[]}],&quot;cioc&quot;:&quot;LAT&quot;},{&quot;name&quot;:&quot;Lebanon&quot;,&quot;topLevelDomain&quot;:[&quot;.lb&quot;],&quot;alpha2Code&quot;:&quot;LB&quot;,&quot;alpha3Code&quot;:&quot;LBN&quot;,&quot;callingCodes&quot;:[&quot;961&quot;],&quot;capital&quot;:&quot;Beirut&quot;,&quot;altSpellings&quot;:[&quot;LB&quot;,&quot;Lebanese Republic&quot;,&quot;Al-JumhÅ«rÄ«yah Al-LibnÄ�nÄ«yah&quot;],&quot;region&quot;:&quot;Asia&quot;,&quot;subregion&quot;:&quot;Western Asia&quot;,&quot;population&quot;:5988000,&quot;latlng&quot;:[33.83333333,35.83333333],&quot;demonym&quot;:&quot;Lebanese&quot;,&quot;area&quot;:10452.0,&quot;gini&quot;:null,&quot;timezones&quot;:[&quot;UTC+02:00&quot;],&quot;borders&quot;:[&quot;ISR&quot;,&quot;SYR&quot;],&quot;nativeName&quot;:&quot;Ù„Ø¨Ù†Ø§Ù†&quot;,&quot;numericCode&quot;:&quot;422&quot;,&quot;currencies&quot;:[{&quot;code&quot;:&quot;LBP&quot;,&quot;name&quot;:&quot;Lebanese pound&quot;,&quot;symbol&quot;:&quot;Ù„.Ù„&quot;}],&quot;languages&quot;:[{&quot;iso639_1&quot;:&quot;ar&quot;,&quot;iso639_2&quot;:&quot;ara&quot;,&quot;name&quot;:&quot;Arabic&quot;,&quot;nativeName&quot;:&quot;Ø§Ù„Ø¹Ø±Ø¨ÙŠØ©&quot;},{&quot;iso639_1&quot;:&quot;fr&quot;,&quot;iso639_2&quot;:&quot;fra&quot;,&quot;name&quot;:&quot;French&quot;,&quot;nativeName&quot;:&quot;franÃ§ais&quot;}],&quot;translations&quot;:{&quot;de&quot;:&quot;Libanon&quot;,&quot;es&quot;:&quot;LÃ­bano&quot;,&quot;fr&quot;:&quot;Liban&quot;,&quot;ja&quot;:&quot;ãƒ¬ãƒ�ãƒŽãƒ³&quot;,&quot;it&quot;:&quot;Libano&quot;,&quot;br&quot;:&quot;LÃ­bano&quot;,&quot;pt&quot;:&quot;LÃ­bano&quot;,&quot;nl&quot;:&quot;Libanon&quot;,&quot;hr&quot;:&quot;Libanon&quot;,&quot;fa&quot;:&quot;Ù„Ø¨Ù†Ø§Ù†&quot;},&quot;flag&quot;:&quot;https://restcountries.eu/data/lbn.svg&quot;,&quot;regionalBlocs&quot;:[{&quot;acronym&quot;:&quot;AL&quot;,&quot;name&quot;:&quot;Arab League&quot;,&quot;otherAcronyms&quot;:[],&quot;otherNames&quot;:[&quot;Ø¬Ø§Ù…Ø¹Ø© Ø§Ù„Ø¯ÙˆÙ„ Ø§Ù„Ø¹Ø±Ø¨ÙŠØ©&quot;,&quot;JÄ�miÊ»at ad-Duwal al-Ê»ArabÄ«yah&quot;,&quot;League of Arab States&quot;]}],&quot;cioc&quot;:&quot;LIB&quot;},{&quot;name&quot;:&quot;Lesotho&quot;,&quot;topLevelDomain&quot;:[&quot;.ls&quot;],&quot;alpha2Code&quot;:&quot;LS&quot;,&quot;alpha3Code&quot;:&quot;LSO&quot;,&quot;callingCodes&quot;:[&quot;266&quot;],&quot;capital&quot;:&quot;Maseru&quot;,&quot;altSpellings&quot;:[&quot;LS&quot;,&quot;Kingdom of Lesotho&quot;,&quot;Muso oa Lesotho&quot;],&quot;region&quot;:&quot;Africa&quot;,&quot;subregion&quot;:&quot;Southern Africa&quot;,&quot;population&quot;:1894194,&quot;latlng&quot;:[-29.5,28.5],&quot;demonym&quot;:&quot;Mosotho&quot;,&quot;area&quot;:30355.0,&quot;gini&quot;:52.5,&quot;timezones&quot;:[&quot;UTC+02:00&quot;],&quot;borders&quot;:[&quot;ZAF&quot;],&quot;nativeName&quot;:&quot;Lesotho&quot;,&quot;numericCode&quot;:&quot;426&quot;,&quot;currencies&quot;:[{&quot;code&quot;:&quot;LSL&quot;,&quot;name&quot;:&quot;Lesotho loti&quot;,&quot;symbol&quot;:&quot;L&quot;},{&quot;code&quot;:&quot;ZAR&quot;,&quot;name&quot;:&quot;South African rand&quot;,&quot;symbol&quot;:&quot;R&quot;}],&quot;languages&quot;:[{&quot;iso639_1&quot;:&quot;en&quot;,&quot;iso639_2&quot;:&quot;eng&quot;,&quot;name&quot;:&quot;English&quot;,&quot;nativeName&quot;:&quot;English&quot;},{&quot;iso639_1&quot;:&quot;st&quot;,&quot;iso639_2&quot;:&quot;sot&quot;,&quot;name&quot;:&quot;Southern Sotho&quot;,&quot;nativeName&quot;:&quot;Sesotho&quot;}],&quot;translations&quot;:{&quot;de&quot;:&quot;Lesotho&quot;,&quot;es&quot;:&quot;Lesotho&quot;,&quot;fr&quot;:&quot;Lesotho&quot;,&quot;ja&quot;:&quot;ãƒ¬ã‚½ãƒˆ&quot;,&quot;it&quot;:&quot;Lesotho&quot;,&quot;br&quot;:&quot;Lesoto&quot;,&quot;pt&quot;:&quot;Lesoto&quot;,&quot;nl&quot;:&quot;Lesotho&quot;,&quot;hr&quot;:&quot;Lesoto&quot;,&quot;fa&quot;:&quot;Ù„Ø³ÙˆØªÙˆ&quot;},&quot;flag&quot;:&quot;https://restcountries.eu/data/lso.svg&quot;,&quot;regionalBlocs&quot;:[{&quot;acronym&quot;:&quot;AU&quot;,&quot;name&quot;:&quot;African Union&quot;,&quot;otherAcronyms&quot;:[],&quot;otherNames&quot;:[&quot;Ø§Ù„Ø§ØªØ­Ø§Ø¯ Ø§Ù„Ø£Ù�Ø±ÙŠÙ‚ÙŠ&quot;,&quot;Union africaine&quot;,&quot;UniÃ£o Africana&quot;,&quot;UniÃ³n Africana&quot;,&quot;Umoja wa Afrika&quot;]}],&quot;cioc&quot;:&quot;LES&quot;},{&quot;name&quot;:&quot;Liberia&quot;,&quot;topLevelDomain&quot;:[&quot;.lr&quot;],&quot;alpha2Code&quot;:&quot;LR&quot;,&quot;alpha3Code&quot;:&quot;LBR&quot;,&quot;callingCodes&quot;:[&quot;231&quot;],&quot;capital&quot;:&quot;Monrovia&quot;,&quot;altSpellings&quot;:[&quot;LR&quot;,&quot;Republic of Liberia&quot;],&quot;region&quot;:&quot;Africa&quot;,&quot;subregion&quot;:&quot;Western Africa&quot;,&quot;population&quot;:4615000,&quot;latlng&quot;:[6.5,-9.5],&quot;demonym&quot;:&quot;Liberian&quot;,&quot;area&quot;:111369.0,&quot;gini&quot;:38.2,&quot;timezones&quot;:[&quot;UTC&quot;],&quot;borders&quot;:[&quot;GIN&quot;,&quot;CIV&quot;,&quot;SLE&quot;],&quot;nativeName&quot;:&quot;Liberia&quot;,&quot;numericCode&quot;:&quot;430&quot;,&quot;currencies&quot;:[{&quot;code&quot;:&quot;LRD&quot;,&quot;name&quot;:&quot;Liberian dollar&quot;,&quot;symbol&quot;:&quot;$&quot;}],&quot;languages&quot;:[{&quot;iso639_1&quot;:&quot;en&quot;,&quot;iso639_2&quot;:&quot;eng&quot;,&quot;name&quot;:&quot;English&quot;,&quot;nativeName&quot;:&quot;English&quot;}],&quot;translations&quot;:{&quot;de&quot;:&quot;Liberia&quot;,&quot;es&quot;:&quot;Liberia&quot;,&quot;fr&quot;:&quot;Liberia&quot;,&quot;ja&quot;:&quot;ãƒªãƒ™ãƒªã‚¢&quot;,&quot;it&quot;:&quot;Liberia&quot;,&quot;br&quot;:&quot;LibÃ©ria&quot;,&quot;pt&quot;:&quot;LibÃ©ria&quot;,&quot;nl&quot;:&quot;Liberia&quot;,&quot;hr&quot;:&quot;Liberija&quot;,&quot;fa&quot;:&quot;Ù„ÛŒØ¨Ø±ÛŒØ§&quot;},&quot;flag&quot;:&quot;https://restcountries.eu/data/lbr.svg&quot;,&quot;regionalBlocs&quot;:[{&quot;acronym&quot;:&quot;AU&quot;,&quot;name&quot;:&quot;African Union&quot;,&quot;otherAcronyms&quot;:[],&quot;otherNames&quot;:[&quot;Ø§Ù„Ø§ØªØ­Ø§Ø¯ Ø§Ù„Ø£Ù�Ø±ÙŠÙ‚ÙŠ&quot;,&quot;Union africaine&quot;,&quot;UniÃ£o Africana&quot;,&quot;UniÃ³n Africana&quot;,&quot;Umoja wa Afrika&quot;]}],&quot;cioc&quot;:&quot;LBR&quot;},{&quot;name&quot;:&quot;Libya&quot;,&quot;topLevelDomain&quot;:[&quot;.ly&quot;],&quot;alpha2Code&quot;:&quot;LY&quot;,&quot;alpha3Code&quot;:&quot;LBY&quot;,&quot;callingCodes&quot;:[&quot;218&quot;],&quot;capital&quot;:&quot;Tripoli&quot;,&quot;altSpellings&quot;:[&quot;LY&quot;,&quot;State of Libya&quot;,&quot;Dawlat Libya&quot;],&quot;region&quot;:&quot;Africa&quot;,&quot;subregion&quot;:&quot;Northern Africa&quot;,&quot;population&quot;:6385000,&quot;latlng&quot;:[25.0,17.0],&quot;demonym&quot;:&quot;Libyan&quot;,&quot;area&quot;:1759540.0,&quot;gini&quot;:null,&quot;timezones&quot;:[&quot;UTC+01:00&quot;],&quot;borders&quot;:[&quot;DZA&quot;,&quot;TCD&quot;,&quot;EGY&quot;,&quot;NER&quot;,&quot;SDN&quot;,&quot;TUN&quot;],&quot;nativeName&quot;:&quot;â€�Ù„ÙŠØ¨ÙŠØ§&quot;,&quot;numericCode&quot;:&quot;434&quot;,&quot;currencies&quot;:[{&quot;code&quot;:&quot;LYD&quot;,&quot;name&quot;:&quot;Libyan dinar&quot;,&quot;symbol&quot;:&quot;Ù„.Ø¯&quot;}],&quot;languages&quot;:[{&quot;iso639_1&quot;:&quot;ar&quot;,&quot;iso639_2&quot;:&quot;ara&quot;,&quot;name&quot;:&quot;Arabic&quot;,&quot;nativeName&quot;:&quot;Ø§Ù„Ø¹Ø±Ø¨ÙŠØ©&quot;}],&quot;translations&quot;:{&quot;de&quot;:&quot;Libyen&quot;,&quot;es&quot;:&quot;Libia&quot;,&quot;fr&quot;:&quot;Libye&quot;,&quot;ja&quot;:&quot;ãƒªãƒ“ã‚¢&quot;,&quot;it&quot;:&quot;Libia&quot;,&quot;br&quot;:&quot;LÃ­bia&quot;,&quot;pt&quot;:&quot;LÃ­bia&quot;,&quot;nl&quot;:&quot;LibiÃ«&quot;,&quot;hr&quot;:&quot;Libija&quot;,&quot;fa&quot;:&quot;Ù„ÛŒØ¨ÛŒ&quot;},&quot;flag&quot;:&quot;https://restcountries.eu/data/lby.svg&quot;,&quot;regionalBlocs&quot;:[{&quot;acronym&quot;:&quot;AU&quot;,&quot;name&quot;:&quot;African Union&quot;,&quot;otherAcronyms&quot;:[],&quot;otherNames&quot;:[&quot;Ø§Ù„Ø§ØªØ­Ø§Ø¯ Ø§Ù„Ø£Ù�Ø±ÙŠÙ‚ÙŠ&quot;,&quot;Union africaine&quot;,&quot;UniÃ£o Africana&quot;,&quot;UniÃ³n Africana&quot;,&quot;Umoja wa Afrika&quot;]},{&quot;acronym&quot;:&quot;AL&quot;,&quot;name&quot;:&quot;Arab League&quot;,&quot;otherAcronyms&quot;:[],&quot;otherNames&quot;:[&quot;Ø¬Ø§Ù…Ø¹Ø© Ø§Ù„Ø¯ÙˆÙ„ Ø§Ù„Ø¹Ø±Ø¨ÙŠØ©&quot;,&quot;JÄ�miÊ»at ad-Duwal al-Ê»ArabÄ«yah&quot;,&quot;League of Arab States&quot;]}],&quot;cioc&quot;:&quot;LBA&quot;},{&quot;name&quot;:&quot;Liechtenstein&quot;,&quot;topLevelDomain&quot;:[&quot;.li&quot;],&quot;alpha2Code&quot;:&quot;LI&quot;,&quot;alpha3Code&quot;:&quot;LIE&quot;,&quot;callingCodes&quot;:[&quot;423&quot;],&quot;capital&quot;:&quot;Vaduz&quot;,&quot;altSpellings&quot;:[&quot;LI&quot;,&quot;Principality of Liechtenstein&quot;,&quot;FÃ¼rstentum Liechtenstein&quot;],&quot;region&quot;:&quot;Europe&quot;,&quot;subregion&quot;:&quot;Western Europe&quot;,&quot;population&quot;:37623,&quot;latlng&quot;:[47.26666666,9.53333333],&quot;demonym&quot;:&quot;Liechtensteiner&quot;,&quot;area&quot;:160.0,&quot;gini&quot;:null,&quot;timezones&quot;:[&quot;UTC+01:00&quot;],&quot;borders&quot;:[&quot;AUT&quot;,&quot;CHE&quot;],&quot;nativeName&quot;:&quot;Liechtenstein&quot;,&quot;numericCode&quot;:&quot;438&quot;,&quot;currencies&quot;:[{&quot;code&quot;:&quot;CHF&quot;,&quot;name&quot;:&quot;Swiss franc&quot;,&quot;symbol&quot;:&quot;Fr&quot;}],&quot;languages&quot;:[{&quot;iso639_1&quot;:&quot;de&quot;,&quot;iso639_2&quot;:&quot;deu&quot;,&quot;name&quot;:&quot;German&quot;,&quot;nativeName&quot;:&quot;Deutsch&quot;}],&quot;translations&quot;:{&quot;de&quot;:&quot;Liechtenstein&quot;,&quot;es&quot;:&quot;Liechtenstein&quot;,&quot;fr&quot;:&quot;Liechtenstein&quot;,&quot;ja&quot;:&quot;ãƒªãƒ’ãƒ†ãƒ³ã‚·ãƒ¥ã‚¿ã‚¤ãƒ³&quot;,&quot;it&quot;:&quot;Liechtenstein&quot;,&quot;br&quot;:&quot;Liechtenstein&quot;,&quot;pt&quot;:&quot;Listenstaine&quot;,&quot;nl&quot;:&quot;Liechtenstein&quot;,&quot;hr&quot;:&quot;LihtenÅ¡tajn&quot;,&quot;fa&quot;:&quot;Ù„ÛŒØ®ØªÙ†â€ŒØ§Ø´ØªØ§ÛŒÙ†&quot;},&quot;flag&quot;:&quot;https://restcountries.eu/data/lie.svg&quot;,&quot;regionalBlocs&quot;:[{&quot;acronym&quot;:&quot;EFTA&quot;,&quot;name&quot;:&quot;European Free Trade Association&quot;,&quot;otherAcronyms&quot;:[],&quot;otherNames&quot;:[]}],&quot;cioc&quot;:&quot;LIE&quot;},{&quot;name&quot;:&quot;Lithuania&quot;,&quot;topLevelDomain&quot;:[&quot;.lt&quot;],&quot;alpha2Code&quot;:&quot;LT&quot;,&quot;alpha3Code&quot;:&quot;LTU&quot;,&quot;callingCodes&quot;:[&quot;370&quot;],&quot;capital&quot;:&quot;Vilnius&quot;,&quot;altSpellings&quot;:[&quot;LT&quot;,&quot;Republic of Lithuania&quot;,&quot;Lietuvos Respublika&quot;],&quot;region&quot;:&quot;Europe&quot;,&quot;subregion&quot;:&quot;Northern Europe&quot;,&quot;population&quot;:2872294,&quot;latlng&quot;:[56.0,24.0],&quot;demonym&quot;:&quot;Lithuanian&quot;,&quot;area&quot;:65300.0,&quot;gini&quot;:37.6,&quot;timezones&quot;:[&quot;UTC+02:00&quot;],&quot;borders&quot;:[&quot;BLR&quot;,&quot;LVA&quot;,&quot;POL&quot;,&quot;RUS&quot;],&quot;nativeName&quot;:&quot;Lietuva&quot;,&quot;numericCode&quot;:&quot;440&quot;,&quot;currencies&quot;:[{&quot;code&quot;:&quot;EUR&quot;,&quot;name&quot;:&quot;Euro&quot;,&quot;symbol&quot;:&quot;â‚¬&quot;}],&quot;languages&quot;:[{&quot;iso639_1&quot;:&quot;lt&quot;,&quot;iso639_2&quot;:&quot;lit&quot;,&quot;name&quot;:&quot;Lithuanian&quot;,&quot;nativeName&quot;:&quot;lietuviÅ³ kalba&quot;}],&quot;translations&quot;:{&quot;de&quot;:&quot;Litauen&quot;,&quot;es&quot;:&quot;Lituania&quot;,&quot;fr&quot;:&quot;Lituanie&quot;,&quot;ja&quot;:&quot;ãƒªãƒˆã‚¢ãƒ‹ã‚¢&quot;,&quot;it&quot;:&quot;Lituania&quot;,&quot;br&quot;:&quot;LituÃ¢nia&quot;,&quot;pt&quot;:&quot;LituÃ¢nia&quot;,&quot;nl&quot;:&quot;Litouwen&quot;,&quot;hr&quot;:&quot;Litva&quot;,&quot;fa&quot;:&quot;Ù„ÛŒØªÙˆØ§Ù†ÛŒ&quot;},&quot;flag&quot;:&quot;https://restcountries.eu/data/ltu.svg&quot;,&quot;regionalBlocs&quot;:[{&quot;acronym&quot;:&quot;EU&quot;,&quot;name&quot;:&quot;European Union&quot;,&quot;otherAcronyms&quot;:[],&quot;otherNames&quot;:[]}],&quot;cioc&quot;:&quot;LTU&quot;},{&quot;name&quot;:&quot;Luxembourg&quot;,&quot;topLevelDomain&quot;:[&quot;.lu&quot;],&quot;alpha2Code&quot;:&quot;LU&quot;,&quot;alpha3Code&quot;:&quot;LUX&quot;,&quot;callingCodes&quot;:[&quot;352&quot;],&quot;capital&quot;:&quot;Luxembourg&quot;,&quot;altSpellings&quot;:[&quot;LU&quot;,&quot;Grand Duchy of Luxembourg&quot;,&quot;Grand-DuchÃ© de Luxembourg&quot;,&quot;GroÃŸherzogtum Luxemburg&quot;,&quot;Groussherzogtum LÃ«tzebuerg&quot;],&quot;region&quot;:&quot;Europe&quot;,&quot;subregion&quot;:&quot;Western Europe&quot;,&quot;population&quot;:576200,&quot;latlng&quot;:[49.75,6.16666666],&quot;demonym&quot;:&quot;Luxembourger&quot;,&quot;area&quot;:2586.0,&quot;gini&quot;:30.8,&quot;timezones&quot;:[&quot;UTC+01:00&quot;],&quot;borders&quot;:[&quot;BEL&quot;,&quot;FRA&quot;,&quot;DEU&quot;],&quot;nativeName&quot;:&quot;Luxembourg&quot;,&quot;numericCode&quot;:&quot;442&quot;,&quot;currencies&quot;:[{&quot;code&quot;:&quot;EUR&quot;,&quot;name&quot;:&quot;Euro&quot;,&quot;symbol&quot;:&quot;â‚¬&quot;}],&quot;languages&quot;:[{&quot;iso639_1&quot;:&quot;fr&quot;,&quot;iso639_2&quot;:&quot;fra&quot;,&quot;name&quot;:&quot;French&quot;,&quot;nativeName&quot;:&quot;franÃ§ais&quot;},{&quot;iso639_1&quot;:&quot;de&quot;,&quot;iso639_2&quot;:&quot;deu&quot;,&quot;name&quot;:&quot;German&quot;,&quot;nativeName&quot;:&quot;Deutsch&quot;},{&quot;iso639_1&quot;:&quot;lb&quot;,&quot;iso639_2&quot;:&quot;ltz&quot;,&quot;name&quot;:&quot;Luxembourgish&quot;,&quot;nativeName&quot;:&quot;LÃ«tzebuergesch&quot;}],&quot;translations&quot;:{&quot;de&quot;:&quot;Luxemburg&quot;,&quot;es&quot;:&quot;Luxemburgo&quot;,&quot;fr&quot;:&quot;Luxembourg&quot;,&quot;ja&quot;:&quot;ãƒ«ã‚¯ã‚»ãƒ³ãƒ–ãƒ«ã‚¯&quot;,&quot;it&quot;:&quot;Lussemburgo&quot;,&quot;br&quot;:&quot;Luxemburgo&quot;,&quot;pt&quot;:&quot;Luxemburgo&quot;,&quot;nl&quot;:&quot;Luxemburg&quot;,&quot;hr&quot;:&quot;Luksemburg&quot;,&quot;fa&quot;:&quot;Ù„ÙˆÚ©Ø²Ø§Ù…Ø¨ÙˆØ±Ú¯&quot;},&quot;flag&quot;:&quot;https://restcountries.eu/data/lux.svg&quot;,&quot;regionalBlocs&quot;:[{&quot;acronym&quot;:&quot;EU&quot;,&quot;name&quot;:&quot;European Union&quot;,&quot;otherAcronyms&quot;:[],&quot;otherNames&quot;:[]}],&quot;cioc&quot;:&quot;LUX&quot;},{&quot;name&quot;:&quot;Macao&quot;,&quot;topLevelDomain&quot;:[&quot;.mo&quot;],&quot;alpha2Code&quot;:&quot;MO&quot;,&quot;alpha3Code&quot;:&quot;MAC&quot;,&quot;callingCodes&quot;:[&quot;853&quot;],&quot;capital&quot;:&quot;&quot;,&quot;altSpellings&quot;:[&quot;MO&quot;,&quot;æ¾³é—¨&quot;,&quot;Macao Special Administrative Region of the People&apos;s Republic of China&quot;,&quot;ä¸­è�¯äººæ°‘å…±å’Œåœ‹æ¾³é–€ç‰¹åˆ¥è¡Œæ”¿å�€&quot;,&quot;RegiÃ£o Administrativa Especial de Macau da RepÃºblica Popular da China&quot;],&quot;region&quot;:&quot;Asia&quot;,&quot;subregion&quot;:&quot;Eastern Asia&quot;,&quot;population&quot;:649100,&quot;latlng&quot;:[22.16666666,113.55],&quot;demonym&quot;:&quot;Chinese&quot;,&quot;area&quot;:30.0,&quot;gini&quot;:null,&quot;timezones&quot;:[&quot;UTC+08:00&quot;],&quot;borders&quot;:[&quot;CHN&quot;],&quot;nativeName&quot;:&quot;æ¾³é–€&quot;,&quot;numericCode&quot;:&quot;446&quot;,&quot;currencies&quot;:[{&quot;code&quot;:&quot;MOP&quot;,&quot;name&quot;:&quot;Macanese pataca&quot;,&quot;symbol&quot;:&quot;P&quot;}],&quot;languages&quot;:[{&quot;iso639_1&quot;:&quot;zh&quot;,&quot;iso639_2&quot;:&quot;zho&quot;,&quot;name&quot;:&quot;Chinese&quot;,&quot;nativeName&quot;:&quot;ä¸­æ–‡ (ZhÅ�ngwÃ©n)&quot;},{&quot;iso639_1&quot;:&quot;pt&quot;,&quot;iso639_2&quot;:&quot;por&quot;,&quot;name&quot;:&quot;Portuguese&quot;,&quot;nativeName&quot;:&quot;PortuguÃªs&quot;}],&quot;translations&quot;:{&quot;de&quot;:&quot;Macao&quot;,&quot;es&quot;:&quot;Macao&quot;,&quot;fr&quot;:&quot;Macao&quot;,&quot;ja&quot;:&quot;ãƒžã‚«ã‚ª&quot;,&quot;it&quot;:&quot;Macao&quot;,&quot;br&quot;:&quot;Macau&quot;,&quot;pt&quot;:&quot;Macau&quot;,&quot;nl&quot;:&quot;Macao&quot;,&quot;hr&quot;:&quot;Makao&quot;,&quot;fa&quot;:&quot;Ù…Ú©Ø§Ø¦Ùˆ&quot;},&quot;flag&quot;:&quot;https://restcountries.eu/data/mac.svg&quot;,&quot;regionalBlocs&quot;:[],&quot;cioc&quot;:&quot;&quot;},{&quot;name&quot;:&quot;Macedonia (the former Yugoslav Republic of)&quot;,&quot;topLevelDomain&quot;:[&quot;.mk&quot;],&quot;alpha2Code&quot;:&quot;MK&quot;,&quot;alpha3Code&quot;:&quot;MKD&quot;,&quot;callingCodes&quot;:[&quot;389&quot;],&quot;capital&quot;:&quot;Skopje&quot;,&quot;altSpellings&quot;:[&quot;MK&quot;,&quot;Republic of Macedonia&quot;,&quot;Ð ÐµÐ¿ÑƒÐ±Ð»Ð¸ÐºÐ° ÐœÐ°ÐºÐµÐ´Ð¾Ð½Ð¸Ñ˜Ð°&quot;],&quot;region&quot;:&quot;Europe&quot;,&quot;subregion&quot;:&quot;Southern Europe&quot;,&quot;population&quot;:2058539,&quot;latlng&quot;:[41.83333333,22.0],&quot;demonym&quot;:&quot;Macedonian&quot;,&quot;area&quot;:25713.0,&quot;gini&quot;:43.2,&quot;timezones&quot;:[&quot;UTC+01:00&quot;],&quot;borders&quot;:[&quot;ALB&quot;,&quot;BGR&quot;,&quot;GRC&quot;,&quot;KOS&quot;,&quot;SRB&quot;],&quot;nativeName&quot;:&quot;ÐœÐ°ÐºÐµÐ´Ð¾Ð½Ð¸Ñ˜Ð°&quot;,&quot;numericCode&quot;:&quot;807&quot;,&quot;currencies&quot;:[{&quot;code&quot;:&quot;MKD&quot;,&quot;name&quot;:&quot;Macedonian denar&quot;,&quot;symbol&quot;:&quot;Ð´ÐµÐ½&quot;}],&quot;languages&quot;:[{&quot;iso639_1&quot;:&quot;mk&quot;,&quot;iso639_2&quot;:&quot;mkd&quot;,&quot;name&quot;:&quot;Macedonian&quot;,&quot;nativeName&quot;:&quot;Ð¼Ð°ÐºÐµÐ´Ð¾Ð½Ñ�ÐºÐ¸ Ñ˜Ð°Ð·Ð¸Ðº&quot;}],&quot;translations&quot;:{&quot;de&quot;:&quot;Mazedonien&quot;,&quot;es&quot;:&quot;Macedonia&quot;,&quot;fr&quot;:&quot;MacÃ©doine&quot;,&quot;ja&quot;:&quot;ãƒžã‚±ãƒ‰ãƒ‹ã‚¢æ—§ãƒ¦ãƒ¼ã‚´ã‚¹ãƒ©ãƒ“ã‚¢å…±å’Œå›½&quot;,&quot;it&quot;:&quot;Macedonia&quot;,&quot;br&quot;:&quot;MacedÃ´nia&quot;,&quot;pt&quot;:&quot;MacedÃ³nia&quot;,&quot;nl&quot;:&quot;MacedoniÃ«&quot;,&quot;hr&quot;:&quot;Makedonija&quot;,&quot;fa&quot;:&quot;&quot;},&quot;flag&quot;:&quot;https://restcountries.eu/data/mkd.svg&quot;,&quot;regionalBlocs&quot;:[{&quot;acronym&quot;:&quot;CEFTA&quot;,&quot;name&quot;:&quot;Central European Free Trade Agreement&quot;,&quot;otherAcronyms&quot;:[],&quot;otherNames&quot;:[]}],&quot;cioc&quot;:&quot;MKD&quot;},{&quot;name&quot;:&quot;Madagascar&quot;,&quot;topLevelDomain&quot;:[&quot;.mg&quot;],&quot;alpha2Code&quot;:&quot;MG&quot;,&quot;alpha3Code&quot;:&quot;MDG&quot;,&quot;callingCodes&quot;:[&quot;261&quot;],&quot;capital&quot;:&quot;Antananarivo&quot;,&quot;altSpellings&quot;:[&quot;MG&quot;,&quot;Republic of Madagascar&quot;,&quot;Repoblikan&apos;i Madagasikara&quot;,&quot;RÃ©publique de Madagascar&quot;],&quot;region&quot;:&quot;Africa&quot;,&quot;subregion&quot;:&quot;Eastern Africa&quot;,&quot;population&quot;:22434363,&quot;latlng&quot;:[-20.0,47.0],&quot;demonym&quot;:&quot;Malagasy&quot;,&quot;area&quot;:587041.0,&quot;gini&quot;:44.1,&quot;timezones&quot;:[&quot;UTC+03:00&quot;],&quot;borders&quot;:[],&quot;nativeName&quot;:&quot;Madagasikara&quot;,&quot;numericCode&quot;:&quot;450&quot;,&quot;currencies&quot;:[{&quot;code&quot;:&quot;MGA&quot;,&quot;name&quot;:&quot;Malagasy ariary&quot;,&quot;symbol&quot;:&quot;Ar&quot;}],&quot;languages&quot;:[{&quot;iso639_1&quot;:&quot;fr&quot;,&quot;iso639_2&quot;:&quot;fra&quot;,&quot;name&quot;:&quot;French&quot;,&quot;nativeName&quot;:&quot;franÃ§ais&quot;},{&quot;iso639_1&quot;:&quot;mg&quot;,&quot;iso639_2&quot;:&quot;mlg&quot;,&quot;name&quot;:&quot;Malagasy&quot;,&quot;nativeName&quot;:&quot;fiteny malagasy&quot;}],&quot;translations&quot;:{&quot;de&quot;:&quot;Madagaskar&quot;,&quot;es&quot;:&quot;Madagascar&quot;,&quot;fr&quot;:&quot;Madagascar&quot;,&quot;ja&quot;:&quot;ãƒžãƒ€ã‚¬ã‚¹ã‚«ãƒ«&quot;,&quot;it&quot;:&quot;Madagascar&quot;,&quot;br&quot;:&quot;Madagascar&quot;,&quot;pt&quot;:&quot;MadagÃ¡scar&quot;,&quot;nl&quot;:&quot;Madagaskar&quot;,&quot;hr&quot;:&quot;Madagaskar&quot;,&quot;fa&quot;:&quot;Ù…Ø§Ø¯Ø§Ú¯Ø§Ø³Ú©Ø§Ø±&quot;},&quot;flag&quot;:&quot;https://restcountries.eu/data/mdg.svg&quot;,&quot;regionalBlocs&quot;:[{&quot;acronym&quot;:&quot;AU&quot;,&quot;name&quot;:&quot;African Union&quot;,&quot;otherAcronyms&quot;:[],&quot;otherNames&quot;:[&quot;Ø§Ù„Ø§ØªØ­Ø§Ø¯ Ø§Ù„Ø£Ù�Ø±ÙŠÙ‚ÙŠ&quot;,&quot;Union africaine&quot;,&quot;UniÃ£o Africana&quot;,&quot;UniÃ³n Africana&quot;,&quot;Umoja wa Afrika&quot;]}],&quot;cioc&quot;:&quot;MAD&quot;},{&quot;name&quot;:&quot;Malawi&quot;,&quot;topLevelDomain&quot;:[&quot;.mw&quot;],&quot;alpha2Code&quot;:&quot;MW&quot;,&quot;alpha3Code&quot;:&quot;MWI&quot;,&quot;callingCodes&quot;:[&quot;265&quot;],&quot;capital&quot;:&quot;Lilongwe&quot;,&quot;altSpellings&quot;:[&quot;MW&quot;,&quot;Republic of Malawi&quot;],&quot;region&quot;:&quot;Africa&quot;,&quot;subregion&quot;:&quot;Eastern Africa&quot;,&quot;population&quot;:16832910,&quot;latlng&quot;:[-13.5,34.0],&quot;demonym&quot;:&quot;Malawian&quot;,&quot;area&quot;:118484.0,&quot;gini&quot;:39.0,&quot;timezones&quot;:[&quot;UTC+02:00&quot;],&quot;borders&quot;:[&quot;MOZ&quot;,&quot;TZA&quot;,&quot;ZMB&quot;],&quot;nativeName&quot;:&quot;Malawi&quot;,&quot;numericCode&quot;:&quot;454&quot;,&quot;currencies&quot;:[{&quot;code&quot;:&quot;MWK&quot;,&quot;name&quot;:&quot;Malawian kwacha&quot;,&quot;symbol&quot;:&quot;MK&quot;}],&quot;languages&quot;:[{&quot;iso639_1&quot;:&quot;en&quot;,&quot;iso639_2&quot;:&quot;eng&quot;,&quot;name&quot;:&quot;English&quot;,&quot;nativeName&quot;:&quot;English&quot;},{&quot;iso639_1&quot;:&quot;ny&quot;,&quot;iso639_2&quot;:&quot;nya&quot;,&quot;name&quot;:&quot;Chichewa&quot;,&quot;nativeName&quot;:&quot;chiCheÅµa&quot;}],&quot;translations&quot;:{&quot;de&quot;:&quot;Malawi&quot;,&quot;es&quot;:&quot;Malawi&quot;,&quot;fr&quot;:&quot;Malawi&quot;,&quot;ja&quot;:&quot;ãƒžãƒ©ã‚¦ã‚¤&quot;,&quot;it&quot;:&quot;Malawi&quot;,&quot;br&quot;:&quot;Malawi&quot;,&quot;pt&quot;:&quot;MalÃ¡vi&quot;,&quot;nl&quot;:&quot;Malawi&quot;,&quot;hr&quot;:&quot;Malavi&quot;,&quot;fa&quot;:&quot;Ù…Ø§Ù„Ø§ÙˆÛŒ&quot;},&quot;flag&quot;:&quot;https://restcountries.eu/data/mwi.svg&quot;,&quot;regionalBlocs&quot;:[{&quot;acronym&quot;:&quot;AU&quot;,&quot;name&quot;:&quot;African Union&quot;,&quot;otherAcronyms&quot;:[],&quot;otherNames&quot;:[&quot;Ø§Ù„Ø§ØªØ­Ø§Ø¯ Ø§Ù„Ø£Ù�Ø±ÙŠÙ‚ÙŠ&quot;,&quot;Union africaine&quot;,&quot;UniÃ£o Africana&quot;,&quot;UniÃ³n Africana&quot;,&quot;Umoja wa Afrika&quot;]}],&quot;cioc&quot;:&quot;MAW&quot;},{&quot;name&quot;:&quot;Malaysia&quot;,&quot;topLevelDomain&quot;:[&quot;.my&quot;],&quot;alpha2Code&quot;:&quot;MY&quot;,&quot;alpha3Code&quot;:&quot;MYS&quot;,&quot;callingCodes&quot;:[&quot;60&quot;],&quot;capital&quot;:&quot;Kuala Lumpur&quot;,&quot;altSpellings&quot;:[&quot;MY&quot;],&quot;region&quot;:&quot;Asia&quot;,&quot;subregion&quot;:&quot;South-Eastern Asia&quot;,&quot;population&quot;:31405416,&quot;latlng&quot;:[2.5,112.5],&quot;demonym&quot;:&quot;Malaysian&quot;,&quot;area&quot;:330803.0,&quot;gini&quot;:46.2,&quot;timezones&quot;:[&quot;UTC+08:00&quot;],&quot;borders&quot;:[&quot;BRN&quot;,&quot;IDN&quot;,&quot;THA&quot;],&quot;nativeName&quot;:&quot;Malaysia&quot;,&quot;numericCode&quot;:&quot;458&quot;,&quot;currencies&quot;:[{&quot;code&quot;:&quot;MYR&quot;,&quot;name&quot;:&quot;Malaysian ringgit&quot;,&quot;symbol&quot;:&quot;RM&quot;}],&quot;languages&quot;:[{&quot;iso639_1&quot;:null,&quot;iso639_2&quot;:&quot;zsm&quot;,&quot;name&quot;:&quot;Malaysian&quot;,&quot;nativeName&quot;:&quot;Ø¨Ù‡Ø§Ø³ Ù…Ù„ÙŠØ³ÙŠØ§&quot;}],&quot;translations&quot;:{&quot;de&quot;:&quot;Malaysia&quot;,&quot;es&quot;:&quot;Malasia&quot;,&quot;fr&quot;:&quot;Malaisie&quot;,&quot;ja&quot;:&quot;ãƒžãƒ¬ãƒ¼ã‚·ã‚¢&quot;,&quot;it&quot;:&quot;Malesia&quot;,&quot;br&quot;:&quot;MalÃ¡sia&quot;,&quot;pt&quot;:&quot;MalÃ¡sia&quot;,&quot;nl&quot;:&quot;MaleisiÃ«&quot;,&quot;hr&quot;:&quot;Malezija&quot;,&quot;fa&quot;:&quot;Ù…Ø§Ù„Ø²ÛŒ&quot;},&quot;flag&quot;:&quot;https://restcountries.eu/data/mys.svg&quot;,&quot;regionalBlocs&quot;:[{&quot;acronym&quot;:&quot;ASEAN&quot;,&quot;name&quot;:&quot;Association of Southeast Asian Nations&quot;,&quot;otherAcronyms&quot;:[],&quot;otherNames&quot;:[]}],&quot;cioc&quot;:&quot;MAS&quot;},{&quot;name&quot;:&quot;Maldives&quot;,&quot;topLevelDomain&quot;:[&quot;.mv&quot;],&quot;alpha2Code&quot;:&quot;MV&quot;,&quot;alpha3Code&quot;:&quot;MDV&quot;,&quot;callingCodes&quot;:[&quot;960&quot;],&quot;capital&quot;:&quot;MalÃ©&quot;,&quot;altSpellings&quot;:[&quot;MV&quot;,&quot;Maldive Islands&quot;,&quot;Republic of the Maldives&quot;,&quot;Dhivehi Raajjeyge Jumhooriyya&quot;],&quot;region&quot;:&quot;Asia&quot;,&quot;subregion&quot;:&quot;Southern Asia&quot;,&quot;population&quot;:344023,&quot;latlng&quot;:[3.25,73.0],&quot;demonym&quot;:&quot;Maldivan&quot;,&quot;area&quot;:300.0,&quot;gini&quot;:37.4,&quot;timezones&quot;:[&quot;UTC+05:00&quot;],&quot;borders&quot;:[],&quot;nativeName&quot;:&quot;Maldives&quot;,&quot;numericCode&quot;:&quot;462&quot;,&quot;currencies&quot;:[{&quot;code&quot;:&quot;MVR&quot;,&quot;name&quot;:&quot;Maldivian rufiyaa&quot;,&quot;symbol&quot;:&quot;.Þƒ&quot;}],&quot;languages&quot;:[{&quot;iso639_1&quot;:&quot;dv&quot;,&quot;iso639_2&quot;:&quot;div&quot;,&quot;name&quot;:&quot;Divehi&quot;,&quot;nativeName&quot;:&quot;Þ‹Þ¨ÞˆÞ¬Þ€Þ¨&quot;}],&quot;translations&quot;:{&quot;de&quot;:&quot;Malediven&quot;,&quot;es&quot;:&quot;Maldivas&quot;,&quot;fr&quot;:&quot;Maldives&quot;,&quot;ja&quot;:&quot;ãƒ¢ãƒ«ãƒ‡ã‚£ãƒ–&quot;,&quot;it&quot;:&quot;Maldive&quot;,&quot;br&quot;:&quot;Maldivas&quot;,&quot;pt&quot;:&quot;Maldivas&quot;,&quot;nl&quot;:&quot;Maldiven&quot;,&quot;hr&quot;:&quot;Maldivi&quot;,&quot;fa&quot;:&quot;Ù…Ø§Ù„Ø¯ÛŒÙˆ&quot;},&quot;flag&quot;:&quot;https://restcountries.eu/data/mdv.svg&quot;,&quot;regionalBlocs&quot;:[{&quot;acronym&quot;:&quot;SAARC&quot;,&quot;name&quot;:&quot;South Asian Association for Regional Cooperation&quot;,&quot;otherAcronyms&quot;:[],&quot;otherNames&quot;:[]}],&quot;cioc&quot;:&quot;MDV&quot;},{&quot;name&quot;:&quot;Mali&quot;,&quot;topLevelDomain&quot;:[&quot;.ml&quot;],&quot;alpha2Code&quot;:&quot;ML&quot;,&quot;alpha3Code&quot;:&quot;MLI&quot;,&quot;callingCodes&quot;:[&quot;223&quot;],&quot;capital&quot;:&quot;Bamako&quot;,&quot;altSpellings&quot;:[&quot;ML&quot;,&quot;Republic of Mali&quot;,&quot;RÃ©publique du Mali&quot;],&quot;region&quot;:&quot;Africa&quot;,&quot;subregion&quot;:&quot;Western Africa&quot;,&quot;population&quot;:18135000,&quot;latlng&quot;:[17.0,-4.0],&quot;demonym&quot;:&quot;Malian&quot;,&quot;area&quot;:1240192.0,&quot;gini&quot;:33.0,&quot;timezones&quot;:[&quot;UTC&quot;],&quot;borders&quot;:[&quot;DZA&quot;,&quot;BFA&quot;,&quot;GIN&quot;,&quot;CIV&quot;,&quot;MRT&quot;,&quot;NER&quot;,&quot;SEN&quot;],&quot;nativeName&quot;:&quot;Mali&quot;,&quot;numericCode&quot;:&quot;466&quot;,&quot;currencies&quot;:[{&quot;code&quot;:&quot;XOF&quot;,&quot;name&quot;:&quot;West African CFA franc&quot;,&quot;symbol&quot;:&quot;Fr&quot;}],&quot;languages&quot;:[{&quot;iso639_1&quot;:&quot;fr&quot;,&quot;iso639_2&quot;:&quot;fra&quot;,&quot;name&quot;:&quot;French&quot;,&quot;nativeName&quot;:&quot;franÃ§ais&quot;}],&quot;translations&quot;:{&quot;de&quot;:&quot;Mali&quot;,&quot;es&quot;:&quot;Mali&quot;,&quot;fr&quot;:&quot;Mali&quot;,&quot;ja&quot;:&quot;ãƒžãƒª&quot;,&quot;it&quot;:&quot;Mali&quot;,&quot;br&quot;:&quot;Mali&quot;,&quot;pt&quot;:&quot;Mali&quot;,&quot;nl&quot;:&quot;Mali&quot;,&quot;hr&quot;:&quot;Mali&quot;,&quot;fa&quot;:&quot;Ù…Ø§Ù„ÛŒ&quot;},&quot;flag&quot;:&quot;https://restcountries.eu/data/mli.svg&quot;,&quot;regionalBlocs&quot;:[{&quot;acronym&quot;:&quot;AU&quot;,&quot;name&quot;:&quot;African Union&quot;,&quot;otherAcronyms&quot;:[],&quot;otherNames&quot;:[&quot;Ø§Ù„Ø§ØªØ­Ø§Ø¯ Ø§Ù„Ø£Ù�Ø±ÙŠÙ‚ÙŠ&quot;,&quot;Union africaine&quot;,&quot;UniÃ£o Africana&quot;,&quot;UniÃ³n Africana&quot;,&quot;Umoja wa Afrika&quot;]}],&quot;cioc&quot;:&quot;MLI&quot;},{&quot;name&quot;:&quot;Malta&quot;,&quot;topLevelDomain&quot;:[&quot;.mt&quot;],&quot;alpha2Code&quot;:&quot;MT&quot;,&quot;alpha3Code&quot;:&quot;MLT&quot;,&quot;callingCodes&quot;:[&quot;356&quot;],&quot;capital&quot;:&quot;Valletta&quot;,&quot;altSpellings&quot;:[&quot;MT&quot;,&quot;Republic of Malta&quot;,&quot;Repubblika ta&apos; Malta&quot;],&quot;region&quot;:&quot;Europe&quot;,&quot;subregion&quot;:&quot;Southern Europe&quot;,&quot;population&quot;:425384,&quot;latlng&quot;:[35.83333333,14.58333333],&quot;demonym&quot;:&quot;Maltese&quot;,&quot;area&quot;:316.0,&quot;gini&quot;:null,&quot;timezones&quot;:[&quot;UTC+01:00&quot;],&quot;borders&quot;:[],&quot;nativeName&quot;:&quot;Malta&quot;,&quot;numericCode&quot;:&quot;470&quot;,&quot;currencies&quot;:[{&quot;code&quot;:&quot;EUR&quot;,&quot;name&quot;:&quot;Euro&quot;,&quot;symbol&quot;:&quot;â‚¬&quot;}],&quot;languages&quot;:[{&quot;iso639_1&quot;:&quot;mt&quot;,&quot;iso639_2&quot;:&quot;mlt&quot;,&quot;name&quot;:&quot;Maltese&quot;,&quot;nativeName&quot;:&quot;Malti&quot;},{&quot;iso639_1&quot;:&quot;en&quot;,&quot;iso639_2&quot;:&quot;eng&quot;,&quot;name&quot;:&quot;English&quot;,&quot;nativeName&quot;:&quot;English&quot;}],&quot;translations&quot;:{&quot;de&quot;:&quot;Malta&quot;,&quot;es&quot;:&quot;Malta&quot;,&quot;fr&quot;:&quot;Malte&quot;,&quot;ja&quot;:&quot;ãƒžãƒ«ã‚¿&quot;,&quot;it&quot;:&quot;Malta&quot;,&quot;br&quot;:&quot;Malta&quot;,&quot;pt&quot;:&quot;Malta&quot;,&quot;nl&quot;:&quot;Malta&quot;,&quot;hr&quot;:&quot;Malta&quot;,&quot;fa&quot;:&quot;Ù…Ø§Ù„Øª&quot;},&quot;flag&quot;:&quot;https://restcountries.eu/data/mlt.svg&quot;,&quot;regionalBlocs&quot;:[{&quot;acronym&quot;:&quot;EU&quot;,&quot;name&quot;:&quot;European Union&quot;,&quot;otherAcronyms&quot;:[],&quot;otherNames&quot;:[]}],&quot;cioc&quot;:&quot;MLT&quot;},{&quot;name&quot;:&quot;Marshall Islands&quot;,&quot;topLevelDomain&quot;:[&quot;.mh&quot;],&quot;alpha2Code&quot;:&quot;MH&quot;,&quot;alpha3Code&quot;:&quot;MHL&quot;,&quot;callingCodes&quot;:[&quot;692&quot;],&quot;capital&quot;:&quot;Majuro&quot;,&quot;altSpellings&quot;:[&quot;MH&quot;,&quot;Republic of the Marshall Islands&quot;,&quot;AolepÄ�n AorÅ�kin MÌ§ajeÄ¼&quot;],&quot;region&quot;:&quot;Oceania&quot;,&quot;subregion&quot;:&quot;Micronesia&quot;,&quot;population&quot;:54880,&quot;latlng&quot;:[9.0,168.0],&quot;demonym&quot;:&quot;Marshallese&quot;,&quot;area&quot;:181.0,&quot;gini&quot;:null,&quot;timezones&quot;:[&quot;UTC+12:00&quot;],&quot;borders&quot;:[],&quot;nativeName&quot;:&quot;MÌ§ajeÄ¼&quot;,&quot;numericCode&quot;:&quot;584&quot;,&quot;currencies&quot;:[{&quot;code&quot;:&quot;USD&quot;,&quot;name&quot;:&quot;United States dollar&quot;,&quot;symbol&quot;:&quot;$&quot;}],&quot;languages&quot;:[{&quot;iso639_1&quot;:&quot;en&quot;,&quot;iso639_2&quot;:&quot;eng&quot;,&quot;name&quot;:&quot;English&quot;,&quot;nativeName&quot;:&quot;English&quot;},{&quot;iso639_1&quot;:&quot;mh&quot;,&quot;iso639_2&quot;:&quot;mah&quot;,&quot;name&quot;:&quot;Marshallese&quot;,&quot;nativeName&quot;:&quot;Kajin MÌ§ajeÄ¼&quot;}],&quot;translations&quot;:{&quot;de&quot;:&quot;Marshallinseln&quot;,&quot;es&quot;:&quot;Islas Marshall&quot;,&quot;fr&quot;:&quot;ÃŽles Marshall&quot;,&quot;ja&quot;:&quot;ãƒžãƒ¼ã‚·ãƒ£ãƒ«è«¸å³¶&quot;,&quot;it&quot;:&quot;Isole Marshall&quot;,&quot;br&quot;:&quot;Ilhas Marshall&quot;,&quot;pt&quot;:&quot;Ilhas Marshall&quot;,&quot;nl&quot;:&quot;Marshalleilanden&quot;,&quot;hr&quot;:&quot;MarÅ¡alovi Otoci&quot;,&quot;fa&quot;:&quot;Ø¬Ø²Ø§ÛŒØ± Ù…Ø§Ø±Ø´Ø§Ù„&quot;},&quot;flag&quot;:&quot;https://restcountries.eu/data/mhl.svg&quot;,&quot;regionalBlocs&quot;:[],&quot;cioc&quot;:&quot;MHL&quot;},{&quot;name&quot;:&quot;Martinique&quot;,&quot;topLevelDomain&quot;:[&quot;.mq&quot;],&quot;alpha2Code&quot;:&quot;MQ&quot;,&quot;alpha3Code&quot;:&quot;MTQ&quot;,&quot;callingCodes&quot;:[&quot;596&quot;],&quot;capital&quot;:&quot;Fort-de-France&quot;,&quot;altSpellings&quot;:[&quot;MQ&quot;],&quot;region&quot;:&quot;Americas&quot;,&quot;subregion&quot;:&quot;Caribbean&quot;,&quot;population&quot;:378243,&quot;latlng&quot;:[14.666667,-61.0],&quot;demonym&quot;:&quot;French&quot;,&quot;area&quot;:null,&quot;gini&quot;:null,&quot;timezones&quot;:[&quot;UTC-04:00&quot;],&quot;borders&quot;:[],&quot;nativeName&quot;:&quot;Martinique&quot;,&quot;numericCode&quot;:&quot;474&quot;,&quot;currencies&quot;:[{&quot;code&quot;:&quot;EUR&quot;,&quot;name&quot;:&quot;Euro&quot;,&quot;symbol&quot;:&quot;â‚¬&quot;}],&quot;languages&quot;:[{&quot;iso639_1&quot;:&quot;fr&quot;,&quot;iso639_2&quot;:&quot;fra&quot;,&quot;name&quot;:&quot;French&quot;,&quot;nativeName&quot;:&quot;franÃ§ais&quot;}],&quot;translations&quot;:{&quot;de&quot;:&quot;Martinique&quot;,&quot;es&quot;:&quot;Martinica&quot;,&quot;fr&quot;:&quot;Martinique&quot;,&quot;ja&quot;:&quot;ãƒžãƒ«ãƒ†ã‚£ãƒ‹ãƒ¼ã‚¯&quot;,&quot;it&quot;:&quot;Martinica&quot;,&quot;br&quot;:&quot;Martinica&quot;,&quot;pt&quot;:&quot;Martinica&quot;,&quot;nl&quot;:&quot;Martinique&quot;,&quot;hr&quot;:&quot;Martinique&quot;,&quot;fa&quot;:&quot;Ù…ÙˆÙ†ØªØ³Ø±Ø§Øª&quot;},&quot;flag&quot;:&quot;https://restcountries.eu/data/mtq.svg&quot;,&quot;regionalBlocs&quot;:[],&quot;cioc&quot;:&quot;&quot;},{&quot;name&quot;:&quot;Mauritania&quot;,&quot;topLevelDomain&quot;:[&quot;.mr&quot;],&quot;alpha2Code&quot;:&quot;MR&quot;,&quot;alpha3Code&quot;:&quot;MRT&quot;,&quot;callingCodes&quot;:[&quot;222&quot;],&quot;capital&quot;:&quot;Nouakchott&quot;,&quot;altSpellings&quot;:[&quot;MR&quot;,&quot;Islamic Republic of Mauritania&quot;,&quot;al-JumhÅ«riyyah al-Ê¾IslÄ�miyyah al-MÅ«rÄ«tÄ�niyyah&quot;],&quot;region&quot;:&quot;Africa&quot;,&quot;subregion&quot;:&quot;Western Africa&quot;,&quot;population&quot;:3718678,&quot;latlng&quot;:[20.0,-12.0],&quot;demonym&quot;:&quot;Mauritanian&quot;,&quot;area&quot;:1030700.0,&quot;gini&quot;:40.5,&quot;timezones&quot;:[&quot;UTC&quot;],&quot;borders&quot;:[&quot;DZA&quot;,&quot;MLI&quot;,&quot;SEN&quot;,&quot;ESH&quot;],&quot;nativeName&quot;:&quot;Ù…ÙˆØ±ÙŠØªØ§Ù†ÙŠØ§&quot;,&quot;numericCode&quot;:&quot;478&quot;,&quot;currencies&quot;:[{&quot;code&quot;:&quot;MRO&quot;,&quot;name&quot;:&quot;Mauritanian ouguiya&quot;,&quot;symbol&quot;:&quot;UM&quot;}],&quot;languages&quot;:[{&quot;iso639_1&quot;:&quot;ar&quot;,&quot;iso639_2&quot;:&quot;ara&quot;,&quot;name&quot;:&quot;Arabic&quot;,&quot;nativeName&quot;:&quot;Ø§Ù„Ø¹Ø±Ø¨ÙŠØ©&quot;}],&quot;translations&quot;:{&quot;de&quot;:&quot;Mauretanien&quot;,&quot;es&quot;:&quot;Mauritania&quot;,&quot;fr&quot;:&quot;Mauritanie&quot;,&quot;ja&quot;:&quot;ãƒ¢ãƒ¼ãƒªã‚¿ãƒ‹ã‚¢&quot;,&quot;it&quot;:&quot;Mauritania&quot;,&quot;br&quot;:&quot;MauritÃ¢nia&quot;,&quot;pt&quot;:&quot;MauritÃ¢nia&quot;,&quot;nl&quot;:&quot;MauritaniÃ«&quot;,&quot;hr&quot;:&quot;Mauritanija&quot;,&quot;fa&quot;:&quot;Ù…ÙˆØ±ÛŒØªØ§Ù†ÛŒ&quot;},&quot;flag&quot;:&quot;https://restcountries.eu/data/mrt.svg&quot;,&quot;regionalBlocs&quot;:[{&quot;acronym&quot;:&quot;AU&quot;,&quot;name&quot;:&quot;African Union&quot;,&quot;otherAcronyms&quot;:[],&quot;otherNames&quot;:[&quot;Ø§Ù„Ø§ØªØ­Ø§Ø¯ Ø§Ù„Ø£Ù�Ø±ÙŠÙ‚ÙŠ&quot;,&quot;Union africaine&quot;,&quot;UniÃ£o Africana&quot;,&quot;UniÃ³n Africana&quot;,&quot;Umoja wa Afrika&quot;]},{&quot;acronym&quot;:&quot;AL&quot;,&quot;name&quot;:&quot;Arab League&quot;,&quot;otherAcronyms&quot;:[],&quot;otherNames&quot;:[&quot;Ø¬Ø§Ù…Ø¹Ø© Ø§Ù„Ø¯ÙˆÙ„ Ø§Ù„Ø¹Ø±Ø¨ÙŠØ©&quot;,&quot;JÄ�miÊ»at ad-Duwal al-Ê»ArabÄ«yah&quot;,&quot;League of Arab States&quot;]}],&quot;cioc&quot;:&quot;MTN&quot;},{&quot;name&quot;:&quot;Mauritius&quot;,&quot;topLevelDomain&quot;:[&quot;.mu&quot;],&quot;alpha2Code&quot;:&quot;MU&quot;,&quot;alpha3Code&quot;:&quot;MUS&quot;,&quot;callingCodes&quot;:[&quot;230&quot;],&quot;capital&quot;:&quot;Port Louis&quot;,&quot;altSpellings&quot;:[&quot;MU&quot;,&quot;Republic of Mauritius&quot;,&quot;RÃ©publique de Maurice&quot;],&quot;region&quot;:&quot;Africa&quot;,&quot;subregion&quot;:&quot;Eastern Africa&quot;,&quot;population&quot;:1262879,&quot;latlng&quot;:[-20.28333333,57.55],&quot;demonym&quot;:&quot;Mauritian&quot;,&quot;area&quot;:2040.0,&quot;gini&quot;:null,&quot;timezones&quot;:[&quot;UTC+04:00&quot;],&quot;borders&quot;:[],&quot;nativeName&quot;:&quot;Maurice&quot;,&quot;numericCode&quot;:&quot;480&quot;,&quot;currencies&quot;:[{&quot;code&quot;:&quot;MUR&quot;,&quot;name&quot;:&quot;Mauritian rupee&quot;,&quot;symbol&quot;:&quot;â‚¨&quot;}],&quot;languages&quot;:[{&quot;iso639_1&quot;:&quot;en&quot;,&quot;iso639_2&quot;:&quot;eng&quot;,&quot;name&quot;:&quot;English&quot;,&quot;nativeName&quot;:&quot;English&quot;}],&quot;translations&quot;:{&quot;de&quot;:&quot;Mauritius&quot;,&quot;es&quot;:&quot;Mauricio&quot;,&quot;fr&quot;:&quot;ÃŽle Maurice&quot;,&quot;ja&quot;:&quot;ãƒ¢ãƒ¼ãƒªã‚·ãƒ£ã‚¹&quot;,&quot;it&quot;:&quot;Mauritius&quot;,&quot;br&quot;:&quot;MaurÃ­cio&quot;,&quot;pt&quot;:&quot;MaurÃ­cia&quot;,&quot;nl&quot;:&quot;Mauritius&quot;,&quot;hr&quot;:&quot;Mauricijus&quot;,&quot;fa&quot;:&quot;Ù…ÙˆØ±ÛŒØ³&quot;},&quot;flag&quot;:&quot;https://restcountries.eu/data/mus.svg&quot;,&quot;regionalBlocs&quot;:[{&quot;acronym&quot;:&quot;AU&quot;,&quot;name&quot;:&quot;African Union&quot;,&quot;otherAcronyms&quot;:[],&quot;otherNames&quot;:[&quot;Ø§Ù„Ø§ØªØ­Ø§Ø¯ Ø§Ù„Ø£Ù�Ø±ÙŠÙ‚ÙŠ&quot;,&quot;Union africaine&quot;,&quot;UniÃ£o Africana&quot;,&quot;UniÃ³n Africana&quot;,&quot;Umoja wa Afrika&quot;]}],&quot;cioc&quot;:&quot;MRI&quot;},{&quot;name&quot;:&quot;Mayotte&quot;,&quot;topLevelDomain&quot;:[&quot;.yt&quot;],&quot;alpha2Code&quot;:&quot;YT&quot;,&quot;alpha3Code&quot;:&quot;MYT&quot;,&quot;callingCodes&quot;:[&quot;262&quot;],&quot;capital&quot;:&quot;Mamoudzou&quot;,&quot;altSpellings&quot;:[&quot;YT&quot;,&quot;Department of Mayotte&quot;,&quot;DÃ©partement de Mayotte&quot;],&quot;region&quot;:&quot;Africa&quot;,&quot;subregion&quot;:&quot;Eastern Africa&quot;,&quot;population&quot;:226915,&quot;latlng&quot;:[-12.83333333,45.16666666],&quot;demonym&quot;:&quot;French&quot;,&quot;area&quot;:null,&quot;gini&quot;:null,&quot;timezones&quot;:[&quot;UTC+03:00&quot;],&quot;borders&quot;:[],&quot;nativeName&quot;:&quot;Mayotte&quot;,&quot;numericCode&quot;:&quot;175&quot;,&quot;currencies&quot;:[{&quot;code&quot;:&quot;EUR&quot;,&quot;name&quot;:&quot;Euro&quot;,&quot;symbol&quot;:&quot;â‚¬&quot;}],&quot;languages&quot;:[{&quot;iso639_1&quot;:&quot;fr&quot;,&quot;iso639_2&quot;:&quot;fra&quot;,&quot;name&quot;:&quot;French&quot;,&quot;nativeName&quot;:&quot;franÃ§ais&quot;}],&quot;translations&quot;:{&quot;de&quot;:&quot;Mayotte&quot;,&quot;es&quot;:&quot;Mayotte&quot;,&quot;fr&quot;:&quot;Mayotte&quot;,&quot;ja&quot;:&quot;ãƒžãƒ¨ãƒƒãƒˆ&quot;,&quot;it&quot;:&quot;Mayotte&quot;,&quot;br&quot;:&quot;Mayotte&quot;,&quot;pt&quot;:&quot;Mayotte&quot;,&quot;nl&quot;:&quot;Mayotte&quot;,&quot;hr&quot;:&quot;Mayotte&quot;,&quot;fa&quot;:&quot;Ù…Ø§ÛŒÙˆØª&quot;},&quot;flag&quot;:&quot;https://restcountries.eu/data/myt.svg&quot;,&quot;regionalBlocs&quot;:[{&quot;acronym&quot;:&quot;AU&quot;,&quot;name&quot;:&quot;African Union&quot;,&quot;otherAcronyms&quot;:[],&quot;otherNames&quot;:[&quot;Ø§Ù„Ø§ØªØ­Ø§Ø¯ Ø§Ù„Ø£Ù�Ø±ÙŠÙ‚ÙŠ&quot;,&quot;Union africaine&quot;,&quot;UniÃ£o Africana&quot;,&quot;UniÃ³n Africana&quot;,&quot;Umoja wa Afrika&quot;]}],&quot;cioc&quot;:&quot;&quot;},{&quot;name&quot;:&quot;Mexico&quot;,&quot;topLevelDomain&quot;:[&quot;.mx&quot;],&quot;alpha2Code&quot;:&quot;MX&quot;,&quot;alpha3Code&quot;:&quot;MEX&quot;,&quot;callingCodes&quot;:[&quot;52&quot;],&quot;capital&quot;:&quot;Mexico City&quot;,&quot;altSpellings&quot;:[&quot;MX&quot;,&quot;Mexicanos&quot;,&quot;United Mexican States&quot;,&quot;Estados Unidos Mexicanos&quot;],&quot;region&quot;:&quot;Americas&quot;,&quot;subregion&quot;:&quot;Central America&quot;,&quot;population&quot;:122273473,&quot;latlng&quot;:[23.0,-102.0],&quot;demonym&quot;:&quot;Mexican&quot;,&quot;area&quot;:1964375.0,&quot;gini&quot;:47.0,&quot;timezones&quot;:[&quot;UTC-08:00&quot;,&quot;UTC-07:00&quot;,&quot;UTC-06:00&quot;],&quot;borders&quot;:[&quot;BLZ&quot;,&quot;GTM&quot;,&quot;USA&quot;],&quot;nativeName&quot;:&quot;MÃ©xico&quot;,&quot;numericCode&quot;:&quot;484&quot;,&quot;currencies&quot;:[{&quot;code&quot;:&quot;MXN&quot;,&quot;name&quot;:&quot;Mexican peso&quot;,&quot;symbol&quot;:&quot;$&quot;}],&quot;languages&quot;:[{&quot;iso639_1&quot;:&quot;es&quot;,&quot;iso639_2&quot;:&quot;spa&quot;,&quot;name&quot;:&quot;Spanish&quot;,&quot;nativeName&quot;:&quot;EspaÃ±ol&quot;}],&quot;translations&quot;:{&quot;de&quot;:&quot;Mexiko&quot;,&quot;es&quot;:&quot;MÃ©xico&quot;,&quot;fr&quot;:&quot;Mexique&quot;,&quot;ja&quot;:&quot;ãƒ¡ã‚­ã‚·ã‚³&quot;,&quot;it&quot;:&quot;Messico&quot;,&quot;br&quot;:&quot;MÃ©xico&quot;,&quot;pt&quot;:&quot;MÃ©xico&quot;,&quot;nl&quot;:&quot;Mexico&quot;,&quot;hr&quot;:&quot;Meksiko&quot;,&quot;fa&quot;:&quot;Ù…Ú©Ø²ÛŒÚ©&quot;},&quot;flag&quot;:&quot;https://restcountries.eu/data/mex.svg&quot;,&quot;regionalBlocs&quot;:[{&quot;acronym&quot;:&quot;PA&quot;,&quot;name&quot;:&quot;Pacific Alliance&quot;,&quot;otherAcronyms&quot;:[],&quot;otherNames&quot;:[&quot;Alianza del PacÃ­fico&quot;]},{&quot;acronym&quot;:&quot;NAFTA&quot;,&quot;name&quot;:&quot;North American Free Trade Agreement&quot;,&quot;otherAcronyms&quot;:[],&quot;otherNames&quot;:[&quot;Tratado de Libre Comercio de AmÃ©rica del Norte&quot;,&quot;Accord de Libre-Ã©change Nord-AmÃ©ricain&quot;]}],&quot;cioc&quot;:&quot;MEX&quot;},{&quot;name&quot;:&quot;Micronesia (Federated States of)&quot;,&quot;topLevelDomain&quot;:[&quot;.fm&quot;],&quot;alpha2Code&quot;:&quot;FM&quot;,&quot;alpha3Code&quot;:&quot;FSM&quot;,&quot;callingCodes&quot;:[&quot;691&quot;],&quot;capital&quot;:&quot;Palikir&quot;,&quot;altSpellings&quot;:[&quot;FM&quot;,&quot;Federated States of Micronesia&quot;],&quot;region&quot;:&quot;Oceania&quot;,&quot;subregion&quot;:&quot;Micronesia&quot;,&quot;population&quot;:102800,&quot;latlng&quot;:[6.91666666,158.25],&quot;demonym&quot;:&quot;Micronesian&quot;,&quot;area&quot;:702.0,&quot;gini&quot;:null,&quot;timezones&quot;:[&quot;UTC+10:00&quot;,&quot;UTC+11&quot;],&quot;borders&quot;:[],&quot;nativeName&quot;:&quot;Micronesia&quot;,&quot;numericCode&quot;:&quot;583&quot;,&quot;currencies&quot;:[{&quot;code&quot;:null,&quot;name&quot;:&quot;[D]&quot;,&quot;symbol&quot;:&quot;$&quot;},{&quot;code&quot;:&quot;USD&quot;,&quot;name&quot;:&quot;United States dollar&quot;,&quot;symbol&quot;:&quot;$&quot;}],&quot;languages&quot;:[{&quot;iso639_1&quot;:&quot;en&quot;,&quot;iso639_2&quot;:&quot;eng&quot;,&quot;name&quot;:&quot;English&quot;,&quot;nativeName&quot;:&quot;English&quot;}],&quot;translations&quot;:{&quot;de&quot;:&quot;Mikronesien&quot;,&quot;es&quot;:&quot;Micronesia&quot;,&quot;fr&quot;:&quot;MicronÃ©sie&quot;,&quot;ja&quot;:&quot;ãƒŸã‚¯ãƒ­ãƒ�ã‚·ã‚¢é€£é‚¦&quot;,&quot;it&quot;:&quot;Micronesia&quot;,&quot;br&quot;:&quot;MicronÃ©sia&quot;,&quot;pt&quot;:&quot;MicronÃ©sia&quot;,&quot;nl&quot;:&quot;MicronesiÃ«&quot;,&quot;hr&quot;:&quot;Mikronezija&quot;,&quot;fa&quot;:&quot;Ø§ÛŒØ§Ù„Ø§Øª Ù�Ø¯Ø±Ø§Ù„ Ù…ÛŒÚ©Ø±ÙˆÙ†Ø²ÛŒ&quot;},&quot;flag&quot;:&quot;https://restcountries.eu/data/fsm.svg&quot;,&quot;regionalBlocs&quot;:[],&quot;cioc&quot;:&quot;FSM&quot;},{&quot;name&quot;:&quot;Moldova (Republic of)&quot;,&quot;topLevelDomain&quot;:[&quot;.md&quot;],&quot;alpha2Code&quot;:&quot;MD&quot;,&quot;alpha3Code&quot;:&quot;MDA&quot;,&quot;callingCodes&quot;:[&quot;373&quot;],&quot;capital&quot;:&quot;ChiÈ™inÄƒu&quot;,&quot;altSpellings&quot;:[&quot;MD&quot;,&quot;Republic of Moldova&quot;,&quot;Republica Moldova&quot;],&quot;region&quot;:&quot;Europe&quot;,&quot;subregion&quot;:&quot;Eastern Europe&quot;,&quot;population&quot;:3553100,&quot;latlng&quot;:[47.0,29.0],&quot;demonym&quot;:&quot;Moldovan&quot;,&quot;area&quot;:33846.0,&quot;gini&quot;:33.0,&quot;timezones&quot;:[&quot;UTC+02:00&quot;],&quot;borders&quot;:[&quot;ROU&quot;,&quot;UKR&quot;],&quot;nativeName&quot;:&quot;Moldova&quot;,&quot;numericCode&quot;:&quot;498&quot;,&quot;currencies&quot;:[{&quot;code&quot;:&quot;MDL&quot;,&quot;name&quot;:&quot;Moldovan leu&quot;,&quot;symbol&quot;:&quot;L&quot;}],&quot;languages&quot;:[{&quot;iso639_1&quot;:&quot;ro&quot;,&quot;iso639_2&quot;:&quot;ron&quot;,&quot;name&quot;:&quot;Romanian&quot;,&quot;nativeName&quot;:&quot;RomÃ¢nÄƒ&quot;}],&quot;translations&quot;:{&quot;de&quot;:&quot;Moldawie&quot;,&quot;es&quot;:&quot;Moldavia&quot;,&quot;fr&quot;:&quot;Moldavie&quot;,&quot;ja&quot;:&quot;ãƒ¢ãƒ«ãƒ‰ãƒ�å…±å’Œå›½&quot;,&quot;it&quot;:&quot;Moldavia&quot;,&quot;br&quot;:&quot;MoldÃ¡via&quot;,&quot;pt&quot;:&quot;MoldÃ¡via&quot;,&quot;nl&quot;:&quot;MoldaviÃ«&quot;,&quot;hr&quot;:&quot;Moldova&quot;,&quot;fa&quot;:&quot;Ù…ÙˆÙ„Ø¯Ø§ÙˆÛŒ&quot;},&quot;flag&quot;:&quot;https://restcountries.eu/data/mda.svg&quot;,&quot;regionalBlocs&quot;:[{&quot;acronym&quot;:&quot;CEFTA&quot;,&quot;name&quot;:&quot;Central European Free Trade Agreement&quot;,&quot;otherAcronyms&quot;:[],&quot;otherNames&quot;:[]}],&quot;cioc&quot;:&quot;MDA&quot;},{&quot;name&quot;:&quot;Monaco&quot;,&quot;topLevelDomain&quot;:[&quot;.mc&quot;],&quot;alpha2Code&quot;:&quot;MC&quot;,&quot;alpha3Code&quot;:&quot;MCO&quot;,&quot;callingCodes&quot;:[&quot;377&quot;],&quot;capital&quot;:&quot;Monaco&quot;,&quot;altSpellings&quot;:[&quot;MC&quot;,&quot;Principality of Monaco&quot;,&quot;PrincipautÃ© de Monaco&quot;],&quot;region&quot;:&quot;Europe&quot;,&quot;subregion&quot;:&quot;Western Europe&quot;,&quot;population&quot;:38400,&quot;latlng&quot;:[43.73333333,7.4],&quot;demonym&quot;:&quot;Monegasque&quot;,&quot;area&quot;:2.02,&quot;gini&quot;:null,&quot;timezones&quot;:[&quot;UTC+01:00&quot;],&quot;borders&quot;:[&quot;FRA&quot;],&quot;nativeName&quot;:&quot;Monaco&quot;,&quot;numericCode&quot;:&quot;492&quot;,&quot;currencies&quot;:[{&quot;code&quot;:&quot;EUR&quot;,&quot;name&quot;:&quot;Euro&quot;,&quot;symbol&quot;:&quot;â‚¬&quot;}],&quot;languages&quot;:[{&quot;iso639_1&quot;:&quot;fr&quot;,&quot;iso639_2&quot;:&quot;fra&quot;,&quot;name&quot;:&quot;French&quot;,&quot;nativeName&quot;:&quot;franÃ§ais&quot;}],&quot;translations&quot;:{&quot;de&quot;:&quot;Monaco&quot;,&quot;es&quot;:&quot;MÃ³naco&quot;,&quot;fr&quot;:&quot;Monaco&quot;,&quot;ja&quot;:&quot;ãƒ¢ãƒŠã‚³&quot;,&quot;it&quot;:&quot;Principato di Monaco&quot;,&quot;br&quot;:&quot;MÃ´naco&quot;,&quot;pt&quot;:&quot;MÃ³naco&quot;,&quot;nl&quot;:&quot;Monaco&quot;,&quot;hr&quot;:&quot;Monako&quot;,&quot;fa&quot;:&quot;Ù…ÙˆÙ†Ø§Ú©Ùˆ&quot;},&quot;flag&quot;:&quot;https://restcountries.eu/data/mco.svg&quot;,&quot;regionalBlocs&quot;:[],&quot;cioc&quot;:&quot;MON&quot;},{&quot;name&quot;:&quot;Mongolia&quot;,&quot;topLevelDomain&quot;:[&quot;.mn&quot;],&quot;alpha2Code&quot;:&quot;MN&quot;,&quot;alpha3Code&quot;:&quot;MNG&quot;,&quot;callingCodes&quot;:[&quot;976&quot;],&quot;capital&quot;:&quot;Ulan Bator&quot;,&quot;altSpellings&quot;:[&quot;MN&quot;],&quot;region&quot;:&quot;Asia&quot;,&quot;subregion&quot;:&quot;Eastern Asia&quot;,&quot;population&quot;:3093100,&quot;latlng&quot;:[46.0,105.0],&quot;demonym&quot;:&quot;Mongolian&quot;,&quot;area&quot;:1564110.0,&quot;gini&quot;:36.5,&quot;timezones&quot;:[&quot;UTC+07:00&quot;,&quot;UTC+08:00&quot;],&quot;borders&quot;:[&quot;CHN&quot;,&quot;RUS&quot;],&quot;nativeName&quot;:&quot;ÐœÐ¾Ð½Ð³Ð¾Ð» ÑƒÐ»Ñ�&quot;,&quot;numericCode&quot;:&quot;496&quot;,&quot;currencies&quot;:[{&quot;code&quot;:&quot;MNT&quot;,&quot;name&quot;:&quot;Mongolian tÃ¶grÃ¶g&quot;,&quot;symbol&quot;:&quot;â‚®&quot;}],&quot;languages&quot;:[{&quot;iso639_1&quot;:&quot;mn&quot;,&quot;iso639_2&quot;:&quot;mon&quot;,&quot;name&quot;:&quot;Mongolian&quot;,&quot;nativeName&quot;:&quot;ÐœÐ¾Ð½Ð³Ð¾Ð» Ñ…Ñ�Ð»&quot;}],&quot;translations&quot;:{&quot;de&quot;:&quot;Mongolei&quot;,&quot;es&quot;:&quot;Mongolia&quot;,&quot;fr&quot;:&quot;Mongolie&quot;,&quot;ja&quot;:&quot;ãƒ¢ãƒ³ã‚´ãƒ«&quot;,&quot;it&quot;:&quot;Mongolia&quot;,&quot;br&quot;:&quot;MongÃ³lia&quot;,&quot;pt&quot;:&quot;MongÃ³lia&quot;,&quot;nl&quot;:&quot;MongoliÃ«&quot;,&quot;hr&quot;:&quot;Mongolija&quot;,&quot;fa&quot;:&quot;Ù…ØºÙˆÙ„Ø³ØªØ§Ù†&quot;},&quot;flag&quot;:&quot;https://restcountries.eu/data/mng.svg&quot;,&quot;regionalBlocs&quot;:[],&quot;cioc&quot;:&quot;MGL&quot;},{&quot;name&quot;:&quot;Montenegro&quot;,&quot;topLevelDomain&quot;:[&quot;.me&quot;],&quot;alpha2Code&quot;:&quot;ME&quot;,&quot;alpha3Code&quot;:&quot;MNE&quot;,&quot;callingCodes&quot;:[&quot;382&quot;],&quot;capital&quot;:&quot;Podgorica&quot;,&quot;altSpellings&quot;:[&quot;ME&quot;,&quot;Crna Gora&quot;],&quot;region&quot;:&quot;Europe&quot;,&quot;subregion&quot;:&quot;Southern Europe&quot;,&quot;population&quot;:621810,&quot;latlng&quot;:[42.5,19.3],&quot;demonym&quot;:&quot;Montenegrin&quot;,&quot;area&quot;:13812.0,&quot;gini&quot;:30.0,&quot;timezones&quot;:[&quot;UTC+01:00&quot;],&quot;borders&quot;:[&quot;ALB&quot;,&quot;BIH&quot;,&quot;HRV&quot;,&quot;KOS&quot;,&quot;SRB&quot;],&quot;nativeName&quot;:&quot;Ð¦Ñ€Ð½Ð° Ð“Ð¾Ñ€Ð°&quot;,&quot;numericCode&quot;:&quot;499&quot;,&quot;currencies&quot;:[{&quot;code&quot;:&quot;EUR&quot;,&quot;name&quot;:&quot;Euro&quot;,&quot;symbol&quot;:&quot;â‚¬&quot;}],&quot;languages&quot;:[{&quot;iso639_1&quot;:&quot;sr&quot;,&quot;iso639_2&quot;:&quot;srp&quot;,&quot;name&quot;:&quot;Serbian&quot;,&quot;nativeName&quot;:&quot;Ñ�Ñ€Ð¿Ñ�ÐºÐ¸ Ñ˜ÐµÐ·Ð¸Ðº&quot;},{&quot;iso639_1&quot;:&quot;bs&quot;,&quot;iso639_2&quot;:&quot;bos&quot;,&quot;name&quot;:&quot;Bosnian&quot;,&quot;nativeName&quot;:&quot;bosanski jezik&quot;},{&quot;iso639_1&quot;:&quot;sq&quot;,&quot;iso639_2&quot;:&quot;sqi&quot;,&quot;name&quot;:&quot;Albanian&quot;,&quot;nativeName&quot;:&quot;Shqip&quot;},{&quot;iso639_1&quot;:&quot;hr&quot;,&quot;iso639_2&quot;:&quot;hrv&quot;,&quot;name&quot;:&quot;Croatian&quot;,&quot;nativeName&quot;:&quot;hrvatski jezik&quot;}],&quot;translations&quot;:{&quot;de&quot;:&quot;Montenegro&quot;,&quot;es&quot;:&quot;Montenegro&quot;,&quot;fr&quot;:&quot;MontÃ©nÃ©gro&quot;,&quot;ja&quot;:&quot;ãƒ¢ãƒ³ãƒ†ãƒ�ã‚°ãƒ­&quot;,&quot;it&quot;:&quot;Montenegro&quot;,&quot;br&quot;:&quot;Montenegro&quot;,&quot;pt&quot;:&quot;Montenegro&quot;,&quot;nl&quot;:&quot;Montenegro&quot;,&quot;hr&quot;:&quot;Crna Gora&quot;,&quot;fa&quot;:&quot;Ù…ÙˆÙ†ØªÙ‡â€ŒÙ†Ú¯Ø±Ùˆ&quot;},&quot;flag&quot;:&quot;https://restcountries.eu/data/mne.svg&quot;,&quot;regionalBlocs&quot;:[{&quot;acronym&quot;:&quot;CEFTA&quot;,&quot;name&quot;:&quot;Central European Free Trade Agreement&quot;,&quot;otherAcronyms&quot;:[],&quot;otherNames&quot;:[]}],&quot;cioc&quot;:&quot;MNE&quot;},{&quot;name&quot;:&quot;Montserrat&quot;,&quot;topLevelDomain&quot;:[&quot;.ms&quot;],&quot;alpha2Code&quot;:&quot;MS&quot;,&quot;alpha3Code&quot;:&quot;MSR&quot;,&quot;callingCodes&quot;:[&quot;1664&quot;],&quot;capital&quot;:&quot;Plymouth&quot;,&quot;altSpellings&quot;:[&quot;MS&quot;],&quot;region&quot;:&quot;Americas&quot;,&quot;subregion&quot;:&quot;Caribbean&quot;,&quot;population&quot;:4922,&quot;latlng&quot;:[16.75,-62.2],&quot;demonym&quot;:&quot;Montserratian&quot;,&quot;area&quot;:102.0,&quot;gini&quot;:null,&quot;timezones&quot;:[&quot;UTC-04:00&quot;],&quot;borders&quot;:[],&quot;nativeName&quot;:&quot;Montserrat&quot;,&quot;numericCode&quot;:&quot;500&quot;,&quot;currencies&quot;:[{&quot;code&quot;:&quot;XCD&quot;,&quot;name&quot;:&quot;East Caribbean dollar&quot;,&quot;symbol&quot;:&quot;$&quot;}],&quot;languages&quot;:[{&quot;iso639_1&quot;:&quot;en&quot;,&quot;iso639_2&quot;:&quot;eng&quot;,&quot;name&quot;:&quot;English&quot;,&quot;nativeName&quot;:&quot;English&quot;}],&quot;translations&quot;:{&quot;de&quot;:&quot;Montserrat&quot;,&quot;es&quot;:&quot;Montserrat&quot;,&quot;fr&quot;:&quot;Montserrat&quot;,&quot;ja&quot;:&quot;ãƒ¢ãƒ³ãƒˆã‚»ãƒ©ãƒˆ&quot;,&quot;it&quot;:&quot;Montserrat&quot;,&quot;br&quot;:&quot;Montserrat&quot;,&quot;pt&quot;:&quot;Monserrate&quot;,&quot;nl&quot;:&quot;Montserrat&quot;,&quot;hr&quot;:&quot;Montserrat&quot;,&quot;fa&quot;:&quot;Ù…Ø§ÛŒÙˆØª&quot;},&quot;flag&quot;:&quot;https://restcountries.eu/data/msr.svg&quot;,&quot;regionalBlocs&quot;:[{&quot;acronym&quot;:&quot;CARICOM&quot;,&quot;name&quot;:&quot;Caribbean Community&quot;,&quot;otherAcronyms&quot;:[],&quot;otherNames&quot;:[&quot;Comunidad del Caribe&quot;,&quot;CommunautÃ© CaribÃ©enne&quot;,&quot;Caribische Gemeenschap&quot;]}],&quot;cioc&quot;:&quot;&quot;},{&quot;name&quot;:&quot;Morocco&quot;,&quot;topLevelDomain&quot;:[&quot;.ma&quot;],&quot;alpha2Code&quot;:&quot;MA&quot;,&quot;alpha3Code&quot;:&quot;MAR&quot;,&quot;callingCodes&quot;:[&quot;212&quot;],&quot;capital&quot;:&quot;Rabat&quot;,&quot;altSpellings&quot;:[&quot;MA&quot;,&quot;Kingdom of Morocco&quot;,&quot;Al-Mamlakah al-MaÄ¡ribiyah&quot;],&quot;region&quot;:&quot;Africa&quot;,&quot;subregion&quot;:&quot;Northern Africa&quot;,&quot;population&quot;:33337529,&quot;latlng&quot;:[32.0,-5.0],&quot;demonym&quot;:&quot;Moroccan&quot;,&quot;area&quot;:446550.0,&quot;gini&quot;:40.9,&quot;timezones&quot;:[&quot;UTC&quot;],&quot;borders&quot;:[&quot;DZA&quot;,&quot;ESH&quot;,&quot;ESP&quot;],&quot;nativeName&quot;:&quot;Ø§Ù„Ù…ØºØ±Ø¨&quot;,&quot;numericCode&quot;:&quot;504&quot;,&quot;currencies&quot;:[{&quot;code&quot;:&quot;MAD&quot;,&quot;name&quot;:&quot;Moroccan dirham&quot;,&quot;symbol&quot;:&quot;Ø¯.Ù….&quot;}],&quot;languages&quot;:[{&quot;iso639_1&quot;:&quot;ar&quot;,&quot;iso639_2&quot;:&quot;ara&quot;,&quot;name&quot;:&quot;Arabic&quot;,&quot;nativeName&quot;:&quot;Ø§Ù„Ø¹Ø±Ø¨ÙŠØ©&quot;}],&quot;translations&quot;:{&quot;de&quot;:&quot;Marokko&quot;,&quot;es&quot;:&quot;Marruecos&quot;,&quot;fr&quot;:&quot;Maroc&quot;,&quot;ja&quot;:&quot;ãƒ¢ãƒ­ãƒƒã‚³&quot;,&quot;it&quot;:&quot;Marocco&quot;,&quot;br&quot;:&quot;Marrocos&quot;,&quot;pt&quot;:&quot;Marrocos&quot;,&quot;nl&quot;:&quot;Marokko&quot;,&quot;hr&quot;:&quot;Maroko&quot;,&quot;fa&quot;:&quot;Ù…Ø±Ø§Ú©Ø´&quot;},&quot;flag&quot;:&quot;https://restcountries.eu/data/mar.svg&quot;,&quot;regionalBlocs&quot;:[{&quot;acronym&quot;:&quot;AU&quot;,&quot;name&quot;:&quot;African Union&quot;,&quot;otherAcronyms&quot;:[],&quot;otherNames&quot;:[&quot;Ø§Ù„Ø§ØªØ­Ø§Ø¯ Ø§Ù„Ø£Ù�Ø±ÙŠÙ‚ÙŠ&quot;,&quot;Union africaine&quot;,&quot;UniÃ£o Africana&quot;,&quot;UniÃ³n Africana&quot;,&quot;Umoja wa Afrika&quot;]},{&quot;acronym&quot;:&quot;AL&quot;,&quot;name&quot;:&quot;Arab League&quot;,&quot;otherAcronyms&quot;:[],&quot;otherNames&quot;:[&quot;Ø¬Ø§Ù…Ø¹Ø© Ø§Ù„Ø¯ÙˆÙ„ Ø§Ù„Ø¹Ø±Ø¨ÙŠØ©&quot;,&quot;JÄ�miÊ»at ad-Duwal al-Ê»ArabÄ«yah&quot;,&quot;League of Arab States&quot;]}],&quot;cioc&quot;:&quot;MAR&quot;},{&quot;name&quot;:&quot;Mozambique&quot;,&quot;topLevelDomain&quot;:[&quot;.mz&quot;],&quot;alpha2Code&quot;:&quot;MZ&quot;,&quot;alpha3Code&quot;:&quot;MOZ&quot;,&quot;callingCodes&quot;:[&quot;258&quot;],&quot;capital&quot;:&quot;Maputo&quot;,&quot;altSpellings&quot;:[&quot;MZ&quot;,&quot;Republic of Mozambique&quot;,&quot;RepÃºblica de MoÃ§ambique&quot;],&quot;region&quot;:&quot;Africa&quot;,&quot;subregion&quot;:&quot;Eastern Africa&quot;,&quot;population&quot;:26423700,&quot;latlng&quot;:[-18.25,35.0],&quot;demonym&quot;:&quot;Mozambican&quot;,&quot;area&quot;:801590.0,&quot;gini&quot;:45.7,&quot;timezones&quot;:[&quot;UTC+02:00&quot;],&quot;borders&quot;:[&quot;MWI&quot;,&quot;ZAF&quot;,&quot;SWZ&quot;,&quot;TZA&quot;,&quot;ZMB&quot;,&quot;ZWE&quot;],&quot;nativeName&quot;:&quot;MoÃ§ambique&quot;,&quot;numericCode&quot;:&quot;508&quot;,&quot;currencies&quot;:[{&quot;code&quot;:&quot;MZN&quot;,&quot;name&quot;:&quot;Mozambican metical&quot;,&quot;symbol&quot;:&quot;MT&quot;}],&quot;languages&quot;:[{&quot;iso639_1&quot;:&quot;pt&quot;,&quot;iso639_2&quot;:&quot;por&quot;,&quot;name&quot;:&quot;Portuguese&quot;,&quot;nativeName&quot;:&quot;PortuguÃªs&quot;}],&quot;translations&quot;:{&quot;de&quot;:&quot;Mosambik&quot;,&quot;es&quot;:&quot;Mozambique&quot;,&quot;fr&quot;:&quot;Mozambique&quot;,&quot;ja&quot;:&quot;ãƒ¢ã‚¶ãƒ³ãƒ“ãƒ¼ã‚¯&quot;,&quot;it&quot;:&quot;Mozambico&quot;,&quot;br&quot;:&quot;MoÃ§ambique&quot;,&quot;pt&quot;:&quot;MoÃ§ambique&quot;,&quot;nl&quot;:&quot;Mozambique&quot;,&quot;hr&quot;:&quot;Mozambik&quot;,&quot;fa&quot;:&quot;Ù…ÙˆØ²Ø§Ù…Ø¨ÛŒÚ©&quot;},&quot;flag&quot;:&quot;https://restcountries.eu/data/moz.svg&quot;,&quot;regionalBlocs&quot;:[{&quot;acronym&quot;:&quot;AU&quot;,&quot;name&quot;:&quot;African Union&quot;,&quot;otherAcronyms&quot;:[],&quot;otherNames&quot;:[&quot;Ø§Ù„Ø§ØªØ­Ø§Ø¯ Ø§Ù„Ø£Ù�Ø±ÙŠÙ‚ÙŠ&quot;,&quot;Union africaine&quot;,&quot;UniÃ£o Africana&quot;,&quot;UniÃ³n Africana&quot;,&quot;Umoja wa Afrika&quot;]}],&quot;cioc&quot;:&quot;MOZ&quot;},{&quot;name&quot;:&quot;Myanmar&quot;,&quot;topLevelDomain&quot;:[&quot;.mm&quot;],&quot;alpha2Code&quot;:&quot;MM&quot;,&quot;alpha3Code&quot;:&quot;MMR&quot;,&quot;callingCodes&quot;:[&quot;95&quot;],&quot;capital&quot;:&quot;Naypyidaw&quot;,&quot;altSpellings&quot;:[&quot;MM&quot;,&quot;Burma&quot;,&quot;Republic of the Union of Myanmar&quot;,&quot;Pyidaunzu ThanmÄƒda MyÄƒma Nainngandaw&quot;],&quot;region&quot;:&quot;Asia&quot;,&quot;subregion&quot;:&quot;South-Eastern Asia&quot;,&quot;population&quot;:51419420,&quot;latlng&quot;:[22.0,98.0],&quot;demonym&quot;:&quot;Burmese&quot;,&quot;area&quot;:676578.0,&quot;gini&quot;:null,&quot;timezones&quot;:[&quot;UTC+06:30&quot;],&quot;borders&quot;:[&quot;BGD&quot;,&quot;CHN&quot;,&quot;IND&quot;,&quot;LAO&quot;,&quot;THA&quot;],&quot;nativeName&quot;:&quot;Myanma&quot;,&quot;numericCode&quot;:&quot;104&quot;,&quot;currencies&quot;:[{&quot;code&quot;:&quot;MMK&quot;,&quot;name&quot;:&quot;Burmese kyat&quot;,&quot;symbol&quot;:&quot;Ks&quot;}],&quot;languages&quot;:[{&quot;iso639_1&quot;:&quot;my&quot;,&quot;iso639_2&quot;:&quot;mya&quot;,&quot;name&quot;:&quot;Burmese&quot;,&quot;nativeName&quot;:&quot;á€—á€™á€¬á€…á€¬&quot;}],&quot;translations&quot;:{&quot;de&quot;:&quot;Myanmar&quot;,&quot;es&quot;:&quot;Myanmar&quot;,&quot;fr&quot;:&quot;Myanmar&quot;,&quot;ja&quot;:&quot;ãƒŸãƒ£ãƒ³ãƒžãƒ¼&quot;,&quot;it&quot;:&quot;Birmania&quot;,&quot;br&quot;:&quot;Myanmar&quot;,&quot;pt&quot;:&quot;Myanmar&quot;,&quot;nl&quot;:&quot;Myanmar&quot;,&quot;hr&quot;:&quot;Mijanmar&quot;,&quot;fa&quot;:&quot;Ù…ÛŒØ§Ù†Ù…Ø§Ø±&quot;},&quot;flag&quot;:&quot;https://restcountries.eu/data/mmr.svg&quot;,&quot;regionalBlocs&quot;:[{&quot;acronym&quot;:&quot;ASEAN&quot;,&quot;name&quot;:&quot;Association of Southeast Asian Nations&quot;,&quot;otherAcronyms&quot;:[],&quot;otherNames&quot;:[]}],&quot;cioc&quot;:&quot;MYA&quot;},{&quot;name&quot;:&quot;Namibia&quot;,&quot;topLevelDomain&quot;:[&quot;.na&quot;],&quot;alpha2Code&quot;:&quot;NA&quot;,&quot;alpha3Code&quot;:&quot;NAM&quot;,&quot;callingCodes&quot;:[&quot;264&quot;],&quot;capital&quot;:&quot;Windhoek&quot;,&quot;altSpellings&quot;:[&quot;NA&quot;,&quot;NamibiÃ«&quot;,&quot;Republic of Namibia&quot;],&quot;region&quot;:&quot;Africa&quot;,&quot;subregion&quot;:&quot;Southern Africa&quot;,&quot;population&quot;:2324388,&quot;latlng&quot;:[-22.0,17.0],&quot;demonym&quot;:&quot;Namibian&quot;,&quot;area&quot;:825615.0,&quot;gini&quot;:63.9,&quot;timezones&quot;:[&quot;UTC+01:00&quot;],&quot;borders&quot;:[&quot;AGO&quot;,&quot;BWA&quot;,&quot;ZAF&quot;,&quot;ZMB&quot;],&quot;nativeName&quot;:&quot;Namibia&quot;,&quot;numericCode&quot;:&quot;516&quot;,&quot;currencies&quot;:[{&quot;code&quot;:&quot;NAD&quot;,&quot;name&quot;:&quot;Namibian dollar&quot;,&quot;symbol&quot;:&quot;$&quot;},{&quot;code&quot;:&quot;ZAR&quot;,&quot;name&quot;:&quot;South African rand&quot;,&quot;symbol&quot;:&quot;R&quot;}],&quot;languages&quot;:[{&quot;iso639_1&quot;:&quot;en&quot;,&quot;iso639_2&quot;:&quot;eng&quot;,&quot;name&quot;:&quot;English&quot;,&quot;nativeName&quot;:&quot;English&quot;},{&quot;iso639_1&quot;:&quot;af&quot;,&quot;iso639_2&quot;:&quot;afr&quot;,&quot;name&quot;:&quot;Afrikaans&quot;,&quot;nativeName&quot;:&quot;Afrikaans&quot;}],&quot;translations&quot;:{&quot;de&quot;:&quot;Namibia&quot;,&quot;es&quot;:&quot;Namibia&quot;,&quot;fr&quot;:&quot;Namibie&quot;,&quot;ja&quot;:&quot;ãƒŠãƒŸãƒ“ã‚¢&quot;,&quot;it&quot;:&quot;Namibia&quot;,&quot;br&quot;:&quot;NamÃ­bia&quot;,&quot;pt&quot;:&quot;NamÃ­bia&quot;,&quot;nl&quot;:&quot;NamibiÃ«&quot;,&quot;hr&quot;:&quot;Namibija&quot;,&quot;fa&quot;:&quot;Ù†Ø§Ù…ÛŒØ¨ÛŒØ§&quot;},&quot;flag&quot;:&quot;https://restcountries.eu/data/nam.svg&quot;,&quot;regionalBlocs&quot;:[{&quot;acronym&quot;:&quot;AU&quot;,&quot;name&quot;:&quot;African Union&quot;,&quot;otherAcronyms&quot;:[],&quot;otherNames&quot;:[&quot;Ø§Ù„Ø§ØªØ­Ø§Ø¯ Ø§Ù„Ø£Ù�Ø±ÙŠÙ‚ÙŠ&quot;,&quot;Union africaine&quot;,&quot;UniÃ£o Africana&quot;,&quot;UniÃ³n Africana&quot;,&quot;Umoja wa Afrika&quot;]}],&quot;cioc&quot;:&quot;NAM&quot;},{&quot;name&quot;:&quot;Nauru&quot;,&quot;topLevelDomain&quot;:[&quot;.nr&quot;],&quot;alpha2Code&quot;:&quot;NR&quot;,&quot;alpha3Code&quot;:&quot;NRU&quot;,&quot;callingCodes&quot;:[&quot;674&quot;],&quot;capital&quot;:&quot;Yaren&quot;,&quot;altSpellings&quot;:[&quot;NR&quot;,&quot;Naoero&quot;,&quot;Pleasant Island&quot;,&quot;Republic of Nauru&quot;,&quot;Ripublik Naoero&quot;],&quot;region&quot;:&quot;Oceania&quot;,&quot;subregion&quot;:&quot;Micronesia&quot;,&quot;population&quot;:10084,&quot;latlng&quot;:[-0.53333333,166.91666666],&quot;demonym&quot;:&quot;Nauruan&quot;,&quot;area&quot;:21.0,&quot;gini&quot;:null,&quot;timezones&quot;:[&quot;UTC+12:00&quot;],&quot;borders&quot;:[],&quot;nativeName&quot;:&quot;Nauru&quot;,&quot;numericCode&quot;:&quot;520&quot;,&quot;currencies&quot;:[{&quot;code&quot;:&quot;AUD&quot;,&quot;name&quot;:&quot;Australian dollar&quot;,&quot;symbol&quot;:&quot;$&quot;},{&quot;code&quot;:&quot;(none)&quot;,&quot;name&quot;:null,&quot;symbol&quot;:&quot;$&quot;}],&quot;languages&quot;:[{&quot;iso639_1&quot;:&quot;en&quot;,&quot;iso639_2&quot;:&quot;eng&quot;,&quot;name&quot;:&quot;English&quot;,&quot;nativeName&quot;:&quot;English&quot;},{&quot;iso639_1&quot;:&quot;na&quot;,&quot;iso639_2&quot;:&quot;nau&quot;,&quot;name&quot;:&quot;Nauruan&quot;,&quot;nativeName&quot;:&quot;Dorerin Naoero&quot;}],&quot;translations&quot;:{&quot;de&quot;:&quot;Nauru&quot;,&quot;es&quot;:&quot;Nauru&quot;,&quot;fr&quot;:&quot;Nauru&quot;,&quot;ja&quot;:&quot;ãƒŠã‚¦ãƒ«&quot;,&quot;it&quot;:&quot;Nauru&quot;,&quot;br&quot;:&quot;Nauru&quot;,&quot;pt&quot;:&quot;Nauru&quot;,&quot;nl&quot;:&quot;Nauru&quot;,&quot;hr&quot;:&quot;Nauru&quot;,&quot;fa&quot;:&quot;Ù†Ø§Ø¦ÙˆØ±Ùˆ&quot;},&quot;flag&quot;:&quot;https://restcountries.eu/data/nru.svg&quot;,&quot;regionalBlocs&quot;:[],&quot;cioc&quot;:&quot;NRU&quot;},{&quot;name&quot;:&quot;Nepal&quot;,&quot;topLevelDomain&quot;:[&quot;.np&quot;],&quot;alpha2Code&quot;:&quot;NP&quot;,&quot;alpha3Code&quot;:&quot;NPL&quot;,&quot;callingCodes&quot;:[&quot;977&quot;],&quot;capital&quot;:&quot;Kathmandu&quot;,&quot;altSpellings&quot;:[&quot;NP&quot;,&quot;Federal Democratic Republic of Nepal&quot;,&quot;LoktÄ�ntrik Ganatantra NepÄ�l&quot;],&quot;region&quot;:&quot;Asia&quot;,&quot;subregion&quot;:&quot;Southern Asia&quot;,&quot;population&quot;:28431500,&quot;latlng&quot;:[28.0,84.0],&quot;demonym&quot;:&quot;Nepalese&quot;,&quot;area&quot;:147181.0,&quot;gini&quot;:32.8,&quot;timezones&quot;:[&quot;UTC+05:45&quot;],&quot;borders&quot;:[&quot;CHN&quot;,&quot;IND&quot;],&quot;nativeName&quot;:&quot;à¤¨à¥‡à¤ªà¤¾à¤²&quot;,&quot;numericCode&quot;:&quot;524&quot;,&quot;currencies&quot;:[{&quot;code&quot;:&quot;NPR&quot;,&quot;name&quot;:&quot;Nepalese rupee&quot;,&quot;symbol&quot;:&quot;â‚¨&quot;}],&quot;languages&quot;:[{&quot;iso639_1&quot;:&quot;ne&quot;,&quot;iso639_2&quot;:&quot;nep&quot;,&quot;name&quot;:&quot;Nepali&quot;,&quot;nativeName&quot;:&quot;à¤¨à¥‡à¤ªà¤¾à¤²à¥€&quot;}],&quot;translations&quot;:{&quot;de&quot;:&quot;NÃ©pal&quot;,&quot;es&quot;:&quot;Nepal&quot;,&quot;fr&quot;:&quot;NÃ©pal&quot;,&quot;ja&quot;:&quot;ãƒ�ãƒ‘ãƒ¼ãƒ«&quot;,&quot;it&quot;:&quot;Nepal&quot;,&quot;br&quot;:&quot;Nepal&quot;,&quot;pt&quot;:&quot;Nepal&quot;,&quot;nl&quot;:&quot;Nepal&quot;,&quot;hr&quot;:&quot;Nepal&quot;,&quot;fa&quot;:&quot;Ù†Ù¾Ø§Ù„&quot;},&quot;flag&quot;:&quot;https://restcountries.eu/data/npl.svg&quot;,&quot;regionalBlocs&quot;:[{&quot;acronym&quot;:&quot;SAARC&quot;,&quot;name&quot;:&quot;South Asian Association for Regional Cooperation&quot;,&quot;otherAcronyms&quot;:[],&quot;otherNames&quot;:[]}],&quot;cioc&quot;:&quot;NEP&quot;},{&quot;name&quot;:&quot;Netherlands&quot;,&quot;topLevelDomain&quot;:[&quot;.nl&quot;],&quot;alpha2Code&quot;:&quot;NL&quot;,&quot;alpha3Code&quot;:&quot;NLD&quot;,&quot;callingCodes&quot;:[&quot;31&quot;],&quot;capital&quot;:&quot;Amsterdam&quot;,&quot;altSpellings&quot;:[&quot;NL&quot;,&quot;Holland&quot;,&quot;Nederland&quot;],&quot;region&quot;:&quot;Europe&quot;,&quot;subregion&quot;:&quot;Western Europe&quot;,&quot;population&quot;:17019800,&quot;latlng&quot;:[52.5,5.75],&quot;demonym&quot;:&quot;Dutch&quot;,&quot;area&quot;:41850.0,&quot;gini&quot;:30.9,&quot;timezones&quot;:[&quot;UTC-04:00&quot;,&quot;UTC+01:00&quot;],&quot;borders&quot;:[&quot;BEL&quot;,&quot;DEU&quot;],&quot;nativeName&quot;:&quot;Nederland&quot;,&quot;numericCode&quot;:&quot;528&quot;,&quot;currencies&quot;:[{&quot;code&quot;:&quot;EUR&quot;,&quot;name&quot;:&quot;Euro&quot;,&quot;symbol&quot;:&quot;â‚¬&quot;}],&quot;languages&quot;:[{&quot;iso639_1&quot;:&quot;nl&quot;,&quot;iso639_2&quot;:&quot;nld&quot;,&quot;name&quot;:&quot;Dutch&quot;,&quot;nativeName&quot;:&quot;Nederlands&quot;}],&quot;translations&quot;:{&quot;de&quot;:&quot;Niederlande&quot;,&quot;es&quot;:&quot;PaÃ­ses Bajos&quot;,&quot;fr&quot;:&quot;Pays-Bas&quot;,&quot;ja&quot;:&quot;ã‚ªãƒ©ãƒ³ãƒ€&quot;,&quot;it&quot;:&quot;Paesi Bassi&quot;,&quot;br&quot;:&quot;Holanda&quot;,&quot;pt&quot;:&quot;PaÃ­ses Baixos&quot;,&quot;nl&quot;:&quot;Nederland&quot;,&quot;hr&quot;:&quot;Nizozemska&quot;,&quot;fa&quot;:&quot;Ù¾Ø§Ø¯Ø´Ø§Ù‡ÛŒ Ù‡Ù„Ù†Ø¯&quot;},&quot;flag&quot;:&quot;https://restcountries.eu/data/nld.svg&quot;,&quot;regionalBlocs&quot;:[{&quot;acronym&quot;:&quot;EU&quot;,&quot;name&quot;:&quot;European Union&quot;,&quot;otherAcronyms&quot;:[],&quot;otherNames&quot;:[]}],&quot;cioc&quot;:&quot;NED&quot;},{&quot;name&quot;:&quot;New Caledonia&quot;,&quot;topLevelDomain&quot;:[&quot;.nc&quot;],&quot;alpha2Code&quot;:&quot;NC&quot;,&quot;alpha3Code&quot;:&quot;NCL&quot;,&quot;callingCodes&quot;:[&quot;687&quot;],&quot;capital&quot;:&quot;NoumÃ©a&quot;,&quot;altSpellings&quot;:[&quot;NC&quot;],&quot;region&quot;:&quot;Oceania&quot;,&quot;subregion&quot;:&quot;Melanesia&quot;,&quot;population&quot;:268767,&quot;latlng&quot;:[-21.5,165.5],&quot;demonym&quot;:&quot;New Caledonian&quot;,&quot;area&quot;:18575.0,&quot;gini&quot;:null,&quot;timezones&quot;:[&quot;UTC+11:00&quot;],&quot;borders&quot;:[],&quot;nativeName&quot;:&quot;Nouvelle-CalÃ©donie&quot;,&quot;numericCode&quot;:&quot;540&quot;,&quot;currencies&quot;:[{&quot;code&quot;:&quot;XPF&quot;,&quot;name&quot;:&quot;CFP franc&quot;,&quot;symbol&quot;:&quot;Fr&quot;}],&quot;languages&quot;:[{&quot;iso639_1&quot;:&quot;fr&quot;,&quot;iso639_2&quot;:&quot;fra&quot;,&quot;name&quot;:&quot;French&quot;,&quot;nativeName&quot;:&quot;franÃ§ais&quot;}],&quot;translations&quot;:{&quot;de&quot;:&quot;Neukaledonien&quot;,&quot;es&quot;:&quot;Nueva Caledonia&quot;,&quot;fr&quot;:&quot;Nouvelle-CalÃ©donie&quot;,&quot;ja&quot;:&quot;ãƒ‹ãƒ¥ãƒ¼ã‚«ãƒ¬ãƒ‰ãƒ‹ã‚¢&quot;,&quot;it&quot;:&quot;Nuova Caledonia&quot;,&quot;br&quot;:&quot;Nova CaledÃ´nia&quot;,&quot;pt&quot;:&quot;Nova CaledÃ³nia&quot;,&quot;nl&quot;:&quot;Nieuw-CaledoniÃ«&quot;,&quot;hr&quot;:&quot;Nova Kaledonija&quot;,&quot;fa&quot;:&quot;Ú©Ø§Ù„Ø¯ÙˆÙ†ÛŒØ§ÛŒ Ø¬Ø¯ÛŒØ¯&quot;},&quot;flag&quot;:&quot;https://restcountries.eu/data/ncl.svg&quot;,&quot;regionalBlocs&quot;:[],&quot;cioc&quot;:&quot;&quot;},{&quot;name&quot;:&quot;New Zealand&quot;,&quot;topLevelDomain&quot;:[&quot;.nz&quot;],&quot;alpha2Code&quot;:&quot;NZ&quot;,&quot;alpha3Code&quot;:&quot;NZL&quot;,&quot;callingCodes&quot;:[&quot;64&quot;],&quot;capital&quot;:&quot;Wellington&quot;,&quot;altSpellings&quot;:[&quot;NZ&quot;,&quot;Aotearoa&quot;],&quot;region&quot;:&quot;Oceania&quot;,&quot;subregion&quot;:&quot;Australia and New Zealand&quot;,&quot;population&quot;:4697854,&quot;latlng&quot;:[-41.0,174.0],&quot;demonym&quot;:&quot;New Zealander&quot;,&quot;area&quot;:270467.0,&quot;gini&quot;:36.2,&quot;timezones&quot;:[&quot;UTC-11:00&quot;,&quot;UTC-10:00&quot;,&quot;UTC+12:00&quot;,&quot;UTC+12:45&quot;,&quot;UTC+13:00&quot;],&quot;borders&quot;:[],&quot;nativeName&quot;:&quot;New Zealand&quot;,&quot;numericCode&quot;:&quot;554&quot;,&quot;currencies&quot;:[{&quot;code&quot;:&quot;NZD&quot;,&quot;name&quot;:&quot;New Zealand dollar&quot;,&quot;symbol&quot;:&quot;$&quot;}],&quot;languages&quot;:[{&quot;iso639_1&quot;:&quot;en&quot;,&quot;iso639_2&quot;:&quot;eng&quot;,&quot;name&quot;:&quot;English&quot;,&quot;nativeName&quot;:&quot;English&quot;},{&quot;iso639_1&quot;:&quot;mi&quot;,&quot;iso639_2&quot;:&quot;mri&quot;,&quot;name&quot;:&quot;MÄ�ori&quot;,&quot;nativeName&quot;:&quot;te reo MÄ�ori&quot;}],&quot;translations&quot;:{&quot;de&quot;:&quot;Neuseeland&quot;,&quot;es&quot;:&quot;Nueva Zelanda&quot;,&quot;fr&quot;:&quot;Nouvelle-ZÃ©lande&quot;,&quot;ja&quot;:&quot;ãƒ‹ãƒ¥ãƒ¼ã‚¸ãƒ¼ãƒ©ãƒ³ãƒ‰&quot;,&quot;it&quot;:&quot;Nuova Zelanda&quot;,&quot;br&quot;:&quot;Nova ZelÃ¢ndia&quot;,&quot;pt&quot;:&quot;Nova ZelÃ¢ndia&quot;,&quot;nl&quot;:&quot;Nieuw-Zeeland&quot;,&quot;hr&quot;:&quot;Novi Zeland&quot;,&quot;fa&quot;:&quot;Ù†ÛŒÙˆØ²ÛŒÙ„Ù†Ø¯&quot;},&quot;flag&quot;:&quot;https://restcountries.eu/data/nzl.svg&quot;,&quot;regionalBlocs&quot;:[],&quot;cioc&quot;:&quot;NZL&quot;},{&quot;name&quot;:&quot;Nicaragua&quot;,&quot;topLevelDomain&quot;:[&quot;.ni&quot;],&quot;alpha2Code&quot;:&quot;NI&quot;,&quot;alpha3Code&quot;:&quot;NIC&quot;,&quot;callingCodes&quot;:[&quot;505&quot;],&quot;capital&quot;:&quot;Managua&quot;,&quot;altSpellings&quot;:[&quot;NI&quot;,&quot;Republic of Nicaragua&quot;,&quot;RepÃºblica de Nicaragua&quot;],&quot;region&quot;:&quot;Americas&quot;,&quot;subregion&quot;:&quot;Central America&quot;,&quot;population&quot;:6262703,&quot;latlng&quot;:[13.0,-85.0],&quot;demonym&quot;:&quot;Nicaraguan&quot;,&quot;area&quot;:130373.0,&quot;gini&quot;:40.5,&quot;timezones&quot;:[&quot;UTC-06:00&quot;],&quot;borders&quot;:[&quot;CRI&quot;,&quot;HND&quot;],&quot;nativeName&quot;:&quot;Nicaragua&quot;,&quot;numericCode&quot;:&quot;558&quot;,&quot;currencies&quot;:[{&quot;code&quot;:&quot;NIO&quot;,&quot;name&quot;:&quot;Nicaraguan cÃ³rdoba&quot;,&quot;symbol&quot;:&quot;C$&quot;}],&quot;languages&quot;:[{&quot;iso639_1&quot;:&quot;es&quot;,&quot;iso639_2&quot;:&quot;spa&quot;,&quot;name&quot;:&quot;Spanish&quot;,&quot;nativeName&quot;:&quot;EspaÃ±ol&quot;}],&quot;translations&quot;:{&quot;de&quot;:&quot;Nicaragua&quot;,&quot;es&quot;:&quot;Nicaragua&quot;,&quot;fr&quot;:&quot;Nicaragua&quot;,&quot;ja&quot;:&quot;ãƒ‹ã‚«ãƒ©ã‚°ã‚¢&quot;,&quot;it&quot;:&quot;Nicaragua&quot;,&quot;br&quot;:&quot;NicarÃ¡gua&quot;,&quot;pt&quot;:&quot;NicarÃ¡gua&quot;,&quot;nl&quot;:&quot;Nicaragua&quot;,&quot;hr&quot;:&quot;Nikaragva&quot;,&quot;fa&quot;:&quot;Ù†ÛŒÚ©Ø§Ø±Ø§Ú¯ÙˆØ¦Ù‡&quot;},&quot;flag&quot;:&quot;https://restcountries.eu/data/nic.svg&quot;,&quot;regionalBlocs&quot;:[{&quot;acronym&quot;:&quot;CAIS&quot;,&quot;name&quot;:&quot;Central American Integration System&quot;,&quot;otherAcronyms&quot;:[&quot;SICA&quot;],&quot;otherNames&quot;:[&quot;Sistema de la IntegraciÃ³n Centroamericana,&quot;]}],&quot;cioc&quot;:&quot;NCA&quot;},{&quot;name&quot;:&quot;Niger&quot;,&quot;topLevelDomain&quot;:[&quot;.ne&quot;],&quot;alpha2Code&quot;:&quot;NE&quot;,&quot;alpha3Code&quot;:&quot;NER&quot;,&quot;callingCodes&quot;:[&quot;227&quot;],&quot;capital&quot;:&quot;Niamey&quot;,&quot;altSpellings&quot;:[&quot;NE&quot;,&quot;Nijar&quot;,&quot;Republic of Niger&quot;,&quot;RÃ©publique du Niger&quot;],&quot;region&quot;:&quot;Africa&quot;,&quot;subregion&quot;:&quot;Western Africa&quot;,&quot;population&quot;:20715000,&quot;latlng&quot;:[16.0,8.0],&quot;demonym&quot;:&quot;Nigerien&quot;,&quot;area&quot;:1267000.0,&quot;gini&quot;:34.6,&quot;timezones&quot;:[&quot;UTC+01:00&quot;],&quot;borders&quot;:[&quot;DZA&quot;,&quot;BEN&quot;,&quot;BFA&quot;,&quot;TCD&quot;,&quot;LBY&quot;,&quot;MLI&quot;,&quot;NGA&quot;],&quot;nativeName&quot;:&quot;Niger&quot;,&quot;numericCode&quot;:&quot;562&quot;,&quot;currencies&quot;:[{&quot;code&quot;:&quot;XOF&quot;,&quot;name&quot;:&quot;West African CFA franc&quot;,&quot;symbol&quot;:&quot;Fr&quot;}],&quot;languages&quot;:[{&quot;iso639_1&quot;:&quot;fr&quot;,&quot;iso639_2&quot;:&quot;fra&quot;,&quot;name&quot;:&quot;French&quot;,&quot;nativeName&quot;:&quot;franÃ§ais&quot;}],&quot;translations&quot;:{&quot;de&quot;:&quot;Niger&quot;,&quot;es&quot;:&quot;NÃ­ger&quot;,&quot;fr&quot;:&quot;Niger&quot;,&quot;ja&quot;:&quot;ãƒ‹ã‚¸ã‚§ãƒ¼ãƒ«&quot;,&quot;it&quot;:&quot;Niger&quot;,&quot;br&quot;:&quot;NÃ­ger&quot;,&quot;pt&quot;:&quot;NÃ­ger&quot;,&quot;nl&quot;:&quot;Niger&quot;,&quot;hr&quot;:&quot;Niger&quot;,&quot;fa&quot;:&quot;Ù†ÛŒØ¬Ø±&quot;},&quot;flag&quot;:&quot;https://restcountries.eu/data/ner.svg&quot;,&quot;regionalBlocs&quot;:[{&quot;acronym&quot;:&quot;AU&quot;,&quot;name&quot;:&quot;African Union&quot;,&quot;otherAcronyms&quot;:[],&quot;otherNames&quot;:[&quot;Ø§Ù„Ø§ØªØ­Ø§Ø¯ Ø§Ù„Ø£Ù�Ø±ÙŠÙ‚ÙŠ&quot;,&quot;Union africaine&quot;,&quot;UniÃ£o Africana&quot;,&quot;UniÃ³n Africana&quot;,&quot;Umoja wa Afrika&quot;]}],&quot;cioc&quot;:&quot;NIG&quot;},{&quot;name&quot;:&quot;Nigeria&quot;,&quot;topLevelDomain&quot;:[&quot;.ng&quot;],&quot;alpha2Code&quot;:&quot;NG&quot;,&quot;alpha3Code&quot;:&quot;NGA&quot;,&quot;callingCodes&quot;:[&quot;234&quot;],&quot;capital&quot;:&quot;Abuja&quot;,&quot;altSpellings&quot;:[&quot;NG&quot;,&quot;Nijeriya&quot;,&quot;NaÃ­jÃ­rÃ­Ã &quot;,&quot;Federal Republic of Nigeria&quot;],&quot;region&quot;:&quot;Africa&quot;,&quot;subregion&quot;:&quot;Western Africa&quot;,&quot;population&quot;:186988000,&quot;latlng&quot;:[10.0,8.0],&quot;demonym&quot;:&quot;Nigerian&quot;,&quot;area&quot;:923768.0,&quot;gini&quot;:48.8,&quot;timezones&quot;:[&quot;UTC+01:00&quot;],&quot;borders&quot;:[&quot;BEN&quot;,&quot;CMR&quot;,&quot;TCD&quot;,&quot;NER&quot;],&quot;nativeName&quot;:&quot;Nigeria&quot;,&quot;numericCode&quot;:&quot;566&quot;,&quot;currencies&quot;:[{&quot;code&quot;:&quot;NGN&quot;,&quot;name&quot;:&quot;Nigerian naira&quot;,&quot;symbol&quot;:&quot;â‚¦&quot;}],&quot;languages&quot;:[{&quot;iso639_1&quot;:&quot;en&quot;,&quot;iso639_2&quot;:&quot;eng&quot;,&quot;name&quot;:&quot;English&quot;,&quot;nativeName&quot;:&quot;English&quot;}],&quot;translations&quot;:{&quot;de&quot;:&quot;Nigeria&quot;,&quot;es&quot;:&quot;Nigeria&quot;,&quot;fr&quot;:&quot;NigÃ©ria&quot;,&quot;ja&quot;:&quot;ãƒŠã‚¤ã‚¸ã‚§ãƒªã‚¢&quot;,&quot;it&quot;:&quot;Nigeria&quot;,&quot;br&quot;:&quot;NigÃ©ria&quot;,&quot;pt&quot;:&quot;NigÃ©ria&quot;,&quot;nl&quot;:&quot;Nigeria&quot;,&quot;hr&quot;:&quot;Nigerija&quot;,&quot;fa&quot;:&quot;Ù†ÛŒØ¬Ø±ÛŒÙ‡&quot;},&quot;flag&quot;:&quot;https://restcountries.eu/data/nga.svg&quot;,&quot;regionalBlocs&quot;:[{&quot;acronym&quot;:&quot;AU&quot;,&quot;name&quot;:&quot;African Union&quot;,&quot;otherAcronyms&quot;:[],&quot;otherNames&quot;:[&quot;Ø§Ù„Ø§ØªØ­Ø§Ø¯ Ø§Ù„Ø£Ù�Ø±ÙŠÙ‚ÙŠ&quot;,&quot;Union africaine&quot;,&quot;UniÃ£o Africana&quot;,&quot;UniÃ³n Africana&quot;,&quot;Umoja wa Afrika&quot;]}],&quot;cioc&quot;:&quot;NGR&quot;},{&quot;name&quot;:&quot;Niue&quot;,&quot;topLevelDomain&quot;:[&quot;.nu&quot;],&quot;alpha2Code&quot;:&quot;NU&quot;,&quot;alpha3Code&quot;:&quot;NIU&quot;,&quot;callingCodes&quot;:[&quot;683&quot;],&quot;capital&quot;:&quot;Alofi&quot;,&quot;altSpellings&quot;:[&quot;NU&quot;],&quot;region&quot;:&quot;Oceania&quot;,&quot;subregion&quot;:&quot;Polynesia&quot;,&quot;population&quot;:1470,&quot;latlng&quot;:[-19.03333333,-169.86666666],&quot;demonym&quot;:&quot;Niuean&quot;,&quot;area&quot;:260.0,&quot;gini&quot;:null,&quot;timezones&quot;:[&quot;UTC-11:00&quot;],&quot;borders&quot;:[],&quot;nativeName&quot;:&quot;NiuÄ“&quot;,&quot;numericCode&quot;:&quot;570&quot;,&quot;currencies&quot;:[{&quot;code&quot;:&quot;NZD&quot;,&quot;name&quot;:&quot;New Zealand dollar&quot;,&quot;symbol&quot;:&quot;$&quot;},{&quot;code&quot;:&quot;(none)&quot;,&quot;name&quot;:&quot;Niue dollar&quot;,&quot;symbol&quot;:&quot;$&quot;}],&quot;languages&quot;:[{&quot;iso639_1&quot;:&quot;en&quot;,&quot;iso639_2&quot;:&quot;eng&quot;,&quot;name&quot;:&quot;English&quot;,&quot;nativeName&quot;:&quot;English&quot;}],&quot;translations&quot;:{&quot;de&quot;:&quot;Niue&quot;,&quot;es&quot;:&quot;Niue&quot;,&quot;fr&quot;:&quot;Niue&quot;,&quot;ja&quot;:&quot;ãƒ‹ã‚¦ã‚¨&quot;,&quot;it&quot;:&quot;Niue&quot;,&quot;br&quot;:&quot;Niue&quot;,&quot;pt&quot;:&quot;Niue&quot;,&quot;nl&quot;:&quot;Niue&quot;,&quot;hr&quot;:&quot;Niue&quot;,&quot;fa&quot;:&quot;Ù†ÛŒÙˆÙˆÛŒ&quot;},&quot;flag&quot;:&quot;https://restcountries.eu/data/niu.svg&quot;,&quot;regionalBlocs&quot;:[],&quot;cioc&quot;:&quot;&quot;},{&quot;name&quot;:&quot;Norfolk Island&quot;,&quot;topLevelDomain&quot;:[&quot;.nf&quot;],&quot;alpha2Code&quot;:&quot;NF&quot;,&quot;alpha3Code&quot;:&quot;NFK&quot;,&quot;callingCodes&quot;:[&quot;672&quot;],&quot;capital&quot;:&quot;Kingston&quot;,&quot;altSpellings&quot;:[&quot;NF&quot;,&quot;Territory of Norfolk Island&quot;,&quot;Teratri of Norf&apos;k Ailen&quot;],&quot;region&quot;:&quot;Oceania&quot;,&quot;subregion&quot;:&quot;Australia and New Zealand&quot;,&quot;population&quot;:2302,&quot;latlng&quot;:[-29.03333333,167.95],&quot;demonym&quot;:&quot;Norfolk Islander&quot;,&quot;area&quot;:36.0,&quot;gini&quot;:null,&quot;timezones&quot;:[&quot;UTC+11:30&quot;],&quot;borders&quot;:[],&quot;nativeName&quot;:&quot;Norfolk Island&quot;,&quot;numericCode&quot;:&quot;574&quot;,&quot;currencies&quot;:[{&quot;code&quot;:&quot;AUD&quot;,&quot;name&quot;:&quot;Australian dollar&quot;,&quot;symbol&quot;:&quot;$&quot;}],&quot;languages&quot;:[{&quot;iso639_1&quot;:&quot;en&quot;,&quot;iso639_2&quot;:&quot;eng&quot;,&quot;name&quot;:&quot;English&quot;,&quot;nativeName&quot;:&quot;English&quot;}],&quot;translations&quot;:{&quot;de&quot;:&quot;Norfolkinsel&quot;,&quot;es&quot;:&quot;Isla de Norfolk&quot;,&quot;fr&quot;:&quot;ÃŽle de Norfolk&quot;,&quot;ja&quot;:&quot;ãƒŽãƒ¼ãƒ•ã‚©ãƒ¼ã‚¯å³¶&quot;,&quot;it&quot;:&quot;Isola Norfolk&quot;,&quot;br&quot;:&quot;Ilha Norfolk&quot;,&quot;pt&quot;:&quot;Ilha Norfolk&quot;,&quot;nl&quot;:&quot;Norfolkeiland&quot;,&quot;hr&quot;:&quot;Otok Norfolk&quot;,&quot;fa&quot;:&quot;Ø¬Ø²ÛŒØ±Ù‡ Ù†ÙˆØ±Ù�Ú©&quot;},&quot;flag&quot;:&quot;https://restcountries.eu/data/nfk.svg&quot;,&quot;regionalBlocs&quot;:[],&quot;cioc&quot;:&quot;&quot;},{&quot;name&quot;:&quot;Korea (Democratic People&apos;s Republic of)&quot;,&quot;topLevelDomain&quot;:[&quot;.kp&quot;],&quot;alpha2Code&quot;:&quot;KP&quot;,&quot;alpha3Code&quot;:&quot;PRK&quot;,&quot;callingCodes&quot;:[&quot;850&quot;],&quot;capital&quot;:&quot;Pyongyang&quot;,&quot;altSpellings&quot;:[&quot;KP&quot;,&quot;Democratic People&apos;s Republic of Korea&quot;,&quot;ì¡°ì„ ë¯¼ì£¼ì£¼ì�˜ì�¸ë¯¼ê³µí™”êµ­&quot;,&quot;ChosÅ�n MinjujuÅ­i Inmin Konghwaguk&quot;],&quot;region&quot;:&quot;Asia&quot;,&quot;subregion&quot;:&quot;Eastern Asia&quot;,&quot;population&quot;:25281000,&quot;latlng&quot;:[40.0,127.0],&quot;demonym&quot;:&quot;North Korean&quot;,&quot;area&quot;:120538.0,&quot;gini&quot;:null,&quot;timezones&quot;:[&quot;UTC+09:00&quot;],&quot;borders&quot;:[&quot;CHN&quot;,&quot;KOR&quot;,&quot;RUS&quot;],&quot;nativeName&quot;:&quot;ë¶�í•œ&quot;,&quot;numericCode&quot;:&quot;408&quot;,&quot;currencies&quot;:[{&quot;code&quot;:&quot;KPW&quot;,&quot;name&quot;:&quot;North Korean won&quot;,&quot;symbol&quot;:&quot;â‚©&quot;}],&quot;languages&quot;:[{&quot;iso639_1&quot;:&quot;ko&quot;,&quot;iso639_2&quot;:&quot;kor&quot;,&quot;name&quot;:&quot;Korean&quot;,&quot;nativeName&quot;:&quot;í•œêµ­ì–´&quot;}],&quot;translations&quot;:{&quot;de&quot;:&quot;Nordkorea&quot;,&quot;es&quot;:&quot;Corea del Norte&quot;,&quot;fr&quot;:&quot;CorÃ©e du Nord&quot;,&quot;ja&quot;:&quot;æœ�é®®æ°‘ä¸»ä¸»ç¾©äººæ°‘å…±å’Œå›½&quot;,&quot;it&quot;:&quot;Corea del Nord&quot;,&quot;br&quot;:&quot;Coreia do Norte&quot;,&quot;pt&quot;:&quot;Coreia do Norte&quot;,&quot;nl&quot;:&quot;Noord-Korea&quot;,&quot;hr&quot;:&quot;Sjeverna Koreja&quot;,&quot;fa&quot;:&quot;Ú©Ø±Ù‡ Ø¬Ù†ÙˆØ¨ÛŒ&quot;},&quot;flag&quot;:&quot;https://restcountries.eu/data/prk.svg&quot;,&quot;regionalBlocs&quot;:[],&quot;cioc&quot;:&quot;PRK&quot;},{&quot;name&quot;:&quot;Northern Mariana Islands&quot;,&quot;topLevelDomain&quot;:[&quot;.mp&quot;],&quot;alpha2Code&quot;:&quot;MP&quot;,&quot;alpha3Code&quot;:&quot;MNP&quot;,&quot;callingCodes&quot;:[&quot;1670&quot;],&quot;capital&quot;:&quot;Saipan&quot;,&quot;altSpellings&quot;:[&quot;MP&quot;,&quot;Commonwealth of the Northern Mariana Islands&quot;,&quot;Sankattan Siha Na Islas MariÃ¥nas&quot;],&quot;region&quot;:&quot;Oceania&quot;,&quot;subregion&quot;:&quot;Micronesia&quot;,&quot;population&quot;:56940,&quot;latlng&quot;:[15.2,145.75],&quot;demonym&quot;:&quot;American&quot;,&quot;area&quot;:464.0,&quot;gini&quot;:null,&quot;timezones&quot;:[&quot;UTC+10:00&quot;],&quot;borders&quot;:[],&quot;nativeName&quot;:&quot;Northern Mariana Islands&quot;,&quot;numericCode&quot;:&quot;580&quot;,&quot;currencies&quot;:[{&quot;code&quot;:&quot;USD&quot;,&quot;name&quot;:&quot;United States dollar&quot;,&quot;symbol&quot;:&quot;$&quot;}],&quot;languages&quot;:[{&quot;iso639_1&quot;:&quot;en&quot;,&quot;iso639_2&quot;:&quot;eng&quot;,&quot;name&quot;:&quot;English&quot;,&quot;nativeName&quot;:&quot;English&quot;},{&quot;iso639_1&quot;:&quot;ch&quot;,&quot;iso639_2&quot;:&quot;cha&quot;,&quot;name&quot;:&quot;Chamorro&quot;,&quot;nativeName&quot;:&quot;Chamoru&quot;}],&quot;translations&quot;:{&quot;de&quot;:&quot;NÃ¶rdliche Marianen&quot;,&quot;es&quot;:&quot;Islas Marianas del Norte&quot;,&quot;fr&quot;:&quot;ÃŽles Mariannes du Nord&quot;,&quot;ja&quot;:&quot;åŒ—ãƒžãƒªã‚¢ãƒŠè«¸å³¶&quot;,&quot;it&quot;:&quot;Isole Marianne Settentrionali&quot;,&quot;br&quot;:&quot;Ilhas Marianas&quot;,&quot;pt&quot;:&quot;Ilhas Marianas&quot;,&quot;nl&quot;:&quot;Noordelijke Marianeneilanden&quot;,&quot;hr&quot;:&quot;Sjevernomarijanski otoci&quot;,&quot;fa&quot;:&quot;Ø¬Ø²Ø§ÛŒØ± Ù…Ø§Ø±ÛŒØ§Ù†Ø§ÛŒ Ø´Ù…Ø§Ù„ÛŒ&quot;},&quot;flag&quot;:&quot;https://restcountries.eu/data/mnp.svg&quot;,&quot;regionalBlocs&quot;:[],&quot;cioc&quot;:&quot;&quot;},{&quot;name&quot;:&quot;Norway&quot;,&quot;topLevelDomain&quot;:[&quot;.no&quot;],&quot;alpha2Code&quot;:&quot;NO&quot;,&quot;alpha3Code&quot;:&quot;NOR&quot;,&quot;callingCodes&quot;:[&quot;47&quot;],&quot;capital&quot;:&quot;Oslo&quot;,&quot;altSpellings&quot;:[&quot;NO&quot;,&quot;Norge&quot;,&quot;Noreg&quot;,&quot;Kingdom of Norway&quot;,&quot;Kongeriket Norge&quot;,&quot;Kongeriket Noreg&quot;],&quot;region&quot;:&quot;Europe&quot;,&quot;subregion&quot;:&quot;Northern Europe&quot;,&quot;population&quot;:5223256,&quot;latlng&quot;:[62.0,10.0],&quot;demonym&quot;:&quot;Norwegian&quot;,&quot;area&quot;:323802.0,&quot;gini&quot;:25.8,&quot;timezones&quot;:[&quot;UTC+01:00&quot;],&quot;borders&quot;:[&quot;FIN&quot;,&quot;SWE&quot;,&quot;RUS&quot;],&quot;nativeName&quot;:&quot;Norge&quot;,&quot;numericCode&quot;:&quot;578&quot;,&quot;currencies&quot;:[{&quot;code&quot;:&quot;NOK&quot;,&quot;name&quot;:&quot;Norwegian krone&quot;,&quot;symbol&quot;:&quot;kr&quot;}],&quot;languages&quot;:[{&quot;iso639_1&quot;:&quot;no&quot;,&quot;iso639_2&quot;:&quot;nor&quot;,&quot;name&quot;:&quot;Norwegian&quot;,&quot;nativeName&quot;:&quot;Norsk&quot;},{&quot;iso639_1&quot;:&quot;nb&quot;,&quot;iso639_2&quot;:&quot;nob&quot;,&quot;name&quot;:&quot;Norwegian BokmÃ¥l&quot;,&quot;nativeName&quot;:&quot;Norsk bokmÃ¥l&quot;},{&quot;iso639_1&quot;:&quot;nn&quot;,&quot;iso639_2&quot;:&quot;nno&quot;,&quot;name&quot;:&quot;Norwegian Nynorsk&quot;,&quot;nativeName&quot;:&quot;Norsk nynorsk&quot;}],&quot;translations&quot;:{&quot;de&quot;:&quot;Norwegen&quot;,&quot;es&quot;:&quot;Noruega&quot;,&quot;fr&quot;:&quot;NorvÃ¨ge&quot;,&quot;ja&quot;:&quot;ãƒŽãƒ«ã‚¦ã‚§ãƒ¼&quot;,&quot;it&quot;:&quot;Norvegia&quot;,&quot;br&quot;:&quot;Noruega&quot;,&quot;pt&quot;:&quot;Noruega&quot;,&quot;nl&quot;:&quot;Noorwegen&quot;,&quot;hr&quot;:&quot;NorveÅ¡ka&quot;,&quot;fa&quot;:&quot;Ù†Ø±ÙˆÚ˜&quot;},&quot;flag&quot;:&quot;https://restcountries.eu/data/nor.svg&quot;,&quot;regionalBlocs&quot;:[{&quot;acronym&quot;:&quot;EFTA&quot;,&quot;name&quot;:&quot;European Free Trade Association&quot;,&quot;otherAcronyms&quot;:[],&quot;otherNames&quot;:[]}],&quot;cioc&quot;:&quot;NOR&quot;},{&quot;name&quot;:&quot;Oman&quot;,&quot;topLevelDomain&quot;:[&quot;.om&quot;],&quot;alpha2Code&quot;:&quot;OM&quot;,&quot;alpha3Code&quot;:&quot;OMN&quot;,&quot;callingCodes&quot;:[&quot;968&quot;],&quot;capital&quot;:&quot;Muscat&quot;,&quot;altSpellings&quot;:[&quot;OM&quot;,&quot;Sultanate of Oman&quot;,&quot;Salá¹­anat Ê»UmÄ�n&quot;],&quot;region&quot;:&quot;Asia&quot;,&quot;subregion&quot;:&quot;Western Asia&quot;,&quot;population&quot;:4420133,&quot;latlng&quot;:[21.0,57.0],&quot;demonym&quot;:&quot;Omani&quot;,&quot;area&quot;:309500.0,&quot;gini&quot;:null,&quot;timezones&quot;:[&quot;UTC+04:00&quot;],&quot;borders&quot;:[&quot;SAU&quot;,&quot;ARE&quot;,&quot;YEM&quot;],&quot;nativeName&quot;:&quot;Ø¹Ù…Ø§Ù†&quot;,&quot;numericCode&quot;:&quot;512&quot;,&quot;currencies&quot;:[{&quot;code&quot;:&quot;OMR&quot;,&quot;name&quot;:&quot;Omani rial&quot;,&quot;symbol&quot;:&quot;Ø±.Ø¹.&quot;}],&quot;languages&quot;:[{&quot;iso639_1&quot;:&quot;ar&quot;,&quot;iso639_2&quot;:&quot;ara&quot;,&quot;name&quot;:&quot;Arabic&quot;,&quot;nativeName&quot;:&quot;Ø§Ù„Ø¹Ø±Ø¨ÙŠØ©&quot;}],&quot;translations&quot;:{&quot;de&quot;:&quot;Oman&quot;,&quot;es&quot;:&quot;OmÃ¡n&quot;,&quot;fr&quot;:&quot;Oman&quot;,&quot;ja&quot;:&quot;ã‚ªãƒžãƒ¼ãƒ³&quot;,&quot;it&quot;:&quot;oman&quot;,&quot;br&quot;:&quot;OmÃ£&quot;,&quot;pt&quot;:&quot;OmÃ£&quot;,&quot;nl&quot;:&quot;Oman&quot;,&quot;hr&quot;:&quot;Oman&quot;,&quot;fa&quot;:&quot;Ø¹Ù…Ø§Ù†&quot;},&quot;flag&quot;:&quot;https://restcountries.eu/data/omn.svg&quot;,&quot;regionalBlocs&quot;:[{&quot;acronym&quot;:&quot;AL&quot;,&quot;name&quot;:&quot;Arab League&quot;,&quot;otherAcronyms&quot;:[],&quot;otherNames&quot;:[&quot;Ø¬Ø§Ù…Ø¹Ø© Ø§Ù„Ø¯ÙˆÙ„ Ø§Ù„Ø¹Ø±Ø¨ÙŠØ©&quot;,&quot;JÄ�miÊ»at ad-Duwal al-Ê»ArabÄ«yah&quot;,&quot;League of Arab States&quot;]}],&quot;cioc&quot;:&quot;OMA&quot;},{&quot;name&quot;:&quot;Pakistan&quot;,&quot;topLevelDomain&quot;:[&quot;.pk&quot;],&quot;alpha2Code&quot;:&quot;PK&quot;,&quot;alpha3Code&quot;:&quot;PAK&quot;,&quot;callingCodes&quot;:[&quot;92&quot;],&quot;capital&quot;:&quot;Islamabad&quot;,&quot;altSpellings&quot;:[&quot;PK&quot;,&quot;PÄ�kistÄ�n&quot;,&quot;Islamic Republic of Pakistan&quot;,&quot;IslÄ�mÄ« JumhÅ«riya&apos;eh PÄ�kistÄ�n&quot;],&quot;region&quot;:&quot;Asia&quot;,&quot;subregion&quot;:&quot;Southern Asia&quot;,&quot;population&quot;:194125062,&quot;latlng&quot;:[30.0,70.0],&quot;demonym&quot;:&quot;Pakistani&quot;,&quot;area&quot;:881912.0,&quot;gini&quot;:30.0,&quot;timezones&quot;:[&quot;UTC+05:00&quot;],&quot;borders&quot;:[&quot;AFG&quot;,&quot;CHN&quot;,&quot;IND&quot;,&quot;IRN&quot;],&quot;nativeName&quot;:&quot;Pakistan&quot;,&quot;numericCode&quot;:&quot;586&quot;,&quot;currencies&quot;:[{&quot;code&quot;:&quot;PKR&quot;,&quot;name&quot;:&quot;Pakistani rupee&quot;,&quot;symbol&quot;:&quot;â‚¨&quot;}],&quot;languages&quot;:[{&quot;iso639_1&quot;:&quot;en&quot;,&quot;iso639_2&quot;:&quot;eng&quot;,&quot;name&quot;:&quot;English&quot;,&quot;nativeName&quot;:&quot;English&quot;},{&quot;iso639_1&quot;:&quot;ur&quot;,&quot;iso639_2&quot;:&quot;urd&quot;,&quot;name&quot;:&quot;Urdu&quot;,&quot;nativeName&quot;:&quot;Ø§Ø±Ø¯Ùˆ&quot;}],&quot;translations&quot;:{&quot;de&quot;:&quot;Pakistan&quot;,&quot;es&quot;:&quot;PakistÃ¡n&quot;,&quot;fr&quot;:&quot;Pakistan&quot;,&quot;ja&quot;:&quot;ãƒ‘ã‚­ã‚¹ã‚¿ãƒ³&quot;,&quot;it&quot;:&quot;Pakistan&quot;,&quot;br&quot;:&quot;PaquistÃ£o&quot;,&quot;pt&quot;:&quot;PaquistÃ£o&quot;,&quot;nl&quot;:&quot;Pakistan&quot;,&quot;hr&quot;:&quot;Pakistan&quot;,&quot;fa&quot;:&quot;Ù¾Ø§Ú©Ø³ØªØ§Ù†&quot;},&quot;flag&quot;:&quot;https://restcountries.eu/data/pak.svg&quot;,&quot;regionalBlocs&quot;:[{&quot;acronym&quot;:&quot;SAARC&quot;,&quot;name&quot;:&quot;South Asian Association for Regional Cooperation&quot;,&quot;otherAcronyms&quot;:[],&quot;otherNames&quot;:[]}],&quot;cioc&quot;:&quot;PAK&quot;},{&quot;name&quot;:&quot;Palau&quot;,&quot;topLevelDomain&quot;:[&quot;.pw&quot;],&quot;alpha2Code&quot;:&quot;PW&quot;,&quot;alpha3Code&quot;:&quot;PLW&quot;,&quot;callingCodes&quot;:[&quot;680&quot;],&quot;capital&quot;:&quot;Ngerulmud&quot;,&quot;altSpellings&quot;:[&quot;PW&quot;,&quot;Republic of Palau&quot;,&quot;Beluu er a Belau&quot;],&quot;region&quot;:&quot;Oceania&quot;,&quot;subregion&quot;:&quot;Micronesia&quot;,&quot;population&quot;:17950,&quot;latlng&quot;:[7.5,134.5],&quot;demonym&quot;:&quot;Palauan&quot;,&quot;area&quot;:459.0,&quot;gini&quot;:null,&quot;timezones&quot;:[&quot;UTC+09:00&quot;],&quot;borders&quot;:[],&quot;nativeName&quot;:&quot;Palau&quot;,&quot;numericCode&quot;:&quot;585&quot;,&quot;currencies&quot;:[{&quot;code&quot;:&quot;(none)&quot;,&quot;name&quot;:&quot;[E]&quot;,&quot;symbol&quot;:&quot;$&quot;},{&quot;code&quot;:&quot;USD&quot;,&quot;name&quot;:&quot;United States dollar&quot;,&quot;symbol&quot;:&quot;$&quot;}],&quot;languages&quot;:[{&quot;iso639_1&quot;:&quot;en&quot;,&quot;iso639_2&quot;:&quot;eng&quot;,&quot;name&quot;:&quot;English&quot;,&quot;nativeName&quot;:&quot;English&quot;}],&quot;translations&quot;:{&quot;de&quot;:&quot;Palau&quot;,&quot;es&quot;:&quot;Palau&quot;,&quot;fr&quot;:&quot;Palaos&quot;,&quot;ja&quot;:&quot;ãƒ‘ãƒ©ã‚ª&quot;,&quot;it&quot;:&quot;Palau&quot;,&quot;br&quot;:&quot;Palau&quot;,&quot;pt&quot;:&quot;Palau&quot;,&quot;nl&quot;:&quot;Palau&quot;,&quot;hr&quot;:&quot;Palau&quot;,&quot;fa&quot;:&quot;Ù¾Ø§Ù„Ø§Ø¦Ùˆ&quot;},&quot;flag&quot;:&quot;https://restcountries.eu/data/plw.svg&quot;,&quot;regionalBlocs&quot;:[],&quot;cioc&quot;:&quot;PLW&quot;},{&quot;name&quot;:&quot;Palestine, State of&quot;,&quot;topLevelDomain&quot;:[&quot;.ps&quot;],&quot;alpha2Code&quot;:&quot;PS&quot;,&quot;alpha3Code&quot;:&quot;PSE&quot;,&quot;callingCodes&quot;:[&quot;970&quot;],&quot;capital&quot;:&quot;Ramallah&quot;,&quot;altSpellings&quot;:[&quot;PS&quot;,&quot;State of Palestine&quot;,&quot;Dawlat Filasá¹­in&quot;],&quot;region&quot;:&quot;Asia&quot;,&quot;subregion&quot;:&quot;Western Asia&quot;,&quot;population&quot;:4682467,&quot;latlng&quot;:[31.9,35.2],&quot;demonym&quot;:&quot;Palestinian&quot;,&quot;area&quot;:null,&quot;gini&quot;:35.5,&quot;timezones&quot;:[&quot;UTC+02:00&quot;],&quot;borders&quot;:[&quot;ISR&quot;,&quot;EGY&quot;,&quot;JOR&quot;],&quot;nativeName&quot;:&quot;Ù�Ù„Ø³Ø·ÙŠÙ†&quot;,&quot;numericCode&quot;:&quot;275&quot;,&quot;currencies&quot;:[{&quot;code&quot;:&quot;ILS&quot;,&quot;name&quot;:&quot;Israeli new sheqel&quot;,&quot;symbol&quot;:&quot;â‚ª&quot;}],&quot;languages&quot;:[{&quot;iso639_1&quot;:&quot;ar&quot;,&quot;iso639_2&quot;:&quot;ara&quot;,&quot;name&quot;:&quot;Arabic&quot;,&quot;nativeName&quot;:&quot;Ø§Ù„Ø¹Ø±Ø¨ÙŠØ©&quot;}],&quot;translations&quot;:{&quot;de&quot;:&quot;PalÃ¤stina&quot;,&quot;es&quot;:&quot;Palestina&quot;,&quot;fr&quot;:&quot;Palestine&quot;,&quot;ja&quot;:&quot;ãƒ‘ãƒ¬ã‚¹ãƒ�ãƒŠ&quot;,&quot;it&quot;:&quot;Palestina&quot;,&quot;br&quot;:&quot;Palestina&quot;,&quot;pt&quot;:&quot;Palestina&quot;,&quot;nl&quot;:&quot;Palestijnse gebieden&quot;,&quot;hr&quot;:&quot;Palestina&quot;,&quot;fa&quot;:&quot;Ù�Ù„Ø³Ø·ÛŒÙ†&quot;},&quot;flag&quot;:&quot;https://restcountries.eu/data/pse.svg&quot;,&quot;regionalBlocs&quot;:[{&quot;acronym&quot;:&quot;AL&quot;,&quot;name&quot;:&quot;Arab League&quot;,&quot;otherAcronyms&quot;:[],&quot;otherNames&quot;:[&quot;Ø¬Ø§Ù…Ø¹Ø© Ø§Ù„Ø¯ÙˆÙ„ Ø§Ù„Ø¹Ø±Ø¨ÙŠØ©&quot;,&quot;JÄ�miÊ»at ad-Duwal al-Ê»ArabÄ«yah&quot;,&quot;League of Arab States&quot;]}],&quot;cioc&quot;:&quot;PLE&quot;},{&quot;name&quot;:&quot;Panama&quot;,&quot;topLevelDomain&quot;:[&quot;.pa&quot;],&quot;alpha2Code&quot;:&quot;PA&quot;,&quot;alpha3Code&quot;:&quot;PAN&quot;,&quot;callingCodes&quot;:[&quot;507&quot;],&quot;capital&quot;:&quot;Panama City&quot;,&quot;altSpellings&quot;:[&quot;PA&quot;,&quot;Republic of Panama&quot;,&quot;RepÃºblica de PanamÃ¡&quot;],&quot;region&quot;:&quot;Americas&quot;,&quot;subregion&quot;:&quot;Central America&quot;,&quot;population&quot;:3814672,&quot;latlng&quot;:[9.0,-80.0],&quot;demonym&quot;:&quot;Panamanian&quot;,&quot;area&quot;:75417.0,&quot;gini&quot;:51.9,&quot;timezones&quot;:[&quot;UTC-05:00&quot;],&quot;borders&quot;:[&quot;COL&quot;,&quot;CRI&quot;],&quot;nativeName&quot;:&quot;PanamÃ¡&quot;,&quot;numericCode&quot;:&quot;591&quot;,&quot;currencies&quot;:[{&quot;code&quot;:&quot;PAB&quot;,&quot;name&quot;:&quot;Panamanian balboa&quot;,&quot;symbol&quot;:&quot;B/.&quot;},{&quot;code&quot;:&quot;USD&quot;,&quot;name&quot;:&quot;United States dollar&quot;,&quot;symbol&quot;:&quot;$&quot;}],&quot;languages&quot;:[{&quot;iso639_1&quot;:&quot;es&quot;,&quot;iso639_2&quot;:&quot;spa&quot;,&quot;name&quot;:&quot;Spanish&quot;,&quot;nativeName&quot;:&quot;EspaÃ±ol&quot;}],&quot;translations&quot;:{&quot;de&quot;:&quot;Panama&quot;,&quot;es&quot;:&quot;PanamÃ¡&quot;,&quot;fr&quot;:&quot;Panama&quot;,&quot;ja&quot;:&quot;ãƒ‘ãƒŠãƒž&quot;,&quot;it&quot;:&quot;Panama&quot;,&quot;br&quot;:&quot;PanamÃ¡&quot;,&quot;pt&quot;:&quot;PanamÃ¡&quot;,&quot;nl&quot;:&quot;Panama&quot;,&quot;hr&quot;:&quot;Panama&quot;,&quot;fa&quot;:&quot;Ù¾Ø§Ù†Ø§Ù…Ø§&quot;},&quot;flag&quot;:&quot;https://restcountries.eu/data/pan.svg&quot;,&quot;regionalBlocs&quot;:[{&quot;acronym&quot;:&quot;CAIS&quot;,&quot;name&quot;:&quot;Central American Integration System&quot;,&quot;otherAcronyms&quot;:[&quot;SICA&quot;],&quot;otherNames&quot;:[&quot;Sistema de la IntegraciÃ³n Centroamericana,&quot;]}],&quot;cioc&quot;:&quot;PAN&quot;},{&quot;name&quot;:&quot;Papua New Guinea&quot;,&quot;topLevelDomain&quot;:[&quot;.pg&quot;],&quot;alpha2Code&quot;:&quot;PG&quot;,&quot;alpha3Code&quot;:&quot;PNG&quot;,&quot;callingCodes&quot;:[&quot;675&quot;],&quot;capital&quot;:&quot;Port Moresby&quot;,&quot;altSpellings&quot;:[&quot;PG&quot;,&quot;Independent State of Papua New Guinea&quot;,&quot;Independen Stet bilong Papua Niugini&quot;],&quot;region&quot;:&quot;Oceania&quot;,&quot;subregion&quot;:&quot;Melanesia&quot;,&quot;population&quot;:8083700,&quot;latlng&quot;:[-6.0,147.0],&quot;demonym&quot;:&quot;Papua New Guinean&quot;,&quot;area&quot;:462840.0,&quot;gini&quot;:50.9,&quot;timezones&quot;:[&quot;UTC+10:00&quot;],&quot;borders&quot;:[&quot;IDN&quot;],&quot;nativeName&quot;:&quot;Papua Niugini&quot;,&quot;numericCode&quot;:&quot;598&quot;,&quot;currencies&quot;:[{&quot;code&quot;:&quot;PGK&quot;,&quot;name&quot;:&quot;Papua New Guinean kina&quot;,&quot;symbol&quot;:&quot;K&quot;}],&quot;languages&quot;:[{&quot;iso639_1&quot;:&quot;en&quot;,&quot;iso639_2&quot;:&quot;eng&quot;,&quot;name&quot;:&quot;English&quot;,&quot;nativeName&quot;:&quot;English&quot;}],&quot;translations&quot;:{&quot;de&quot;:&quot;Papua-Neuguinea&quot;,&quot;es&quot;:&quot;PapÃºa Nueva Guinea&quot;,&quot;fr&quot;:&quot;Papouasie-Nouvelle-GuinÃ©e&quot;,&quot;ja&quot;:&quot;ãƒ‘ãƒ—ã‚¢ãƒ‹ãƒ¥ãƒ¼ã‚®ãƒ‹ã‚¢&quot;,&quot;it&quot;:&quot;Papua Nuova Guinea&quot;,&quot;br&quot;:&quot;Papua Nova GuinÃ©&quot;,&quot;pt&quot;:&quot;Papua Nova GuinÃ©&quot;,&quot;nl&quot;:&quot;Papoea-Nieuw-Guinea&quot;,&quot;hr&quot;:&quot;Papua Nova Gvineja&quot;,&quot;fa&quot;:&quot;Ù¾Ø§Ù¾ÙˆØ¢ Ú¯ÛŒÙ†Ù‡ Ù†Ùˆ&quot;},&quot;flag&quot;:&quot;https://restcountries.eu/data/png.svg&quot;,&quot;regionalBlocs&quot;:[],&quot;cioc&quot;:&quot;PNG&quot;},{&quot;name&quot;:&quot;Paraguay&quot;,&quot;topLevelDomain&quot;:[&quot;.py&quot;],&quot;alpha2Code&quot;:&quot;PY&quot;,&quot;alpha3Code&quot;:&quot;PRY&quot;,&quot;callingCodes&quot;:[&quot;595&quot;],&quot;capital&quot;:&quot;AsunciÃ³n&quot;,&quot;altSpellings&quot;:[&quot;PY&quot;,&quot;Republic of Paraguay&quot;,&quot;RepÃºblica del Paraguay&quot;,&quot;TetÃ£ ParaguÃ¡i&quot;],&quot;region&quot;:&quot;Americas&quot;,&quot;subregion&quot;:&quot;South America&quot;,&quot;population&quot;:6854536,&quot;latlng&quot;:[-23.0,-58.0],&quot;demonym&quot;:&quot;Paraguayan&quot;,&quot;area&quot;:406752.0,&quot;gini&quot;:52.4,&quot;timezones&quot;:[&quot;UTC-04:00&quot;],&quot;borders&quot;:[&quot;ARG&quot;,&quot;BOL&quot;,&quot;BRA&quot;],&quot;nativeName&quot;:&quot;Paraguay&quot;,&quot;numericCode&quot;:&quot;600&quot;,&quot;currencies&quot;:[{&quot;code&quot;:&quot;PYG&quot;,&quot;name&quot;:&quot;Paraguayan guaranÃ­&quot;,&quot;symbol&quot;:&quot;â‚²&quot;}],&quot;languages&quot;:[{&quot;iso639_1&quot;:&quot;es&quot;,&quot;iso639_2&quot;:&quot;spa&quot;,&quot;name&quot;:&quot;Spanish&quot;,&quot;nativeName&quot;:&quot;EspaÃ±ol&quot;},{&quot;iso639_1&quot;:&quot;gn&quot;,&quot;iso639_2&quot;:&quot;grn&quot;,&quot;name&quot;:&quot;GuaranÃ­&quot;,&quot;nativeName&quot;:&quot;AvaÃ±e&apos;áº½&quot;}],&quot;translations&quot;:{&quot;de&quot;:&quot;Paraguay&quot;,&quot;es&quot;:&quot;Paraguay&quot;,&quot;fr&quot;:&quot;Paraguay&quot;,&quot;ja&quot;:&quot;ãƒ‘ãƒ©ã‚°ã‚¢ã‚¤&quot;,&quot;it&quot;:&quot;Paraguay&quot;,&quot;br&quot;:&quot;Paraguai&quot;,&quot;pt&quot;:&quot;Paraguai&quot;,&quot;nl&quot;:&quot;Paraguay&quot;,&quot;hr&quot;:&quot;Paragvaj&quot;,&quot;fa&quot;:&quot;Ù¾Ø§Ø±Ø§Ú¯ÙˆØ¦Ù‡&quot;},&quot;flag&quot;:&quot;https://restcountries.eu/data/pry.svg&quot;,&quot;regionalBlocs&quot;:[{&quot;acronym&quot;:&quot;USAN&quot;,&quot;name&quot;:&quot;Union of South American Nations&quot;,&quot;otherAcronyms&quot;:[&quot;UNASUR&quot;,&quot;UNASUL&quot;,&quot;UZAN&quot;],&quot;otherNames&quot;:[&quot;UniÃ³n de Naciones Suramericanas&quot;,&quot;UniÃ£o de NaÃ§Ãµes Sul-Americanas&quot;,&quot;Unie van Zuid-Amerikaanse Naties&quot;,&quot;South American Union&quot;]}],&quot;cioc&quot;:&quot;PAR&quot;},{&quot;name&quot;:&quot;Peru&quot;,&quot;topLevelDomain&quot;:[&quot;.pe&quot;],&quot;alpha2Code&quot;:&quot;PE&quot;,&quot;alpha3Code&quot;:&quot;PER&quot;,&quot;callingCodes&quot;:[&quot;51&quot;],&quot;capital&quot;:&quot;Lima&quot;,&quot;altSpellings&quot;:[&quot;PE&quot;,&quot;Republic of Peru&quot;,&quot; RepÃºblica del PerÃº&quot;],&quot;region&quot;:&quot;Americas&quot;,&quot;subregion&quot;:&quot;South America&quot;,&quot;population&quot;:31488700,&quot;latlng&quot;:[-10.0,-76.0],&quot;demonym&quot;:&quot;Peruvian&quot;,&quot;area&quot;:1285216.0,&quot;gini&quot;:48.1,&quot;timezones&quot;:[&quot;UTC-05:00&quot;],&quot;borders&quot;:[&quot;BOL&quot;,&quot;BRA&quot;,&quot;CHL&quot;,&quot;COL&quot;,&quot;ECU&quot;],&quot;nativeName&quot;:&quot;PerÃº&quot;,&quot;numericCode&quot;:&quot;604&quot;,&quot;currencies&quot;:[{&quot;code&quot;:&quot;PEN&quot;,&quot;name&quot;:&quot;Peruvian sol&quot;,&quot;symbol&quot;:&quot;S/.&quot;}],&quot;languages&quot;:[{&quot;iso639_1&quot;:&quot;es&quot;,&quot;iso639_2&quot;:&quot;spa&quot;,&quot;name&quot;:&quot;Spanish&quot;,&quot;nativeName&quot;:&quot;EspaÃ±ol&quot;}],&quot;translations&quot;:{&quot;de&quot;:&quot;Peru&quot;,&quot;es&quot;:&quot;PerÃº&quot;,&quot;fr&quot;:&quot;PÃ©rou&quot;,&quot;ja&quot;:&quot;ãƒšãƒ«ãƒ¼&quot;,&quot;it&quot;:&quot;PerÃ¹&quot;,&quot;br&quot;:&quot;Peru&quot;,&quot;pt&quot;:&quot;Peru&quot;,&quot;nl&quot;:&quot;Peru&quot;,&quot;hr&quot;:&quot;Peru&quot;,&quot;fa&quot;:&quot;Ù¾Ø±Ùˆ&quot;},&quot;flag&quot;:&quot;https://restcountries.eu/data/per.svg&quot;,&quot;regionalBlocs&quot;:[{&quot;acronym&quot;:&quot;PA&quot;,&quot;name&quot;:&quot;Pacific Alliance&quot;,&quot;otherAcronyms&quot;:[],&quot;otherNames&quot;:[&quot;Alianza del PacÃ­fico&quot;]},{&quot;acronym&quot;:&quot;USAN&quot;,&quot;name&quot;:&quot;Union of South American Nations&quot;,&quot;otherAcronyms&quot;:[&quot;UNASUR&quot;,&quot;UNASUL&quot;,&quot;UZAN&quot;],&quot;otherNames&quot;:[&quot;UniÃ³n de Naciones Suramericanas&quot;,&quot;UniÃ£o de NaÃ§Ãµes Sul-Americanas&quot;,&quot;Unie van Zuid-Amerikaanse Naties&quot;,&quot;South American Union&quot;]}],&quot;cioc&quot;:&quot;PER&quot;},{&quot;name&quot;:&quot;Philippines&quot;,&quot;topLevelDomain&quot;:[&quot;.ph&quot;],&quot;alpha2Code&quot;:&quot;PH&quot;,&quot;alpha3Code&quot;:&quot;PHL&quot;,&quot;callingCodes&quot;:[&quot;63&quot;],&quot;capital&quot;:&quot;Manila&quot;,&quot;altSpellings&quot;:[&quot;PH&quot;,&quot;Republic of the Philippines&quot;,&quot;RepÃºblika ng Pilipinas&quot;],&quot;region&quot;:&quot;Asia&quot;,&quot;subregion&quot;:&quot;South-Eastern Asia&quot;,&quot;population&quot;:103279800,&quot;latlng&quot;:[13.0,122.0],&quot;demonym&quot;:&quot;Filipino&quot;,&quot;area&quot;:342353.0,&quot;gini&quot;:43.0,&quot;timezones&quot;:[&quot;UTC+08:00&quot;],&quot;borders&quot;:[],&quot;nativeName&quot;:&quot;Pilipinas&quot;,&quot;numericCode&quot;:&quot;608&quot;,&quot;currencies&quot;:[{&quot;code&quot;:&quot;PHP&quot;,&quot;name&quot;:&quot;Philippine peso&quot;,&quot;symbol&quot;:&quot;â‚±&quot;}],&quot;languages&quot;:[{&quot;iso639_1&quot;:&quot;en&quot;,&quot;iso639_2&quot;:&quot;eng&quot;,&quot;name&quot;:&quot;English&quot;,&quot;nativeName&quot;:&quot;English&quot;}],&quot;translations&quot;:{&quot;de&quot;:&quot;Philippinen&quot;,&quot;es&quot;:&quot;Filipinas&quot;,&quot;fr&quot;:&quot;Philippines&quot;,&quot;ja&quot;:&quot;ãƒ•ã‚£ãƒªãƒ”ãƒ³&quot;,&quot;it&quot;:&quot;Filippine&quot;,&quot;br&quot;:&quot;Filipinas&quot;,&quot;pt&quot;:&quot;Filipinas&quot;,&quot;nl&quot;:&quot;Filipijnen&quot;,&quot;hr&quot;:&quot;Filipini&quot;,&quot;fa&quot;:&quot;Ø¬Ø²Ø§ÛŒØ± Ø§Ù„Ù†Ø¯Ù�ÛŒÙ„ÛŒÙ¾ÛŒÙ†&quot;},&quot;flag&quot;:&quot;https://restcountries.eu/data/phl.svg&quot;,&quot;regionalBlocs&quot;:[{&quot;acronym&quot;:&quot;ASEAN&quot;,&quot;name&quot;:&quot;Association of Southeast Asian Nations&quot;,&quot;otherAcronyms&quot;:[],&quot;otherNames&quot;:[]}],&quot;cioc&quot;:&quot;PHI&quot;},{&quot;name&quot;:&quot;Pitcairn&quot;,&quot;topLevelDomain&quot;:[&quot;.pn&quot;],&quot;alpha2Code&quot;:&quot;PN&quot;,&quot;alpha3Code&quot;:&quot;PCN&quot;,&quot;callingCodes&quot;:[&quot;64&quot;],&quot;capital&quot;:&quot;Adamstown&quot;,&quot;altSpellings&quot;:[&quot;PN&quot;,&quot;Pitcairn Henderson Ducie and Oeno Islands&quot;],&quot;region&quot;:&quot;Oceania&quot;,&quot;subregion&quot;:&quot;Polynesia&quot;,&quot;population&quot;:56,&quot;latlng&quot;:[-25.06666666,-130.1],&quot;demonym&quot;:&quot;Pitcairn Islander&quot;,&quot;area&quot;:47.0,&quot;gini&quot;:null,&quot;timezones&quot;:[&quot;UTC-08:00&quot;],&quot;borders&quot;:[],&quot;nativeName&quot;:&quot;Pitcairn Islands&quot;,&quot;numericCode&quot;:&quot;612&quot;,&quot;currencies&quot;:[{&quot;code&quot;:&quot;NZD&quot;,&quot;name&quot;:&quot;New Zealand dollar&quot;,&quot;symbol&quot;:&quot;$&quot;},{&quot;code&quot;:null,&quot;name&quot;:&quot;Pitcairn Islands dollar&quot;,&quot;symbol&quot;:&quot;$&quot;}],&quot;languages&quot;:[{&quot;iso639_1&quot;:&quot;en&quot;,&quot;iso639_2&quot;:&quot;eng&quot;,&quot;name&quot;:&quot;English&quot;,&quot;nativeName&quot;:&quot;English&quot;}],&quot;translations&quot;:{&quot;de&quot;:&quot;Pitcairn&quot;,&quot;es&quot;:&quot;Islas Pitcairn&quot;,&quot;fr&quot;:&quot;ÃŽles Pitcairn&quot;,&quot;ja&quot;:&quot;ãƒ”ãƒˆã‚±ã‚¢ãƒ³&quot;,&quot;it&quot;:&quot;Isole Pitcairn&quot;,&quot;br&quot;:&quot;Ilhas Pitcairn&quot;,&quot;pt&quot;:&quot;Ilhas PicÃ¡rnia&quot;,&quot;nl&quot;:&quot;Pitcairneilanden&quot;,&quot;hr&quot;:&quot;Pitcairnovo otoÄ�je&quot;,&quot;fa&quot;:&quot;Ù¾ÛŒØªÚ©Ø±Ù†&quot;},&quot;flag&quot;:&quot;https://restcountries.eu/data/pcn.svg&quot;,&quot;regionalBlocs&quot;:[],&quot;cioc&quot;:&quot;&quot;},{&quot;name&quot;:&quot;Poland&quot;,&quot;topLevelDomain&quot;:[&quot;.pl&quot;],&quot;alpha2Code&quot;:&quot;PL&quot;,&quot;alpha3Code&quot;:&quot;POL&quot;,&quot;callingCodes&quot;:[&quot;48&quot;],&quot;capital&quot;:&quot;Warsaw&quot;,&quot;altSpellings&quot;:[&quot;PL&quot;,&quot;Republic of Poland&quot;,&quot;Rzeczpospolita Polska&quot;],&quot;region&quot;:&quot;Europe&quot;,&quot;subregion&quot;:&quot;Eastern Europe&quot;,&quot;population&quot;:38437239,&quot;latlng&quot;:[52.0,20.0],&quot;demonym&quot;:&quot;Polish&quot;,&quot;area&quot;:312679.0,&quot;gini&quot;:34.1,&quot;timezones&quot;:[&quot;UTC+01:00&quot;],&quot;borders&quot;:[&quot;BLR&quot;,&quot;CZE&quot;,&quot;DEU&quot;,&quot;LTU&quot;,&quot;RUS&quot;,&quot;SVK&quot;,&quot;UKR&quot;],&quot;nativeName&quot;:&quot;Polska&quot;,&quot;numericCode&quot;:&quot;616&quot;,&quot;currencies&quot;:[{&quot;code&quot;:&quot;PLN&quot;,&quot;name&quot;:&quot;Polish zÅ‚oty&quot;,&quot;symbol&quot;:&quot;zÅ‚&quot;}],&quot;languages&quot;:[{&quot;iso639_1&quot;:&quot;pl&quot;,&quot;iso639_2&quot;:&quot;pol&quot;,&quot;name&quot;:&quot;Polish&quot;,&quot;nativeName&quot;:&quot;jÄ™zyk polski&quot;}],&quot;translations&quot;:{&quot;de&quot;:&quot;Polen&quot;,&quot;es&quot;:&quot;Polonia&quot;,&quot;fr&quot;:&quot;Pologne&quot;,&quot;ja&quot;:&quot;ãƒ�ãƒ¼ãƒ©ãƒ³ãƒ‰&quot;,&quot;it&quot;:&quot;Polonia&quot;,&quot;br&quot;:&quot;PolÃ´nia&quot;,&quot;pt&quot;:&quot;PolÃ³nia&quot;,&quot;nl&quot;:&quot;Polen&quot;,&quot;hr&quot;:&quot;Poljska&quot;,&quot;fa&quot;:&quot;Ù„Ù‡Ø³ØªØ§Ù†&quot;},&quot;flag&quot;:&quot;https://restcountries.eu/data/pol.svg&quot;,&quot;regionalBlocs&quot;:[{&quot;acronym&quot;:&quot;EU&quot;,&quot;name&quot;:&quot;European Union&quot;,&quot;otherAcronyms&quot;:[],&quot;otherNames&quot;:[]}],&quot;cioc&quot;:&quot;POL&quot;},{&quot;name&quot;:&quot;Portugal&quot;,&quot;topLevelDomain&quot;:[&quot;.pt&quot;],&quot;alpha2Code&quot;:&quot;PT&quot;,&quot;alpha3Code&quot;:&quot;PRT&quot;,&quot;callingCodes&quot;:[&quot;351&quot;],&quot;capital&quot;:&quot;Lisbon&quot;,&quot;altSpellings&quot;:[&quot;PT&quot;,&quot;Portuguesa&quot;,&quot;Portuguese Republic&quot;,&quot;RepÃºblica Portuguesa&quot;],&quot;region&quot;:&quot;Europe&quot;,&quot;subregion&quot;:&quot;Southern Europe&quot;,&quot;population&quot;:10374822,&quot;latlng&quot;:[39.5,-8.0],&quot;demonym&quot;:&quot;Portuguese&quot;,&quot;area&quot;:92090.0,&quot;gini&quot;:38.5,&quot;timezones&quot;:[&quot;UTC-01:00&quot;,&quot;UTC&quot;],&quot;borders&quot;:[&quot;ESP&quot;],&quot;nativeName&quot;:&quot;Portugal&quot;,&quot;numericCode&quot;:&quot;620&quot;,&quot;currencies&quot;:[{&quot;code&quot;:&quot;EUR&quot;,&quot;name&quot;:&quot;Euro&quot;,&quot;symbol&quot;:&quot;â‚¬&quot;}],&quot;languages&quot;:[{&quot;iso639_1&quot;:&quot;pt&quot;,&quot;iso639_2&quot;:&quot;por&quot;,&quot;name&quot;:&quot;Portuguese&quot;,&quot;nativeName&quot;:&quot;PortuguÃªs&quot;}],&quot;translations&quot;:{&quot;de&quot;:&quot;Portugal&quot;,&quot;es&quot;:&quot;Portugal&quot;,&quot;fr&quot;:&quot;Portugal&quot;,&quot;ja&quot;:&quot;ãƒ�ãƒ«ãƒˆã‚¬ãƒ«&quot;,&quot;it&quot;:&quot;Portogallo&quot;,&quot;br&quot;:&quot;Portugal&quot;,&quot;pt&quot;:&quot;Portugal&quot;,&quot;nl&quot;:&quot;Portugal&quot;,&quot;hr&quot;:&quot;Portugal&quot;,&quot;fa&quot;:&quot;Ù¾Ø±ØªØºØ§Ù„&quot;},&quot;flag&quot;:&quot;https://restcountries.eu/data/prt.svg&quot;,&quot;regionalBlocs&quot;:[{&quot;acronym&quot;:&quot;EU&quot;,&quot;name&quot;:&quot;European Union&quot;,&quot;otherAcronyms&quot;:[],&quot;otherNames&quot;:[]}],&quot;cioc&quot;:&quot;POR&quot;},{&quot;name&quot;:&quot;Puerto Rico&quot;,&quot;topLevelDomain&quot;:[&quot;.pr&quot;],&quot;alpha2Code&quot;:&quot;PR&quot;,&quot;alpha3Code&quot;:&quot;PRI&quot;,&quot;callingCodes&quot;:[&quot;1787&quot;,&quot;1939&quot;],&quot;capital&quot;:&quot;San Juan&quot;,&quot;altSpellings&quot;:[&quot;PR&quot;,&quot;Commonwealth of Puerto Rico&quot;,&quot;Estado Libre Asociado de Puerto Rico&quot;],&quot;region&quot;:&quot;Americas&quot;,&quot;subregion&quot;:&quot;Caribbean&quot;,&quot;population&quot;:3474182,&quot;latlng&quot;:[18.25,-66.5],&quot;demonym&quot;:&quot;Puerto Rican&quot;,&quot;area&quot;:8870.0,&quot;gini&quot;:null,&quot;timezones&quot;:[&quot;UTC-04:00&quot;],&quot;borders&quot;:[],&quot;nativeName&quot;:&quot;Puerto Rico&quot;,&quot;numericCode&quot;:&quot;630&quot;,&quot;currencies&quot;:[{&quot;code&quot;:&quot;USD&quot;,&quot;name&quot;:&quot;United States dollar&quot;,&quot;symbol&quot;:&quot;$&quot;}],&quot;languages&quot;:[{&quot;iso639_1&quot;:&quot;es&quot;,&quot;iso639_2&quot;:&quot;spa&quot;,&quot;name&quot;:&quot;Spanish&quot;,&quot;nativeName&quot;:&quot;EspaÃ±ol&quot;},{&quot;iso639_1&quot;:&quot;en&quot;,&quot;iso639_2&quot;:&quot;eng&quot;,&quot;name&quot;:&quot;English&quot;,&quot;nativeName&quot;:&quot;English&quot;}],&quot;translations&quot;:{&quot;de&quot;:&quot;Puerto Rico&quot;,&quot;es&quot;:&quot;Puerto Rico&quot;,&quot;fr&quot;:&quot;Porto Rico&quot;,&quot;ja&quot;:&quot;ãƒ—ã‚¨ãƒ«ãƒˆãƒªã‚³&quot;,&quot;it&quot;:&quot;Porto Rico&quot;,&quot;br&quot;:&quot;Porto Rico&quot;,&quot;pt&quot;:&quot;Porto Rico&quot;,&quot;nl&quot;:&quot;Puerto Rico&quot;,&quot;hr&quot;:&quot;Portoriko&quot;,&quot;fa&quot;:&quot;Ù¾ÙˆØ±ØªÙˆ Ø±ÛŒÚ©Ùˆ&quot;},&quot;flag&quot;:&quot;https://restcountries.eu/data/pri.svg&quot;,&quot;regionalBlocs&quot;:[],&quot;cioc&quot;:&quot;PUR&quot;},{&quot;name&quot;:&quot;Qatar&quot;,&quot;topLevelDomain&quot;:[&quot;.qa&quot;],&quot;alpha2Code&quot;:&quot;QA&quot;,&quot;alpha3Code&quot;:&quot;QAT&quot;,&quot;callingCodes&quot;:[&quot;974&quot;],&quot;capital&quot;:&quot;Doha&quot;,&quot;altSpellings&quot;:[&quot;QA&quot;,&quot;State of Qatar&quot;,&quot;Dawlat Qaá¹­ar&quot;],&quot;region&quot;:&quot;Asia&quot;,&quot;subregion&quot;:&quot;Western Asia&quot;,&quot;population&quot;:2587564,&quot;latlng&quot;:[25.5,51.25],&quot;demonym&quot;:&quot;Qatari&quot;,&quot;area&quot;:11586.0,&quot;gini&quot;:41.1,&quot;timezones&quot;:[&quot;UTC+03:00&quot;],&quot;borders&quot;:[&quot;SAU&quot;],&quot;nativeName&quot;:&quot;Ù‚Ø·Ø±&quot;,&quot;numericCode&quot;:&quot;634&quot;,&quot;currencies&quot;:[{&quot;code&quot;:&quot;QAR&quot;,&quot;name&quot;:&quot;Qatari riyal&quot;,&quot;symbol&quot;:&quot;Ø±.Ù‚&quot;}],&quot;languages&quot;:[{&quot;iso639_1&quot;:&quot;ar&quot;,&quot;iso639_2&quot;:&quot;ara&quot;,&quot;name&quot;:&quot;Arabic&quot;,&quot;nativeName&quot;:&quot;Ø§Ù„Ø¹Ø±Ø¨ÙŠØ©&quot;}],&quot;translations&quot;:{&quot;de&quot;:&quot;Katar&quot;,&quot;es&quot;:&quot;Catar&quot;,&quot;fr&quot;:&quot;Qatar&quot;,&quot;ja&quot;:&quot;ã‚«ã‚¿ãƒ¼ãƒ«&quot;,&quot;it&quot;:&quot;Qatar&quot;,&quot;br&quot;:&quot;Catar&quot;,&quot;pt&quot;:&quot;Catar&quot;,&quot;nl&quot;:&quot;Qatar&quot;,&quot;hr&quot;:&quot;Katar&quot;,&quot;fa&quot;:&quot;Ù‚Ø·Ø±&quot;},&quot;flag&quot;:&quot;https://restcountries.eu/data/qat.svg&quot;,&quot;regionalBlocs&quot;:[{&quot;acronym&quot;:&quot;AL&quot;,&quot;name&quot;:&quot;Arab League&quot;,&quot;otherAcronyms&quot;:[],&quot;otherNames&quot;:[&quot;Ø¬Ø§Ù…Ø¹Ø© Ø§Ù„Ø¯ÙˆÙ„ Ø§Ù„Ø¹Ø±Ø¨ÙŠØ©&quot;,&quot;JÄ�miÊ»at ad-Duwal al-Ê»ArabÄ«yah&quot;,&quot;League of Arab States&quot;]}],&quot;cioc&quot;:&quot;QAT&quot;},{&quot;name&quot;:&quot;Republic of Kosovo&quot;,&quot;topLevelDomain&quot;:[&quot;&quot;],&quot;alpha2Code&quot;:&quot;XK&quot;,&quot;alpha3Code&quot;:&quot;KOS&quot;,&quot;callingCodes&quot;:[&quot;383&quot;],&quot;capital&quot;:&quot;Pristina&quot;,&quot;altSpellings&quot;:[&quot;XK&quot;,&quot;Ð ÐµÐ¿ÑƒÐ±Ð»Ð¸ÐºÐ° ÐšÐ¾Ñ�Ð¾Ð²Ð¾&quot;],&quot;region&quot;:&quot;Europe&quot;,&quot;subregion&quot;:&quot;Eastern Europe&quot;,&quot;population&quot;:1733842,&quot;latlng&quot;:[42.666667,21.166667],&quot;demonym&quot;:&quot;Kosovar&quot;,&quot;area&quot;:10908.0,&quot;gini&quot;:null,&quot;timezones&quot;:[&quot;UTC+01:00&quot;],&quot;borders&quot;:[&quot;ALB&quot;,&quot;MKD&quot;,&quot;MNE&quot;,&quot;SRB&quot;],&quot;nativeName&quot;:&quot;Republika e KosovÃ«s&quot;,&quot;numericCode&quot;:null,&quot;currencies&quot;:[{&quot;code&quot;:&quot;EUR&quot;,&quot;name&quot;:&quot;Euro&quot;,&quot;symbol&quot;:&quot;â‚¬&quot;}],&quot;languages&quot;:[{&quot;iso639_1&quot;:&quot;sq&quot;,&quot;iso639_2&quot;:&quot;sqi&quot;,&quot;name&quot;:&quot;Albanian&quot;,&quot;nativeName&quot;:&quot;Shqip&quot;},{&quot;iso639_1&quot;:&quot;sr&quot;,&quot;iso639_2&quot;:&quot;srp&quot;,&quot;name&quot;:&quot;Serbian&quot;,&quot;nativeName&quot;:&quot;Ñ�Ñ€Ð¿Ñ�ÐºÐ¸ Ñ˜ÐµÐ·Ð¸Ðº&quot;}],&quot;translations&quot;:{&quot;de&quot;:null,&quot;es&quot;:&quot;Kosovo&quot;,&quot;fr&quot;:null,&quot;ja&quot;:null,&quot;it&quot;:null,&quot;br&quot;:&quot;Kosovo&quot;,&quot;pt&quot;:&quot;Kosovo&quot;,&quot;nl&quot;:null,&quot;hr&quot;:&quot;Kosovo&quot;,&quot;fa&quot;:&quot;Ú©ÙˆØ²ÙˆÙˆ&quot;},&quot;flag&quot;:&quot;https://restcountries.eu/data/kos.svg&quot;,&quot;regionalBlocs&quot;:[{&quot;acronym&quot;:&quot;CEFTA&quot;,&quot;name&quot;:&quot;Central European Free Trade Agreement&quot;,&quot;otherAcronyms&quot;:[],&quot;otherNames&quot;:[]}],&quot;cioc&quot;:null},{&quot;name&quot;:&quot;RÃ©union&quot;,&quot;topLevelDomain&quot;:[&quot;.re&quot;],&quot;alpha2Code&quot;:&quot;RE&quot;,&quot;alpha3Code&quot;:&quot;REU&quot;,&quot;callingCodes&quot;:[&quot;262&quot;],&quot;capital&quot;:&quot;Saint-Denis&quot;,&quot;altSpellings&quot;:[&quot;RE&quot;,&quot;Reunion&quot;],&quot;region&quot;:&quot;Africa&quot;,&quot;subregion&quot;:&quot;Eastern Africa&quot;,&quot;population&quot;:840974,&quot;latlng&quot;:[-21.15,55.5],&quot;demonym&quot;:&quot;French&quot;,&quot;area&quot;:null,&quot;gini&quot;:null,&quot;timezones&quot;:[&quot;UTC+04:00&quot;],&quot;borders&quot;:[],&quot;nativeName&quot;:&quot;La RÃ©union&quot;,&quot;numericCode&quot;:&quot;638&quot;,&quot;currencies&quot;:[{&quot;code&quot;:&quot;EUR&quot;,&quot;name&quot;:&quot;Euro&quot;,&quot;symbol&quot;:&quot;â‚¬&quot;}],&quot;languages&quot;:[{&quot;iso639_1&quot;:&quot;fr&quot;,&quot;iso639_2&quot;:&quot;fra&quot;,&quot;name&quot;:&quot;French&quot;,&quot;nativeName&quot;:&quot;franÃ§ais&quot;}],&quot;translations&quot;:{&quot;de&quot;:&quot;RÃ©union&quot;,&quot;es&quot;:&quot;ReuniÃ³n&quot;,&quot;fr&quot;:&quot;RÃ©union&quot;,&quot;ja&quot;:&quot;ãƒ¬ãƒ¦ãƒ‹ã‚ªãƒ³&quot;,&quot;it&quot;:&quot;Riunione&quot;,&quot;br&quot;:&quot;ReuniÃ£o&quot;,&quot;pt&quot;:&quot;ReuniÃ£o&quot;,&quot;nl&quot;:&quot;RÃ©union&quot;,&quot;hr&quot;:&quot;RÃ©union&quot;,&quot;fa&quot;:&quot;Ø±Ø¦ÙˆÙ†ÛŒÙˆÙ†&quot;},&quot;flag&quot;:&quot;https://restcountries.eu/data/reu.svg&quot;,&quot;regionalBlocs&quot;:[{&quot;acronym&quot;:&quot;AU&quot;,&quot;name&quot;:&quot;African Union&quot;,&quot;otherAcronyms&quot;:[],&quot;otherNames&quot;:[&quot;Ø§Ù„Ø§ØªØ­Ø§Ø¯ Ø§Ù„Ø£Ù�Ø±ÙŠÙ‚ÙŠ&quot;,&quot;Union africaine&quot;,&quot;UniÃ£o Africana&quot;,&quot;UniÃ³n Africana&quot;,&quot;Umoja wa Afrika&quot;]}],&quot;cioc&quot;:&quot;&quot;},{&quot;name&quot;:&quot;Romania&quot;,&quot;topLevelDomain&quot;:[&quot;.ro&quot;],&quot;alpha2Code&quot;:&quot;RO&quot;,&quot;alpha3Code&quot;:&quot;ROU&quot;,&quot;callingCodes&quot;:[&quot;40&quot;],&quot;capital&quot;:&quot;Bucharest&quot;,&quot;altSpellings&quot;:[&quot;RO&quot;,&quot;Rumania&quot;,&quot;Roumania&quot;,&quot;RomÃ¢nia&quot;],&quot;region&quot;:&quot;Europe&quot;,&quot;subregion&quot;:&quot;Eastern Europe&quot;,&quot;population&quot;:19861408,&quot;latlng&quot;:[46.0,25.0],&quot;demonym&quot;:&quot;Romanian&quot;,&quot;area&quot;:238391.0,&quot;gini&quot;:30.0,&quot;timezones&quot;:[&quot;UTC+02:00&quot;],&quot;borders&quot;:[&quot;BGR&quot;,&quot;HUN&quot;,&quot;MDA&quot;,&quot;SRB&quot;,&quot;UKR&quot;],&quot;nativeName&quot;:&quot;RomÃ¢nia&quot;,&quot;numericCode&quot;:&quot;642&quot;,&quot;currencies&quot;:[{&quot;code&quot;:&quot;RON&quot;,&quot;name&quot;:&quot;Romanian leu&quot;,&quot;symbol&quot;:&quot;lei&quot;}],&quot;languages&quot;:[{&quot;iso639_1&quot;:&quot;ro&quot;,&quot;iso639_2&quot;:&quot;ron&quot;,&quot;name&quot;:&quot;Romanian&quot;,&quot;nativeName&quot;:&quot;RomÃ¢nÄƒ&quot;}],&quot;translations&quot;:{&quot;de&quot;:&quot;RumÃ¤nien&quot;,&quot;es&quot;:&quot;Rumania&quot;,&quot;fr&quot;:&quot;Roumanie&quot;,&quot;ja&quot;:&quot;ãƒ«ãƒ¼ãƒžãƒ‹ã‚¢&quot;,&quot;it&quot;:&quot;Romania&quot;,&quot;br&quot;:&quot;RomÃªnia&quot;,&quot;pt&quot;:&quot;RomÃ©nia&quot;,&quot;nl&quot;:&quot;RoemeniÃ«&quot;,&quot;hr&quot;:&quot;Rumunjska&quot;,&quot;fa&quot;:&quot;Ø±ÙˆÙ…Ø§Ù†ÛŒ&quot;},&quot;flag&quot;:&quot;https://restcountries.eu/data/rou.svg&quot;,&quot;regionalBlocs&quot;:[{&quot;acronym&quot;:&quot;EU&quot;,&quot;name&quot;:&quot;European Union&quot;,&quot;otherAcronyms&quot;:[],&quot;otherNames&quot;:[]}],&quot;cioc&quot;:&quot;ROU&quot;},{&quot;name&quot;:&quot;Russian Federation&quot;,&quot;topLevelDomain&quot;:[&quot;.ru&quot;],&quot;alpha2Code&quot;:&quot;RU&quot;,&quot;alpha3Code&quot;:&quot;RUS&quot;,&quot;callingCodes&quot;:[&quot;7&quot;],&quot;capital&quot;:&quot;Moscow&quot;,&quot;altSpellings&quot;:[&quot;RU&quot;,&quot;Rossiya&quot;,&quot;Russian Federation&quot;,&quot;Ð Ð¾Ñ�Ñ�Ð¸Ð¹Ñ�ÐºÐ°Ñ� Ð¤ÐµÐ´ÐµÑ€Ð°Ñ†Ð¸Ñ�&quot;,&quot;Rossiyskaya Federatsiya&quot;],&quot;region&quot;:&quot;Europe&quot;,&quot;subregion&quot;:&quot;Eastern Europe&quot;,&quot;population&quot;:146599183,&quot;latlng&quot;:[60.0,100.0],&quot;demonym&quot;:&quot;Russian&quot;,&quot;area&quot;:1.7124442E7,&quot;gini&quot;:40.1,&quot;timezones&quot;:[&quot;UTC+03:00&quot;,&quot;UTC+04:00&quot;,&quot;UTC+06:00&quot;,&quot;UTC+07:00&quot;,&quot;UTC+08:00&quot;,&quot;UTC+09:00&quot;,&quot;UTC+10:00&quot;,&quot;UTC+11:00&quot;,&quot;UTC+12:00&quot;],&quot;borders&quot;:[&quot;AZE&quot;,&quot;BLR&quot;,&quot;CHN&quot;,&quot;EST&quot;,&quot;FIN&quot;,&quot;GEO&quot;,&quot;KAZ&quot;,&quot;PRK&quot;,&quot;LVA&quot;,&quot;LTU&quot;,&quot;MNG&quot;,&quot;NOR&quot;,&quot;POL&quot;,&quot;UKR&quot;],&quot;nativeName&quot;:&quot;Ð Ð¾Ñ�Ñ�Ð¸Ñ�&quot;,&quot;numericCode&quot;:&quot;643&quot;,&quot;currencies&quot;:[{&quot;code&quot;:&quot;RUB&quot;,&quot;name&quot;:&quot;Russian ruble&quot;,&quot;symbol&quot;:&quot;â‚½&quot;}],&quot;languages&quot;:[{&quot;iso639_1&quot;:&quot;ru&quot;,&quot;iso639_2&quot;:&quot;rus&quot;,&quot;name&quot;:&quot;Russian&quot;,&quot;nativeName&quot;:&quot;Ð ÑƒÑ�Ñ�ÐºÐ¸Ð¹&quot;}],&quot;translations&quot;:{&quot;de&quot;:&quot;Russland&quot;,&quot;es&quot;:&quot;Rusia&quot;,&quot;fr&quot;:&quot;Russie&quot;,&quot;ja&quot;:&quot;ãƒ­ã‚·ã‚¢é€£é‚¦&quot;,&quot;it&quot;:&quot;Russia&quot;,&quot;br&quot;:&quot;RÃºssia&quot;,&quot;pt&quot;:&quot;RÃºssia&quot;,&quot;nl&quot;:&quot;Rusland&quot;,&quot;hr&quot;:&quot;Rusija&quot;,&quot;fa&quot;:&quot;Ø±ÙˆØ³ÛŒÙ‡&quot;},&quot;flag&quot;:&quot;https://restcountries.eu/data/rus.svg&quot;,&quot;regionalBlocs&quot;:[{&quot;acronym&quot;:&quot;EEU&quot;,&quot;name&quot;:&quot;Eurasian Economic Union&quot;,&quot;otherAcronyms&quot;:[&quot;EAEU&quot;],&quot;otherNames&quot;:[]}],&quot;cioc&quot;:&quot;RUS&quot;},{&quot;name&quot;:&quot;Rwanda&quot;,&quot;topLevelDomain&quot;:[&quot;.rw&quot;],&quot;alpha2Code&quot;:&quot;RW&quot;,&quot;alpha3Code&quot;:&quot;RWA&quot;,&quot;callingCodes&quot;:[&quot;250&quot;],&quot;capital&quot;:&quot;Kigali&quot;,&quot;altSpellings&quot;:[&quot;RW&quot;,&quot;Republic of Rwanda&quot;,&quot;Repubulika y&apos;u Rwanda&quot;,&quot;RÃ©publique du Rwanda&quot;],&quot;region&quot;:&quot;Africa&quot;,&quot;subregion&quot;:&quot;Eastern Africa&quot;,&quot;population&quot;:11553188,&quot;latlng&quot;:[-2.0,30.0],&quot;demonym&quot;:&quot;Rwandan&quot;,&quot;area&quot;:26338.0,&quot;gini&quot;:50.8,&quot;timezones&quot;:[&quot;UTC+02:00&quot;],&quot;borders&quot;:[&quot;BDI&quot;,&quot;COD&quot;,&quot;TZA&quot;,&quot;UGA&quot;],&quot;nativeName&quot;:&quot;Rwanda&quot;,&quot;numericCode&quot;:&quot;646&quot;,&quot;currencies&quot;:[{&quot;code&quot;:&quot;RWF&quot;,&quot;name&quot;:&quot;Rwandan franc&quot;,&quot;symbol&quot;:&quot;Fr&quot;}],&quot;languages&quot;:[{&quot;iso639_1&quot;:&quot;rw&quot;,&quot;iso639_2&quot;:&quot;kin&quot;,&quot;name&quot;:&quot;Kinyarwanda&quot;,&quot;nativeName&quot;:&quot;Ikinyarwanda&quot;},{&quot;iso639_1&quot;:&quot;en&quot;,&quot;iso639_2&quot;:&quot;eng&quot;,&quot;name&quot;:&quot;English&quot;,&quot;nativeName&quot;:&quot;English&quot;},{&quot;iso639_1&quot;:&quot;fr&quot;,&quot;iso639_2&quot;:&quot;fra&quot;,&quot;name&quot;:&quot;French&quot;,&quot;nativeName&quot;:&quot;franÃ§ais&quot;}],&quot;translations&quot;:{&quot;de&quot;:&quot;Ruanda&quot;,&quot;es&quot;:&quot;Ruanda&quot;,&quot;fr&quot;:&quot;Rwanda&quot;,&quot;ja&quot;:&quot;ãƒ«ãƒ¯ãƒ³ãƒ€&quot;,&quot;it&quot;:&quot;Ruanda&quot;,&quot;br&quot;:&quot;Ruanda&quot;,&quot;pt&quot;:&quot;Ruanda&quot;,&quot;nl&quot;:&quot;Rwanda&quot;,&quot;hr&quot;:&quot;Ruanda&quot;,&quot;fa&quot;:&quot;Ø±ÙˆØ§Ù†Ø¯Ø§&quot;},&quot;flag&quot;:&quot;https://restcountries.eu/data/rwa.svg&quot;,&quot;regionalBlocs&quot;:[{&quot;acronym&quot;:&quot;AU&quot;,&quot;name&quot;:&quot;African Union&quot;,&quot;otherAcronyms&quot;:[],&quot;otherNames&quot;:[&quot;Ø§Ù„Ø§ØªØ­Ø§Ø¯ Ø§Ù„Ø£Ù�Ø±ÙŠÙ‚ÙŠ&quot;,&quot;Union africaine&quot;,&quot;UniÃ£o Africana&quot;,&quot;UniÃ³n Africana&quot;,&quot;Umoja wa Afrika&quot;]}],&quot;cioc&quot;:&quot;RWA&quot;},{&quot;name&quot;:&quot;Saint BarthÃ©lemy&quot;,&quot;topLevelDomain&quot;:[&quot;.bl&quot;],&quot;alpha2Code&quot;:&quot;BL&quot;,&quot;alpha3Code&quot;:&quot;BLM&quot;,&quot;callingCodes&quot;:[&quot;590&quot;],&quot;capital&quot;:&quot;Gustavia&quot;,&quot;altSpellings&quot;:[&quot;BL&quot;,&quot;St. Barthelemy&quot;,&quot;Collectivity of Saint BarthÃ©lemy&quot;,&quot;CollectivitÃ© de Saint-BarthÃ©lemy&quot;],&quot;region&quot;:&quot;Americas&quot;,&quot;subregion&quot;:&quot;Caribbean&quot;,&quot;population&quot;:9417,&quot;latlng&quot;:[18.5,-63.41666666],&quot;demonym&quot;:&quot;Saint BarthÃ©lemy Islander&quot;,&quot;area&quot;:21.0,&quot;gini&quot;:null,&quot;timezones&quot;:[&quot;UTC-04:00&quot;],&quot;borders&quot;:[],&quot;nativeName&quot;:&quot;Saint-BarthÃ©lemy&quot;,&quot;numericCode&quot;:&quot;652&quot;,&quot;currencies&quot;:[{&quot;code&quot;:&quot;EUR&quot;,&quot;name&quot;:&quot;Euro&quot;,&quot;symbol&quot;:&quot;â‚¬&quot;}],&quot;languages&quot;:[{&quot;iso639_1&quot;:&quot;fr&quot;,&quot;iso639_2&quot;:&quot;fra&quot;,&quot;name&quot;:&quot;French&quot;,&quot;nativeName&quot;:&quot;franÃ§ais&quot;}],&quot;translations&quot;:{&quot;de&quot;:&quot;Saint-BarthÃ©lemy&quot;,&quot;es&quot;:&quot;San BartolomÃ©&quot;,&quot;fr&quot;:&quot;Saint-BarthÃ©lemy&quot;,&quot;ja&quot;:&quot;ã‚µãƒ³ãƒ»ãƒ�ãƒ«ãƒ†ãƒ«ãƒŸãƒ¼&quot;,&quot;it&quot;:&quot;Antille Francesi&quot;,&quot;br&quot;:&quot;SÃ£o Bartolomeu&quot;,&quot;pt&quot;:&quot;SÃ£o Bartolomeu&quot;,&quot;nl&quot;:&quot;Saint BarthÃ©lemy&quot;,&quot;hr&quot;:&quot;Saint BarthÃ©lemy&quot;,&quot;fa&quot;:&quot;Ø³Ù†-Ø¨Ø§Ø±ØªÙ„Ù…ÛŒ&quot;},&quot;flag&quot;:&quot;https://restcountries.eu/data/blm.svg&quot;,&quot;regionalBlocs&quot;:[],&quot;cioc&quot;:&quot;&quot;},{&quot;name&quot;:&quot;Saint Helena, Ascension and Tristan da Cunha&quot;,&quot;topLevelDomain&quot;:[&quot;.sh&quot;],&quot;alpha2Code&quot;:&quot;SH&quot;,&quot;alpha3Code&quot;:&quot;SHN&quot;,&quot;callingCodes&quot;:[&quot;290&quot;],&quot;capital&quot;:&quot;Jamestown&quot;,&quot;altSpellings&quot;:[&quot;SH&quot;],&quot;region&quot;:&quot;Africa&quot;,&quot;subregion&quot;:&quot;Western Africa&quot;,&quot;population&quot;:4255,&quot;latlng&quot;:[-15.95,-5.7],&quot;demonym&quot;:&quot;Saint Helenian&quot;,&quot;area&quot;:null,&quot;gini&quot;:null,&quot;timezones&quot;:[&quot;UTC+00:00&quot;],&quot;borders&quot;:[],&quot;nativeName&quot;:&quot;Saint Helena&quot;,&quot;numericCode&quot;:&quot;654&quot;,&quot;currencies&quot;:[{&quot;code&quot;:&quot;SHP&quot;,&quot;name&quot;:&quot;Saint Helena pound&quot;,&quot;symbol&quot;:&quot;Â£&quot;}],&quot;languages&quot;:[{&quot;iso639_1&quot;:&quot;en&quot;,&quot;iso639_2&quot;:&quot;eng&quot;,&quot;name&quot;:&quot;English&quot;,&quot;nativeName&quot;:&quot;English&quot;}],&quot;translations&quot;:{&quot;de&quot;:&quot;Sankt Helena&quot;,&quot;es&quot;:&quot;Santa Helena&quot;,&quot;fr&quot;:&quot;Sainte-HÃ©lÃ¨ne&quot;,&quot;ja&quot;:&quot;ã‚»ãƒ³ãƒˆãƒ˜ãƒ¬ãƒŠãƒ»ã‚¢ã‚»ãƒ³ã‚·ãƒ§ãƒ³ã�Šã‚ˆã�³ãƒˆãƒªã‚¹ã‚¿ãƒ³ãƒ€ã‚¯ãƒ¼ãƒ‹ãƒ£&quot;,&quot;it&quot;:&quot;Sant&apos;Elena&quot;,&quot;br&quot;:&quot;Santa Helena&quot;,&quot;pt&quot;:&quot;Santa Helena&quot;,&quot;nl&quot;:&quot;Sint-Helena&quot;,&quot;hr&quot;:&quot;Sveta Helena&quot;,&quot;fa&quot;:&quot;Ø³Ù†Øª Ù‡Ù„Ù†Ø§ØŒ Ø§Ø³Ù†Ø´Ù† Ùˆ ØªØ±ÛŒØ³ØªØ§Ù† Ø¯Ø§ Ú©ÙˆÙ†Ø§&quot;},&quot;flag&quot;:&quot;https://restcountries.eu/data/shn.svg&quot;,&quot;regionalBlocs&quot;:[{&quot;acronym&quot;:&quot;AU&quot;,&quot;name&quot;:&quot;African Union&quot;,&quot;otherAcronyms&quot;:[],&quot;otherNames&quot;:[&quot;Ø§Ù„Ø§ØªØ­Ø§Ø¯ Ø§Ù„Ø£Ù�Ø±ÙŠÙ‚ÙŠ&quot;,&quot;Union africaine&quot;,&quot;UniÃ£o Africana&quot;,&quot;UniÃ³n Africana&quot;,&quot;Umoja wa Afrika&quot;]}],&quot;cioc&quot;:null},{&quot;name&quot;:&quot;Saint Kitts and Nevis&quot;,&quot;topLevelDomain&quot;:[&quot;.kn&quot;],&quot;alpha2Code&quot;:&quot;KN&quot;,&quot;alpha3Code&quot;:&quot;KNA&quot;,&quot;callingCodes&quot;:[&quot;1869&quot;],&quot;capital&quot;:&quot;Basseterre&quot;,&quot;altSpellings&quot;:[&quot;KN&quot;,&quot;Federation of Saint Christopher and Nevis&quot;],&quot;region&quot;:&quot;Americas&quot;,&quot;subregion&quot;:&quot;Caribbean&quot;,&quot;population&quot;:46204,&quot;latlng&quot;:[17.33333333,-62.75],&quot;demonym&quot;:&quot;Kittian and Nevisian&quot;,&quot;area&quot;:261.0,&quot;gini&quot;:null,&quot;timezones&quot;:[&quot;UTC-04:00&quot;],&quot;borders&quot;:[],&quot;nativeName&quot;:&quot;Saint Kitts and Nevis&quot;,&quot;numericCode&quot;:&quot;659&quot;,&quot;currencies&quot;:[{&quot;code&quot;:&quot;XCD&quot;,&quot;name&quot;:&quot;East Caribbean dollar&quot;,&quot;symbol&quot;:&quot;$&quot;}],&quot;languages&quot;:[{&quot;iso639_1&quot;:&quot;en&quot;,&quot;iso639_2&quot;:&quot;eng&quot;,&quot;name&quot;:&quot;English&quot;,&quot;nativeName&quot;:&quot;English&quot;}],&quot;translations&quot;:{&quot;de&quot;:&quot;St. Kitts und Nevis&quot;,&quot;es&quot;:&quot;San CristÃ³bal y Nieves&quot;,&quot;fr&quot;:&quot;Saint-Christophe-et-NiÃ©vÃ¨s&quot;,&quot;ja&quot;:&quot;ã‚»ãƒ³ãƒˆã‚¯ãƒªã‚¹ãƒˆãƒ•ã‚¡ãƒ¼ãƒ»ãƒ�ã‚¤ãƒ“ã‚¹&quot;,&quot;it&quot;:&quot;Saint Kitts e Nevis&quot;,&quot;br&quot;:&quot;SÃ£o CristÃ³vÃ£o e Neves&quot;,&quot;pt&quot;:&quot;SÃ£o CristÃ³vÃ£o e Neves&quot;,&quot;nl&quot;:&quot;Saint Kitts en Nevis&quot;,&quot;hr&quot;:&quot;Sveti Kristof i Nevis&quot;,&quot;fa&quot;:&quot;Ø³Ù†Øª Ú©ÛŒØªØ³ Ùˆ Ù†ÙˆÛŒØ³&quot;},&quot;flag&quot;:&quot;https://restcountries.eu/data/kna.svg&quot;,&quot;regionalBlocs&quot;:[{&quot;acronym&quot;:&quot;CARICOM&quot;,&quot;name&quot;:&quot;Caribbean Community&quot;,&quot;otherAcronyms&quot;:[],&quot;otherNames&quot;:[&quot;Comunidad del Caribe&quot;,&quot;CommunautÃ© CaribÃ©enne&quot;,&quot;Caribische Gemeenschap&quot;]}],&quot;cioc&quot;:&quot;SKN&quot;},{&quot;name&quot;:&quot;Saint Lucia&quot;,&quot;topLevelDomain&quot;:[&quot;.lc&quot;],&quot;alpha2Code&quot;:&quot;LC&quot;,&quot;alpha3Code&quot;:&quot;LCA&quot;,&quot;callingCodes&quot;:[&quot;1758&quot;],&quot;capital&quot;:&quot;Castries&quot;,&quot;altSpellings&quot;:[&quot;LC&quot;],&quot;region&quot;:&quot;Americas&quot;,&quot;subregion&quot;:&quot;Caribbean&quot;,&quot;population&quot;:186000,&quot;latlng&quot;:[13.88333333,-60.96666666],&quot;demonym&quot;:&quot;Saint Lucian&quot;,&quot;area&quot;:616.0,&quot;gini&quot;:42.6,&quot;timezones&quot;:[&quot;UTC-04:00&quot;],&quot;borders&quot;:[],&quot;nativeName&quot;:&quot;Saint Lucia&quot;,&quot;numericCode&quot;:&quot;662&quot;,&quot;currencies&quot;:[{&quot;code&quot;:&quot;XCD&quot;,&quot;name&quot;:&quot;East Caribbean dollar&quot;,&quot;symbol&quot;:&quot;$&quot;}],&quot;languages&quot;:[{&quot;iso639_1&quot;:&quot;en&quot;,&quot;iso639_2&quot;:&quot;eng&quot;,&quot;name&quot;:&quot;English&quot;,&quot;nativeName&quot;:&quot;English&quot;}],&quot;translations&quot;:{&quot;de&quot;:&quot;Saint Lucia&quot;,&quot;es&quot;:&quot;Santa LucÃ­a&quot;,&quot;fr&quot;:&quot;Saint-Lucie&quot;,&quot;ja&quot;:&quot;ã‚»ãƒ³ãƒˆãƒ«ã‚·ã‚¢&quot;,&quot;it&quot;:&quot;Santa Lucia&quot;,&quot;br&quot;:&quot;Santa LÃºcia&quot;,&quot;pt&quot;:&quot;Santa LÃºcia&quot;,&quot;nl&quot;:&quot;Saint Lucia&quot;,&quot;hr&quot;:&quot;Sveta Lucija&quot;,&quot;fa&quot;:&quot;Ø³Ù†Øª Ù„ÙˆØ³ÛŒØ§&quot;},&quot;flag&quot;:&quot;https://restcountries.eu/data/lca.svg&quot;,&quot;regionalBlocs&quot;:[{&quot;acronym&quot;:&quot;CARICOM&quot;,&quot;name&quot;:&quot;Caribbean Community&quot;,&quot;otherAcronyms&quot;:[],&quot;otherNames&quot;:[&quot;Comunidad del Caribe&quot;,&quot;CommunautÃ© CaribÃ©enne&quot;,&quot;Caribische Gemeenschap&quot;]}],&quot;cioc&quot;:&quot;LCA&quot;},{&quot;name&quot;:&quot;Saint Martin (French part)&quot;,&quot;topLevelDomain&quot;:[&quot;.mf&quot;,&quot;.fr&quot;,&quot;.gp&quot;],&quot;alpha2Code&quot;:&quot;MF&quot;,&quot;alpha3Code&quot;:&quot;MAF&quot;,&quot;callingCodes&quot;:[&quot;590&quot;],&quot;capital&quot;:&quot;Marigot&quot;,&quot;altSpellings&quot;:[&quot;MF&quot;,&quot;Collectivity of Saint Martin&quot;,&quot;CollectivitÃ© de Saint-Martin&quot;],&quot;region&quot;:&quot;Americas&quot;,&quot;subregion&quot;:&quot;Caribbean&quot;,&quot;population&quot;:36979,&quot;latlng&quot;:[18.08333333,-63.95],&quot;demonym&quot;:&quot;Saint Martin Islander&quot;,&quot;area&quot;:53.0,&quot;gini&quot;:null,&quot;timezones&quot;:[&quot;UTC-04:00&quot;],&quot;borders&quot;:[&quot;SXM&quot;,&quot;NLD&quot;],&quot;nativeName&quot;:&quot;Saint-Martin&quot;,&quot;numericCode&quot;:&quot;663&quot;,&quot;currencies&quot;:[{&quot;code&quot;:&quot;EUR&quot;,&quot;name&quot;:&quot;Euro&quot;,&quot;symbol&quot;:&quot;â‚¬&quot;}],&quot;languages&quot;:[{&quot;iso639_1&quot;:&quot;en&quot;,&quot;iso639_2&quot;:&quot;eng&quot;,&quot;name&quot;:&quot;English&quot;,&quot;nativeName&quot;:&quot;English&quot;},{&quot;iso639_1&quot;:&quot;fr&quot;,&quot;iso639_2&quot;:&quot;fra&quot;,&quot;name&quot;:&quot;French&quot;,&quot;nativeName&quot;:&quot;franÃ§ais&quot;},{&quot;iso639_1&quot;:&quot;nl&quot;,&quot;iso639_2&quot;:&quot;nld&quot;,&quot;name&quot;:&quot;Dutch&quot;,&quot;nativeName&quot;:&quot;Nederlands&quot;}],&quot;translations&quot;:{&quot;de&quot;:&quot;Saint Martin&quot;,&quot;es&quot;:&quot;Saint Martin&quot;,&quot;fr&quot;:&quot;Saint-Martin&quot;,&quot;ja&quot;:&quot;ã‚µãƒ³ãƒ»ãƒžãƒ«ã‚¿ãƒ³ï¼ˆãƒ•ãƒ©ãƒ³ã‚¹é ˜ï¼‰&quot;,&quot;it&quot;:&quot;Saint Martin&quot;,&quot;br&quot;:&quot;Saint Martin&quot;,&quot;pt&quot;:&quot;Ilha SÃ£o Martinho&quot;,&quot;nl&quot;:&quot;Saint-Martin&quot;,&quot;hr&quot;:&quot;Sveti Martin&quot;,&quot;fa&quot;:&quot;Ø³ÛŒÙ†Øª Ù…Ø§Ø±ØªÙ†&quot;},&quot;flag&quot;:&quot;https://restcountries.eu/data/maf.svg&quot;,&quot;regionalBlocs&quot;:[],&quot;cioc&quot;:&quot;&quot;},{&quot;name&quot;:&quot;Saint Pierre and Miquelon&quot;,&quot;topLevelDomain&quot;:[&quot;.pm&quot;],&quot;alpha2Code&quot;:&quot;PM&quot;,&quot;alpha3Code&quot;:&quot;SPM&quot;,&quot;callingCodes&quot;:[&quot;508&quot;],&quot;capital&quot;:&quot;Saint-Pierre&quot;,&quot;altSpellings&quot;:[&quot;PM&quot;,&quot;CollectivitÃ© territoriale de Saint-Pierre-et-Miquelon&quot;],&quot;region&quot;:&quot;Americas&quot;,&quot;subregion&quot;:&quot;Northern America&quot;,&quot;population&quot;:6069,&quot;latlng&quot;:[46.83333333,-56.33333333],&quot;demonym&quot;:&quot;French&quot;,&quot;area&quot;:242.0,&quot;gini&quot;:null,&quot;timezones&quot;:[&quot;UTC-03:00&quot;],&quot;borders&quot;:[],&quot;nativeName&quot;:&quot;Saint-Pierre-et-Miquelon&quot;,&quot;numericCode&quot;:&quot;666&quot;,&quot;currencies&quot;:[{&quot;code&quot;:&quot;EUR&quot;,&quot;name&quot;:&quot;Euro&quot;,&quot;symbol&quot;:&quot;â‚¬&quot;}],&quot;languages&quot;:[{&quot;iso639_1&quot;:&quot;fr&quot;,&quot;iso639_2&quot;:&quot;fra&quot;,&quot;name&quot;:&quot;French&quot;,&quot;nativeName&quot;:&quot;franÃ§ais&quot;}],&quot;translations&quot;:{&quot;de&quot;:&quot;Saint-Pierre und Miquelon&quot;,&quot;es&quot;:&quot;San Pedro y MiquelÃ³n&quot;,&quot;fr&quot;:&quot;Saint-Pierre-et-Miquelon&quot;,&quot;ja&quot;:&quot;ã‚µãƒ³ãƒ”ã‚¨ãƒ¼ãƒ«å³¶ãƒ»ãƒŸã‚¯ãƒ­ãƒ³å³¶&quot;,&quot;it&quot;:&quot;Saint-Pierre e Miquelon&quot;,&quot;br&quot;:&quot;Saint-Pierre e Miquelon&quot;,&quot;pt&quot;:&quot;SÃ£o Pedro e Miquelon&quot;,&quot;nl&quot;:&quot;Saint Pierre en Miquelon&quot;,&quot;hr&quot;:&quot;Sveti Petar i Mikelon&quot;,&quot;fa&quot;:&quot;Ø³Ù† Ù¾ÛŒØ± Ùˆ Ù…ÛŒÚ©Ù„Ù†&quot;},&quot;flag&quot;:&quot;https://restcountries.eu/data/spm.svg&quot;,&quot;regionalBlocs&quot;:[],&quot;cioc&quot;:&quot;&quot;},{&quot;name&quot;:&quot;Saint Vincent and the Grenadines&quot;,&quot;topLevelDomain&quot;:[&quot;.vc&quot;],&quot;alpha2Code&quot;:&quot;VC&quot;,&quot;alpha3Code&quot;:&quot;VCT&quot;,&quot;callingCodes&quot;:[&quot;1784&quot;],&quot;capital&quot;:&quot;Kingstown&quot;,&quot;altSpellings&quot;:[&quot;VC&quot;],&quot;region&quot;:&quot;Americas&quot;,&quot;subregion&quot;:&quot;Caribbean&quot;,&quot;population&quot;:109991,&quot;latlng&quot;:[13.25,-61.2],&quot;demonym&quot;:&quot;Saint Vincentian&quot;,&quot;area&quot;:389.0,&quot;gini&quot;:null,&quot;timezones&quot;:[&quot;UTC-04:00&quot;],&quot;borders&quot;:[],&quot;nativeName&quot;:&quot;Saint Vincent and the Grenadines&quot;,&quot;numericCode&quot;:&quot;670&quot;,&quot;currencies&quot;:[{&quot;code&quot;:&quot;XCD&quot;,&quot;name&quot;:&quot;East Caribbean dollar&quot;,&quot;symbol&quot;:&quot;$&quot;}],&quot;languages&quot;:[{&quot;iso639_1&quot;:&quot;en&quot;,&quot;iso639_2&quot;:&quot;eng&quot;,&quot;name&quot;:&quot;English&quot;,&quot;nativeName&quot;:&quot;English&quot;}],&quot;translations&quot;:{&quot;de&quot;:&quot;Saint Vincent und die Grenadinen&quot;,&quot;es&quot;:&quot;San Vicente y Granadinas&quot;,&quot;fr&quot;:&quot;Saint-Vincent-et-les-Grenadines&quot;,&quot;ja&quot;:&quot;ã‚»ãƒ³ãƒˆãƒ“ãƒ³ã‚»ãƒ³ãƒˆã�Šã‚ˆã�³ã‚°ãƒ¬ãƒŠãƒ‡ã‚£ãƒ¼ãƒ³è«¸å³¶&quot;,&quot;it&quot;:&quot;Saint Vincent e Grenadine&quot;,&quot;br&quot;:&quot;SÃ£o Vicente e Granadinas&quot;,&quot;pt&quot;:&quot;SÃ£o Vicente e Granadinas&quot;,&quot;nl&quot;:&quot;Saint Vincent en de Grenadines&quot;,&quot;hr&quot;:&quot;Sveti Vincent i Grenadini&quot;,&quot;fa&quot;:&quot;Ø³Ù†Øª ÙˆÛŒÙ†Ø³Ù†Øª Ùˆ Ú¯Ø±Ù†Ø§Ø¯ÛŒÙ†â€ŒÙ‡Ø§&quot;},&quot;flag&quot;:&quot;https://restcountries.eu/data/vct.svg&quot;,&quot;regionalBlocs&quot;:[{&quot;acronym&quot;:&quot;CARICOM&quot;,&quot;name&quot;:&quot;Caribbean Community&quot;,&quot;otherAcronyms&quot;:[],&quot;otherNames&quot;:[&quot;Comunidad del Caribe&quot;,&quot;CommunautÃ© CaribÃ©enne&quot;,&quot;Caribische Gemeenschap&quot;]}],&quot;cioc&quot;:&quot;VIN&quot;},{&quot;name&quot;:&quot;Samoa&quot;,&quot;topLevelDomain&quot;:[&quot;.ws&quot;],&quot;alpha2Code&quot;:&quot;WS&quot;,&quot;alpha3Code&quot;:&quot;WSM&quot;,&quot;callingCodes&quot;:[&quot;685&quot;],&quot;capital&quot;:&quot;Apia&quot;,&quot;altSpellings&quot;:[&quot;WS&quot;,&quot;Independent State of Samoa&quot;,&quot;Malo SaÊ»oloto TutoÊ»atasi o SÄ�moa&quot;],&quot;region&quot;:&quot;Oceania&quot;,&quot;subregion&quot;:&quot;Polynesia&quot;,&quot;population&quot;:194899,&quot;latlng&quot;:[-13.58333333,-172.33333333],&quot;demonym&quot;:&quot;Samoan&quot;,&quot;area&quot;:2842.0,&quot;gini&quot;:null,&quot;timezones&quot;:[&quot;UTC+13:00&quot;],&quot;borders&quot;:[],&quot;nativeName&quot;:&quot;Samoa&quot;,&quot;numericCode&quot;:&quot;882&quot;,&quot;currencies&quot;:[{&quot;code&quot;:&quot;WST&quot;,&quot;name&quot;:&quot;Samoan tÄ�lÄ�&quot;,&quot;symbol&quot;:&quot;T&quot;}],&quot;languages&quot;:[{&quot;iso639_1&quot;:&quot;sm&quot;,&quot;iso639_2&quot;:&quot;smo&quot;,&quot;name&quot;:&quot;Samoan&quot;,&quot;nativeName&quot;:&quot;gagana fa&apos;a Samoa&quot;},{&quot;iso639_1&quot;:&quot;en&quot;,&quot;iso639_2&quot;:&quot;eng&quot;,&quot;name&quot;:&quot;English&quot;,&quot;nativeName&quot;:&quot;English&quot;}],&quot;translations&quot;:{&quot;de&quot;:&quot;Samoa&quot;,&quot;es&quot;:&quot;Samoa&quot;,&quot;fr&quot;:&quot;Samoa&quot;,&quot;ja&quot;:&quot;ã‚µãƒ¢ã‚¢&quot;,&quot;it&quot;:&quot;Samoa&quot;,&quot;br&quot;:&quot;Samoa&quot;,&quot;pt&quot;:&quot;Samoa&quot;,&quot;nl&quot;:&quot;Samoa&quot;,&quot;hr&quot;:&quot;Samoa&quot;,&quot;fa&quot;:&quot;Ø³Ø§Ù…ÙˆØ¢&quot;},&quot;flag&quot;:&quot;https://restcountries.eu/data/wsm.svg&quot;,&quot;regionalBlocs&quot;:[],&quot;cioc&quot;:&quot;SAM&quot;},{&quot;name&quot;:&quot;San Marino&quot;,&quot;topLevelDomain&quot;:[&quot;.sm&quot;],&quot;alpha2Code&quot;:&quot;SM&quot;,&quot;alpha3Code&quot;:&quot;SMR&quot;,&quot;callingCodes&quot;:[&quot;378&quot;],&quot;capital&quot;:&quot;City of San Marino&quot;,&quot;altSpellings&quot;:[&quot;SM&quot;,&quot;Republic of San Marino&quot;,&quot;Repubblica di San Marino&quot;],&quot;region&quot;:&quot;Europe&quot;,&quot;subregion&quot;:&quot;Southern Europe&quot;,&quot;population&quot;:33005,&quot;latlng&quot;:[43.76666666,12.41666666],&quot;demonym&quot;:&quot;Sammarinese&quot;,&quot;area&quot;:61.0,&quot;gini&quot;:null,&quot;timezones&quot;:[&quot;UTC+01:00&quot;],&quot;borders&quot;:[&quot;ITA&quot;],&quot;nativeName&quot;:&quot;San Marino&quot;,&quot;numericCode&quot;:&quot;674&quot;,&quot;currencies&quot;:[{&quot;code&quot;:&quot;EUR&quot;,&quot;name&quot;:&quot;Euro&quot;,&quot;symbol&quot;:&quot;â‚¬&quot;}],&quot;languages&quot;:[{&quot;iso639_1&quot;:&quot;it&quot;,&quot;iso639_2&quot;:&quot;ita&quot;,&quot;name&quot;:&quot;Italian&quot;,&quot;nativeName&quot;:&quot;Italiano&quot;}],&quot;translations&quot;:{&quot;de&quot;:&quot;San Marino&quot;,&quot;es&quot;:&quot;San Marino&quot;,&quot;fr&quot;:&quot;Saint-Marin&quot;,&quot;ja&quot;:&quot;ã‚µãƒ³ãƒžãƒªãƒŽ&quot;,&quot;it&quot;:&quot;San Marino&quot;,&quot;br&quot;:&quot;San Marino&quot;,&quot;pt&quot;:&quot;SÃ£o Marinho&quot;,&quot;nl&quot;:&quot;San Marino&quot;,&quot;hr&quot;:&quot;San Marino&quot;,&quot;fa&quot;:&quot;Ø³Ø§Ù† Ù…Ø§Ø±ÛŒÙ†Ùˆ&quot;},&quot;flag&quot;:&quot;https://restcountries.eu/data/smr.svg&quot;,&quot;regionalBlocs&quot;:[],&quot;cioc&quot;:&quot;SMR&quot;},{&quot;name&quot;:&quot;Sao Tome and Principe&quot;,&quot;topLevelDomain&quot;:[&quot;.st&quot;],&quot;alpha2Code&quot;:&quot;ST&quot;,&quot;alpha3Code&quot;:&quot;STP&quot;,&quot;callingCodes&quot;:[&quot;239&quot;],&quot;capital&quot;:&quot;SÃ£o TomÃ©&quot;,&quot;altSpellings&quot;:[&quot;ST&quot;,&quot;Democratic Republic of SÃ£o TomÃ© and PrÃ­ncipe&quot;,&quot;RepÃºblica DemocrÃ¡tica de SÃ£o TomÃ© e PrÃ­ncipe&quot;],&quot;region&quot;:&quot;Africa&quot;,&quot;subregion&quot;:&quot;Middle Africa&quot;,&quot;population&quot;:187356,&quot;latlng&quot;:[1.0,7.0],&quot;demonym&quot;:&quot;Sao Tomean&quot;,&quot;area&quot;:964.0,&quot;gini&quot;:50.8,&quot;timezones&quot;:[&quot;UTC&quot;],&quot;borders&quot;:[],&quot;nativeName&quot;:&quot;SÃ£o TomÃ© e PrÃ­ncipe&quot;,&quot;numericCode&quot;:&quot;678&quot;,&quot;currencies&quot;:[{&quot;code&quot;:&quot;STD&quot;,&quot;name&quot;:&quot;SÃ£o TomÃ© and PrÃ­ncipe dobra&quot;,&quot;symbol&quot;:&quot;Db&quot;}],&quot;languages&quot;:[{&quot;iso639_1&quot;:&quot;pt&quot;,&quot;iso639_2&quot;:&quot;por&quot;,&quot;name&quot;:&quot;Portuguese&quot;,&quot;nativeName&quot;:&quot;PortuguÃªs&quot;}],&quot;translations&quot;:{&quot;de&quot;:&quot;SÃ£o TomÃ© und PrÃ­ncipe&quot;,&quot;es&quot;:&quot;Santo TomÃ© y PrÃ­ncipe&quot;,&quot;fr&quot;:&quot;Sao TomÃ©-et-Principe&quot;,&quot;ja&quot;:&quot;ã‚µãƒ³ãƒˆãƒ¡ãƒ»ãƒ—ãƒªãƒ³ã‚·ãƒš&quot;,&quot;it&quot;:&quot;SÃ£o TomÃ© e PrÃ­ncipe&quot;,&quot;br&quot;:&quot;SÃ£o TomÃ© e PrÃ­ncipe&quot;,&quot;pt&quot;:&quot;SÃ£o TomÃ© e PrÃ­ncipe&quot;,&quot;nl&quot;:&quot;Sao TomÃ© en Principe&quot;,&quot;hr&quot;:&quot;Sveti Toma i Princip&quot;,&quot;fa&quot;:&quot;Ú©ÙˆØ§ØªØ±Ùˆ Ø¯Ùˆ Ù�Ø±ÙˆÛŒØ±Ùˆ&quot;},&quot;flag&quot;:&quot;https://restcountries.eu/data/stp.svg&quot;,&quot;regionalBlocs&quot;:[{&quot;acronym&quot;:&quot;AU&quot;,&quot;name&quot;:&quot;African Union&quot;,&quot;otherAcronyms&quot;:[],&quot;otherNames&quot;:[&quot;Ø§Ù„Ø§ØªØ­Ø§Ø¯ Ø§Ù„Ø£Ù�Ø±ÙŠÙ‚ÙŠ&quot;,&quot;Union africaine&quot;,&quot;UniÃ£o Africana&quot;,&quot;UniÃ³n Africana&quot;,&quot;Umoja wa Afrika&quot;]}],&quot;cioc&quot;:&quot;STP&quot;},{&quot;name&quot;:&quot;Saudi Arabia&quot;,&quot;topLevelDomain&quot;:[&quot;.sa&quot;],&quot;alpha2Code&quot;:&quot;SA&quot;,&quot;alpha3Code&quot;:&quot;SAU&quot;,&quot;callingCodes&quot;:[&quot;966&quot;],&quot;capital&quot;:&quot;Riyadh&quot;,&quot;altSpellings&quot;:[&quot;SA&quot;,&quot;Kingdom of Saudi Arabia&quot;,&quot;Al-Mamlakah al-â€˜Arabiyyah as-Suâ€˜Å«diyyah&quot;],&quot;region&quot;:&quot;Asia&quot;,&quot;subregion&quot;:&quot;Western Asia&quot;,&quot;population&quot;:32248200,&quot;latlng&quot;:[25.0,45.0],&quot;demonym&quot;:&quot;Saudi Arabian&quot;,&quot;area&quot;:2149690.0,&quot;gini&quot;:null,&quot;timezones&quot;:[&quot;UTC+03:00&quot;],&quot;borders&quot;:[&quot;IRQ&quot;,&quot;JOR&quot;,&quot;KWT&quot;,&quot;OMN&quot;,&quot;QAT&quot;,&quot;ARE&quot;,&quot;YEM&quot;],&quot;nativeName&quot;:&quot;Ø§Ù„Ø¹Ø±Ø¨ÙŠØ© Ø§Ù„Ø³Ø¹ÙˆØ¯ÙŠØ©&quot;,&quot;numericCode&quot;:&quot;682&quot;,&quot;currencies&quot;:[{&quot;code&quot;:&quot;SAR&quot;,&quot;name&quot;:&quot;Saudi riyal&quot;,&quot;symbol&quot;:&quot;Ø±.Ø³&quot;}],&quot;languages&quot;:[{&quot;iso639_1&quot;:&quot;ar&quot;,&quot;iso639_2&quot;:&quot;ara&quot;,&quot;name&quot;:&quot;Arabic&quot;,&quot;nativeName&quot;:&quot;Ø§Ù„Ø¹Ø±Ø¨ÙŠØ©&quot;}],&quot;translations&quot;:{&quot;de&quot;:&quot;Saudi-Arabien&quot;,&quot;es&quot;:&quot;Arabia SaudÃ­&quot;,&quot;fr&quot;:&quot;Arabie Saoudite&quot;,&quot;ja&quot;:&quot;ã‚µã‚¦ã‚¸ã‚¢ãƒ©ãƒ“ã‚¢&quot;,&quot;it&quot;:&quot;Arabia Saudita&quot;,&quot;br&quot;:&quot;ArÃ¡bia Saudita&quot;,&quot;pt&quot;:&quot;ArÃ¡bia Saudita&quot;,&quot;nl&quot;:&quot;Saoedi-ArabiÃ«&quot;,&quot;hr&quot;:&quot;Saudijska Arabija&quot;,&quot;fa&quot;:&quot;Ø¹Ø±Ø¨Ø³ØªØ§Ù† Ø³Ø¹ÙˆØ¯ÛŒ&quot;},&quot;flag&quot;:&quot;https://restcountries.eu/data/sau.svg&quot;,&quot;regionalBlocs&quot;:[{&quot;acronym&quot;:&quot;AL&quot;,&quot;name&quot;:&quot;Arab League&quot;,&quot;otherAcronyms&quot;:[],&quot;otherNames&quot;:[&quot;Ø¬Ø§Ù…Ø¹Ø© Ø§Ù„Ø¯ÙˆÙ„ Ø§Ù„Ø¹Ø±Ø¨ÙŠØ©&quot;,&quot;JÄ�miÊ»at ad-Duwal al-Ê»ArabÄ«yah&quot;,&quot;League of Arab States&quot;]}],&quot;cioc&quot;:&quot;KSA&quot;},{&quot;name&quot;:&quot;Senegal&quot;,&quot;topLevelDomain&quot;:[&quot;.sn&quot;],&quot;alpha2Code&quot;:&quot;SN&quot;,&quot;alpha3Code&quot;:&quot;SEN&quot;,&quot;callingCodes&quot;:[&quot;221&quot;],&quot;capital&quot;:&quot;Dakar&quot;,&quot;altSpellings&quot;:[&quot;SN&quot;,&quot;Republic of Senegal&quot;,&quot;RÃ©publique du SÃ©nÃ©gal&quot;],&quot;region&quot;:&quot;Africa&quot;,&quot;subregion&quot;:&quot;Western Africa&quot;,&quot;population&quot;:14799859,&quot;latlng&quot;:[14.0,-14.0],&quot;demonym&quot;:&quot;Senegalese&quot;,&quot;area&quot;:196722.0,&quot;gini&quot;:39.2,&quot;timezones&quot;:[&quot;UTC&quot;],&quot;borders&quot;:[&quot;GMB&quot;,&quot;GIN&quot;,&quot;GNB&quot;,&quot;MLI&quot;,&quot;MRT&quot;],&quot;nativeName&quot;:&quot;SÃ©nÃ©gal&quot;,&quot;numericCode&quot;:&quot;686&quot;,&quot;currencies&quot;:[{&quot;code&quot;:&quot;XOF&quot;,&quot;name&quot;:&quot;West African CFA franc&quot;,&quot;symbol&quot;:&quot;Fr&quot;}],&quot;languages&quot;:[{&quot;iso639_1&quot;:&quot;fr&quot;,&quot;iso639_2&quot;:&quot;fra&quot;,&quot;name&quot;:&quot;French&quot;,&quot;nativeName&quot;:&quot;franÃ§ais&quot;}],&quot;translations&quot;:{&quot;de&quot;:&quot;Senegal&quot;,&quot;es&quot;:&quot;Senegal&quot;,&quot;fr&quot;:&quot;SÃ©nÃ©gal&quot;,&quot;ja&quot;:&quot;ã‚»ãƒ�ã‚¬ãƒ«&quot;,&quot;it&quot;:&quot;Senegal&quot;,&quot;br&quot;:&quot;Senegal&quot;,&quot;pt&quot;:&quot;Senegal&quot;,&quot;nl&quot;:&quot;Senegal&quot;,&quot;hr&quot;:&quot;Senegal&quot;,&quot;fa&quot;:&quot;Ø³Ù†Ú¯Ø§Ù„&quot;},&quot;flag&quot;:&quot;https://restcountries.eu/data/sen.svg&quot;,&quot;regionalBlocs&quot;:[{&quot;acronym&quot;:&quot;AU&quot;,&quot;name&quot;:&quot;African Union&quot;,&quot;otherAcronyms&quot;:[],&quot;otherNames&quot;:[&quot;Ø§Ù„Ø§ØªØ­Ø§Ø¯ Ø§Ù„Ø£Ù�Ø±ÙŠÙ‚ÙŠ&quot;,&quot;Union africaine&quot;,&quot;UniÃ£o Africana&quot;,&quot;UniÃ³n Africana&quot;,&quot;Umoja wa Afrika&quot;]}],&quot;cioc&quot;:&quot;SEN&quot;},{&quot;name&quot;:&quot;Serbia&quot;,&quot;topLevelDomain&quot;:[&quot;.rs&quot;],&quot;alpha2Code&quot;:&quot;RS&quot;,&quot;alpha3Code&quot;:&quot;SRB&quot;,&quot;callingCodes&quot;:[&quot;381&quot;],&quot;capital&quot;:&quot;Belgrade&quot;,&quot;altSpellings&quot;:[&quot;RS&quot;,&quot;Srbija&quot;,&quot;Republic of Serbia&quot;,&quot;Ð ÐµÐ¿ÑƒÐ±Ð»Ð¸ÐºÐ° Ð¡Ñ€Ð±Ð¸Ñ˜Ð°&quot;,&quot;Republika Srbija&quot;],&quot;region&quot;:&quot;Europe&quot;,&quot;subregion&quot;:&quot;Southern Europe&quot;,&quot;population&quot;:7076372,&quot;latlng&quot;:[44.0,21.0],&quot;demonym&quot;:&quot;Serbian&quot;,&quot;area&quot;:88361.0,&quot;gini&quot;:27.8,&quot;timezones&quot;:[&quot;UTC+01:00&quot;],&quot;borders&quot;:[&quot;BIH&quot;,&quot;BGR&quot;,&quot;HRV&quot;,&quot;HUN&quot;,&quot;KOS&quot;,&quot;MKD&quot;,&quot;MNE&quot;,&quot;ROU&quot;],&quot;nativeName&quot;:&quot;Ð¡Ñ€Ð±Ð¸Ñ˜Ð°&quot;,&quot;numericCode&quot;:&quot;688&quot;,&quot;currencies&quot;:[{&quot;code&quot;:&quot;RSD&quot;,&quot;name&quot;:&quot;Serbian dinar&quot;,&quot;symbol&quot;:&quot;Ð´Ð¸Ð½.&quot;}],&quot;languages&quot;:[{&quot;iso639_1&quot;:&quot;sr&quot;,&quot;iso639_2&quot;:&quot;srp&quot;,&quot;name&quot;:&quot;Serbian&quot;,&quot;nativeName&quot;:&quot;Ñ�Ñ€Ð¿Ñ�ÐºÐ¸ Ñ˜ÐµÐ·Ð¸Ðº&quot;}],&quot;translations&quot;:{&quot;de&quot;:&quot;Serbien&quot;,&quot;es&quot;:&quot;Serbia&quot;,&quot;fr&quot;:&quot;Serbie&quot;,&quot;ja&quot;:&quot;ã‚»ãƒ«ãƒ“ã‚¢&quot;,&quot;it&quot;:&quot;Serbia&quot;,&quot;br&quot;:&quot;SÃ©rvia&quot;,&quot;pt&quot;:&quot;SÃ©rvia&quot;,&quot;nl&quot;:&quot;ServiÃ«&quot;,&quot;hr&quot;:&quot;Srbija&quot;,&quot;fa&quot;:&quot;ØµØ±Ø¨Ø³ØªØ§Ù†&quot;},&quot;flag&quot;:&quot;https://restcountries.eu/data/srb.svg&quot;,&quot;regionalBlocs&quot;:[{&quot;acronym&quot;:&quot;CEFTA&quot;,&quot;name&quot;:&quot;Central European Free Trade Agreement&quot;,&quot;otherAcronyms&quot;:[],&quot;otherNames&quot;:[]}],&quot;cioc&quot;:&quot;SRB&quot;},{&quot;name&quot;:&quot;Seychelles&quot;,&quot;topLevelDomain&quot;:[&quot;.sc&quot;],&quot;alpha2Code&quot;:&quot;SC&quot;,&quot;alpha3Code&quot;:&quot;SYC&quot;,&quot;callingCodes&quot;:[&quot;248&quot;],&quot;capital&quot;:&quot;Victoria&quot;,&quot;altSpellings&quot;:[&quot;SC&quot;,&quot;Republic of Seychelles&quot;,&quot;Repiblik Sesel&quot;,&quot;RÃ©publique des Seychelles&quot;],&quot;region&quot;:&quot;Africa&quot;,&quot;subregion&quot;:&quot;Eastern Africa&quot;,&quot;population&quot;:91400,&quot;latlng&quot;:[-4.58333333,55.66666666],&quot;demonym&quot;:&quot;Seychellois&quot;,&quot;area&quot;:452.0,&quot;gini&quot;:65.8,&quot;timezones&quot;:[&quot;UTC+04:00&quot;],&quot;borders&quot;:[],&quot;nativeName&quot;:&quot;Seychelles&quot;,&quot;numericCode&quot;:&quot;690&quot;,&quot;currencies&quot;:[{&quot;code&quot;:&quot;SCR&quot;,&quot;name&quot;:&quot;Seychellois rupee&quot;,&quot;symbol&quot;:&quot;â‚¨&quot;}],&quot;languages&quot;:[{&quot;iso639_1&quot;:&quot;fr&quot;,&quot;iso639_2&quot;:&quot;fra&quot;,&quot;name&quot;:&quot;French&quot;,&quot;nativeName&quot;:&quot;franÃ§ais&quot;},{&quot;iso639_1&quot;:&quot;en&quot;,&quot;iso639_2&quot;:&quot;eng&quot;,&quot;name&quot;:&quot;English&quot;,&quot;nativeName&quot;:&quot;English&quot;}],&quot;translations&quot;:{&quot;de&quot;:&quot;Seychellen&quot;,&quot;es&quot;:&quot;Seychelles&quot;,&quot;fr&quot;:&quot;Seychelles&quot;,&quot;ja&quot;:&quot;ã‚»ãƒ¼ã‚·ã‚§ãƒ«&quot;,&quot;it&quot;:&quot;Seychelles&quot;,&quot;br&quot;:&quot;Seicheles&quot;,&quot;pt&quot;:&quot;Seicheles&quot;,&quot;nl&quot;:&quot;Seychellen&quot;,&quot;hr&quot;:&quot;SejÅ¡eli&quot;,&quot;fa&quot;:&quot;Ø³ÛŒØ´Ù„&quot;},&quot;flag&quot;:&quot;https://restcountries.eu/data/syc.svg&quot;,&quot;regionalBlocs&quot;:[{&quot;acronym&quot;:&quot;AU&quot;,&quot;name&quot;:&quot;African Union&quot;,&quot;otherAcronyms&quot;:[],&quot;otherNames&quot;:[&quot;Ø§Ù„Ø§ØªØ­Ø§Ø¯ Ø§Ù„Ø£Ù�Ø±ÙŠÙ‚ÙŠ&quot;,&quot;Union africaine&quot;,&quot;UniÃ£o Africana&quot;,&quot;UniÃ³n Africana&quot;,&quot;Umoja wa Afrika&quot;]}],&quot;cioc&quot;:&quot;SEY&quot;},{&quot;name&quot;:&quot;Sierra Leone&quot;,&quot;topLevelDomain&quot;:[&quot;.sl&quot;],&quot;alpha2Code&quot;:&quot;SL&quot;,&quot;alpha3Code&quot;:&quot;SLE&quot;,&quot;callingCodes&quot;:[&quot;232&quot;],&quot;capital&quot;:&quot;Freetown&quot;,&quot;altSpellings&quot;:[&quot;SL&quot;,&quot;Republic of Sierra Leone&quot;],&quot;region&quot;:&quot;Africa&quot;,&quot;subregion&quot;:&quot;Western Africa&quot;,&quot;population&quot;:7075641,&quot;latlng&quot;:[8.5,-11.5],&quot;demonym&quot;:&quot;Sierra Leonean&quot;,&quot;area&quot;:71740.0,&quot;gini&quot;:42.5,&quot;timezones&quot;:[&quot;UTC&quot;],&quot;borders&quot;:[&quot;GIN&quot;,&quot;LBR&quot;],&quot;nativeName&quot;:&quot;Sierra Leone&quot;,&quot;numericCode&quot;:&quot;694&quot;,&quot;currencies&quot;:[{&quot;code&quot;:&quot;SLL&quot;,&quot;name&quot;:&quot;Sierra Leonean leone&quot;,&quot;symbol&quot;:&quot;Le&quot;}],&quot;languages&quot;:[{&quot;iso639_1&quot;:&quot;en&quot;,&quot;iso639_2&quot;:&quot;eng&quot;,&quot;name&quot;:&quot;English&quot;,&quot;nativeName&quot;:&quot;English&quot;}],&quot;translations&quot;:{&quot;de&quot;:&quot;Sierra Leone&quot;,&quot;es&quot;:&quot;Sierra Leone&quot;,&quot;fr&quot;:&quot;Sierra Leone&quot;,&quot;ja&quot;:&quot;ã‚·ã‚¨ãƒ©ãƒ¬ã‚ªãƒ�&quot;,&quot;it&quot;:&quot;Sierra Leone&quot;,&quot;br&quot;:&quot;Serra Leoa&quot;,&quot;pt&quot;:&quot;Serra Leoa&quot;,&quot;nl&quot;:&quot;Sierra Leone&quot;,&quot;hr&quot;:&quot;Sijera Leone&quot;,&quot;fa&quot;:&quot;Ø³ÛŒØ±Ø§Ù„Ø¦ÙˆÙ†&quot;},&quot;flag&quot;:&quot;https://restcountries.eu/data/sle.svg&quot;,&quot;regionalBlocs&quot;:[{&quot;acronym&quot;:&quot;AU&quot;,&quot;name&quot;:&quot;African Union&quot;,&quot;otherAcronyms&quot;:[],&quot;otherNames&quot;:[&quot;Ø§Ù„Ø§ØªØ­Ø§Ø¯ Ø§Ù„Ø£Ù�Ø±ÙŠÙ‚ÙŠ&quot;,&quot;Union africaine&quot;,&quot;UniÃ£o Africana&quot;,&quot;UniÃ³n Africana&quot;,&quot;Umoja wa Afrika&quot;]}],&quot;cioc&quot;:&quot;SLE&quot;},{&quot;name&quot;:&quot;Singapore&quot;,&quot;topLevelDomain&quot;:[&quot;.sg&quot;],&quot;alpha2Code&quot;:&quot;SG&quot;,&quot;alpha3Code&quot;:&quot;SGP&quot;,&quot;callingCodes&quot;:[&quot;65&quot;],&quot;capital&quot;:&quot;Singapore&quot;,&quot;altSpellings&quot;:[&quot;SG&quot;,&quot;Singapura&quot;,&quot;Republik Singapura&quot;,&quot;æ–°åŠ å�¡å…±å’Œå›½&quot;],&quot;region&quot;:&quot;Asia&quot;,&quot;subregion&quot;:&quot;South-Eastern Asia&quot;,&quot;population&quot;:5535000,&quot;latlng&quot;:[1.36666666,103.8],&quot;demonym&quot;:&quot;Singaporean&quot;,&quot;area&quot;:710.0,&quot;gini&quot;:48.1,&quot;timezones&quot;:[&quot;UTC+08:00&quot;],&quot;borders&quot;:[],&quot;nativeName&quot;:&quot;Singapore&quot;,&quot;numericCode&quot;:&quot;702&quot;,&quot;currencies&quot;:[{&quot;code&quot;:&quot;BND&quot;,&quot;name&quot;:&quot;Brunei dollar&quot;,&quot;symbol&quot;:&quot;$&quot;},{&quot;code&quot;:&quot;SGD&quot;,&quot;name&quot;:&quot;Singapore dollar&quot;,&quot;symbol&quot;:&quot;$&quot;}],&quot;languages&quot;:[{&quot;iso639_1&quot;:&quot;en&quot;,&quot;iso639_2&quot;:&quot;eng&quot;,&quot;name&quot;:&quot;English&quot;,&quot;nativeName&quot;:&quot;English&quot;},{&quot;iso639_1&quot;:&quot;ms&quot;,&quot;iso639_2&quot;:&quot;msa&quot;,&quot;name&quot;:&quot;Malay&quot;,&quot;nativeName&quot;:&quot;bahasa Melayu&quot;},{&quot;iso639_1&quot;:&quot;ta&quot;,&quot;iso639_2&quot;:&quot;tam&quot;,&quot;name&quot;:&quot;Tamil&quot;,&quot;nativeName&quot;:&quot;à®¤à®®à®¿à®´à¯�&quot;},{&quot;iso639_1&quot;:&quot;zh&quot;,&quot;iso639_2&quot;:&quot;zho&quot;,&quot;name&quot;:&quot;Chinese&quot;,&quot;nativeName&quot;:&quot;ä¸­æ–‡ (ZhÅ�ngwÃ©n)&quot;}],&quot;translations&quot;:{&quot;de&quot;:&quot;Singapur&quot;,&quot;es&quot;:&quot;Singapur&quot;,&quot;fr&quot;:&quot;Singapour&quot;,&quot;ja&quot;:&quot;ã‚·ãƒ³ã‚¬ãƒ�ãƒ¼ãƒ«&quot;,&quot;it&quot;:&quot;Singapore&quot;,&quot;br&quot;:&quot;Singapura&quot;,&quot;pt&quot;:&quot;Singapura&quot;,&quot;nl&quot;:&quot;Singapore&quot;,&quot;hr&quot;:&quot;Singapur&quot;,&quot;fa&quot;:&quot;Ø³Ù†Ú¯Ø§Ù¾ÙˆØ±&quot;},&quot;flag&quot;:&quot;https://restcountries.eu/data/sgp.svg&quot;,&quot;regionalBlocs&quot;:[{&quot;acronym&quot;:&quot;ASEAN&quot;,&quot;name&quot;:&quot;Association of Southeast Asian Nations&quot;,&quot;otherAcronyms&quot;:[],&quot;otherNames&quot;:[]}],&quot;cioc&quot;:&quot;SIN&quot;},{&quot;name&quot;:&quot;Sint Maarten (Dutch part)&quot;,&quot;topLevelDomain&quot;:[&quot;.sx&quot;],&quot;alpha2Code&quot;:&quot;SX&quot;,&quot;alpha3Code&quot;:&quot;SXM&quot;,&quot;callingCodes&quot;:[&quot;1721&quot;],&quot;capital&quot;:&quot;Philipsburg&quot;,&quot;altSpellings&quot;:[&quot;SX&quot;],&quot;region&quot;:&quot;Americas&quot;,&quot;subregion&quot;:&quot;Caribbean&quot;,&quot;population&quot;:38247,&quot;latlng&quot;:[18.033333,-63.05],&quot;demonym&quot;:&quot;Dutch&quot;,&quot;area&quot;:34.0,&quot;gini&quot;:null,&quot;timezones&quot;:[&quot;UTC-04:00&quot;],&quot;borders&quot;:[&quot;MAF&quot;],&quot;nativeName&quot;:&quot;Sint Maarten&quot;,&quot;numericCode&quot;:&quot;534&quot;,&quot;currencies&quot;:[{&quot;code&quot;:&quot;ANG&quot;,&quot;name&quot;:&quot;Netherlands Antillean guilder&quot;,&quot;symbol&quot;:&quot;Æ’&quot;}],&quot;languages&quot;:[{&quot;iso639_1&quot;:&quot;nl&quot;,&quot;iso639_2&quot;:&quot;nld&quot;,&quot;name&quot;:&quot;Dutch&quot;,&quot;nativeName&quot;:&quot;Nederlands&quot;},{&quot;iso639_1&quot;:&quot;en&quot;,&quot;iso639_2&quot;:&quot;eng&quot;,&quot;name&quot;:&quot;English&quot;,&quot;nativeName&quot;:&quot;English&quot;}],&quot;translations&quot;:{&quot;de&quot;:&quot;Sint Maarten (niederl. Teil)&quot;,&quot;es&quot;:null,&quot;fr&quot;:&quot;Saint Martin (partie nÃ©erlandaise)&quot;,&quot;ja&quot;:null,&quot;it&quot;:&quot;Saint Martin (parte olandese)&quot;,&quot;br&quot;:&quot;Sint Maarten&quot;,&quot;pt&quot;:&quot;SÃ£o Martinho&quot;,&quot;nl&quot;:&quot;Sint Maarten&quot;,&quot;hr&quot;:null,&quot;fa&quot;:&quot;Ø³ÛŒÙ†Øª Ù…Ø§Ø±ØªÙ†&quot;},&quot;flag&quot;:&quot;https://restcountries.eu/data/sxm.svg&quot;,&quot;regionalBlocs&quot;:[],&quot;cioc&quot;:&quot;&quot;},{&quot;name&quot;:&quot;Slovakia&quot;,&quot;topLevelDomain&quot;:[&quot;.sk&quot;],&quot;alpha2Code&quot;:&quot;SK&quot;,&quot;alpha3Code&quot;:&quot;SVK&quot;,&quot;callingCodes&quot;:[&quot;421&quot;],&quot;capital&quot;:&quot;Bratislava&quot;,&quot;altSpellings&quot;:[&quot;SK&quot;,&quot;Slovak Republic&quot;,&quot;SlovenskÃ¡ republika&quot;],&quot;region&quot;:&quot;Europe&quot;,&quot;subregion&quot;:&quot;Eastern Europe&quot;,&quot;population&quot;:5426252,&quot;latlng&quot;:[48.66666666,19.5],&quot;demonym&quot;:&quot;Slovak&quot;,&quot;area&quot;:49037.0,&quot;gini&quot;:26.0,&quot;timezones&quot;:[&quot;UTC+01:00&quot;],&quot;borders&quot;:[&quot;AUT&quot;,&quot;CZE&quot;,&quot;HUN&quot;,&quot;POL&quot;,&quot;UKR&quot;],&quot;nativeName&quot;:&quot;Slovensko&quot;,&quot;numericCode&quot;:&quot;703&quot;,&quot;currencies&quot;:[{&quot;code&quot;:&quot;EUR&quot;,&quot;name&quot;:&quot;Euro&quot;,&quot;symbol&quot;:&quot;â‚¬&quot;}],&quot;languages&quot;:[{&quot;iso639_1&quot;:&quot;sk&quot;,&quot;iso639_2&quot;:&quot;slk&quot;,&quot;name&quot;:&quot;Slovak&quot;,&quot;nativeName&quot;:&quot;slovenÄ�ina&quot;}],&quot;translations&quot;:{&quot;de&quot;:&quot;Slowakei&quot;,&quot;es&quot;:&quot;RepÃºblica Eslovaca&quot;,&quot;fr&quot;:&quot;Slovaquie&quot;,&quot;ja&quot;:&quot;ã‚¹ãƒ­ãƒ�ã‚­ã‚¢&quot;,&quot;it&quot;:&quot;Slovacchia&quot;,&quot;br&quot;:&quot;EslovÃ¡quia&quot;,&quot;pt&quot;:&quot;EslovÃ¡quia&quot;,&quot;nl&quot;:&quot;Slowakije&quot;,&quot;hr&quot;:&quot;SlovaÄ�ka&quot;,&quot;fa&quot;:&quot;Ø§Ø³Ù„ÙˆØ§Ú©ÛŒ&quot;},&quot;flag&quot;:&quot;https://restcountries.eu/data/svk.svg&quot;,&quot;regionalBlocs&quot;:[{&quot;acronym&quot;:&quot;EU&quot;,&quot;name&quot;:&quot;European Union&quot;,&quot;otherAcronyms&quot;:[],&quot;otherNames&quot;:[]}],&quot;cioc&quot;:&quot;SVK&quot;},{&quot;name&quot;:&quot;Slovenia&quot;,&quot;topLevelDomain&quot;:[&quot;.si&quot;],&quot;alpha2Code&quot;:&quot;SI&quot;,&quot;alpha3Code&quot;:&quot;SVN&quot;,&quot;callingCodes&quot;:[&quot;386&quot;],&quot;capital&quot;:&quot;Ljubljana&quot;,&quot;altSpellings&quot;:[&quot;SI&quot;,&quot;Republic of Slovenia&quot;,&quot;Republika Slovenija&quot;],&quot;region&quot;:&quot;Europe&quot;,&quot;subregion&quot;:&quot;Southern Europe&quot;,&quot;population&quot;:2064188,&quot;latlng&quot;:[46.11666666,14.81666666],&quot;demonym&quot;:&quot;Slovene&quot;,&quot;area&quot;:20273.0,&quot;gini&quot;:31.2,&quot;timezones&quot;:[&quot;UTC+01:00&quot;],&quot;borders&quot;:[&quot;AUT&quot;,&quot;HRV&quot;,&quot;ITA&quot;,&quot;HUN&quot;],&quot;nativeName&quot;:&quot;Slovenija&quot;,&quot;numericCode&quot;:&quot;705&quot;,&quot;currencies&quot;:[{&quot;code&quot;:&quot;EUR&quot;,&quot;name&quot;:&quot;Euro&quot;,&quot;symbol&quot;:&quot;â‚¬&quot;}],&quot;languages&quot;:[{&quot;iso639_1&quot;:&quot;sl&quot;,&quot;iso639_2&quot;:&quot;slv&quot;,&quot;name&quot;:&quot;Slovene&quot;,&quot;nativeName&quot;:&quot;slovenski jezik&quot;}],&quot;translations&quot;:{&quot;de&quot;:&quot;Slowenien&quot;,&quot;es&quot;:&quot;Eslovenia&quot;,&quot;fr&quot;:&quot;SlovÃ©nie&quot;,&quot;ja&quot;:&quot;ã‚¹ãƒ­ãƒ™ãƒ‹ã‚¢&quot;,&quot;it&quot;:&quot;Slovenia&quot;,&quot;br&quot;:&quot;EslovÃªnia&quot;,&quot;pt&quot;:&quot;EslovÃ©nia&quot;,&quot;nl&quot;:&quot;SloveniÃ«&quot;,&quot;hr&quot;:&quot;Slovenija&quot;,&quot;fa&quot;:&quot;Ø§Ø³Ù„ÙˆÙˆÙ†ÛŒ&quot;},&quot;flag&quot;:&quot;https://restcountries.eu/data/svn.svg&quot;,&quot;regionalBlocs&quot;:[{&quot;acronym&quot;:&quot;EU&quot;,&quot;name&quot;:&quot;European Union&quot;,&quot;otherAcronyms&quot;:[],&quot;otherNames&quot;:[]}],&quot;cioc&quot;:&quot;SLO&quot;},{&quot;name&quot;:&quot;Solomon Islands&quot;,&quot;topLevelDomain&quot;:[&quot;.sb&quot;],&quot;alpha2Code&quot;:&quot;SB&quot;,&quot;alpha3Code&quot;:&quot;SLB&quot;,&quot;callingCodes&quot;:[&quot;677&quot;],&quot;capital&quot;:&quot;Honiara&quot;,&quot;altSpellings&quot;:[&quot;SB&quot;],&quot;region&quot;:&quot;Oceania&quot;,&quot;subregion&quot;:&quot;Melanesia&quot;,&quot;population&quot;:642000,&quot;latlng&quot;:[-8.0,159.0],&quot;demonym&quot;:&quot;Solomon Islander&quot;,&quot;area&quot;:28896.0,&quot;gini&quot;:null,&quot;timezones&quot;:[&quot;UTC+11:00&quot;],&quot;borders&quot;:[],&quot;nativeName&quot;:&quot;Solomon Islands&quot;,&quot;numericCode&quot;:&quot;090&quot;,&quot;currencies&quot;:[{&quot;code&quot;:&quot;SBD&quot;,&quot;name&quot;:&quot;Solomon Islands dollar&quot;,&quot;symbol&quot;:&quot;$&quot;}],&quot;languages&quot;:[{&quot;iso639_1&quot;:&quot;en&quot;,&quot;iso639_2&quot;:&quot;eng&quot;,&quot;name&quot;:&quot;English&quot;,&quot;nativeName&quot;:&quot;English&quot;}],&quot;translations&quot;:{&quot;de&quot;:&quot;Salomonen&quot;,&quot;es&quot;:&quot;Islas SalomÃ³n&quot;,&quot;fr&quot;:&quot;ÃŽles Salomon&quot;,&quot;ja&quot;:&quot;ã‚½ãƒ­ãƒ¢ãƒ³è«¸å³¶&quot;,&quot;it&quot;:&quot;Isole Salomone&quot;,&quot;br&quot;:&quot;Ilhas SalomÃ£o&quot;,&quot;pt&quot;:&quot;Ilhas SalomÃ£o&quot;,&quot;nl&quot;:&quot;Salomonseilanden&quot;,&quot;hr&quot;:&quot;Solomonski Otoci&quot;,&quot;fa&quot;:&quot;Ø¬Ø²Ø§ÛŒØ± Ø³Ù„ÛŒÙ…Ø§Ù†&quot;},&quot;flag&quot;:&quot;https://restcountries.eu/data/slb.svg&quot;,&quot;regionalBlocs&quot;:[],&quot;cioc&quot;:&quot;SOL&quot;},{&quot;name&quot;:&quot;Somalia&quot;,&quot;topLevelDomain&quot;:[&quot;.so&quot;],&quot;alpha2Code&quot;:&quot;SO&quot;,&quot;alpha3Code&quot;:&quot;SOM&quot;,&quot;callingCodes&quot;:[&quot;252&quot;],&quot;capital&quot;:&quot;Mogadishu&quot;,&quot;altSpellings&quot;:[&quot;SO&quot;,&quot;aá¹£-á¹¢Å«mÄ�l&quot;,&quot;Federal Republic of Somalia&quot;,&quot;Jamhuuriyadda Federaalka Soomaaliya&quot;,&quot;JumhÅ«riyyat aá¹£-á¹¢Å«mÄ�l al-FiderÄ�liyya&quot;],&quot;region&quot;:&quot;Africa&quot;,&quot;subregion&quot;:&quot;Eastern Africa&quot;,&quot;population&quot;:11079000,&quot;latlng&quot;:[10.0,49.0],&quot;demonym&quot;:&quot;Somali&quot;,&quot;area&quot;:637657.0,&quot;gini&quot;:null,&quot;timezones&quot;:[&quot;UTC+03:00&quot;],&quot;borders&quot;:[&quot;DJI&quot;,&quot;ETH&quot;,&quot;KEN&quot;],&quot;nativeName&quot;:&quot;Soomaaliya&quot;,&quot;numericCode&quot;:&quot;706&quot;,&quot;currencies&quot;:[{&quot;code&quot;:&quot;SOS&quot;,&quot;name&quot;:&quot;Somali shilling&quot;,&quot;symbol&quot;:&quot;Sh&quot;}],&quot;languages&quot;:[{&quot;iso639_1&quot;:&quot;so&quot;,&quot;iso639_2&quot;:&quot;som&quot;,&quot;name&quot;:&quot;Somali&quot;,&quot;nativeName&quot;:&quot;Soomaaliga&quot;},{&quot;iso639_1&quot;:&quot;ar&quot;,&quot;iso639_2&quot;:&quot;ara&quot;,&quot;name&quot;:&quot;Arabic&quot;,&quot;nativeName&quot;:&quot;Ø§Ù„Ø¹Ø±Ø¨ÙŠØ©&quot;}],&quot;translations&quot;:{&quot;de&quot;:&quot;Somalia&quot;,&quot;es&quot;:&quot;Somalia&quot;,&quot;fr&quot;:&quot;Somalie&quot;,&quot;ja&quot;:&quot;ã‚½ãƒžãƒªã‚¢&quot;,&quot;it&quot;:&quot;Somalia&quot;,&quot;br&quot;:&quot;SomÃ¡lia&quot;,&quot;pt&quot;:&quot;SomÃ¡lia&quot;,&quot;nl&quot;:&quot;SomaliÃ«&quot;,&quot;hr&quot;:&quot;Somalija&quot;,&quot;fa&quot;:&quot;Ø³ÙˆÙ…Ø§Ù„ÛŒ&quot;},&quot;flag&quot;:&quot;https://restcountries.eu/data/som.svg&quot;,&quot;regionalBlocs&quot;:[{&quot;acronym&quot;:&quot;AU&quot;,&quot;name&quot;:&quot;African Union&quot;,&quot;otherAcronyms&quot;:[],&quot;otherNames&quot;:[&quot;Ø§Ù„Ø§ØªØ­Ø§Ø¯ Ø§Ù„Ø£Ù�Ø±ÙŠÙ‚ÙŠ&quot;,&quot;Union africaine&quot;,&quot;UniÃ£o Africana&quot;,&quot;UniÃ³n Africana&quot;,&quot;Umoja wa Afrika&quot;]},{&quot;acronym&quot;:&quot;AL&quot;,&quot;name&quot;:&quot;Arab League&quot;,&quot;otherAcronyms&quot;:[],&quot;otherNames&quot;:[&quot;Ø¬Ø§Ù…Ø¹Ø© Ø§Ù„Ø¯ÙˆÙ„ Ø§Ù„Ø¹Ø±Ø¨ÙŠØ©&quot;,&quot;JÄ�miÊ»at ad-Duwal al-Ê»ArabÄ«yah&quot;,&quot;League of Arab States&quot;]}],&quot;cioc&quot;:&quot;SOM&quot;},{&quot;name&quot;:&quot;South Africa&quot;,&quot;topLevelDomain&quot;:[&quot;.za&quot;],&quot;alpha2Code&quot;:&quot;ZA&quot;,&quot;alpha3Code&quot;:&quot;ZAF&quot;,&quot;callingCodes&quot;:[&quot;27&quot;],&quot;capital&quot;:&quot;Pretoria&quot;,&quot;altSpellings&quot;:[&quot;ZA&quot;,&quot;RSA&quot;,&quot;Suid-Afrika&quot;,&quot;Republic of South Africa&quot;],&quot;region&quot;:&quot;Africa&quot;,&quot;subregion&quot;:&quot;Southern Africa&quot;,&quot;population&quot;:55653654,&quot;latlng&quot;:[-29.0,24.0],&quot;demonym&quot;:&quot;South African&quot;,&quot;area&quot;:1221037.0,&quot;gini&quot;:63.1,&quot;timezones&quot;:[&quot;UTC+02:00&quot;],&quot;borders&quot;:[&quot;BWA&quot;,&quot;LSO&quot;,&quot;MOZ&quot;,&quot;NAM&quot;,&quot;SWZ&quot;,&quot;ZWE&quot;],&quot;nativeName&quot;:&quot;South Africa&quot;,&quot;numericCode&quot;:&quot;710&quot;,&quot;currencies&quot;:[{&quot;code&quot;:&quot;ZAR&quot;,&quot;name&quot;:&quot;South African rand&quot;,&quot;symbol&quot;:&quot;R&quot;}],&quot;languages&quot;:[{&quot;iso639_1&quot;:&quot;af&quot;,&quot;iso639_2&quot;:&quot;afr&quot;,&quot;name&quot;:&quot;Afrikaans&quot;,&quot;nativeName&quot;:&quot;Afrikaans&quot;},{&quot;iso639_1&quot;:&quot;en&quot;,&quot;iso639_2&quot;:&quot;eng&quot;,&quot;name&quot;:&quot;English&quot;,&quot;nativeName&quot;:&quot;English&quot;},{&quot;iso639_1&quot;:&quot;nr&quot;,&quot;iso639_2&quot;:&quot;nbl&quot;,&quot;name&quot;:&quot;Southern Ndebele&quot;,&quot;nativeName&quot;:&quot;isiNdebele&quot;},{&quot;iso639_1&quot;:&quot;st&quot;,&quot;iso639_2&quot;:&quot;sot&quot;,&quot;name&quot;:&quot;Southern Sotho&quot;,&quot;nativeName&quot;:&quot;Sesotho&quot;},{&quot;iso639_1&quot;:&quot;ss&quot;,&quot;iso639_2&quot;:&quot;ssw&quot;,&quot;name&quot;:&quot;Swati&quot;,&quot;nativeName&quot;:&quot;SiSwati&quot;},{&quot;iso639_1&quot;:&quot;tn&quot;,&quot;iso639_2&quot;:&quot;tsn&quot;,&quot;name&quot;:&quot;Tswana&quot;,&quot;nativeName&quot;:&quot;Setswana&quot;},{&quot;iso639_1&quot;:&quot;ts&quot;,&quot;iso639_2&quot;:&quot;tso&quot;,&quot;name&quot;:&quot;Tsonga&quot;,&quot;nativeName&quot;:&quot;Xitsonga&quot;},{&quot;iso639_1&quot;:&quot;ve&quot;,&quot;iso639_2&quot;:&quot;ven&quot;,&quot;name&quot;:&quot;Venda&quot;,&quot;nativeName&quot;:&quot;Tshivená¸“a&quot;},{&quot;iso639_1&quot;:&quot;xh&quot;,&quot;iso639_2&quot;:&quot;xho&quot;,&quot;name&quot;:&quot;Xhosa&quot;,&quot;nativeName&quot;:&quot;isiXhosa&quot;},{&quot;iso639_1&quot;:&quot;zu&quot;,&quot;iso639_2&quot;:&quot;zul&quot;,&quot;name&quot;:&quot;Zulu&quot;,&quot;nativeName&quot;:&quot;isiZulu&quot;}],&quot;translations&quot;:{&quot;de&quot;:&quot;Republik SÃ¼dafrika&quot;,&quot;es&quot;:&quot;RepÃºblica de SudÃ¡frica&quot;,&quot;fr&quot;:&quot;Afrique du Sud&quot;,&quot;ja&quot;:&quot;å�—ã‚¢ãƒ•ãƒªã‚«&quot;,&quot;it&quot;:&quot;Sud Africa&quot;,&quot;br&quot;:&quot;RepÃºblica Sul-Africana&quot;,&quot;pt&quot;:&quot;RepÃºblica Sul-Africana&quot;,&quot;nl&quot;:&quot;Zuid-Afrika&quot;,&quot;hr&quot;:&quot;JuÅ¾noafriÄ�ka Republika&quot;,&quot;fa&quot;:&quot;Ø¢Ù�Ø±ÛŒÙ‚Ø§ÛŒ Ø¬Ù†ÙˆØ¨ÛŒ&quot;},&quot;flag&quot;:&quot;https://restcountries.eu/data/zaf.svg&quot;,&quot;regionalBlocs&quot;:[{&quot;acronym&quot;:&quot;AU&quot;,&quot;name&quot;:&quot;African Union&quot;,&quot;otherAcronyms&quot;:[],&quot;otherNames&quot;:[&quot;Ø§Ù„Ø§ØªØ­Ø§Ø¯ Ø§Ù„Ø£Ù�Ø±ÙŠÙ‚ÙŠ&quot;,&quot;Union africaine&quot;,&quot;UniÃ£o Africana&quot;,&quot;UniÃ³n Africana&quot;,&quot;Umoja wa Afrika&quot;]}],&quot;cioc&quot;:&quot;RSA&quot;},{&quot;name&quot;:&quot;South Georgia and the South Sandwich Islands&quot;,&quot;topLevelDomain&quot;:[&quot;.gs&quot;],&quot;alpha2Code&quot;:&quot;GS&quot;,&quot;alpha3Code&quot;:&quot;SGS&quot;,&quot;callingCodes&quot;:[&quot;500&quot;],&quot;capital&quot;:&quot;King Edward Point&quot;,&quot;altSpellings&quot;:[&quot;GS&quot;,&quot;South Georgia and the South Sandwich Islands&quot;],&quot;region&quot;:&quot;Americas&quot;,&quot;subregion&quot;:&quot;South America&quot;,&quot;population&quot;:30,&quot;latlng&quot;:[-54.5,-37.0],&quot;demonym&quot;:&quot;South Georgia and the South Sandwich Islander&quot;,&quot;area&quot;:null,&quot;gini&quot;:null,&quot;timezones&quot;:[&quot;UTC-02:00&quot;],&quot;borders&quot;:[],&quot;nativeName&quot;:&quot;South Georgia&quot;,&quot;numericCode&quot;:&quot;239&quot;,&quot;currencies&quot;:[{&quot;code&quot;:&quot;GBP&quot;,&quot;name&quot;:&quot;British pound&quot;,&quot;symbol&quot;:&quot;Â£&quot;},{&quot;code&quot;:&quot;(none)&quot;,&quot;name&quot;:null,&quot;symbol&quot;:&quot;Â£&quot;}],&quot;languages&quot;:[{&quot;iso639_1&quot;:&quot;en&quot;,&quot;iso639_2&quot;:&quot;eng&quot;,&quot;name&quot;:&quot;English&quot;,&quot;nativeName&quot;:&quot;English&quot;}],&quot;translations&quot;:{&quot;de&quot;:&quot;SÃ¼dgeorgien und die SÃ¼dlichen Sandwichinseln&quot;,&quot;es&quot;:&quot;Islas Georgias del Sur y Sandwich del Sur&quot;,&quot;fr&quot;:&quot;GÃ©orgie du Sud-et-les ÃŽles Sandwich du Sud&quot;,&quot;ja&quot;:&quot;ã‚µã‚¦ã‚¹ã‚¸ãƒ§ãƒ¼ã‚¸ã‚¢ãƒ»ã‚µã‚¦ã‚¹ã‚µãƒ³ãƒ‰ã‚¦ã‚£ãƒƒãƒ�è«¸å³¶&quot;,&quot;it&quot;:&quot;Georgia del Sud e Isole Sandwich Meridionali&quot;,&quot;br&quot;:&quot;Ilhas GeÃ³rgias do Sul e Sandwich do Sul&quot;,&quot;pt&quot;:&quot;Ilhas GeÃ³rgia do Sul e SanduÃ­che do Sul&quot;,&quot;nl&quot;:&quot;Zuid-Georgia en Zuidelijke Sandwicheilanden&quot;,&quot;hr&quot;:&quot;JuÅ¾na Georgija i otoÄ�je JuÅ¾ni Sandwich&quot;,&quot;fa&quot;:&quot;Ø¬Ø²Ø§ÛŒØ± Ø¬ÙˆØ±Ø¬ÛŒØ§ÛŒ Ø¬Ù†ÙˆØ¨ÛŒ Ùˆ Ø³Ø§Ù†Ø¯ÙˆÛŒÚ† Ø¬Ù†ÙˆØ¨ÛŒ&quot;},&quot;flag&quot;:&quot;https://restcountries.eu/data/sgs.svg&quot;,&quot;regionalBlocs&quot;:[{&quot;acronym&quot;:&quot;USAN&quot;,&quot;name&quot;:&quot;Union of South American Nations&quot;,&quot;otherAcronyms&quot;:[&quot;UNASUR&quot;,&quot;UNASUL&quot;,&quot;UZAN&quot;],&quot;otherNames&quot;:[&quot;UniÃ³n de Naciones Suramericanas&quot;,&quot;UniÃ£o de NaÃ§Ãµes Sul-Americanas&quot;,&quot;Unie van Zuid-Amerikaanse Naties&quot;,&quot;South American Union&quot;]}],&quot;cioc&quot;:&quot;&quot;},{&quot;name&quot;:&quot;Korea (Republic of)&quot;,&quot;topLevelDomain&quot;:[&quot;.kr&quot;],&quot;alpha2Code&quot;:&quot;KR&quot;,&quot;alpha3Code&quot;:&quot;KOR&quot;,&quot;callingCodes&quot;:[&quot;82&quot;],&quot;capital&quot;:&quot;Seoul&quot;,&quot;altSpellings&quot;:[&quot;KR&quot;,&quot;Republic of Korea&quot;],&quot;region&quot;:&quot;Asia&quot;,&quot;subregion&quot;:&quot;Eastern Asia&quot;,&quot;population&quot;:50801405,&quot;latlng&quot;:[37.0,127.5],&quot;demonym&quot;:&quot;South Korean&quot;,&quot;area&quot;:100210.0,&quot;gini&quot;:31.3,&quot;timezones&quot;:[&quot;UTC+09:00&quot;],&quot;borders&quot;:[&quot;PRK&quot;],&quot;nativeName&quot;:&quot;ëŒ€í•œë¯¼êµ­&quot;,&quot;numericCode&quot;:&quot;410&quot;,&quot;currencies&quot;:[{&quot;code&quot;:&quot;KRW&quot;,&quot;name&quot;:&quot;South Korean won&quot;,&quot;symbol&quot;:&quot;â‚©&quot;}],&quot;languages&quot;:[{&quot;iso639_1&quot;:&quot;ko&quot;,&quot;iso639_2&quot;:&quot;kor&quot;,&quot;name&quot;:&quot;Korean&quot;,&quot;nativeName&quot;:&quot;í•œêµ­ì–´&quot;}],&quot;translations&quot;:{&quot;de&quot;:&quot;SÃ¼dkorea&quot;,&quot;es&quot;:&quot;Corea del Sur&quot;,&quot;fr&quot;:&quot;CorÃ©e du Sud&quot;,&quot;ja&quot;:&quot;å¤§éŸ“æ°‘å›½&quot;,&quot;it&quot;:&quot;Corea del Sud&quot;,&quot;br&quot;:&quot;Coreia do Sul&quot;,&quot;pt&quot;:&quot;Coreia do Sul&quot;,&quot;nl&quot;:&quot;Zuid-Korea&quot;,&quot;hr&quot;:&quot;JuÅ¾na Koreja&quot;,&quot;fa&quot;:&quot;Ú©Ø±Ù‡ Ø´Ù…Ø§Ù„ÛŒ&quot;},&quot;flag&quot;:&quot;https://restcountries.eu/data/kor.svg&quot;,&quot;regionalBlocs&quot;:[],&quot;cioc&quot;:&quot;KOR&quot;},{&quot;name&quot;:&quot;South Sudan&quot;,&quot;topLevelDomain&quot;:[&quot;.ss&quot;],&quot;alpha2Code&quot;:&quot;SS&quot;,&quot;alpha3Code&quot;:&quot;SSD&quot;,&quot;callingCodes&quot;:[&quot;211&quot;],&quot;capital&quot;:&quot;Juba&quot;,&quot;altSpellings&quot;:[&quot;SS&quot;],&quot;region&quot;:&quot;Africa&quot;,&quot;subregion&quot;:&quot;Middle Africa&quot;,&quot;population&quot;:12131000,&quot;latlng&quot;:[7.0,30.0],&quot;demonym&quot;:&quot;South Sudanese&quot;,&quot;area&quot;:619745.0,&quot;gini&quot;:45.5,&quot;timezones&quot;:[&quot;UTC+03:00&quot;],&quot;borders&quot;:[&quot;CAF&quot;,&quot;COD&quot;,&quot;ETH&quot;,&quot;KEN&quot;,&quot;SDN&quot;,&quot;UGA&quot;],&quot;nativeName&quot;:&quot;South Sudan&quot;,&quot;numericCode&quot;:&quot;728&quot;,&quot;currencies&quot;:[{&quot;code&quot;:&quot;SSP&quot;,&quot;name&quot;:&quot;South Sudanese pound&quot;,&quot;symbol&quot;:&quot;Â£&quot;}],&quot;languages&quot;:[{&quot;iso639_1&quot;:&quot;en&quot;,&quot;iso639_2&quot;:&quot;eng&quot;,&quot;name&quot;:&quot;English&quot;,&quot;nativeName&quot;:&quot;English&quot;}],&quot;translations&quot;:{&quot;de&quot;:&quot;SÃ¼dsudan&quot;,&quot;es&quot;:&quot;SudÃ¡n del Sur&quot;,&quot;fr&quot;:&quot;Soudan du Sud&quot;,&quot;ja&quot;:&quot;å�—ã‚¹ãƒ¼ãƒ€ãƒ³&quot;,&quot;it&quot;:&quot;Sudan del sud&quot;,&quot;br&quot;:&quot;SudÃ£o do Sul&quot;,&quot;pt&quot;:&quot;SudÃ£o do Sul&quot;,&quot;nl&quot;:&quot;Zuid-Soedan&quot;,&quot;hr&quot;:&quot;JuÅ¾ni Sudan&quot;,&quot;fa&quot;:&quot;Ø³ÙˆØ¯Ø§Ù† Ø¬Ù†ÙˆØ¨ÛŒ&quot;},&quot;flag&quot;:&quot;https://restcountries.eu/data/ssd.svg&quot;,&quot;regionalBlocs&quot;:[{&quot;acronym&quot;:&quot;AU&quot;,&quot;name&quot;:&quot;African Union&quot;,&quot;otherAcronyms&quot;:[],&quot;otherNames&quot;:[&quot;Ø§Ù„Ø§ØªØ­Ø§Ø¯ Ø§Ù„Ø£Ù�Ø±ÙŠÙ‚ÙŠ&quot;,&quot;Union africaine&quot;,&quot;UniÃ£o Africana&quot;,&quot;UniÃ³n Africana&quot;,&quot;Umoja wa Afrika&quot;]}],&quot;cioc&quot;:&quot;&quot;},{&quot;name&quot;:&quot;Spain&quot;,&quot;topLevelDomain&quot;:[&quot;.es&quot;],&quot;alpha2Code&quot;:&quot;ES&quot;,&quot;alpha3Code&quot;:&quot;ESP&quot;,&quot;callingCodes&quot;:[&quot;34&quot;],&quot;capital&quot;:&quot;Madrid&quot;,&quot;altSpellings&quot;:[&quot;ES&quot;,&quot;Kingdom of Spain&quot;,&quot;Reino de EspaÃ±a&quot;],&quot;region&quot;:&quot;Europe&quot;,&quot;subregion&quot;:&quot;Southern Europe&quot;,&quot;population&quot;:46438422,&quot;latlng&quot;:[40.0,-4.0],&quot;demonym&quot;:&quot;Spanish&quot;,&quot;area&quot;:505992.0,&quot;gini&quot;:34.7,&quot;timezones&quot;:[&quot;UTC&quot;,&quot;UTC+01:00&quot;],&quot;borders&quot;:[&quot;AND&quot;,&quot;FRA&quot;,&quot;GIB&quot;,&quot;PRT&quot;,&quot;MAR&quot;],&quot;nativeName&quot;:&quot;EspaÃ±a&quot;,&quot;numericCode&quot;:&quot;724&quot;,&quot;currencies&quot;:[{&quot;code&quot;:&quot;EUR&quot;,&quot;name&quot;:&quot;Euro&quot;,&quot;symbol&quot;:&quot;â‚¬&quot;}],&quot;languages&quot;:[{&quot;iso639_1&quot;:&quot;es&quot;,&quot;iso639_2&quot;:&quot;spa&quot;,&quot;name&quot;:&quot;Spanish&quot;,&quot;nativeName&quot;:&quot;EspaÃ±ol&quot;}],&quot;translations&quot;:{&quot;de&quot;:&quot;Spanien&quot;,&quot;es&quot;:&quot;EspaÃ±a&quot;,&quot;fr&quot;:&quot;Espagne&quot;,&quot;ja&quot;:&quot;ã‚¹ãƒšã‚¤ãƒ³&quot;,&quot;it&quot;:&quot;Spagna&quot;,&quot;br&quot;:&quot;Espanha&quot;,&quot;pt&quot;:&quot;Espanha&quot;,&quot;nl&quot;:&quot;Spanje&quot;,&quot;hr&quot;:&quot;Å panjolska&quot;,&quot;fa&quot;:&quot;Ø§Ø³Ù¾Ø§Ù†ÛŒØ§&quot;},&quot;flag&quot;:&quot;https://restcountries.eu/data/esp.svg&quot;,&quot;regionalBlocs&quot;:[{&quot;acronym&quot;:&quot;EU&quot;,&quot;name&quot;:&quot;European Union&quot;,&quot;otherAcronyms&quot;:[],&quot;otherNames&quot;:[]}],&quot;cioc&quot;:&quot;ESP&quot;},{&quot;name&quot;:&quot;Sri Lanka&quot;,&quot;topLevelDomain&quot;:[&quot;.lk&quot;],&quot;alpha2Code&quot;:&quot;LK&quot;,&quot;alpha3Code&quot;:&quot;LKA&quot;,&quot;callingCodes&quot;:[&quot;94&quot;],&quot;capital&quot;:&quot;Colombo&quot;,&quot;altSpellings&quot;:[&quot;LK&quot;,&quot;ilaá¹…kai&quot;,&quot;Democratic Socialist Republic of Sri Lanka&quot;],&quot;region&quot;:&quot;Asia&quot;,&quot;subregion&quot;:&quot;Southern Asia&quot;,&quot;population&quot;:20966000,&quot;latlng&quot;:[7.0,81.0],&quot;demonym&quot;:&quot;Sri Lankan&quot;,&quot;area&quot;:65610.0,&quot;gini&quot;:40.3,&quot;timezones&quot;:[&quot;UTC+05:30&quot;],&quot;borders&quot;:[&quot;IND&quot;],&quot;nativeName&quot;:&quot;Å›rÄ« laá¹ƒkÄ�va&quot;,&quot;numericCode&quot;:&quot;144&quot;,&quot;currencies&quot;:[{&quot;code&quot;:&quot;LKR&quot;,&quot;name&quot;:&quot;Sri Lankan rupee&quot;,&quot;symbol&quot;:&quot;Rs&quot;}],&quot;languages&quot;:[{&quot;iso639_1&quot;:&quot;si&quot;,&quot;iso639_2&quot;:&quot;sin&quot;,&quot;name&quot;:&quot;Sinhalese&quot;,&quot;nativeName&quot;:&quot;à·ƒà·’à¶‚à·„à¶½&quot;},{&quot;iso639_1&quot;:&quot;ta&quot;,&quot;iso639_2&quot;:&quot;tam&quot;,&quot;name&quot;:&quot;Tamil&quot;,&quot;nativeName&quot;:&quot;à®¤à®®à®¿à®´à¯�&quot;}],&quot;translations&quot;:{&quot;de&quot;:&quot;Sri Lanka&quot;,&quot;es&quot;:&quot;Sri Lanka&quot;,&quot;fr&quot;:&quot;Sri Lanka&quot;,&quot;ja&quot;:&quot;ã‚¹ãƒªãƒ©ãƒ³ã‚«&quot;,&quot;it&quot;:&quot;Sri Lanka&quot;,&quot;br&quot;:&quot;Sri Lanka&quot;,&quot;pt&quot;:&quot;Sri Lanka&quot;,&quot;nl&quot;:&quot;Sri Lanka&quot;,&quot;hr&quot;:&quot;Å ri Lanka&quot;,&quot;fa&quot;:&quot;Ø³Ø±ÛŒâ€ŒÙ„Ø§Ù†Ú©Ø§&quot;},&quot;flag&quot;:&quot;https://restcountries.eu/data/lka.svg&quot;,&quot;regionalBlocs&quot;:[{&quot;acronym&quot;:&quot;SAARC&quot;,&quot;name&quot;:&quot;South Asian Association for Regional Cooperation&quot;,&quot;otherAcronyms&quot;:[],&quot;otherNames&quot;:[]}],&quot;cioc&quot;:&quot;SRI&quot;},{&quot;name&quot;:&quot;Sudan&quot;,&quot;topLevelDomain&quot;:[&quot;.sd&quot;],&quot;alpha2Code&quot;:&quot;SD&quot;,&quot;alpha3Code&quot;:&quot;SDN&quot;,&quot;callingCodes&quot;:[&quot;249&quot;],&quot;capital&quot;:&quot;Khartoum&quot;,&quot;altSpellings&quot;:[&quot;SD&quot;,&quot;Republic of the Sudan&quot;,&quot;JumhÅ«rÄ«yat as-SÅ«dÄ�n&quot;],&quot;region&quot;:&quot;Africa&quot;,&quot;subregion&quot;:&quot;Northern Africa&quot;,&quot;population&quot;:39598700,&quot;latlng&quot;:[15.0,30.0],&quot;demonym&quot;:&quot;Sudanese&quot;,&quot;area&quot;:1886068.0,&quot;gini&quot;:35.3,&quot;timezones&quot;:[&quot;UTC+03:00&quot;],&quot;borders&quot;:[&quot;CAF&quot;,&quot;TCD&quot;,&quot;EGY&quot;,&quot;ERI&quot;,&quot;ETH&quot;,&quot;LBY&quot;,&quot;SSD&quot;],&quot;nativeName&quot;:&quot;Ø§Ù„Ø³ÙˆØ¯Ø§Ù†&quot;,&quot;numericCode&quot;:&quot;729&quot;,&quot;currencies&quot;:[{&quot;code&quot;:&quot;SDG&quot;,&quot;name&quot;:&quot;Sudanese pound&quot;,&quot;symbol&quot;:&quot;Ø¬.Ø³.&quot;}],&quot;languages&quot;:[{&quot;iso639_1&quot;:&quot;ar&quot;,&quot;iso639_2&quot;:&quot;ara&quot;,&quot;name&quot;:&quot;Arabic&quot;,&quot;nativeName&quot;:&quot;Ø§Ù„Ø¹Ø±Ø¨ÙŠØ©&quot;},{&quot;iso639_1&quot;:&quot;en&quot;,&quot;iso639_2&quot;:&quot;eng&quot;,&quot;name&quot;:&quot;English&quot;,&quot;nativeName&quot;:&quot;English&quot;}],&quot;translations&quot;:{&quot;de&quot;:&quot;Sudan&quot;,&quot;es&quot;:&quot;SudÃ¡n&quot;,&quot;fr&quot;:&quot;Soudan&quot;,&quot;ja&quot;:&quot;ã‚¹ãƒ¼ãƒ€ãƒ³&quot;,&quot;it&quot;:&quot;Sudan&quot;,&quot;br&quot;:&quot;SudÃ£o&quot;,&quot;pt&quot;:&quot;SudÃ£o&quot;,&quot;nl&quot;:&quot;Soedan&quot;,&quot;hr&quot;:&quot;Sudan&quot;,&quot;fa&quot;:&quot;Ø³ÙˆØ¯Ø§Ù†&quot;},&quot;flag&quot;:&quot;https://restcountries.eu/data/sdn.svg&quot;,&quot;regionalBlocs&quot;:[{&quot;acronym&quot;:&quot;AU&quot;,&quot;name&quot;:&quot;African Union&quot;,&quot;otherAcronyms&quot;:[],&quot;otherNames&quot;:[&quot;Ø§Ù„Ø§ØªØ­Ø§Ø¯ Ø§Ù„Ø£Ù�Ø±ÙŠÙ‚ÙŠ&quot;,&quot;Union africaine&quot;,&quot;UniÃ£o Africana&quot;,&quot;UniÃ³n Africana&quot;,&quot;Umoja wa Afrika&quot;]},{&quot;acronym&quot;:&quot;AL&quot;,&quot;name&quot;:&quot;Arab League&quot;,&quot;otherAcronyms&quot;:[],&quot;otherNames&quot;:[&quot;Ø¬Ø§Ù…Ø¹Ø© Ø§Ù„Ø¯ÙˆÙ„ Ø§Ù„Ø¹Ø±Ø¨ÙŠØ©&quot;,&quot;JÄ�miÊ»at ad-Duwal al-Ê»ArabÄ«yah&quot;,&quot;League of Arab States&quot;]}],&quot;cioc&quot;:&quot;SUD&quot;},{&quot;name&quot;:&quot;Suriname&quot;,&quot;topLevelDomain&quot;:[&quot;.sr&quot;],&quot;alpha2Code&quot;:&quot;SR&quot;,&quot;alpha3Code&quot;:&quot;SUR&quot;,&quot;callingCodes&quot;:[&quot;597&quot;],&quot;capital&quot;:&quot;Paramaribo&quot;,&quot;altSpellings&quot;:[&quot;SR&quot;,&quot;Sarnam&quot;,&quot;Sranangron&quot;,&quot;Republic of Suriname&quot;,&quot;Republiek Suriname&quot;],&quot;region&quot;:&quot;Americas&quot;,&quot;subregion&quot;:&quot;South America&quot;,&quot;population&quot;:541638,&quot;latlng&quot;:[4.0,-56.0],&quot;demonym&quot;:&quot;Surinamer&quot;,&quot;area&quot;:163820.0,&quot;gini&quot;:52.9,&quot;timezones&quot;:[&quot;UTC-03:00&quot;],&quot;borders&quot;:[&quot;BRA&quot;,&quot;GUF&quot;,&quot;FRA&quot;,&quot;GUY&quot;],&quot;nativeName&quot;:&quot;Suriname&quot;,&quot;numericCode&quot;:&quot;740&quot;,&quot;currencies&quot;:[{&quot;code&quot;:&quot;SRD&quot;,&quot;name&quot;:&quot;Surinamese dollar&quot;,&quot;symbol&quot;:&quot;$&quot;}],&quot;languages&quot;:[{&quot;iso639_1&quot;:&quot;nl&quot;,&quot;iso639_2&quot;:&quot;nld&quot;,&quot;name&quot;:&quot;Dutch&quot;,&quot;nativeName&quot;:&quot;Nederlands&quot;}],&quot;translations&quot;:{&quot;de&quot;:&quot;Suriname&quot;,&quot;es&quot;:&quot;Surinam&quot;,&quot;fr&quot;:&quot;Surinam&quot;,&quot;ja&quot;:&quot;ã‚¹ãƒªãƒŠãƒ &quot;,&quot;it&quot;:&quot;Suriname&quot;,&quot;br&quot;:&quot;Suriname&quot;,&quot;pt&quot;:&quot;Suriname&quot;,&quot;nl&quot;:&quot;Suriname&quot;,&quot;hr&quot;:&quot;Surinam&quot;,&quot;fa&quot;:&quot;Ø³ÙˆØ±ÛŒÙ†Ø§Ù…&quot;},&quot;flag&quot;:&quot;https://restcountries.eu/data/sur.svg&quot;,&quot;regionalBlocs&quot;:[{&quot;acronym&quot;:&quot;CARICOM&quot;,&quot;name&quot;:&quot;Caribbean Community&quot;,&quot;otherAcronyms&quot;:[],&quot;otherNames&quot;:[&quot;Comunidad del Caribe&quot;,&quot;CommunautÃ© CaribÃ©enne&quot;,&quot;Caribische Gemeenschap&quot;]},{&quot;acronym&quot;:&quot;USAN&quot;,&quot;name&quot;:&quot;Union of South American Nations&quot;,&quot;otherAcronyms&quot;:[&quot;UNASUR&quot;,&quot;UNASUL&quot;,&quot;UZAN&quot;],&quot;otherNames&quot;:[&quot;UniÃ³n de Naciones Suramericanas&quot;,&quot;UniÃ£o de NaÃ§Ãµes Sul-Americanas&quot;,&quot;Unie van Zuid-Amerikaanse Naties&quot;,&quot;South American Union&quot;]}],&quot;cioc&quot;:&quot;SUR&quot;},{&quot;name&quot;:&quot;Svalbard and Jan Mayen&quot;,&quot;topLevelDomain&quot;:[&quot;.sj&quot;],&quot;alpha2Code&quot;:&quot;SJ&quot;,&quot;alpha3Code&quot;:&quot;SJM&quot;,&quot;callingCodes&quot;:[&quot;4779&quot;],&quot;capital&quot;:&quot;Longyearbyen&quot;,&quot;altSpellings&quot;:[&quot;SJ&quot;,&quot;Svalbard and Jan Mayen Islands&quot;],&quot;region&quot;:&quot;Europe&quot;,&quot;subregion&quot;:&quot;Northern Europe&quot;,&quot;population&quot;:2562,&quot;latlng&quot;:[78.0,20.0],&quot;demonym&quot;:&quot;Norwegian&quot;,&quot;area&quot;:null,&quot;gini&quot;:null,&quot;timezones&quot;:[&quot;UTC+01:00&quot;],&quot;borders&quot;:[],&quot;nativeName&quot;:&quot;Svalbard og Jan Mayen&quot;,&quot;numericCode&quot;:&quot;744&quot;,&quot;currencies&quot;:[{&quot;code&quot;:&quot;NOK&quot;,&quot;name&quot;:&quot;Norwegian krone&quot;,&quot;symbol&quot;:&quot;kr&quot;}],&quot;languages&quot;:[{&quot;iso639_1&quot;:&quot;no&quot;,&quot;iso639_2&quot;:&quot;nor&quot;,&quot;name&quot;:&quot;Norwegian&quot;,&quot;nativeName&quot;:&quot;Norsk&quot;}],&quot;translations&quot;:{&quot;de&quot;:&quot;Svalbard und Jan Mayen&quot;,&quot;es&quot;:&quot;Islas Svalbard y Jan Mayen&quot;,&quot;fr&quot;:&quot;Svalbard et Jan Mayen&quot;,&quot;ja&quot;:&quot;ã‚¹ãƒ´ã‚¡ãƒ¼ãƒ«ãƒ�ãƒ«è«¸å³¶ã�Šã‚ˆã�³ãƒ¤ãƒ³ãƒžã‚¤ã‚¨ãƒ³å³¶&quot;,&quot;it&quot;:&quot;Svalbard e Jan Mayen&quot;,&quot;br&quot;:&quot;Svalbard&quot;,&quot;pt&quot;:&quot;Svalbard&quot;,&quot;nl&quot;:&quot;Svalbard en Jan Mayen&quot;,&quot;hr&quot;:&quot;Svalbard i Jan Mayen&quot;,&quot;fa&quot;:&quot;Ø³ÙˆØ§Ù„Ø¨Ø§Ø±Ø¯ Ùˆ ÛŒØ§Ù† Ù…Ø§ÛŒÙ†&quot;},&quot;flag&quot;:&quot;https://restcountries.eu/data/sjm.svg&quot;,&quot;regionalBlocs&quot;:[],&quot;cioc&quot;:&quot;&quot;},{&quot;name&quot;:&quot;Swaziland&quot;,&quot;topLevelDomain&quot;:[&quot;.sz&quot;],&quot;alpha2Code&quot;:&quot;SZ&quot;,&quot;alpha3Code&quot;:&quot;SWZ&quot;,&quot;callingCodes&quot;:[&quot;268&quot;],&quot;capital&quot;:&quot;Lobamba&quot;,&quot;altSpellings&quot;:[&quot;SZ&quot;,&quot;weSwatini&quot;,&quot;Swatini&quot;,&quot;Ngwane&quot;,&quot;Kingdom of Swaziland&quot;,&quot;Umbuso waseSwatini&quot;],&quot;region&quot;:&quot;Africa&quot;,&quot;subregion&quot;:&quot;Southern Africa&quot;,&quot;population&quot;:1132657,&quot;latlng&quot;:[-26.5,31.5],&quot;demonym&quot;:&quot;Swazi&quot;,&quot;area&quot;:17364.0,&quot;gini&quot;:51.5,&quot;timezones&quot;:[&quot;UTC+02:00&quot;],&quot;borders&quot;:[&quot;MOZ&quot;,&quot;ZAF&quot;],&quot;nativeName&quot;:&quot;Swaziland&quot;,&quot;numericCode&quot;:&quot;748&quot;,&quot;currencies&quot;:[{&quot;code&quot;:&quot;SZL&quot;,&quot;name&quot;:&quot;Swazi lilangeni&quot;,&quot;symbol&quot;:&quot;L&quot;}],&quot;languages&quot;:[{&quot;iso639_1&quot;:&quot;en&quot;,&quot;iso639_2&quot;:&quot;eng&quot;,&quot;name&quot;:&quot;English&quot;,&quot;nativeName&quot;:&quot;English&quot;},{&quot;iso639_1&quot;:&quot;ss&quot;,&quot;iso639_2&quot;:&quot;ssw&quot;,&quot;name&quot;:&quot;Swati&quot;,&quot;nativeName&quot;:&quot;SiSwati&quot;}],&quot;translations&quot;:{&quot;de&quot;:&quot;Swasiland&quot;,&quot;es&quot;:&quot;Suazilandia&quot;,&quot;fr&quot;:&quot;Swaziland&quot;,&quot;ja&quot;:&quot;ã‚¹ãƒ¯ã‚¸ãƒ©ãƒ³ãƒ‰&quot;,&quot;it&quot;:&quot;Swaziland&quot;,&quot;br&quot;:&quot;SuazilÃ¢ndia&quot;,&quot;pt&quot;:&quot;SuazilÃ¢ndia&quot;,&quot;nl&quot;:&quot;Swaziland&quot;,&quot;hr&quot;:&quot;Svazi&quot;,&quot;fa&quot;:&quot;Ø³ÙˆØ§Ø²ÛŒÙ„Ù†Ø¯&quot;},&quot;flag&quot;:&quot;https://restcountries.eu/data/swz.svg&quot;,&quot;regionalBlocs&quot;:[{&quot;acronym&quot;:&quot;AU&quot;,&quot;name&quot;:&quot;African Union&quot;,&quot;otherAcronyms&quot;:[],&quot;otherNames&quot;:[&quot;Ø§Ù„Ø§ØªØ­Ø§Ø¯ Ø§Ù„Ø£Ù�Ø±ÙŠÙ‚ÙŠ&quot;,&quot;Union africaine&quot;,&quot;UniÃ£o Africana&quot;,&quot;UniÃ³n Africana&quot;,&quot;Umoja wa Afrika&quot;]}],&quot;cioc&quot;:&quot;SWZ&quot;},{&quot;name&quot;:&quot;Sweden&quot;,&quot;topLevelDomain&quot;:[&quot;.se&quot;],&quot;alpha2Code&quot;:&quot;SE&quot;,&quot;alpha3Code&quot;:&quot;SWE&quot;,&quot;callingCodes&quot;:[&quot;46&quot;],&quot;capital&quot;:&quot;Stockholm&quot;,&quot;altSpellings&quot;:[&quot;SE&quot;,&quot;Kingdom of Sweden&quot;,&quot;Konungariket Sverige&quot;],&quot;region&quot;:&quot;Europe&quot;,&quot;subregion&quot;:&quot;Northern Europe&quot;,&quot;population&quot;:9894888,&quot;latlng&quot;:[62.0,15.0],&quot;demonym&quot;:&quot;Swedish&quot;,&quot;area&quot;:450295.0,&quot;gini&quot;:25.0,&quot;timezones&quot;:[&quot;UTC+01:00&quot;],&quot;borders&quot;:[&quot;FIN&quot;,&quot;NOR&quot;],&quot;nativeName&quot;:&quot;Sverige&quot;,&quot;numericCode&quot;:&quot;752&quot;,&quot;currencies&quot;:[{&quot;code&quot;:&quot;SEK&quot;,&quot;name&quot;:&quot;Swedish krona&quot;,&quot;symbol&quot;:&quot;kr&quot;}],&quot;languages&quot;:[{&quot;iso639_1&quot;:&quot;sv&quot;,&quot;iso639_2&quot;:&quot;swe&quot;,&quot;name&quot;:&quot;Swedish&quot;,&quot;nativeName&quot;:&quot;svenska&quot;}],&quot;translations&quot;:{&quot;de&quot;:&quot;Schweden&quot;,&quot;es&quot;:&quot;Suecia&quot;,&quot;fr&quot;:&quot;SuÃ¨de&quot;,&quot;ja&quot;:&quot;ã‚¹ã‚¦ã‚§ãƒ¼ãƒ‡ãƒ³&quot;,&quot;it&quot;:&quot;Svezia&quot;,&quot;br&quot;:&quot;SuÃ©cia&quot;,&quot;pt&quot;:&quot;SuÃ©cia&quot;,&quot;nl&quot;:&quot;Zweden&quot;,&quot;hr&quot;:&quot;Å vedska&quot;,&quot;fa&quot;:&quot;Ø³ÙˆØ¦Ø¯&quot;},&quot;flag&quot;:&quot;https://restcountries.eu/data/swe.svg&quot;,&quot;regionalBlocs&quot;:[{&quot;acronym&quot;:&quot;EU&quot;,&quot;name&quot;:&quot;European Union&quot;,&quot;otherAcronyms&quot;:[],&quot;otherNames&quot;:[]}],&quot;cioc&quot;:&quot;SWE&quot;},{&quot;name&quot;:&quot;Switzerland&quot;,&quot;topLevelDomain&quot;:[&quot;.ch&quot;],&quot;alpha2Code&quot;:&quot;CH&quot;,&quot;alpha3Code&quot;:&quot;CHE&quot;,&quot;callingCodes&quot;:[&quot;41&quot;],&quot;capital&quot;:&quot;Bern&quot;,&quot;altSpellings&quot;:[&quot;CH&quot;,&quot;Swiss Confederation&quot;,&quot;Schweiz&quot;,&quot;Suisse&quot;,&quot;Svizzera&quot;,&quot;Svizra&quot;],&quot;region&quot;:&quot;Europe&quot;,&quot;subregion&quot;:&quot;Western Europe&quot;,&quot;population&quot;:8341600,&quot;latlng&quot;:[47.0,8.0],&quot;demonym&quot;:&quot;Swiss&quot;,&quot;area&quot;:41284.0,&quot;gini&quot;:33.7,&quot;timezones&quot;:[&quot;UTC+01:00&quot;],&quot;borders&quot;:[&quot;AUT&quot;,&quot;FRA&quot;,&quot;ITA&quot;,&quot;LIE&quot;,&quot;DEU&quot;],&quot;nativeName&quot;:&quot;Schweiz&quot;,&quot;numericCode&quot;:&quot;756&quot;,&quot;currencies&quot;:[{&quot;code&quot;:&quot;CHF&quot;,&quot;name&quot;:&quot;Swiss franc&quot;,&quot;symbol&quot;:&quot;Fr&quot;}],&quot;languages&quot;:[{&quot;iso639_1&quot;:&quot;de&quot;,&quot;iso639_2&quot;:&quot;deu&quot;,&quot;name&quot;:&quot;German&quot;,&quot;nativeName&quot;:&quot;Deutsch&quot;},{&quot;iso639_1&quot;:&quot;fr&quot;,&quot;iso639_2&quot;:&quot;fra&quot;,&quot;name&quot;:&quot;French&quot;,&quot;nativeName&quot;:&quot;franÃ§ais&quot;},{&quot;iso639_1&quot;:&quot;it&quot;,&quot;iso639_2&quot;:&quot;ita&quot;,&quot;name&quot;:&quot;Italian&quot;,&quot;nativeName&quot;:&quot;Italiano&quot;}],&quot;translations&quot;:{&quot;de&quot;:&quot;Schweiz&quot;,&quot;es&quot;:&quot;Suiza&quot;,&quot;fr&quot;:&quot;Suisse&quot;,&quot;ja&quot;:&quot;ã‚¹ã‚¤ã‚¹&quot;,&quot;it&quot;:&quot;Svizzera&quot;,&quot;br&quot;:&quot;SuÃ­Ã§a&quot;,&quot;pt&quot;:&quot;SuÃ­Ã§a&quot;,&quot;nl&quot;:&quot;Zwitserland&quot;,&quot;hr&quot;:&quot;Å vicarska&quot;,&quot;fa&quot;:&quot;Ø³ÙˆØ¦ÛŒØ³&quot;},&quot;flag&quot;:&quot;https://restcountries.eu/data/che.svg&quot;,&quot;regionalBlocs&quot;:[{&quot;acronym&quot;:&quot;EFTA&quot;,&quot;name&quot;:&quot;European Free Trade Association&quot;,&quot;otherAcronyms&quot;:[],&quot;otherNames&quot;:[]}],&quot;cioc&quot;:&quot;SUI&quot;},{&quot;name&quot;:&quot;Syrian Arab Republic&quot;,&quot;topLevelDomain&quot;:[&quot;.sy&quot;],&quot;alpha2Code&quot;:&quot;SY&quot;,&quot;alpha3Code&quot;:&quot;SYR&quot;,&quot;callingCodes&quot;:[&quot;963&quot;],&quot;capital&quot;:&quot;Damascus&quot;,&quot;altSpellings&quot;:[&quot;SY&quot;,&quot;Syrian Arab Republic&quot;,&quot;Al-JumhÅ«rÄ«yah Al-Ê»ArabÄ«yah As-SÅ«rÄ«yah&quot;],&quot;region&quot;:&quot;Asia&quot;,&quot;subregion&quot;:&quot;Western Asia&quot;,&quot;population&quot;:18564000,&quot;latlng&quot;:[35.0,38.0],&quot;demonym&quot;:&quot;Syrian&quot;,&quot;area&quot;:185180.0,&quot;gini&quot;:35.8,&quot;timezones&quot;:[&quot;UTC+02:00&quot;],&quot;borders&quot;:[&quot;IRQ&quot;,&quot;ISR&quot;,&quot;JOR&quot;,&quot;LBN&quot;,&quot;TUR&quot;],&quot;nativeName&quot;:&quot;Ø³ÙˆØ±ÙŠØ§&quot;,&quot;numericCode&quot;:&quot;760&quot;,&quot;currencies&quot;:[{&quot;code&quot;:&quot;SYP&quot;,&quot;name&quot;:&quot;Syrian pound&quot;,&quot;symbol&quot;:&quot;Â£&quot;}],&quot;languages&quot;:[{&quot;iso639_1&quot;:&quot;ar&quot;,&quot;iso639_2&quot;:&quot;ara&quot;,&quot;name&quot;:&quot;Arabic&quot;,&quot;nativeName&quot;:&quot;Ø§Ù„Ø¹Ø±Ø¨ÙŠØ©&quot;}],&quot;translations&quot;:{&quot;de&quot;:&quot;Syrien&quot;,&quot;es&quot;:&quot;Siria&quot;,&quot;fr&quot;:&quot;Syrie&quot;,&quot;ja&quot;:&quot;ã‚·ãƒªã‚¢ãƒ»ã‚¢ãƒ©ãƒ–å…±å’Œå›½&quot;,&quot;it&quot;:&quot;Siria&quot;,&quot;br&quot;:&quot;SÃ­ria&quot;,&quot;pt&quot;:&quot;SÃ­ria&quot;,&quot;nl&quot;:&quot;SyriÃ«&quot;,&quot;hr&quot;:&quot;Sirija&quot;,&quot;fa&quot;:&quot;Ø³ÙˆØ±ÛŒÙ‡&quot;},&quot;flag&quot;:&quot;https://restcountries.eu/data/syr.svg&quot;,&quot;regionalBlocs&quot;:[{&quot;acronym&quot;:&quot;AL&quot;,&quot;name&quot;:&quot;Arab League&quot;,&quot;otherAcronyms&quot;:[],&quot;otherNames&quot;:[&quot;Ø¬Ø§Ù…Ø¹Ø© Ø§Ù„Ø¯ÙˆÙ„ Ø§Ù„Ø¹Ø±Ø¨ÙŠØ©&quot;,&quot;JÄ�miÊ»at ad-Duwal al-Ê»ArabÄ«yah&quot;,&quot;League of Arab States&quot;]}],&quot;cioc&quot;:&quot;SYR&quot;},{&quot;name&quot;:&quot;Taiwan&quot;,&quot;topLevelDomain&quot;:[&quot;.tw&quot;],&quot;alpha2Code&quot;:&quot;TW&quot;,&quot;alpha3Code&quot;:&quot;TWN&quot;,&quot;callingCodes&quot;:[&quot;886&quot;],&quot;capital&quot;:&quot;Taipei&quot;,&quot;altSpellings&quot;:[&quot;TW&quot;,&quot;TÃ¡iwÄ�n&quot;,&quot;Republic of China&quot;,&quot;ä¸­è�¯æ°‘åœ‹&quot;,&quot;ZhÅ�nghuÃ¡ MÃ­nguÃ³&quot;],&quot;region&quot;:&quot;Asia&quot;,&quot;subregion&quot;:&quot;Eastern Asia&quot;,&quot;population&quot;:23503349,&quot;latlng&quot;:[23.5,121.0],&quot;demonym&quot;:&quot;Taiwanese&quot;,&quot;area&quot;:36193.0,&quot;gini&quot;:null,&quot;timezones&quot;:[&quot;UTC+08:00&quot;],&quot;borders&quot;:[],&quot;nativeName&quot;:&quot;è‡ºç�£&quot;,&quot;numericCode&quot;:&quot;158&quot;,&quot;currencies&quot;:[{&quot;code&quot;:&quot;TWD&quot;,&quot;name&quot;:&quot;New Taiwan dollar&quot;,&quot;symbol&quot;:&quot;$&quot;}],&quot;languages&quot;:[{&quot;iso639_1&quot;:&quot;zh&quot;,&quot;iso639_2&quot;:&quot;zho&quot;,&quot;name&quot;:&quot;Chinese&quot;,&quot;nativeName&quot;:&quot;ä¸­æ–‡ (ZhÅ�ngwÃ©n)&quot;}],&quot;translations&quot;:{&quot;de&quot;:&quot;Taiwan&quot;,&quot;es&quot;:&quot;TaiwÃ¡n&quot;,&quot;fr&quot;:&quot;TaÃ¯wan&quot;,&quot;ja&quot;:&quot;å�°æ¹¾ï¼ˆä¸­è�¯æ°‘å›½ï¼‰&quot;,&quot;it&quot;:&quot;Taiwan&quot;,&quot;br&quot;:&quot;Taiwan&quot;,&quot;pt&quot;:&quot;Taiwan&quot;,&quot;nl&quot;:&quot;Taiwan&quot;,&quot;hr&quot;:&quot;Tajvan&quot;,&quot;fa&quot;:&quot;ØªØ§ÛŒÙˆØ§Ù†&quot;},&quot;flag&quot;:&quot;https://restcountries.eu/data/twn.svg&quot;,&quot;regionalBlocs&quot;:[],&quot;cioc&quot;:&quot;TPE&quot;},{&quot;name&quot;:&quot;Tajikistan&quot;,&quot;topLevelDomain&quot;:[&quot;.tj&quot;],&quot;alpha2Code&quot;:&quot;TJ&quot;,&quot;alpha3Code&quot;:&quot;TJK&quot;,&quot;callingCodes&quot;:[&quot;992&quot;],&quot;capital&quot;:&quot;Dushanbe&quot;,&quot;altSpellings&quot;:[&quot;TJ&quot;,&quot;ToÃ§ikiston&quot;,&quot;Republic of Tajikistan&quot;,&quot;Ò¶ÑƒÐ¼Ò³ÑƒÑ€Ð¸Ð¸ Ð¢Ð¾Ò·Ð¸ÐºÐ¸Ñ�Ñ‚Ð¾Ð½&quot;,&quot;Ã‡umhuriyi ToÃ§ikiston&quot;],&quot;region&quot;:&quot;Asia&quot;,&quot;subregion&quot;:&quot;Central Asia&quot;,&quot;population&quot;:8593600,&quot;latlng&quot;:[39.0,71.0],&quot;demonym&quot;:&quot;Tadzhik&quot;,&quot;area&quot;:143100.0,&quot;gini&quot;:30.8,&quot;timezones&quot;:[&quot;UTC+05:00&quot;],&quot;borders&quot;:[&quot;AFG&quot;,&quot;CHN&quot;,&quot;KGZ&quot;,&quot;UZB&quot;],&quot;nativeName&quot;:&quot;Ð¢Ð¾Ò·Ð¸ÐºÐ¸Ñ�Ñ‚Ð¾Ð½&quot;,&quot;numericCode&quot;:&quot;762&quot;,&quot;currencies&quot;:[{&quot;code&quot;:&quot;TJS&quot;,&quot;name&quot;:&quot;Tajikistani somoni&quot;,&quot;symbol&quot;:&quot;Ð…Ðœ&quot;}],&quot;languages&quot;:[{&quot;iso639_1&quot;:&quot;tg&quot;,&quot;iso639_2&quot;:&quot;tgk&quot;,&quot;name&quot;:&quot;Tajik&quot;,&quot;nativeName&quot;:&quot;Ñ‚Ð¾Ò·Ð¸ÐºÓ£&quot;},{&quot;iso639_1&quot;:&quot;ru&quot;,&quot;iso639_2&quot;:&quot;rus&quot;,&quot;name&quot;:&quot;Russian&quot;,&quot;nativeName&quot;:&quot;Ð ÑƒÑ�Ñ�ÐºÐ¸Ð¹&quot;}],&quot;translations&quot;:{&quot;de&quot;:&quot;Tadschikistan&quot;,&quot;es&quot;:&quot;TayikistÃ¡n&quot;,&quot;fr&quot;:&quot;Tadjikistan&quot;,&quot;ja&quot;:&quot;ã‚¿ã‚¸ã‚­ã‚¹ã‚¿ãƒ³&quot;,&quot;it&quot;:&quot;Tagikistan&quot;,&quot;br&quot;:&quot;TajiquistÃ£o&quot;,&quot;pt&quot;:&quot;TajiquistÃ£o&quot;,&quot;nl&quot;:&quot;Tadzjikistan&quot;,&quot;hr&quot;:&quot;TaÄ‘ikistan&quot;,&quot;fa&quot;:&quot;ØªØ§Ø¬ÛŒÚ©Ø³ØªØ§Ù†&quot;},&quot;flag&quot;:&quot;https://restcountries.eu/data/tjk.svg&quot;,&quot;regionalBlocs&quot;:[],&quot;cioc&quot;:&quot;TJK&quot;},{&quot;name&quot;:&quot;Tanzania, United Republic of&quot;,&quot;topLevelDomain&quot;:[&quot;.tz&quot;],&quot;alpha2Code&quot;:&quot;TZ&quot;,&quot;alpha3Code&quot;:&quot;TZA&quot;,&quot;callingCodes&quot;:[&quot;255&quot;],&quot;capital&quot;:&quot;Dodoma&quot;,&quot;altSpellings&quot;:[&quot;TZ&quot;,&quot;United Republic of Tanzania&quot;,&quot;Jamhuri ya Muungano wa Tanzania&quot;],&quot;region&quot;:&quot;Africa&quot;,&quot;subregion&quot;:&quot;Eastern Africa&quot;,&quot;population&quot;:55155000,&quot;latlng&quot;:[-6.0,35.0],&quot;demonym&quot;:&quot;Tanzanian&quot;,&quot;area&quot;:945087.0,&quot;gini&quot;:37.6,&quot;timezones&quot;:[&quot;UTC+03:00&quot;],&quot;borders&quot;:[&quot;BDI&quot;,&quot;COD&quot;,&quot;KEN&quot;,&quot;MWI&quot;,&quot;MOZ&quot;,&quot;RWA&quot;,&quot;UGA&quot;,&quot;ZMB&quot;],&quot;nativeName&quot;:&quot;Tanzania&quot;,&quot;numericCode&quot;:&quot;834&quot;,&quot;currencies&quot;:[{&quot;code&quot;:&quot;TZS&quot;,&quot;name&quot;:&quot;Tanzanian shilling&quot;,&quot;symbol&quot;:&quot;Sh&quot;}],&quot;languages&quot;:[{&quot;iso639_1&quot;:&quot;sw&quot;,&quot;iso639_2&quot;:&quot;swa&quot;,&quot;name&quot;:&quot;Swahili&quot;,&quot;nativeName&quot;:&quot;Kiswahili&quot;},{&quot;iso639_1&quot;:&quot;en&quot;,&quot;iso639_2&quot;:&quot;eng&quot;,&quot;name&quot;:&quot;English&quot;,&quot;nativeName&quot;:&quot;English&quot;}],&quot;translations&quot;:{&quot;de&quot;:&quot;Tansania&quot;,&quot;es&quot;:&quot;Tanzania&quot;,&quot;fr&quot;:&quot;Tanzanie&quot;,&quot;ja&quot;:&quot;ã‚¿ãƒ³ã‚¶ãƒ‹ã‚¢&quot;,&quot;it&quot;:&quot;Tanzania&quot;,&quot;br&quot;:&quot;TanzÃ¢nia&quot;,&quot;pt&quot;:&quot;TanzÃ¢nia&quot;,&quot;nl&quot;:&quot;Tanzania&quot;,&quot;hr&quot;:&quot;Tanzanija&quot;,&quot;fa&quot;:&quot;ØªØ§Ù†Ø²Ø§Ù†ÛŒØ§&quot;},&quot;flag&quot;:&quot;https://restcountries.eu/data/tza.svg&quot;,&quot;regionalBlocs&quot;:[{&quot;acronym&quot;:&quot;AU&quot;,&quot;name&quot;:&quot;African Union&quot;,&quot;otherAcronyms&quot;:[],&quot;otherNames&quot;:[&quot;Ø§Ù„Ø§ØªØ­Ø§Ø¯ Ø§Ù„Ø£Ù�Ø±ÙŠÙ‚ÙŠ&quot;,&quot;Union africaine&quot;,&quot;UniÃ£o Africana&quot;,&quot;UniÃ³n Africana&quot;,&quot;Umoja wa Afrika&quot;]}],&quot;cioc&quot;:&quot;TAN&quot;},{&quot;name&quot;:&quot;Thailand&quot;,&quot;topLevelDomain&quot;:[&quot;.th&quot;],&quot;alpha2Code&quot;:&quot;TH&quot;,&quot;alpha3Code&quot;:&quot;THA&quot;,&quot;callingCodes&quot;:[&quot;66&quot;],&quot;capital&quot;:&quot;Bangkok&quot;,&quot;altSpellings&quot;:[&quot;TH&quot;,&quot;Prathet&quot;,&quot;Thai&quot;,&quot;Kingdom of Thailand&quot;,&quot;à¸£à¸²à¸Šà¸­à¸²à¸“à¸²à¸ˆà¸±à¸�à¸£à¹„à¸—à¸¢&quot;,&quot;Ratcha Anachak Thai&quot;],&quot;region&quot;:&quot;Asia&quot;,&quot;subregion&quot;:&quot;South-Eastern Asia&quot;,&quot;population&quot;:65327652,&quot;latlng&quot;:[15.0,100.0],&quot;demonym&quot;:&quot;Thai&quot;,&quot;area&quot;:513120.0,&quot;gini&quot;:40.0,&quot;timezones&quot;:[&quot;UTC+07:00&quot;],&quot;borders&quot;:[&quot;MMR&quot;,&quot;KHM&quot;,&quot;LAO&quot;,&quot;MYS&quot;],&quot;nativeName&quot;:&quot;à¸›à¸£à¸°à¹€à¸—à¸¨à¹„à¸—à¸¢&quot;,&quot;numericCode&quot;:&quot;764&quot;,&quot;currencies&quot;:[{&quot;code&quot;:&quot;THB&quot;,&quot;name&quot;:&quot;Thai baht&quot;,&quot;symbol&quot;:&quot;à¸¿&quot;}],&quot;languages&quot;:[{&quot;iso639_1&quot;:&quot;th&quot;,&quot;iso639_2&quot;:&quot;tha&quot;,&quot;name&quot;:&quot;Thai&quot;,&quot;nativeName&quot;:&quot;à¹„à¸—à¸¢&quot;}],&quot;translations&quot;:{&quot;de&quot;:&quot;Thailand&quot;,&quot;es&quot;:&quot;Tailandia&quot;,&quot;fr&quot;:&quot;ThaÃ¯lande&quot;,&quot;ja&quot;:&quot;ã‚¿ã‚¤&quot;,&quot;it&quot;:&quot;Tailandia&quot;,&quot;br&quot;:&quot;TailÃ¢ndia&quot;,&quot;pt&quot;:&quot;TailÃ¢ndia&quot;,&quot;nl&quot;:&quot;Thailand&quot;,&quot;hr&quot;:&quot;Tajland&quot;,&quot;fa&quot;:&quot;ØªØ§ÛŒÙ„Ù†Ø¯&quot;},&quot;flag&quot;:&quot;https://restcountries.eu/data/tha.svg&quot;,&quot;regionalBlocs&quot;:[{&quot;acronym&quot;:&quot;ASEAN&quot;,&quot;name&quot;:&quot;Association of Southeast Asian Nations&quot;,&quot;otherAcronyms&quot;:[],&quot;otherNames&quot;:[]}],&quot;cioc&quot;:&quot;THA&quot;},{&quot;name&quot;:&quot;Timor-Leste&quot;,&quot;topLevelDomain&quot;:[&quot;.tl&quot;],&quot;alpha2Code&quot;:&quot;TL&quot;,&quot;alpha3Code&quot;:&quot;TLS&quot;,&quot;callingCodes&quot;:[&quot;670&quot;],&quot;capital&quot;:&quot;Dili&quot;,&quot;altSpellings&quot;:[&quot;TL&quot;,&quot;East Timor&quot;,&quot;Democratic Republic of Timor-Leste&quot;,&quot;RepÃºblica DemocrÃ¡tica de Timor-Leste&quot;,&quot;RepÃºblika DemokrÃ¡tika TimÃ³r-Leste&quot;],&quot;region&quot;:&quot;Asia&quot;,&quot;subregion&quot;:&quot;South-Eastern Asia&quot;,&quot;population&quot;:1167242,&quot;latlng&quot;:[-8.83333333,125.91666666],&quot;demonym&quot;:&quot;East Timorese&quot;,&quot;area&quot;:14874.0,&quot;gini&quot;:31.9,&quot;timezones&quot;:[&quot;UTC+09:00&quot;],&quot;borders&quot;:[&quot;IDN&quot;],&quot;nativeName&quot;:&quot;Timor-Leste&quot;,&quot;numericCode&quot;:&quot;626&quot;,&quot;currencies&quot;:[{&quot;code&quot;:&quot;USD&quot;,&quot;name&quot;:&quot;United States dollar&quot;,&quot;symbol&quot;:&quot;$&quot;},{&quot;code&quot;:null,&quot;name&quot;:null,&quot;symbol&quot;:null}],&quot;languages&quot;:[{&quot;iso639_1&quot;:&quot;pt&quot;,&quot;iso639_2&quot;:&quot;por&quot;,&quot;name&quot;:&quot;Portuguese&quot;,&quot;nativeName&quot;:&quot;PortuguÃªs&quot;}],&quot;translations&quot;:{&quot;de&quot;:&quot;Timor-Leste&quot;,&quot;es&quot;:&quot;Timor Oriental&quot;,&quot;fr&quot;:&quot;Timor oriental&quot;,&quot;ja&quot;:&quot;æ�±ãƒ†ã‚£ãƒ¢ãƒ¼ãƒ«&quot;,&quot;it&quot;:&quot;Timor Est&quot;,&quot;br&quot;:&quot;Timor Leste&quot;,&quot;pt&quot;:&quot;Timor Leste&quot;,&quot;nl&quot;:&quot;Oost-Timor&quot;,&quot;hr&quot;:&quot;IstoÄ�ni Timor&quot;,&quot;fa&quot;:&quot;ØªÛŒÙ…ÙˆØ± Ø´Ø±Ù‚ÛŒ&quot;},&quot;flag&quot;:&quot;https://restcountries.eu/data/tls.svg&quot;,&quot;regionalBlocs&quot;:[],&quot;cioc&quot;:&quot;TLS&quot;},{&quot;name&quot;:&quot;Togo&quot;,&quot;topLevelDomain&quot;:[&quot;.tg&quot;],&quot;alpha2Code&quot;:&quot;TG&quot;,&quot;alpha3Code&quot;:&quot;TGO&quot;,&quot;callingCodes&quot;:[&quot;228&quot;],&quot;capital&quot;:&quot;LomÃ©&quot;,&quot;altSpellings&quot;:[&quot;TG&quot;,&quot;Togolese&quot;,&quot;Togolese Republic&quot;,&quot;RÃ©publique Togolaise&quot;],&quot;region&quot;:&quot;Africa&quot;,&quot;subregion&quot;:&quot;Western Africa&quot;,&quot;population&quot;:7143000,&quot;latlng&quot;:[8.0,1.16666666],&quot;demonym&quot;:&quot;Togolese&quot;,&quot;area&quot;:56785.0,&quot;gini&quot;:34.4,&quot;timezones&quot;:[&quot;UTC&quot;],&quot;borders&quot;:[&quot;BEN&quot;,&quot;BFA&quot;,&quot;GHA&quot;],&quot;nativeName&quot;:&quot;Togo&quot;,&quot;numericCode&quot;:&quot;768&quot;,&quot;currencies&quot;:[{&quot;code&quot;:&quot;XOF&quot;,&quot;name&quot;:&quot;West African CFA franc&quot;,&quot;symbol&quot;:&quot;Fr&quot;}],&quot;languages&quot;:[{&quot;iso639_1&quot;:&quot;fr&quot;,&quot;iso639_2&quot;:&quot;fra&quot;,&quot;name&quot;:&quot;French&quot;,&quot;nativeName&quot;:&quot;franÃ§ais&quot;}],&quot;translations&quot;:{&quot;de&quot;:&quot;Togo&quot;,&quot;es&quot;:&quot;Togo&quot;,&quot;fr&quot;:&quot;Togo&quot;,&quot;ja&quot;:&quot;ãƒˆãƒ¼ã‚´&quot;,&quot;it&quot;:&quot;Togo&quot;,&quot;br&quot;:&quot;Togo&quot;,&quot;pt&quot;:&quot;Togo&quot;,&quot;nl&quot;:&quot;Togo&quot;,&quot;hr&quot;:&quot;Togo&quot;,&quot;fa&quot;:&quot;ØªÙˆÚ¯Ùˆ&quot;},&quot;flag&quot;:&quot;https://restcountries.eu/data/tgo.svg&quot;,&quot;regionalBlocs&quot;:[{&quot;acronym&quot;:&quot;AU&quot;,&quot;name&quot;:&quot;African Union&quot;,&quot;otherAcronyms&quot;:[],&quot;otherNames&quot;:[&quot;Ø§Ù„Ø§ØªØ­Ø§Ø¯ Ø§Ù„Ø£Ù�Ø±ÙŠÙ‚ÙŠ&quot;,&quot;Union africaine&quot;,&quot;UniÃ£o Africana&quot;,&quot;UniÃ³n Africana&quot;,&quot;Umoja wa Afrika&quot;]}],&quot;cioc&quot;:&quot;TOG&quot;},{&quot;name&quot;:&quot;Tokelau&quot;,&quot;topLevelDomain&quot;:[&quot;.tk&quot;],&quot;alpha2Code&quot;:&quot;TK&quot;,&quot;alpha3Code&quot;:&quot;TKL&quot;,&quot;callingCodes&quot;:[&quot;690&quot;],&quot;capital&quot;:&quot;Fakaofo&quot;,&quot;altSpellings&quot;:[&quot;TK&quot;],&quot;region&quot;:&quot;Oceania&quot;,&quot;subregion&quot;:&quot;Polynesia&quot;,&quot;population&quot;:1411,&quot;latlng&quot;:[-9.0,-172.0],&quot;demonym&quot;:&quot;Tokelauan&quot;,&quot;area&quot;:12.0,&quot;gini&quot;:null,&quot;timezones&quot;:[&quot;UTC+13:00&quot;],&quot;borders&quot;:[],&quot;nativeName&quot;:&quot;Tokelau&quot;,&quot;numericCode&quot;:&quot;772&quot;,&quot;currencies&quot;:[{&quot;code&quot;:&quot;NZD&quot;,&quot;name&quot;:&quot;New Zealand dollar&quot;,&quot;symbol&quot;:&quot;$&quot;}],&quot;languages&quot;:[{&quot;iso639_1&quot;:&quot;en&quot;,&quot;iso639_2&quot;:&quot;eng&quot;,&quot;name&quot;:&quot;English&quot;,&quot;nativeName&quot;:&quot;English&quot;}],&quot;translations&quot;:{&quot;de&quot;:&quot;Tokelau&quot;,&quot;es&quot;:&quot;Islas Tokelau&quot;,&quot;fr&quot;:&quot;Tokelau&quot;,&quot;ja&quot;:&quot;ãƒˆã‚±ãƒ©ã‚¦&quot;,&quot;it&quot;:&quot;Isole Tokelau&quot;,&quot;br&quot;:&quot;Tokelau&quot;,&quot;pt&quot;:&quot;Toquelau&quot;,&quot;nl&quot;:&quot;Tokelau&quot;,&quot;hr&quot;:&quot;Tokelau&quot;,&quot;fa&quot;:&quot;ØªÙˆÚ©Ù„Ø§Ø¦Ùˆ&quot;},&quot;flag&quot;:&quot;https://restcountries.eu/data/tkl.svg&quot;,&quot;regionalBlocs&quot;:[],&quot;cioc&quot;:&quot;&quot;},{&quot;name&quot;:&quot;Tonga&quot;,&quot;topLevelDomain&quot;:[&quot;.to&quot;],&quot;alpha2Code&quot;:&quot;TO&quot;,&quot;alpha3Code&quot;:&quot;TON&quot;,&quot;callingCodes&quot;:[&quot;676&quot;],&quot;capital&quot;:&quot;Nuku&apos;alofa&quot;,&quot;altSpellings&quot;:[&quot;TO&quot;],&quot;region&quot;:&quot;Oceania&quot;,&quot;subregion&quot;:&quot;Polynesia&quot;,&quot;population&quot;:103252,&quot;latlng&quot;:[-20.0,-175.0],&quot;demonym&quot;:&quot;Tongan&quot;,&quot;area&quot;:747.0,&quot;gini&quot;:null,&quot;timezones&quot;:[&quot;UTC+13:00&quot;],&quot;borders&quot;:[],&quot;nativeName&quot;:&quot;Tonga&quot;,&quot;numericCode&quot;:&quot;776&quot;,&quot;currencies&quot;:[{&quot;code&quot;:&quot;TOP&quot;,&quot;name&quot;:&quot;Tongan paÊ»anga&quot;,&quot;symbol&quot;:&quot;T$&quot;}],&quot;languages&quot;:[{&quot;iso639_1&quot;:&quot;en&quot;,&quot;iso639_2&quot;:&quot;eng&quot;,&quot;name&quot;:&quot;English&quot;,&quot;nativeName&quot;:&quot;English&quot;},{&quot;iso639_1&quot;:&quot;to&quot;,&quot;iso639_2&quot;:&quot;ton&quot;,&quot;name&quot;:&quot;Tonga (Tonga Islands)&quot;,&quot;nativeName&quot;:&quot;faka Tonga&quot;}],&quot;translations&quot;:{&quot;de&quot;:&quot;Tonga&quot;,&quot;es&quot;:&quot;Tonga&quot;,&quot;fr&quot;:&quot;Tonga&quot;,&quot;ja&quot;:&quot;ãƒˆãƒ³ã‚¬&quot;,&quot;it&quot;:&quot;Tonga&quot;,&quot;br&quot;:&quot;Tonga&quot;,&quot;pt&quot;:&quot;Tonga&quot;,&quot;nl&quot;:&quot;Tonga&quot;,&quot;hr&quot;:&quot;Tonga&quot;,&quot;fa&quot;:&quot;ØªÙˆÙ†Ú¯Ø§&quot;},&quot;flag&quot;:&quot;https://restcountries.eu/data/ton.svg&quot;,&quot;regionalBlocs&quot;:[],&quot;cioc&quot;:&quot;TGA&quot;},{&quot;name&quot;:&quot;Trinidad and Tobago&quot;,&quot;topLevelDomain&quot;:[&quot;.tt&quot;],&quot;alpha2Code&quot;:&quot;TT&quot;,&quot;alpha3Code&quot;:&quot;TTO&quot;,&quot;callingCodes&quot;:[&quot;1868&quot;],&quot;capital&quot;:&quot;Port of Spain&quot;,&quot;altSpellings&quot;:[&quot;TT&quot;,&quot;Republic of Trinidad and Tobago&quot;],&quot;region&quot;:&quot;Americas&quot;,&quot;subregion&quot;:&quot;Caribbean&quot;,&quot;population&quot;:1349667,&quot;latlng&quot;:[11.0,-61.0],&quot;demonym&quot;:&quot;Trinidadian&quot;,&quot;area&quot;:5130.0,&quot;gini&quot;:40.3,&quot;timezones&quot;:[&quot;UTC-04:00&quot;],&quot;borders&quot;:[],&quot;nativeName&quot;:&quot;Trinidad and Tobago&quot;,&quot;numericCode&quot;:&quot;780&quot;,&quot;currencies&quot;:[{&quot;code&quot;:&quot;TTD&quot;,&quot;name&quot;:&quot;Trinidad and Tobago dollar&quot;,&quot;symbol&quot;:&quot;$&quot;}],&quot;languages&quot;:[{&quot;iso639_1&quot;:&quot;en&quot;,&quot;iso639_2&quot;:&quot;eng&quot;,&quot;name&quot;:&quot;English&quot;,&quot;nativeName&quot;:&quot;English&quot;}],&quot;translations&quot;:{&quot;de&quot;:&quot;Trinidad und Tobago&quot;,&quot;es&quot;:&quot;Trinidad y Tobago&quot;,&quot;fr&quot;:&quot;TrinitÃ© et Tobago&quot;,&quot;ja&quot;:&quot;ãƒˆãƒªãƒ‹ãƒ€ãƒ¼ãƒ‰ãƒ»ãƒˆãƒ�ã‚´&quot;,&quot;it&quot;:&quot;Trinidad e Tobago&quot;,&quot;br&quot;:&quot;Trinidad e Tobago&quot;,&quot;pt&quot;:&quot;Trindade e Tobago&quot;,&quot;nl&quot;:&quot;Trinidad en Tobago&quot;,&quot;hr&quot;:&quot;Trinidad i Tobago&quot;,&quot;fa&quot;:&quot;ØªØ±ÛŒÙ†ÛŒØ¯Ø§Ø¯ Ùˆ ØªÙˆØ¨Ø§Ú¯Ùˆ&quot;},&quot;flag&quot;:&quot;https://restcountries.eu/data/tto.svg&quot;,&quot;regionalBlocs&quot;:[{&quot;acronym&quot;:&quot;CARICOM&quot;,&quot;name&quot;:&quot;Caribbean Community&quot;,&quot;otherAcronyms&quot;:[],&quot;otherNames&quot;:[&quot;Comunidad del Caribe&quot;,&quot;CommunautÃ© CaribÃ©enne&quot;,&quot;Caribische Gemeenschap&quot;]}],&quot;cioc&quot;:&quot;TTO&quot;},{&quot;name&quot;:&quot;Tunisia&quot;,&quot;topLevelDomain&quot;:[&quot;.tn&quot;],&quot;alpha2Code&quot;:&quot;TN&quot;,&quot;alpha3Code&quot;:&quot;TUN&quot;,&quot;callingCodes&quot;:[&quot;216&quot;],&quot;capital&quot;:&quot;Tunis&quot;,&quot;altSpellings&quot;:[&quot;TN&quot;,&quot;Republic of Tunisia&quot;,&quot;al-JumhÅ«riyyah at-TÅ«nisiyyah&quot;],&quot;region&quot;:&quot;Africa&quot;,&quot;subregion&quot;:&quot;Northern Africa&quot;,&quot;population&quot;:11154400,&quot;latlng&quot;:[34.0,9.0],&quot;demonym&quot;:&quot;Tunisian&quot;,&quot;area&quot;:163610.0,&quot;gini&quot;:41.4,&quot;timezones&quot;:[&quot;UTC+01:00&quot;],&quot;borders&quot;:[&quot;DZA&quot;,&quot;LBY&quot;],&quot;nativeName&quot;:&quot;ØªÙˆÙ†Ø³&quot;,&quot;numericCode&quot;:&quot;788&quot;,&quot;currencies&quot;:[{&quot;code&quot;:&quot;TND&quot;,&quot;name&quot;:&quot;Tunisian dinar&quot;,&quot;symbol&quot;:&quot;Ø¯.Øª&quot;}],&quot;languages&quot;:[{&quot;iso639_1&quot;:&quot;ar&quot;,&quot;iso639_2&quot;:&quot;ara&quot;,&quot;name&quot;:&quot;Arabic&quot;,&quot;nativeName&quot;:&quot;Ø§Ù„Ø¹Ø±Ø¨ÙŠØ©&quot;}],&quot;translations&quot;:{&quot;de&quot;:&quot;Tunesien&quot;,&quot;es&quot;:&quot;TÃºnez&quot;,&quot;fr&quot;:&quot;Tunisie&quot;,&quot;ja&quot;:&quot;ãƒ�ãƒ¥ãƒ‹ã‚¸ã‚¢&quot;,&quot;it&quot;:&quot;Tunisia&quot;,&quot;br&quot;:&quot;TunÃ­sia&quot;,&quot;pt&quot;:&quot;TunÃ­sia&quot;,&quot;nl&quot;:&quot;TunesiÃ«&quot;,&quot;hr&quot;:&quot;Tunis&quot;,&quot;fa&quot;:&quot;ØªÙˆÙ†Ø³&quot;},&quot;flag&quot;:&quot;https://restcountries.eu/data/tun.svg&quot;,&quot;regionalBlocs&quot;:[{&quot;acronym&quot;:&quot;AU&quot;,&quot;name&quot;:&quot;African Union&quot;,&quot;otherAcronyms&quot;:[],&quot;otherNames&quot;:[&quot;Ø§Ù„Ø§ØªØ­Ø§Ø¯ Ø§Ù„Ø£Ù�Ø±ÙŠÙ‚ÙŠ&quot;,&quot;Union africaine&quot;,&quot;UniÃ£o Africana&quot;,&quot;UniÃ³n Africana&quot;,&quot;Umoja wa Afrika&quot;]},{&quot;acronym&quot;:&quot;AL&quot;,&quot;name&quot;:&quot;Arab League&quot;,&quot;otherAcronyms&quot;:[],&quot;otherNames&quot;:[&quot;Ø¬Ø§Ù…Ø¹Ø© Ø§Ù„Ø¯ÙˆÙ„ Ø§Ù„Ø¹Ø±Ø¨ÙŠØ©&quot;,&quot;JÄ�miÊ»at ad-Duwal al-Ê»ArabÄ«yah&quot;,&quot;League of Arab States&quot;]}],&quot;cioc&quot;:&quot;TUN&quot;},{&quot;name&quot;:&quot;Turkey&quot;,&quot;topLevelDomain&quot;:[&quot;.tr&quot;],&quot;alpha2Code&quot;:&quot;TR&quot;,&quot;alpha3Code&quot;:&quot;TUR&quot;,&quot;callingCodes&quot;:[&quot;90&quot;],&quot;capital&quot;:&quot;Ankara&quot;,&quot;altSpellings&quot;:[&quot;TR&quot;,&quot;Turkiye&quot;,&quot;Republic of Turkey&quot;,&quot;TÃ¼rkiye Cumhuriyeti&quot;],&quot;region&quot;:&quot;Asia&quot;,&quot;subregion&quot;:&quot;Western Asia&quot;,&quot;population&quot;:78741053,&quot;latlng&quot;:[39.0,35.0],&quot;demonym&quot;:&quot;Turkish&quot;,&quot;area&quot;:783562.0,&quot;gini&quot;:39.0,&quot;timezones&quot;:[&quot;UTC+03:00&quot;],&quot;borders&quot;:[&quot;ARM&quot;,&quot;AZE&quot;,&quot;BGR&quot;,&quot;GEO&quot;,&quot;GRC&quot;,&quot;IRN&quot;,&quot;IRQ&quot;,&quot;SYR&quot;],&quot;nativeName&quot;:&quot;TÃ¼rkiye&quot;,&quot;numericCode&quot;:&quot;792&quot;,&quot;currencies&quot;:[{&quot;code&quot;:&quot;TRY&quot;,&quot;name&quot;:&quot;Turkish lira&quot;,&quot;symbol&quot;:null}],&quot;languages&quot;:[{&quot;iso639_1&quot;:&quot;tr&quot;,&quot;iso639_2&quot;:&quot;tur&quot;,&quot;name&quot;:&quot;Turkish&quot;,&quot;nativeName&quot;:&quot;TÃ¼rkÃ§e&quot;}],&quot;translations&quot;:{&quot;de&quot;:&quot;TÃ¼rkei&quot;,&quot;es&quot;:&quot;TurquÃ­a&quot;,&quot;fr&quot;:&quot;Turquie&quot;,&quot;ja&quot;:&quot;ãƒˆãƒ«ã‚³&quot;,&quot;it&quot;:&quot;Turchia&quot;,&quot;br&quot;:&quot;Turquia&quot;,&quot;pt&quot;:&quot;Turquia&quot;,&quot;nl&quot;:&quot;Turkije&quot;,&quot;hr&quot;:&quot;Turska&quot;,&quot;fa&quot;:&quot;ØªØ±Ú©ÛŒÙ‡&quot;},&quot;flag&quot;:&quot;https://restcountries.eu/data/tur.svg&quot;,&quot;regionalBlocs&quot;:[],&quot;cioc&quot;:&quot;TUR&quot;},{&quot;name&quot;:&quot;Turkmenistan&quot;,&quot;topLevelDomain&quot;:[&quot;.tm&quot;],&quot;alpha2Code&quot;:&quot;TM&quot;,&quot;alpha3Code&quot;:&quot;TKM&quot;,&quot;callingCodes&quot;:[&quot;993&quot;],&quot;capital&quot;:&quot;Ashgabat&quot;,&quot;altSpellings&quot;:[&quot;TM&quot;],&quot;region&quot;:&quot;Asia&quot;,&quot;subregion&quot;:&quot;Central Asia&quot;,&quot;population&quot;:4751120,&quot;latlng&quot;:[40.0,60.0],&quot;demonym&quot;:&quot;Turkmen&quot;,&quot;area&quot;:488100.0,&quot;gini&quot;:40.8,&quot;timezones&quot;:[&quot;UTC+05:00&quot;],&quot;borders&quot;:[&quot;AFG&quot;,&quot;IRN&quot;,&quot;KAZ&quot;,&quot;UZB&quot;],&quot;nativeName&quot;:&quot;TÃ¼rkmenistan&quot;,&quot;numericCode&quot;:&quot;795&quot;,&quot;currencies&quot;:[{&quot;code&quot;:&quot;TMT&quot;,&quot;name&quot;:&quot;Turkmenistan manat&quot;,&quot;symbol&quot;:&quot;m&quot;}],&quot;languages&quot;:[{&quot;iso639_1&quot;:&quot;tk&quot;,&quot;iso639_2&quot;:&quot;tuk&quot;,&quot;name&quot;:&quot;Turkmen&quot;,&quot;nativeName&quot;:&quot;TÃ¼rkmen&quot;},{&quot;iso639_1&quot;:&quot;ru&quot;,&quot;iso639_2&quot;:&quot;rus&quot;,&quot;name&quot;:&quot;Russian&quot;,&quot;nativeName&quot;:&quot;Ð ÑƒÑ�Ñ�ÐºÐ¸Ð¹&quot;}],&quot;translations&quot;:{&quot;de&quot;:&quot;Turkmenistan&quot;,&quot;es&quot;:&quot;TurkmenistÃ¡n&quot;,&quot;fr&quot;:&quot;TurkmÃ©nistan&quot;,&quot;ja&quot;:&quot;ãƒˆãƒ«ã‚¯ãƒ¡ãƒ‹ã‚¹ã‚¿ãƒ³&quot;,&quot;it&quot;:&quot;Turkmenistan&quot;,&quot;br&quot;:&quot;TurcomenistÃ£o&quot;,&quot;pt&quot;:&quot;TurquemenistÃ£o&quot;,&quot;nl&quot;:&quot;Turkmenistan&quot;,&quot;hr&quot;:&quot;Turkmenistan&quot;,&quot;fa&quot;:&quot;ØªØ±Ú©Ù…Ù†Ø³ØªØ§Ù†&quot;},&quot;flag&quot;:&quot;https://restcountries.eu/data/tkm.svg&quot;,&quot;regionalBlocs&quot;:[],&quot;cioc&quot;:&quot;TKM&quot;},{&quot;name&quot;:&quot;Turks and Caicos Islands&quot;,&quot;topLevelDomain&quot;:[&quot;.tc&quot;],&quot;alpha2Code&quot;:&quot;TC&quot;,&quot;alpha3Code&quot;:&quot;TCA&quot;,&quot;callingCodes&quot;:[&quot;1649&quot;],&quot;capital&quot;:&quot;Cockburn Town&quot;,&quot;altSpellings&quot;:[&quot;TC&quot;],&quot;region&quot;:&quot;Americas&quot;,&quot;subregion&quot;:&quot;Caribbean&quot;,&quot;population&quot;:31458,&quot;latlng&quot;:[21.75,-71.58333333],&quot;demonym&quot;:&quot;Turks and Caicos Islander&quot;,&quot;area&quot;:948.0,&quot;gini&quot;:null,&quot;timezones&quot;:[&quot;UTC-04:00&quot;],&quot;borders&quot;:[],&quot;nativeName&quot;:&quot;Turks and Caicos Islands&quot;,&quot;numericCode&quot;:&quot;796&quot;,&quot;currencies&quot;:[{&quot;code&quot;:&quot;USD&quot;,&quot;name&quot;:&quot;United States dollar&quot;,&quot;symbol&quot;:&quot;$&quot;}],&quot;languages&quot;:[{&quot;iso639_1&quot;:&quot;en&quot;,&quot;iso639_2&quot;:&quot;eng&quot;,&quot;name&quot;:&quot;English&quot;,&quot;nativeName&quot;:&quot;English&quot;}],&quot;translations&quot;:{&quot;de&quot;:&quot;Turks- und Caicosinseln&quot;,&quot;es&quot;:&quot;Islas Turks y Caicos&quot;,&quot;fr&quot;:&quot;ÃŽles Turques-et-CaÃ¯ques&quot;,&quot;ja&quot;:&quot;ã‚¿ãƒ¼ã‚¯ã‚¹ãƒ»ã‚«ã‚¤ã‚³ã‚¹è«¸å³¶&quot;,&quot;it&quot;:&quot;Isole Turks e Caicos&quot;,&quot;br&quot;:&quot;Ilhas Turcas e Caicos&quot;,&quot;pt&quot;:&quot;Ilhas Turcas e Caicos&quot;,&quot;nl&quot;:&quot;Turks- en Caicoseilanden&quot;,&quot;hr&quot;:&quot;Otoci Turks i Caicos&quot;,&quot;fa&quot;:&quot;Ø¬Ø²Ø§ÛŒØ± ØªÙˆØ±Ú©Ø³ Ùˆ Ú©Ø§ÛŒÚ©ÙˆØ³&quot;},&quot;flag&quot;:&quot;https://restcountries.eu/data/tca.svg&quot;,&quot;regionalBlocs&quot;:[],&quot;cioc&quot;:&quot;&quot;},{&quot;name&quot;:&quot;Tuvalu&quot;,&quot;topLevelDomain&quot;:[&quot;.tv&quot;],&quot;alpha2Code&quot;:&quot;TV&quot;,&quot;alpha3Code&quot;:&quot;TUV&quot;,&quot;callingCodes&quot;:[&quot;688&quot;],&quot;capital&quot;:&quot;Funafuti&quot;,&quot;altSpellings&quot;:[&quot;TV&quot;],&quot;region&quot;:&quot;Oceania&quot;,&quot;subregion&quot;:&quot;Polynesia&quot;,&quot;population&quot;:10640,&quot;latlng&quot;:[-8.0,178.0],&quot;demonym&quot;:&quot;Tuvaluan&quot;,&quot;area&quot;:26.0,&quot;gini&quot;:null,&quot;timezones&quot;:[&quot;UTC+12:00&quot;],&quot;borders&quot;:[],&quot;nativeName&quot;:&quot;Tuvalu&quot;,&quot;numericCode&quot;:&quot;798&quot;,&quot;currencies&quot;:[{&quot;code&quot;:&quot;AUD&quot;,&quot;name&quot;:&quot;Australian dollar&quot;,&quot;symbol&quot;:&quot;$&quot;},{&quot;code&quot;:&quot;TVD[G]&quot;,&quot;name&quot;:&quot;Tuvaluan dollar&quot;,&quot;symbol&quot;:&quot;$&quot;}],&quot;languages&quot;:[{&quot;iso639_1&quot;:&quot;en&quot;,&quot;iso639_2&quot;:&quot;eng&quot;,&quot;name&quot;:&quot;English&quot;,&quot;nativeName&quot;:&quot;English&quot;}],&quot;translations&quot;:{&quot;de&quot;:&quot;Tuvalu&quot;,&quot;es&quot;:&quot;Tuvalu&quot;,&quot;fr&quot;:&quot;Tuvalu&quot;,&quot;ja&quot;:&quot;ãƒ„ãƒ�ãƒ«&quot;,&quot;it&quot;:&quot;Tuvalu&quot;,&quot;br&quot;:&quot;Tuvalu&quot;,&quot;pt&quot;:&quot;Tuvalu&quot;,&quot;nl&quot;:&quot;Tuvalu&quot;,&quot;hr&quot;:&quot;Tuvalu&quot;,&quot;fa&quot;:&quot;ØªÙˆÙˆØ§Ù„Ùˆ&quot;},&quot;flag&quot;:&quot;https://restcountries.eu/data/tuv.svg&quot;,&quot;regionalBlocs&quot;:[],&quot;cioc&quot;:&quot;TUV&quot;},{&quot;name&quot;:&quot;Uganda&quot;,&quot;topLevelDomain&quot;:[&quot;.ug&quot;],&quot;alpha2Code&quot;:&quot;UG&quot;,&quot;alpha3Code&quot;:&quot;UGA&quot;,&quot;callingCodes&quot;:[&quot;256&quot;],&quot;capital&quot;:&quot;Kampala&quot;,&quot;altSpellings&quot;:[&quot;UG&quot;,&quot;Republic of Uganda&quot;,&quot;Jamhuri ya Uganda&quot;],&quot;region&quot;:&quot;Africa&quot;,&quot;subregion&quot;:&quot;Eastern Africa&quot;,&quot;population&quot;:33860700,&quot;latlng&quot;:[1.0,32.0],&quot;demonym&quot;:&quot;Ugandan&quot;,&quot;area&quot;:241550.0,&quot;gini&quot;:44.3,&quot;timezones&quot;:[&quot;UTC+03:00&quot;],&quot;borders&quot;:[&quot;COD&quot;,&quot;KEN&quot;,&quot;RWA&quot;,&quot;SSD&quot;,&quot;TZA&quot;],&quot;nativeName&quot;:&quot;Uganda&quot;,&quot;numericCode&quot;:&quot;800&quot;,&quot;currencies&quot;:[{&quot;code&quot;:&quot;UGX&quot;,&quot;name&quot;:&quot;Ugandan shilling&quot;,&quot;symbol&quot;:&quot;Sh&quot;}],&quot;languages&quot;:[{&quot;iso639_1&quot;:&quot;en&quot;,&quot;iso639_2&quot;:&quot;eng&quot;,&quot;name&quot;:&quot;English&quot;,&quot;nativeName&quot;:&quot;English&quot;},{&quot;iso639_1&quot;:&quot;sw&quot;,&quot;iso639_2&quot;:&quot;swa&quot;,&quot;name&quot;:&quot;Swahili&quot;,&quot;nativeName&quot;:&quot;Kiswahili&quot;}],&quot;translations&quot;:{&quot;de&quot;:&quot;Uganda&quot;,&quot;es&quot;:&quot;Uganda&quot;,&quot;fr&quot;:&quot;Uganda&quot;,&quot;ja&quot;:&quot;ã‚¦ã‚¬ãƒ³ãƒ€&quot;,&quot;it&quot;:&quot;Uganda&quot;,&quot;br&quot;:&quot;Uganda&quot;,&quot;pt&quot;:&quot;Uganda&quot;,&quot;nl&quot;:&quot;Oeganda&quot;,&quot;hr&quot;:&quot;Uganda&quot;,&quot;fa&quot;:&quot;Ø§ÙˆÚ¯Ø§Ù†Ø¯Ø§&quot;},&quot;flag&quot;:&quot;https://restcountries.eu/data/uga.svg&quot;,&quot;regionalBlocs&quot;:[{&quot;acronym&quot;:&quot;AU&quot;,&quot;name&quot;:&quot;African Union&quot;,&quot;otherAcronyms&quot;:[],&quot;otherNames&quot;:[&quot;Ø§Ù„Ø§ØªØ­Ø§Ø¯ Ø§Ù„Ø£Ù�Ø±ÙŠÙ‚ÙŠ&quot;,&quot;Union africaine&quot;,&quot;UniÃ£o Africana&quot;,&quot;UniÃ³n Africana&quot;,&quot;Umoja wa Afrika&quot;]}],&quot;cioc&quot;:&quot;UGA&quot;},{&quot;name&quot;:&quot;Ukraine&quot;,&quot;topLevelDomain&quot;:[&quot;.ua&quot;],&quot;alpha2Code&quot;:&quot;UA&quot;,&quot;alpha3Code&quot;:&quot;UKR&quot;,&quot;callingCodes&quot;:[&quot;380&quot;],&quot;capital&quot;:&quot;Kiev&quot;,&quot;altSpellings&quot;:[&quot;UA&quot;,&quot;Ukrayina&quot;],&quot;region&quot;:&quot;Europe&quot;,&quot;subregion&quot;:&quot;Eastern Europe&quot;,&quot;population&quot;:42692393,&quot;latlng&quot;:[49.0,32.0],&quot;demonym&quot;:&quot;Ukrainian&quot;,&quot;area&quot;:603700.0,&quot;gini&quot;:26.4,&quot;timezones&quot;:[&quot;UTC+02:00&quot;],&quot;borders&quot;:[&quot;BLR&quot;,&quot;HUN&quot;,&quot;MDA&quot;,&quot;POL&quot;,&quot;ROU&quot;,&quot;RUS&quot;,&quot;SVK&quot;],&quot;nativeName&quot;:&quot;Ð£ÐºÑ€Ð°Ñ—Ð½Ð°&quot;,&quot;numericCode&quot;:&quot;804&quot;,&quot;currencies&quot;:[{&quot;code&quot;:&quot;UAH&quot;,&quot;name&quot;:&quot;Ukrainian hryvnia&quot;,&quot;symbol&quot;:&quot;â‚´&quot;}],&quot;languages&quot;:[{&quot;iso639_1&quot;:&quot;uk&quot;,&quot;iso639_2&quot;:&quot;ukr&quot;,&quot;name&quot;:&quot;Ukrainian&quot;,&quot;nativeName&quot;:&quot;Ð£ÐºÑ€Ð°Ñ—Ð½Ñ�ÑŒÐºÐ°&quot;}],&quot;translations&quot;:{&quot;de&quot;:&quot;Ukraine&quot;,&quot;es&quot;:&quot;Ucrania&quot;,&quot;fr&quot;:&quot;Ukraine&quot;,&quot;ja&quot;:&quot;ã‚¦ã‚¯ãƒ©ã‚¤ãƒŠ&quot;,&quot;it&quot;:&quot;Ucraina&quot;,&quot;br&quot;:&quot;UcrÃ¢nia&quot;,&quot;pt&quot;:&quot;UcrÃ¢nia&quot;,&quot;nl&quot;:&quot;OekraÃ¯ne&quot;,&quot;hr&quot;:&quot;Ukrajina&quot;,&quot;fa&quot;:&quot;ÙˆÚ©Ø±Ø§ÛŒÙ†&quot;},&quot;flag&quot;:&quot;https://restcountries.eu/data/ukr.svg&quot;,&quot;regionalBlocs&quot;:[],&quot;cioc&quot;:&quot;UKR&quot;},{&quot;name&quot;:&quot;United Arab Emirates&quot;,&quot;topLevelDomain&quot;:[&quot;.ae&quot;],&quot;alpha2Code&quot;:&quot;AE&quot;,&quot;alpha3Code&quot;:&quot;ARE&quot;,&quot;callingCodes&quot;:[&quot;971&quot;],&quot;capital&quot;:&quot;Abu Dhabi&quot;,&quot;altSpellings&quot;:[&quot;AE&quot;,&quot;UAE&quot;],&quot;region&quot;:&quot;Asia&quot;,&quot;subregion&quot;:&quot;Western Asia&quot;,&quot;population&quot;:9856000,&quot;latlng&quot;:[24.0,54.0],&quot;demonym&quot;:&quot;Emirati&quot;,&quot;area&quot;:83600.0,&quot;gini&quot;:null,&quot;timezones&quot;:[&quot;UTC+04&quot;],&quot;borders&quot;:[&quot;OMN&quot;,&quot;SAU&quot;],&quot;nativeName&quot;:&quot;Ø¯ÙˆÙ„Ø© Ø§Ù„Ø¥Ù…Ø§Ø±Ø§Øª Ø§Ù„Ø¹Ø±Ø¨ÙŠØ© Ø§Ù„Ù…ØªØ­Ø¯Ø©&quot;,&quot;numericCode&quot;:&quot;784&quot;,&quot;currencies&quot;:[{&quot;code&quot;:&quot;AED&quot;,&quot;name&quot;:&quot;United Arab Emirates dirham&quot;,&quot;symbol&quot;:&quot;Ø¯.Ø¥&quot;}],&quot;languages&quot;:[{&quot;iso639_1&quot;:&quot;ar&quot;,&quot;iso639_2&quot;:&quot;ara&quot;,&quot;name&quot;:&quot;Arabic&quot;,&quot;nativeName&quot;:&quot;Ø§Ù„Ø¹Ø±Ø¨ÙŠØ©&quot;}],&quot;translations&quot;:{&quot;de&quot;:&quot;Vereinigte Arabische Emirate&quot;,&quot;es&quot;:&quot;Emiratos Ã�rabes Unidos&quot;,&quot;fr&quot;:&quot;Ã‰mirats arabes unis&quot;,&quot;ja&quot;:&quot;ã‚¢ãƒ©ãƒ–é¦–é•·å›½é€£é‚¦&quot;,&quot;it&quot;:&quot;Emirati Arabi Uniti&quot;,&quot;br&quot;:&quot;Emirados Ã¡rabes Unidos&quot;,&quot;pt&quot;:&quot;Emirados Ã¡rabes Unidos&quot;,&quot;nl&quot;:&quot;Verenigde Arabische Emiraten&quot;,&quot;hr&quot;:&quot;Ujedinjeni Arapski Emirati&quot;,&quot;fa&quot;:&quot;Ø§Ù…Ø§Ø±Ø§Øª Ù…ØªØ­Ø¯Ù‡ Ø¹Ø±Ø¨ÛŒ&quot;},&quot;flag&quot;:&quot;https://restcountries.eu/data/are.svg&quot;,&quot;regionalBlocs&quot;:[{&quot;acronym&quot;:&quot;AL&quot;,&quot;name&quot;:&quot;Arab League&quot;,&quot;otherAcronyms&quot;:[],&quot;otherNames&quot;:[&quot;Ø¬Ø§Ù…Ø¹Ø© Ø§Ù„Ø¯ÙˆÙ„ Ø§Ù„Ø¹Ø±Ø¨ÙŠØ©&quot;,&quot;JÄ�miÊ»at ad-Duwal al-Ê»ArabÄ«yah&quot;,&quot;League of Arab States&quot;]}],&quot;cioc&quot;:&quot;UAE&quot;},{&quot;name&quot;:&quot;United Kingdom of Great Britain and Northern Ireland&quot;,&quot;topLevelDomain&quot;:[&quot;.uk&quot;],&quot;alpha2Code&quot;:&quot;GB&quot;,&quot;alpha3Code&quot;:&quot;GBR&quot;,&quot;callingCodes&quot;:[&quot;44&quot;],&quot;capital&quot;:&quot;London&quot;,&quot;altSpellings&quot;:[&quot;GB&quot;,&quot;UK&quot;,&quot;Great Britain&quot;],&quot;region&quot;:&quot;Europe&quot;,&quot;subregion&quot;:&quot;Northern Europe&quot;,&quot;population&quot;:65110000,&quot;latlng&quot;:[54.0,-2.0],&quot;demonym&quot;:&quot;British&quot;,&quot;area&quot;:242900.0,&quot;gini&quot;:34.0,&quot;timezones&quot;:[&quot;UTC-08:00&quot;,&quot;UTC-05:00&quot;,&quot;UTC-04:00&quot;,&quot;UTC-03:00&quot;,&quot;UTC-02:00&quot;,&quot;UTC&quot;,&quot;UTC+01:00&quot;,&quot;UTC+02:00&quot;,&quot;UTC+06:00&quot;],&quot;borders&quot;:[&quot;IRL&quot;],&quot;nativeName&quot;:&quot;United Kingdom&quot;,&quot;numericCode&quot;:&quot;826&quot;,&quot;currencies&quot;:[{&quot;code&quot;:&quot;GBP&quot;,&quot;name&quot;:&quot;British pound&quot;,&quot;symbol&quot;:&quot;Â£&quot;}],&quot;languages&quot;:[{&quot;iso639_1&quot;:&quot;en&quot;,&quot;iso639_2&quot;:&quot;eng&quot;,&quot;name&quot;:&quot;English&quot;,&quot;nativeName&quot;:&quot;English&quot;}],&quot;translations&quot;:{&quot;de&quot;:&quot;Vereinigtes KÃ¶nigreich&quot;,&quot;es&quot;:&quot;Reino Unido&quot;,&quot;fr&quot;:&quot;Royaume-Uni&quot;,&quot;ja&quot;:&quot;ã‚¤ã‚®ãƒªã‚¹&quot;,&quot;it&quot;:&quot;Regno Unito&quot;,&quot;br&quot;:&quot;Reino Unido&quot;,&quot;pt&quot;:&quot;Reino Unido&quot;,&quot;nl&quot;:&quot;Verenigd Koninkrijk&quot;,&quot;hr&quot;:&quot;Ujedinjeno Kraljevstvo&quot;,&quot;fa&quot;:&quot;Ø¨Ø±ÛŒØªØ§Ù†ÛŒØ§ÛŒ Ú©Ø¨ÛŒØ± Ùˆ Ø§ÛŒØ±Ù„Ù†Ø¯ Ø´Ù…Ø§Ù„ÛŒ&quot;},&quot;flag&quot;:&quot;https://restcountries.eu/data/gbr.svg&quot;,&quot;regionalBlocs&quot;:[{&quot;acronym&quot;:&quot;EU&quot;,&quot;name&quot;:&quot;European Union&quot;,&quot;otherAcronyms&quot;:[],&quot;otherNames&quot;:[]}],&quot;cioc&quot;:&quot;GBR&quot;},{&quot;name&quot;:&quot;United States of America&quot;,&quot;topLevelDomain&quot;:[&quot;.us&quot;],&quot;alpha2Code&quot;:&quot;US&quot;,&quot;alpha3Code&quot;:&quot;USA&quot;,&quot;callingCodes&quot;:[&quot;1&quot;],&quot;capital&quot;:&quot;Washington, D.C.&quot;,&quot;altSpellings&quot;:[&quot;US&quot;,&quot;USA&quot;,&quot;United States of America&quot;],&quot;region&quot;:&quot;Americas&quot;,&quot;subregion&quot;:&quot;Northern America&quot;,&quot;population&quot;:323947000,&quot;latlng&quot;:[38.0,-97.0],&quot;demonym&quot;:&quot;American&quot;,&quot;area&quot;:9629091.0,&quot;gini&quot;:48.0,&quot;timezones&quot;:[&quot;UTC-12:00&quot;,&quot;UTC-11:00&quot;,&quot;UTC-10:00&quot;,&quot;UTC-09:00&quot;,&quot;UTC-08:00&quot;,&quot;UTC-07:00&quot;,&quot;UTC-06:00&quot;,&quot;UTC-05:00&quot;,&quot;UTC-04:00&quot;,&quot;UTC+10:00&quot;,&quot;UTC+12:00&quot;],&quot;borders&quot;:[&quot;CAN&quot;,&quot;MEX&quot;],&quot;nativeName&quot;:&quot;United States&quot;,&quot;numericCode&quot;:&quot;840&quot;,&quot;currencies&quot;:[{&quot;code&quot;:&quot;USD&quot;,&quot;name&quot;:&quot;United States dollar&quot;,&quot;symbol&quot;:&quot;$&quot;}],&quot;languages&quot;:[{&quot;iso639_1&quot;:&quot;en&quot;,&quot;iso639_2&quot;:&quot;eng&quot;,&quot;name&quot;:&quot;English&quot;,&quot;nativeName&quot;:&quot;English&quot;}],&quot;translations&quot;:{&quot;de&quot;:&quot;Vereinigte Staaten von Amerika&quot;,&quot;es&quot;:&quot;Estados Unidos&quot;,&quot;fr&quot;:&quot;Ã‰tats-Unis&quot;,&quot;ja&quot;:&quot;ã‚¢ãƒ¡ãƒªã‚«å�ˆè¡†å›½&quot;,&quot;it&quot;:&quot;Stati Uniti D&apos;America&quot;,&quot;br&quot;:&quot;Estados Unidos&quot;,&quot;pt&quot;:&quot;Estados Unidos&quot;,&quot;nl&quot;:&quot;Verenigde Staten&quot;,&quot;hr&quot;:&quot;Sjedinjene AmeriÄ�ke DrÅ¾ave&quot;,&quot;fa&quot;:&quot;Ø§ÛŒØ§Ù„Ø§Øª Ù…ØªØ­Ø¯Ù‡ Ø¢Ù…Ø±ÛŒÚ©Ø§&quot;},&quot;flag&quot;:&quot;https://restcountries.eu/data/usa.svg&quot;,&quot;regionalBlocs&quot;:[{&quot;acronym&quot;:&quot;NAFTA&quot;,&quot;name&quot;:&quot;North American Free Trade Agreement&quot;,&quot;otherAcronyms&quot;:[],&quot;otherNames&quot;:[&quot;Tratado de Libre Comercio de AmÃ©rica del Norte&quot;,&quot;Accord de Libre-Ã©change Nord-AmÃ©ricain&quot;]}],&quot;cioc&quot;:&quot;USA&quot;},{&quot;name&quot;:&quot;Uruguay&quot;,&quot;topLevelDomain&quot;:[&quot;.uy&quot;],&quot;alpha2Code&quot;:&quot;UY&quot;,&quot;alpha3Code&quot;:&quot;URY&quot;,&quot;callingCodes&quot;:[&quot;598&quot;],&quot;capital&quot;:&quot;Montevideo&quot;,&quot;altSpellings&quot;:[&quot;UY&quot;,&quot;Oriental Republic of Uruguay&quot;,&quot;RepÃºblica Oriental del Uruguay&quot;],&quot;region&quot;:&quot;Americas&quot;,&quot;subregion&quot;:&quot;South America&quot;,&quot;population&quot;:3480222,&quot;latlng&quot;:[-33.0,-56.0],&quot;demonym&quot;:&quot;Uruguayan&quot;,&quot;area&quot;:181034.0,&quot;gini&quot;:39.7,&quot;timezones&quot;:[&quot;UTC-03:00&quot;],&quot;borders&quot;:[&quot;ARG&quot;,&quot;BRA&quot;],&quot;nativeName&quot;:&quot;Uruguay&quot;,&quot;numericCode&quot;:&quot;858&quot;,&quot;currencies&quot;:[{&quot;code&quot;:&quot;UYU&quot;,&quot;name&quot;:&quot;Uruguayan peso&quot;,&quot;symbol&quot;:&quot;$&quot;}],&quot;languages&quot;:[{&quot;iso639_1&quot;:&quot;es&quot;,&quot;iso639_2&quot;:&quot;spa&quot;,&quot;name&quot;:&quot;Spanish&quot;,&quot;nativeName&quot;:&quot;EspaÃ±ol&quot;}],&quot;translations&quot;:{&quot;de&quot;:&quot;Uruguay&quot;,&quot;es&quot;:&quot;Uruguay&quot;,&quot;fr&quot;:&quot;Uruguay&quot;,&quot;ja&quot;:&quot;ã‚¦ãƒ«ã‚°ã‚¢ã‚¤&quot;,&quot;it&quot;:&quot;Uruguay&quot;,&quot;br&quot;:&quot;Uruguai&quot;,&quot;pt&quot;:&quot;Uruguai&quot;,&quot;nl&quot;:&quot;Uruguay&quot;,&quot;hr&quot;:&quot;Urugvaj&quot;,&quot;fa&quot;:&quot;Ø§Ø±ÙˆÚ¯ÙˆØ¦Ù‡&quot;},&quot;flag&quot;:&quot;https://restcountries.eu/data/ury.svg&quot;,&quot;regionalBlocs&quot;:[{&quot;acronym&quot;:&quot;USAN&quot;,&quot;name&quot;:&quot;Union of South American Nations&quot;,&quot;otherAcronyms&quot;:[&quot;UNASUR&quot;,&quot;UNASUL&quot;,&quot;UZAN&quot;],&quot;otherNames&quot;:[&quot;UniÃ³n de Naciones Suramericanas&quot;,&quot;UniÃ£o de NaÃ§Ãµes Sul-Americanas&quot;,&quot;Unie van Zuid-Amerikaanse Naties&quot;,&quot;South American Union&quot;]}],&quot;cioc&quot;:&quot;URU&quot;},{&quot;name&quot;:&quot;Uzbekistan&quot;,&quot;topLevelDomain&quot;:[&quot;.uz&quot;],&quot;alpha2Code&quot;:&quot;UZ&quot;,&quot;alpha3Code&quot;:&quot;UZB&quot;,&quot;callingCodes&quot;:[&quot;998&quot;],&quot;capital&quot;:&quot;Tashkent&quot;,&quot;altSpellings&quot;:[&quot;UZ&quot;,&quot;Republic of Uzbekistan&quot;,&quot;Oâ€˜zbekiston Respublikasi&quot;,&quot;ÐŽÐ·Ð±ÐµÐºÐ¸Ñ�Ñ‚Ð¾Ð½ Ð ÐµÑ�Ð¿ÑƒÐ±Ð»Ð¸ÐºÐ°Ñ�Ð¸&quot;],&quot;region&quot;:&quot;Asia&quot;,&quot;subregion&quot;:&quot;Central Asia&quot;,&quot;population&quot;:31576400,&quot;latlng&quot;:[41.0,64.0],&quot;demonym&quot;:&quot;Uzbekistani&quot;,&quot;area&quot;:447400.0,&quot;gini&quot;:36.7,&quot;timezones&quot;:[&quot;UTC+05:00&quot;],&quot;borders&quot;:[&quot;AFG&quot;,&quot;KAZ&quot;,&quot;KGZ&quot;,&quot;TJK&quot;,&quot;TKM&quot;],&quot;nativeName&quot;:&quot;Oâ€˜zbekiston&quot;,&quot;numericCode&quot;:&quot;860&quot;,&quot;currencies&quot;:[{&quot;code&quot;:&quot;UZS&quot;,&quot;name&quot;:&quot;Uzbekistani so&apos;m&quot;,&quot;symbol&quot;:null}],&quot;languages&quot;:[{&quot;iso639_1&quot;:&quot;uz&quot;,&quot;iso639_2&quot;:&quot;uzb&quot;,&quot;name&quot;:&quot;Uzbek&quot;,&quot;nativeName&quot;:&quot;OÊ»zbek&quot;},{&quot;iso639_1&quot;:&quot;ru&quot;,&quot;iso639_2&quot;:&quot;rus&quot;,&quot;name&quot;:&quot;Russian&quot;,&quot;nativeName&quot;:&quot;Ð ÑƒÑ�Ñ�ÐºÐ¸Ð¹&quot;}],&quot;translations&quot;:{&quot;de&quot;:&quot;Usbekistan&quot;,&quot;es&quot;:&quot;UzbekistÃ¡n&quot;,&quot;fr&quot;:&quot;OuzbÃ©kistan&quot;,&quot;ja&quot;:&quot;ã‚¦ã‚ºãƒ™ã‚­ã‚¹ã‚¿ãƒ³&quot;,&quot;it&quot;:&quot;Uzbekistan&quot;,&quot;br&quot;:&quot;UzbequistÃ£o&quot;,&quot;pt&quot;:&quot;UsbequistÃ£o&quot;,&quot;nl&quot;:&quot;Oezbekistan&quot;,&quot;hr&quot;:&quot;Uzbekistan&quot;,&quot;fa&quot;:&quot;Ø§Ø²Ø¨Ú©Ø³ØªØ§Ù†&quot;},&quot;flag&quot;:&quot;https://restcountries.eu/data/uzb.svg&quot;,&quot;regionalBlocs&quot;:[],&quot;cioc&quot;:&quot;UZB&quot;},{&quot;name&quot;:&quot;Vanuatu&quot;,&quot;topLevelDomain&quot;:[&quot;.vu&quot;],&quot;alpha2Code&quot;:&quot;VU&quot;,&quot;alpha3Code&quot;:&quot;VUT&quot;,&quot;callingCodes&quot;:[&quot;678&quot;],&quot;capital&quot;:&quot;Port Vila&quot;,&quot;altSpellings&quot;:[&quot;VU&quot;,&quot;Republic of Vanuatu&quot;,&quot;Ripablik blong Vanuatu&quot;,&quot;RÃ©publique de Vanuatu&quot;],&quot;region&quot;:&quot;Oceania&quot;,&quot;subregion&quot;:&quot;Melanesia&quot;,&quot;population&quot;:277500,&quot;latlng&quot;:[-16.0,167.0],&quot;demonym&quot;:&quot;Ni-Vanuatu&quot;,&quot;area&quot;:12189.0,&quot;gini&quot;:null,&quot;timezones&quot;:[&quot;UTC+11:00&quot;],&quot;borders&quot;:[],&quot;nativeName&quot;:&quot;Vanuatu&quot;,&quot;numericCode&quot;:&quot;548&quot;,&quot;currencies&quot;:[{&quot;code&quot;:&quot;VUV&quot;,&quot;name&quot;:&quot;Vanuatu vatu&quot;,&quot;symbol&quot;:&quot;Vt&quot;}],&quot;languages&quot;:[{&quot;iso639_1&quot;:&quot;bi&quot;,&quot;iso639_2&quot;:&quot;bis&quot;,&quot;name&quot;:&quot;Bislama&quot;,&quot;nativeName&quot;:&quot;Bislama&quot;},{&quot;iso639_1&quot;:&quot;en&quot;,&quot;iso639_2&quot;:&quot;eng&quot;,&quot;name&quot;:&quot;English&quot;,&quot;nativeName&quot;:&quot;English&quot;},{&quot;iso639_1&quot;:&quot;fr&quot;,&quot;iso639_2&quot;:&quot;fra&quot;,&quot;name&quot;:&quot;French&quot;,&quot;nativeName&quot;:&quot;franÃ§ais&quot;}],&quot;translations&quot;:{&quot;de&quot;:&quot;Vanuatu&quot;,&quot;es&quot;:&quot;Vanuatu&quot;,&quot;fr&quot;:&quot;Vanuatu&quot;,&quot;ja&quot;:&quot;ãƒ�ãƒŒã‚¢ãƒ„&quot;,&quot;it&quot;:&quot;Vanuatu&quot;,&quot;br&quot;:&quot;Vanuatu&quot;,&quot;pt&quot;:&quot;Vanuatu&quot;,&quot;nl&quot;:&quot;Vanuatu&quot;,&quot;hr&quot;:&quot;Vanuatu&quot;,&quot;fa&quot;:&quot;ÙˆØ§Ù†ÙˆØ§ØªÙˆ&quot;},&quot;flag&quot;:&quot;https://restcountries.eu/data/vut.svg&quot;,&quot;regionalBlocs&quot;:[],&quot;cioc&quot;:&quot;VAN&quot;},{&quot;name&quot;:&quot;Venezuela (Bolivarian Republic of)&quot;,&quot;topLevelDomain&quot;:[&quot;.ve&quot;],&quot;alpha2Code&quot;:&quot;VE&quot;,&quot;alpha3Code&quot;:&quot;VEN&quot;,&quot;callingCodes&quot;:[&quot;58&quot;],&quot;capital&quot;:&quot;Caracas&quot;,&quot;altSpellings&quot;:[&quot;VE&quot;,&quot;Bolivarian Republic of Venezuela&quot;,&quot;RepÃºblica Bolivariana de Venezuela&quot;],&quot;region&quot;:&quot;Americas&quot;,&quot;subregion&quot;:&quot;South America&quot;,&quot;population&quot;:31028700,&quot;latlng&quot;:[8.0,-66.0],&quot;demonym&quot;:&quot;Venezuelan&quot;,&quot;area&quot;:916445.0,&quot;gini&quot;:44.8,&quot;timezones&quot;:[&quot;UTC-04:00&quot;],&quot;borders&quot;:[&quot;BRA&quot;,&quot;COL&quot;,&quot;GUY&quot;],&quot;nativeName&quot;:&quot;Venezuela&quot;,&quot;numericCode&quot;:&quot;862&quot;,&quot;currencies&quot;:[{&quot;code&quot;:&quot;VEF&quot;,&quot;name&quot;:&quot;Venezuelan bolÃ­var&quot;,&quot;symbol&quot;:&quot;Bs F&quot;}],&quot;languages&quot;:[{&quot;iso639_1&quot;:&quot;es&quot;,&quot;iso639_2&quot;:&quot;spa&quot;,&quot;name&quot;:&quot;Spanish&quot;,&quot;nativeName&quot;:&quot;EspaÃ±ol&quot;}],&quot;translations&quot;:{&quot;de&quot;:&quot;Venezuela&quot;,&quot;es&quot;:&quot;Venezuela&quot;,&quot;fr&quot;:&quot;Venezuela&quot;,&quot;ja&quot;:&quot;ãƒ™ãƒ�ã‚ºã‚¨ãƒ©ãƒ»ãƒœãƒªãƒ�ãƒ«å…±å’Œå›½&quot;,&quot;it&quot;:&quot;Venezuela&quot;,&quot;br&quot;:&quot;Venezuela&quot;,&quot;pt&quot;:&quot;Venezuela&quot;,&quot;nl&quot;:&quot;Venezuela&quot;,&quot;hr&quot;:&quot;Venezuela&quot;,&quot;fa&quot;:&quot;ÙˆÙ†Ø²ÙˆØ¦Ù„Ø§&quot;},&quot;flag&quot;:&quot;https://restcountries.eu/data/ven.svg&quot;,&quot;regionalBlocs&quot;:[{&quot;acronym&quot;:&quot;USAN&quot;,&quot;name&quot;:&quot;Union of South American Nations&quot;,&quot;otherAcronyms&quot;:[&quot;UNASUR&quot;,&quot;UNASUL&quot;,&quot;UZAN&quot;],&quot;otherNames&quot;:[&quot;UniÃ³n de Naciones Suramericanas&quot;,&quot;UniÃ£o de NaÃ§Ãµes Sul-Americanas&quot;,&quot;Unie van Zuid-Amerikaanse Naties&quot;,&quot;South American Union&quot;]}],&quot;cioc&quot;:&quot;VEN&quot;},{&quot;name&quot;:&quot;Viet Nam&quot;,&quot;topLevelDomain&quot;:[&quot;.vn&quot;],&quot;alpha2Code&quot;:&quot;VN&quot;,&quot;alpha3Code&quot;:&quot;VNM&quot;,&quot;callingCodes&quot;:[&quot;84&quot;],&quot;capital&quot;:&quot;Hanoi&quot;,&quot;altSpellings&quot;:[&quot;VN&quot;,&quot;Socialist Republic of Vietnam&quot;,&quot;Cá»™ng hÃ²a XÃ£ há»™i chá»§ nghÄ©a Viá»‡t Nam&quot;],&quot;region&quot;:&quot;Asia&quot;,&quot;subregion&quot;:&quot;South-Eastern Asia&quot;,&quot;population&quot;:92700000,&quot;latlng&quot;:[16.16666666,107.83333333],&quot;demonym&quot;:&quot;Vietnamese&quot;,&quot;area&quot;:331212.0,&quot;gini&quot;:35.6,&quot;timezones&quot;:[&quot;UTC+07:00&quot;],&quot;borders&quot;:[&quot;KHM&quot;,&quot;CHN&quot;,&quot;LAO&quot;],&quot;nativeName&quot;:&quot;Viá»‡t Nam&quot;,&quot;numericCode&quot;:&quot;704&quot;,&quot;currencies&quot;:[{&quot;code&quot;:&quot;VND&quot;,&quot;name&quot;:&quot;Vietnamese Ä‘á»“ng&quot;,&quot;symbol&quot;:&quot;â‚«&quot;}],&quot;languages&quot;:[{&quot;iso639_1&quot;:&quot;vi&quot;,&quot;iso639_2&quot;:&quot;vie&quot;,&quot;name&quot;:&quot;Vietnamese&quot;,&quot;nativeName&quot;:&quot;Tiáº¿ng Viá»‡t&quot;}],&quot;translations&quot;:{&quot;de&quot;:&quot;Vietnam&quot;,&quot;es&quot;:&quot;Vietnam&quot;,&quot;fr&quot;:&quot;ViÃªt Nam&quot;,&quot;ja&quot;:&quot;ãƒ™ãƒˆãƒŠãƒ &quot;,&quot;it&quot;:&quot;Vietnam&quot;,&quot;br&quot;:&quot;VietnÃ£&quot;,&quot;pt&quot;:&quot;Vietname&quot;,&quot;nl&quot;:&quot;Vietnam&quot;,&quot;hr&quot;:&quot;Vijetnam&quot;,&quot;fa&quot;:&quot;ÙˆÛŒØªÙ†Ø§Ù…&quot;},&quot;flag&quot;:&quot;https://restcountries.eu/data/vnm.svg&quot;,&quot;regionalBlocs&quot;:[{&quot;acronym&quot;:&quot;ASEAN&quot;,&quot;name&quot;:&quot;Association of Southeast Asian Nations&quot;,&quot;otherAcronyms&quot;:[],&quot;otherNames&quot;:[]}],&quot;cioc&quot;:&quot;VIE&quot;},{&quot;name&quot;:&quot;Wallis and Futuna&quot;,&quot;topLevelDomain&quot;:[&quot;.wf&quot;],&quot;alpha2Code&quot;:&quot;WF&quot;,&quot;alpha3Code&quot;:&quot;WLF&quot;,&quot;callingCodes&quot;:[&quot;681&quot;],&quot;capital&quot;:&quot;Mata-Utu&quot;,&quot;altSpellings&quot;:[&quot;WF&quot;,&quot;Territory of the Wallis and Futuna Islands&quot;,&quot;Territoire des Ã®les Wallis et Futuna&quot;],&quot;region&quot;:&quot;Oceania&quot;,&quot;subregion&quot;:&quot;Polynesia&quot;,&quot;population&quot;:11750,&quot;latlng&quot;:[-13.3,-176.2],&quot;demonym&quot;:&quot;Wallis and Futuna Islander&quot;,&quot;area&quot;:142.0,&quot;gini&quot;:null,&quot;timezones&quot;:[&quot;UTC+12:00&quot;],&quot;borders&quot;:[],&quot;nativeName&quot;:&quot;Wallis et Futuna&quot;,&quot;numericCode&quot;:&quot;876&quot;,&quot;currencies&quot;:[{&quot;code&quot;:&quot;XPF&quot;,&quot;name&quot;:&quot;CFP franc&quot;,&quot;symbol&quot;:&quot;Fr&quot;}],&quot;languages&quot;:[{&quot;iso639_1&quot;:&quot;fr&quot;,&quot;iso639_2&quot;:&quot;fra&quot;,&quot;name&quot;:&quot;French&quot;,&quot;nativeName&quot;:&quot;franÃ§ais&quot;}],&quot;translations&quot;:{&quot;de&quot;:&quot;Wallis und Futuna&quot;,&quot;es&quot;:&quot;Wallis y Futuna&quot;,&quot;fr&quot;:&quot;Wallis-et-Futuna&quot;,&quot;ja&quot;:&quot;ã‚¦ã‚©ãƒªã‚¹ãƒ»ãƒ•ãƒ„ãƒŠ&quot;,&quot;it&quot;:&quot;Wallis e Futuna&quot;,&quot;br&quot;:&quot;Wallis e Futuna&quot;,&quot;pt&quot;:&quot;Wallis e Futuna&quot;,&quot;nl&quot;:&quot;Wallis en Futuna&quot;,&quot;hr&quot;:&quot;Wallis i Fortuna&quot;,&quot;fa&quot;:&quot;ÙˆØ§Ù„ÛŒØ³ Ùˆ Ù�ÙˆØªÙˆÙ†Ø§&quot;},&quot;flag&quot;:&quot;https://restcountries.eu/data/wlf.svg&quot;,&quot;regionalBlocs&quot;:[],&quot;cioc&quot;:&quot;&quot;},{&quot;name&quot;:&quot;Western Sahara&quot;,&quot;topLevelDomain&quot;:[&quot;.eh&quot;],&quot;alpha2Code&quot;:&quot;EH&quot;,&quot;alpha3Code&quot;:&quot;ESH&quot;,&quot;callingCodes&quot;:[&quot;212&quot;],&quot;capital&quot;:&quot;El AaiÃºn&quot;,&quot;altSpellings&quot;:[&quot;EH&quot;,&quot;Taneáº“roft Tutrimt&quot;],&quot;region&quot;:&quot;Africa&quot;,&quot;subregion&quot;:&quot;Northern Africa&quot;,&quot;population&quot;:510713,&quot;latlng&quot;:[24.5,-13.0],&quot;demonym&quot;:&quot;Sahrawi&quot;,&quot;area&quot;:266000.0,&quot;gini&quot;:null,&quot;timezones&quot;:[&quot;UTC+00:00&quot;],&quot;borders&quot;:[&quot;DZA&quot;,&quot;MRT&quot;,&quot;MAR&quot;],&quot;nativeName&quot;:&quot;Ø§Ù„ØµØ­Ø±Ø§Ø¡ Ø§Ù„ØºØ±Ø¨ÙŠØ©&quot;,&quot;numericCode&quot;:&quot;732&quot;,&quot;currencies&quot;:[{&quot;code&quot;:&quot;MAD&quot;,&quot;name&quot;:&quot;Moroccan dirham&quot;,&quot;symbol&quot;:&quot;Ø¯.Ù….&quot;},{&quot;code&quot;:&quot;DZD&quot;,&quot;name&quot;:&quot;Algerian dinar&quot;,&quot;symbol&quot;:&quot;Ø¯.Ø¬&quot;}],&quot;languages&quot;:[{&quot;iso639_1&quot;:&quot;es&quot;,&quot;iso639_2&quot;:&quot;spa&quot;,&quot;name&quot;:&quot;Spanish&quot;,&quot;nativeName&quot;:&quot;EspaÃ±ol&quot;}],&quot;translations&quot;:{&quot;de&quot;:&quot;Westsahara&quot;,&quot;es&quot;:&quot;Sahara Occidental&quot;,&quot;fr&quot;:&quot;Sahara Occidental&quot;,&quot;ja&quot;:&quot;è¥¿ã‚µãƒ�ãƒ©&quot;,&quot;it&quot;:&quot;Sahara Occidentale&quot;,&quot;br&quot;:&quot;Saara Ocidental&quot;,&quot;pt&quot;:&quot;Saara Ocidental&quot;,&quot;nl&quot;:&quot;Westelijke Sahara&quot;,&quot;hr&quot;:&quot;Zapadna Sahara&quot;,&quot;fa&quot;:&quot;Ø¬Ù…Ù‡ÙˆØ±ÛŒ Ø¯Ù…ÙˆÚ©Ø±Ø§ØªÛŒÚ© Ø¹Ø±Ø¨ÛŒ ØµØ­Ø±Ø§&quot;},&quot;flag&quot;:&quot;https://restcountries.eu/data/esh.svg&quot;,&quot;regionalBlocs&quot;:[{&quot;acronym&quot;:&quot;AU&quot;,&quot;name&quot;:&quot;African Union&quot;,&quot;otherAcronyms&quot;:[],&quot;otherNames&quot;:[&quot;Ø§Ù„Ø§ØªØ­Ø§Ø¯ Ø§Ù„Ø£Ù�Ø±ÙŠÙ‚ÙŠ&quot;,&quot;Union africaine&quot;,&quot;UniÃ£o Africana&quot;,&quot;UniÃ³n Africana&quot;,&quot;Umoja wa Afrika&quot;]}],&quot;cioc&quot;:&quot;&quot;},{&quot;name&quot;:&quot;Yemen&quot;,&quot;topLevelDomain&quot;:[&quot;.ye&quot;],&quot;alpha2Code&quot;:&quot;YE&quot;,&quot;alpha3Code&quot;:&quot;YEM&quot;,&quot;callingCodes&quot;:[&quot;967&quot;],&quot;capital&quot;:&quot;Sana&apos;a&quot;,&quot;altSpellings&quot;:[&quot;YE&quot;,&quot;Yemeni Republic&quot;,&quot;al-JumhÅ«riyyah al-Yamaniyyah&quot;],&quot;region&quot;:&quot;Asia&quot;,&quot;subregion&quot;:&quot;Western Asia&quot;,&quot;population&quot;:27478000,&quot;latlng&quot;:[15.0,48.0],&quot;demonym&quot;:&quot;Yemeni&quot;,&quot;area&quot;:527968.0,&quot;gini&quot;:37.7,&quot;timezones&quot;:[&quot;UTC+03:00&quot;],&quot;borders&quot;:[&quot;OMN&quot;,&quot;SAU&quot;],&quot;nativeName&quot;:&quot;Ø§Ù„ÙŠÙŽÙ…ÙŽÙ†&quot;,&quot;numericCode&quot;:&quot;887&quot;,&quot;currencies&quot;:[{&quot;code&quot;:&quot;YER&quot;,&quot;name&quot;:&quot;Yemeni rial&quot;,&quot;symbol&quot;:&quot;ï·¼&quot;}],&quot;languages&quot;:[{&quot;iso639_1&quot;:&quot;ar&quot;,&quot;iso639_2&quot;:&quot;ara&quot;,&quot;name&quot;:&quot;Arabic&quot;,&quot;nativeName&quot;:&quot;Ø§Ù„Ø¹Ø±Ø¨ÙŠØ©&quot;}],&quot;translations&quot;:{&quot;de&quot;:&quot;Jemen&quot;,&quot;es&quot;:&quot;Yemen&quot;,&quot;fr&quot;:&quot;YÃ©men&quot;,&quot;ja&quot;:&quot;ã‚¤ã‚¨ãƒ¡ãƒ³&quot;,&quot;it&quot;:&quot;Yemen&quot;,&quot;br&quot;:&quot;IÃªmen&quot;,&quot;pt&quot;:&quot;IÃ©men&quot;,&quot;nl&quot;:&quot;Jemen&quot;,&quot;hr&quot;:&quot;Jemen&quot;,&quot;fa&quot;:&quot;ÛŒÙ…Ù†&quot;},&quot;flag&quot;:&quot;https://restcountries.eu/data/yem.svg&quot;,&quot;regionalBlocs&quot;:[{&quot;acronym&quot;:&quot;AL&quot;,&quot;name&quot;:&quot;Arab League&quot;,&quot;otherAcronyms&quot;:[],&quot;otherNames&quot;:[&quot;Ø¬Ø§Ù…Ø¹Ø© Ø§Ù„Ø¯ÙˆÙ„ Ø§Ù„Ø¹Ø±Ø¨ÙŠØ©&quot;,&quot;JÄ�miÊ»at ad-Duwal al-Ê»ArabÄ«yah&quot;,&quot;League of Arab States&quot;]}],&quot;cioc&quot;:&quot;YEM&quot;},{&quot;name&quot;:&quot;Zambia&quot;,&quot;topLevelDomain&quot;:[&quot;.zm&quot;],&quot;alpha2Code&quot;:&quot;ZM&quot;,&quot;alpha3Code&quot;:&quot;ZMB&quot;,&quot;callingCodes&quot;:[&quot;260&quot;],&quot;capital&quot;:&quot;Lusaka&quot;,&quot;altSpellings&quot;:[&quot;ZM&quot;,&quot;Republic of Zambia&quot;],&quot;region&quot;:&quot;Africa&quot;,&quot;subregion&quot;:&quot;Eastern Africa&quot;,&quot;population&quot;:15933883,&quot;latlng&quot;:[-15.0,30.0],&quot;demonym&quot;:&quot;Zambian&quot;,&quot;area&quot;:752612.0,&quot;gini&quot;:54.6,&quot;timezones&quot;:[&quot;UTC+02:00&quot;],&quot;borders&quot;:[&quot;AGO&quot;,&quot;BWA&quot;,&quot;COD&quot;,&quot;MWI&quot;,&quot;MOZ&quot;,&quot;NAM&quot;,&quot;TZA&quot;,&quot;ZWE&quot;],&quot;nativeName&quot;:&quot;Zambia&quot;,&quot;numericCode&quot;:&quot;894&quot;,&quot;currencies&quot;:[{&quot;code&quot;:&quot;ZMW&quot;,&quot;name&quot;:&quot;Zambian kwacha&quot;,&quot;symbol&quot;:&quot;ZK&quot;}],&quot;languages&quot;:[{&quot;iso639_1&quot;:&quot;en&quot;,&quot;iso639_2&quot;:&quot;eng&quot;,&quot;name&quot;:&quot;English&quot;,&quot;nativeName&quot;:&quot;English&quot;}],&quot;translations&quot;:{&quot;de&quot;:&quot;Sambia&quot;,&quot;es&quot;:&quot;Zambia&quot;,&quot;fr&quot;:&quot;Zambie&quot;,&quot;ja&quot;:&quot;ã‚¶ãƒ³ãƒ“ã‚¢&quot;,&quot;it&quot;:&quot;Zambia&quot;,&quot;br&quot;:&quot;ZÃ¢mbia&quot;,&quot;pt&quot;:&quot;ZÃ¢mbia&quot;,&quot;nl&quot;:&quot;Zambia&quot;,&quot;hr&quot;:&quot;Zambija&quot;,&quot;fa&quot;:&quot;Ø²Ø§Ù…Ø¨ÛŒØ§&quot;},&quot;flag&quot;:&quot;https://restcountries.eu/data/zmb.svg&quot;,&quot;regionalBlocs&quot;:[{&quot;acronym&quot;:&quot;AU&quot;,&quot;name&quot;:&quot;African Union&quot;,&quot;otherAcronyms&quot;:[],&quot;otherNames&quot;:[&quot;Ø§Ù„Ø§ØªØ­Ø§Ø¯ Ø§Ù„Ø£Ù�Ø±ÙŠÙ‚ÙŠ&quot;,&quot;Union africaine&quot;,&quot;UniÃ£o Africana&quot;,&quot;UniÃ³n Africana&quot;,&quot;Umoja wa Afrika&quot;]}],&quot;cioc&quot;:&quot;ZAM&quot;},{&quot;name&quot;:&quot;Zimbabwe&quot;,&quot;topLevelDomain&quot;:[&quot;.zw&quot;],&quot;alpha2Code&quot;:&quot;ZW&quot;,&quot;alpha3Code&quot;:&quot;ZWE&quot;,&quot;callingCodes&quot;:[&quot;263&quot;],&quot;capital&quot;:&quot;Harare&quot;,&quot;altSpellings&quot;:[&quot;ZW&quot;,&quot;Republic of Zimbabwe&quot;],&quot;region&quot;:&quot;Africa&quot;,&quot;subregion&quot;:&quot;Eastern Africa&quot;,&quot;population&quot;:14240168,&quot;latlng&quot;:[-20.0,30.0],&quot;demonym&quot;:&quot;Zimbabwean&quot;,&quot;area&quot;:390757.0,&quot;gini&quot;:null,&quot;timezones&quot;:[&quot;UTC+02:00&quot;],&quot;borders&quot;:[&quot;BWA&quot;,&quot;MOZ&quot;,&quot;ZAF&quot;,&quot;ZMB&quot;],&quot;nativeName&quot;:&quot;Zimbabwe&quot;,&quot;numericCode&quot;:&quot;716&quot;,&quot;currencies&quot;:[{&quot;code&quot;:&quot;BWP&quot;,&quot;name&quot;:&quot;Botswana pula&quot;,&quot;symbol&quot;:&quot;P&quot;},{&quot;code&quot;:&quot;GBP&quot;,&quot;name&quot;:&quot;British pound&quot;,&quot;symbol&quot;:&quot;Â£&quot;},{&quot;code&quot;:&quot;CNY&quot;,&quot;name&quot;:&quot;Chinese yuan&quot;,&quot;symbol&quot;:&quot;Â¥&quot;},{&quot;code&quot;:&quot;EUR&quot;,&quot;name&quot;:&quot;Euro&quot;,&quot;symbol&quot;:&quot;â‚¬&quot;},{&quot;code&quot;:&quot;INR&quot;,&quot;name&quot;:&quot;Indian rupee&quot;,&quot;symbol&quot;:&quot;â‚¹&quot;},{&quot;code&quot;:&quot;JPY&quot;,&quot;name&quot;:&quot;Japanese yen&quot;,&quot;symbol&quot;:&quot;Â¥&quot;},{&quot;code&quot;:&quot;ZAR&quot;,&quot;name&quot;:&quot;South African rand&quot;,&quot;symbol&quot;:&quot;Rs&quot;},{&quot;code&quot;:&quot;USD&quot;,&quot;name&quot;:&quot;United States dollar&quot;,&quot;symbol&quot;:&quot;$&quot;},{&quot;code&quot;:&quot;(none)&quot;,&quot;name&quot;:null,&quot;symbol&quot;:null}],&quot;languages&quot;:[{&quot;iso639_1&quot;:&quot;en&quot;,&quot;iso639_2&quot;:&quot;eng&quot;,&quot;name&quot;:&quot;English&quot;,&quot;nativeName&quot;:&quot;English&quot;},{&quot;iso639_1&quot;:&quot;sn&quot;,&quot;iso639_2&quot;:&quot;sna&quot;,&quot;name&quot;:&quot;Shona&quot;,&quot;nativeName&quot;:&quot;chiShona&quot;},{&quot;iso639_1&quot;:&quot;nd&quot;,&quot;iso639_2&quot;:&quot;nde&quot;,&quot;name&quot;:&quot;Northern Ndebele&quot;,&quot;nativeName&quot;:&quot;isiNdebele&quot;}],&quot;translations&quot;:{&quot;de&quot;:&quot;Simbabwe&quot;,&quot;es&quot;:&quot;Zimbabue&quot;,&quot;fr&quot;:&quot;Zimbabwe&quot;,&quot;ja&quot;:&quot;ã‚¸ãƒ³ãƒ�ãƒ–ã‚¨&quot;,&quot;it&quot;:&quot;Zimbabwe&quot;,&quot;br&quot;:&quot;Zimbabwe&quot;,&quot;pt&quot;:&quot;ZimbabuÃ©&quot;,&quot;nl&quot;:&quot;Zimbabwe&quot;,&quot;hr&quot;:&quot;Zimbabve&quot;,&quot;fa&quot;:&quot;Ø²ÛŒÙ…Ø¨Ø§ÙˆÙ‡&quot;},&quot;flag&quot;:&quot;https://restcountries.eu/data/zwe.svg&quot;,&quot;regionalBlocs&quot;:[{&quot;acronym&quot;:&quot;AU&quot;,&quot;name&quot;:&quot;African Union&quot;,&quot;otherAcronyms&quot;:[],&quot;otherNames&quot;:[&quot;Ø§Ù„Ø§ØªØ­Ø§Ø¯ Ø§Ù„Ø£Ù�Ø±ÙŠÙ‚ÙŠ&quot;,&quot;Union africaine&quot;,&quot;UniÃ£o Africana&quot;,&quot;UniÃ³n Africana&quot;,&quot;Umoja wa Afrika&quot;]}],&quot;cioc&quot;:&quot;ZIM&quot;}]

17:43:59.919 [pool-1-thread-4] DEBUG com.intuit.karate - response time in milliseconds: 835.61
1 &lt; 200
1 &lt; Connection: keep-alive
1 &lt; Content-Type: application/json; charset=UTF-8
1 &lt; Date: Sat, 30 May 2020 16:43:58 GMT
1 &lt; Server: nginx
1 &lt; Transfer-Encoding: chunked
1 &lt; Vary: [Accept-Encoding, Accept]
1 &lt; Www-Authenticate: Bearer realm=&quot;api&quot;
1 &lt; X-Frame-Options: sameorigin
{&quot;_meta&quot;:{&quot;success&quot;:false,&quot;code&quot;:401,&quot;message&quot;:&quot;Authentication failed.&quot;},&quot;result&quot;:{&quot;name&quot;:&quot;Unauthorized&quot;,&quot;message&quot;:&quot;Your request was made with invalid credentials.&quot;,&quot;code&quot;:0,&quot;status&quot;:401}}

17:44:00.041 [pool-1-thread-3] DEBUG com.intuit.karate - response time in milliseconds: 949.89
1 &lt; 200
1 &lt; Cache-Control: max-age=0, private, must-revalidate
1 &lt; Connection: keep-alive
1 &lt; Content-Type: text/html; charset=utf-8
1 &lt; Date: Sat, 30 May 2020 16:43:59 GMT
1 &lt; ETag: W/&quot;ddf9b9568a895e8a20e1c54c5ac153fe&quot;
1 &lt; Server: nginx/1.14.0 + Phusion Passenger 6.0.2
1 &lt; Set-Cookie: _session_id=e18a421644387558e8dbb5e3ff5c8e9b; path=/; HttpOnly
1 &lt; Status: 200 OK
1 &lt; Transfer-Encoding: chunked
1 &lt; X-Content-Type-Options: nosniff
1 &lt; X-Frame-Options: SAMEORIGIN
1 &lt; X-Powered-By: Phusion Passenger 6.0.2
1 &lt; X-Request-Id: 64ae106a-3dff-4ca9-bc83-ad439b7c6da8
1 &lt; X-Runtime: 0.013574
1 &lt; X-XSS-Protection: 1; mode=block
&lt;!DOCTYPE html&gt;
&lt;html lang=&quot;en&quot; class=&quot;home&quot;&gt;

&lt;head&gt;
  &lt;link rel=&quot;shortcut icon&quot; type=&quot;image/x-icon&quot; href=&quot;/assets/favicon-004e4d66444fe9979601dcb5887fba9f81e1410a930935ad598325f3574cf8bd.ico&quot; /&gt;
  &lt;link rel=&quot;icon&quot; type=&quot;image/x-icon&quot; href=&quot;/assets/favicon-004e4d66444fe9979601dcb5887fba9f81e1410a930935ad598325f3574cf8bd.ico&quot; /&gt;
  &lt;meta charset=&quot;utf-8&quot;&gt;
  &lt;meta http-equiv=&quot;X-UA-Compatible&quot; content=&quot;IE=Edge,chrome=1&quot;&gt;
  &lt;meta name=&quot;viewport&quot; content=&quot;width=device-width, initial-scale=1, maximum-scale=1, user-scalable=0&quot;&gt;
  &lt;title&gt;Mirror&lt;/title&gt;

  &lt;meta name=&quot;csrf-param&quot; content=&quot;authenticity_token&quot; /&gt;
&lt;meta name=&quot;csrf-token&quot; content=&quot;nJ3jDYQC1jG8hqNwzmyNf+V9EIpn74ai2ZuNkXcjTPPm2lOPXa13BD2miUaNF5nGzIVlG9WWU8fLsbsTc+ThdQ==&quot; /&gt;
  &lt;link rel=&quot;stylesheet&quot; media=&quot;all&quot; href=&quot;/assets/application-employee-ca6c6f1aaae9aa3c4b48293a509a1bb901c2db85b1de4585915ec9ec62333d90.css&quot; data-turbolinks-track=&quot;true&quot; /&gt;
  


&lt;/head&gt;

&lt;body&gt;

&lt;div class=&quot;loading-page&quot;&gt;

  &lt;header&gt;

    &lt;div class=&quot;loading-title text-center&quot;&gt;
      &lt;h2 class=&quot;logo&quot;&gt;
        &lt;img src=&quot;/assets/mirror-logo-8674d9b335c504d3a2bc81780a3fbfc06369dc46d13c64f03b372059ca718fd1.png&quot; alt=&quot;Mirror logo&quot; /&gt;
        &lt;small&gt;
          v1.5
        &lt;/small&gt;
      &lt;/h2&gt;
    &lt;/div&gt;

  &lt;/header&gt;

  &lt;div class=&quot;container&quot;&gt;



  &lt;/div&gt;
  &lt;button type=&quot;button&quot; class=&quot;log-btn&quot; name=&quot;button&quot; onClick=&quot;javascript:location.href =&apos;/oauth/login&apos;&quot;&gt;Login&lt;/button&gt;

&lt;/div&gt;

&lt;/body&gt;

&lt;/html&gt;


17:44:00.068 [pool-1-thread-3] WARN  com.intuit.karate - xml parsing failed, response data type set to string: org.xml.sax.SAXParseException; lineNumber: 18; columnNumber: 3; The element type &quot;meta&quot; must be terminated by the matching end-tag &quot;&lt;/meta&gt;&quot;.
17:44:00.117 [pool-1-thread-3] INFO  com.intuit.karate.Runner - &lt;&lt;pass&gt;&gt; feature 3 of 6: src/test/java/examples/mirror.feature
17:44:00.117 [pool-1-thread-2] INFO  com.intuit.karate.Runner - &lt;&lt;pass&gt;&gt; feature 2 of 6: src/test/java/examples/listcountries.feature
---------------------------------------------------------
feature: src/test/java/examples/mirror.feature
report: target\surefire-reports\src.test.java.examples.mirror.json
scenarios:  1 | passed:  1 | failed:  0 | time: 4.2078
---------------------------------------------------------
17:44:00.117 [pool-1-thread-4] INFO  com.intuit.karate.Runner - &lt;&lt;pass&gt;&gt; feature 4 of 6: src/test/java/examples/returnusers.feature
---------------------------------------------------------
feature: src/test/java/examples/returnusers.feature
report: target\surefire-reports\src.test.java.examples.returnusers.json
scenarios:  1 | passed:  1 | failed:  0 | time: 4.0644
---------------------------------------------------------
---------------------------------------------------------
feature: src/test/java/examples/listcountries.feature
report: target\surefire-reports\src.test.java.examples.listcountries.json
scenarios:  1 | passed:  1 | failed:  0 | time: 4.0752
---------------------------------------------------------
17:44:03.194 [ForkJoinPool-1-worker-16698] ERROR com.intuit.karate - org.apache.http.conn.HttpHostConnectException: Connect to localhost:3030 [localhost/127.0.0.1, localhost/0:0:0:0:0:0:0:1] failed: Connection refused: connect, http call failed after 4096 milliseconds for URL: http://localhost:3030/products
17:44:03.194 [ForkJoinPool-1-worker-21519] ERROR com.intuit.karate - org.apache.http.conn.HttpHostConnectException: Connect to localhost:3030 [localhost/127.0.0.1, localhost/0:0:0:0:0:0:0:1] failed: Connection refused: connect, http call failed after 4099 milliseconds for URL: http://localhost:3030/products
17:44:03.194 [ForkJoinPool-1-worker-23126] ERROR com.intuit.karate - org.apache.http.conn.HttpHostConnectException: Connect to localhost:3030 [localhost/127.0.0.1, localhost/0:0:0:0:0:0:0:1] failed: Connection refused: connect, http call failed after 4093 milliseconds for URL: http://localhost:3030/products
17:44:03.208 [ForkJoinPool-1-worker-21519] ERROR com.intuit.karate - http request failed: 
org.apache.http.conn.HttpHostConnectException: Connect to localhost:3030 [localhost/127.0.0.1, localhost/0:0:0:0:0:0:0:1] failed: Connection refused: connect
17:44:03.208 [ForkJoinPool-1-worker-23126] ERROR com.intuit.karate - http request failed: 
org.apache.http.conn.HttpHostConnectException: Connect to localhost:3030 [localhost/127.0.0.1, localhost/0:0:0:0:0:0:0:1] failed: Connection refused: connect
17:44:03.208 [ForkJoinPool-1-worker-16698] ERROR com.intuit.karate - http request failed: 
org.apache.http.conn.HttpHostConnectException: Connect to localhost:3030 [localhost/127.0.0.1, localhost/0:0:0:0:0:0:0:1] failed: Connection refused: connect
17:44:03.275 [pool-1-thread-1] INFO  com.intuit.karate.Runner - &lt;&lt;fail&gt;&gt; feature 1 of 6: src/test/java/examples/createproducts.feature
---------------------------------------------------------
feature: src/test/java/examples/createproducts.feature
report: target\surefire-reports\src.test.java.examples.createproducts.json
scenarios:  3 | passed:  0 | failed:  3 | time: 21.6579
---------------------------------------------------------
17:44:29.500 [ForkJoinPool-1-worker-26340] ERROR com.intuit.karate - java.net.SocketTimeoutException: Read timed out, http call failed after 30406 milliseconds for URL: https://jsonplaceholder.typicode.com/users
17:44:29.500 [ForkJoinPool-1-worker-31161] ERROR com.intuit.karate - java.net.SocketTimeoutException: Read timed out, http call failed after 30404 milliseconds for URL: https://jsonplaceholder.typicode.com/users
17:44:29.501 [ForkJoinPool-1-worker-26340] ERROR com.intuit.karate - http request failed: 
java.net.SocketTimeoutException: Read timed out
17:44:29.501 [ForkJoinPool-1-worker-31161] ERROR com.intuit.karate - http request failed: 
java.net.SocketTimeoutException: Read timed out
17:44:29.508 [pool-1-thread-5] INFO  com.intuit.karate.Runner - &lt;&lt;fail&gt;&gt; feature 5 of 6: src/test/java/examples/users/users.feature
---------------------------------------------------------
feature: src/test/java/examples/users/users.feature
report: target\surefire-reports\src.test.java.examples.users.users.json
scenarios:  2 | passed:  1 | failed:  1 | time: 37.4799
---------------------------------------------------------
17:44:29.672 [ForkJoinPool-1-worker-29554] ERROR com.intuit.karate - java.net.SocketTimeoutException: Read timed out, http call failed after 30029 milliseconds for URL: https://jsonplaceholder.typicode.com/users/1
17:44:29.673 [ForkJoinPool-1-worker-29554] ERROR com.intuit.karate - http request failed: 
java.net.SocketTimeoutException: Read timed out
17:44:29.684 [pool-1-thread-6] INFO  com.intuit.karate.Runner - &lt;&lt;fail&gt;&gt; feature 6 of 6: src/test/java/examples/users/users.feature
---------------------------------------------------------
feature: src/test/java/examples/users/users.feature
report: target\surefire-reports\src.test.java.examples.users.users.json
scenarios:  2 | passed:  0 | failed:  2 | time: 67.4445
---------------------------------------------------------
Karate version: 0.9.5
======================================================
elapsed:  35.18 | threads: 20000 | thread time: 138.93 
features:     6 | ignored:    0 | efficiency: 0.00
scenarios:   10 | passed:     4 | failed: 6
======================================================
failed features:
src.test.java.examples.createproducts: [1.1:6] createproducts.feature:9 - 
org.apache.http.conn.HttpHostConnectException: Connect to localhost:3030 [localhost/127.0.0.1, localhost/0:0:0:0:0:0:0:1] failed: Connection refused: connect
[1.2:6] createproducts.feature:9 - 
org.apache.http.conn.HttpHostConnectException: Connect to localhost:3030 [localhost/127.0.0.1, localhost/0:0:0:0:0:0:0:1] failed: Connection refused: connect
[1.3:6] createproducts.feature:9 - 
org.apache.http.conn.HttpHostConnectException: Connect to localhost:3030 [localhost/127.0.0.1, localhost/0:0:0:0:0:0:0:1] failed: Connection refused: connect
src.test.java.examples.users.users: users.feature:15 - 
java.net.SocketTimeoutException: Read timed out
users.feature:38 - 
java.net.SocketTimeoutException: Read timed out

</system-out>
    <system-err>[Fatal Error] :18:3: The element type &quot;meta&quot; must be terminated by the matching end-tag &quot;&lt;/meta&gt;&quot;.
</system-err>
  </testcase>
</testsuite>